RoboSep UI Log File
Created: 04/11/11 - 16:34:07.852

04/11/11 - 16:34:07.872	EVENT	GUI_Controls.Form1	Jason	Form 1 Load event activated
04/11/11 - 16:34:09.129	EVENT	GUI_Controls.Form1	user	a log message
04/11/11 - 16:34:09.132	EVENT	GUI_Controls.Form1	user	a log message
04/11/11 - 16:34:09.135	EVENT	GUI_Controls.Form1	user	a log message
04/11/11 - 16:34:09.137	EVENT	GUI_Controls.Form1	user	a log message
04/11/11 - 16:34:09.140	EVENT	GUI_Controls.Form1	user	a log message
04/11/11 - 16:34:09.142	EVENT	GUI_Controls.Form1	user	a log message
04/11/11 - 16:34:09.176	EVENT	GUI_Controls.Form1	user	a log message
04/11/11 - 16:34:09.179	EVENT	GUI_Controls.Form1	user	a log message
04/11/11 - 16:34:09.181	EVENT	GUI_Controls.Form1	user	a log message
04/11/11 - 16:34:09.184	EVENT	GUI_Controls.Form1	user	a log message
04/11/11 - 16:34:09.187	EVENT	GUI_Controls.Form1	user	a log message
04/11/11 - 16:34:09.190	EVENT	GUI_Controls.Form1	user	a log message
04/11/11 - 16:34:09.222	EVENT	GUI_Controls.Form1	user	a log message
04/11/11 - 16:34:09.225	EVENT	GUI_Controls.Form1	user	a log message
04/11/11 - 16:34:09.228	EVENT	GUI_Controls.Form1	user	a log message
04/11/11 - 16:34:09.231	EVENT	GUI_Controls.Form1	user	a log message
04/11/11 - 16:34:09.234	EVENT	GUI_Controls.Form1	user	a log message
04/11/11 - 16:34:09.237	EVENT	GUI_Controls.Form1	user	a log message
04/11/11 - 16:34:09.234	EVENT	GUI_Controls.Form1	user	a log message
04/11/11 - 16:34:09.231	EVENT	GUI_Controls.Form1	user	a log message
04/11/11 - 16:34:09.228	EVENT	GUI_Controls.Form1	user	a log message
04/11/11 - 16:34:09.225	EVENT	GUI_Controls.Form1	user	a log message
04/11/11 - 16:34:09.222	EVENT	GUI_Controls.Form1	user	a log message
04/11/11 - 16:34:09.221	DEBUG	GUI_Controls.Form1	user	a log message
04/11/11 - 16:34:09.221	DEBUG	GUI_Controls.Form1	user	a log message
04/11/11 - 16:34:09.221	DEBUG	GUI_Controls.Form1	user	a log message
04/11/11 - 16:34:09.220	DEBUG	GUI_Controls.Form1	user	a log message
04/11/11 - 16:34:09.240	ERROR	GUI_Controls.Form1	user	a log message
04/11/11 - 16:34:09.237	EVENT	GUI_Controls.Form1	user	a log message
04/11/11 - 16:34:09.234	EVENT	GUI_Controls.Form1	user	a log message
04/11/11 - 16:34:09.231	EVENT	GUI_Controls.Form1	user	a log message
04/11/11 - 16:34:09.228	EVENT	GUI_Controls.Form1	user	a log message
04/11/11 - 16:34:09.225	EVENT	GUI_Controls.Form1	user	a log message
04/11/11 - 16:34:09.222	EVENT	GUI_Controls.Form1	user	a log message
04/11/11 - 16:34:09.221	DEBUG	GUI_Controls.Form1	user	a log message
04/11/11 - 16:34:09.221	DEBUG	GUI_Controls.Form1	user	a log message
04/11/11 - 16:34:09.221	DEBUG	GUI_Controls.Form1	user	a log message
04/11/11 - 16:34:09.249	ERROR	GUI_Controls.Form1	user	a log message
04/11/11 - 16:34:09.285	EVENT	GUI_Controls.Form1	user	a log message
04/11/11 - 16:34:09.288	EVENT	GUI_Controls.Form1	user	a log message
04/11/11 - 16:34:09.292	EVENT	GUI_Controls.Form1	user	a log message
04/11/11 - 16:34:09.296	EVENT	GUI_Controls.Form1	user	a log message
04/11/11 - 16:34:09.299	EVENT	GUI_Controls.Form1	user	a log message
04/11/11 - 16:34:09.316	EVENT	GUI_Controls.Form1	user	a log message
04/11/11 - 16:34:09.319	EVENT	GUI_Controls.Form1	user	a log message
04/11/11 - 16:34:09.323	EVENT	GUI_Controls.Form1	user	a log message
04/11/11 - 16:34:09.327	EVENT	GUI_Controls.Form1	user	a log message
04/11/11 - 16:34:09.331	EVENT	GUI_Controls.Form1	user	a log message
04/11/11 - 16:34:09.365	EVENT	GUI_Controls.Form1	user	a log message
04/11/11 - 16:34:09.659	EVENT	GUI_Controls.Form1	user	a log message
04/11/11 - 16:34:09.722	EVENT	GUI_Controls.Form1	user	a log message
04/11/11 - 16:34:09.721	DEBUG	GUI_Controls.Form1	user	a log message
04/11/11 - 16:34:09.721	DEBUG	GUI_Controls.Form1	user	a log message
04/11/11 - 16:34:09.720	DEBUG	GUI_Controls.Form1	user	a log message
04/11/11 - 16:34:09.720	DEBUG	GUI_Controls.Form1	user	a log message
04/11/11 - 16:34:09.719	DEBUG	GUI_Controls.Form1	user	a log message
04/11/11 - 16:34:09.719	DEBUG	GUI_Controls.Form1	user	a log message
04/11/11 - 16:34:09.718	DEBUG	GUI_Controls.Form1	user	a log message
04/11/11 - 16:34:09.718	DEBUG	GUI_Controls.Form1	user	a log message
04/11/11 - 16:34:09.717	DEBUG	GUI_Controls.Form1	user	a log message
04/11/11 - 16:34:09.760	ERROR	GUI_Controls.Form1	user	a log message
04/11/11 - 16:34:09.784	EVENT	GUI_Controls.Form1	user	a log message
04/11/11 - 16:34:09.791	EVENT	GUI_Controls.Form1	user	a log message
04/11/11 - 16:34:09.796	EVENT	GUI_Controls.Form1	user	a log message
04/11/11 - 16:34:09.861	DEBUG	GUI_Controls.Form1	user	a log message
04/11/11 - 16:34:09.861	DEBUG	GUI_Controls.Form1	user	a log message
04/11/11 - 16:34:09.860	DEBUG	GUI_Controls.Form1	user	a log message
04/11/11 - 16:34:09.860	DEBUG	GUI_Controls.Form1	user	a log message
04/11/11 - 16:34:09.859	DEBUG	GUI_Controls.Form1	user	a log message
04/11/11 - 16:34:09.859	DEBUG	GUI_Controls.Form1	user	a log message
04/11/11 - 16:34:09.858	DEBUG	GUI_Controls.Form1	user	a log message
04/11/11 - 16:34:09.858	DEBUG	GUI_Controls.Form1	user	a log message
04/11/11 - 16:34:09.857	DEBUG	GUI_Controls.Form1	user	a log message
04/11/11 - 16:34:09.857	DEBUG	GUI_Controls.Form1	user	a log message
04/11/11 - 16:34:09.862	ERROR	GUI_Controls.Form1	user	a log message
04/11/11 - 16:34:09.987	EVENT	GUI_Controls.Form1	user	a log message
04/11/11 - 16:34:09.992	EVENT	GUI_Controls.Form1	user	a log message
04/11/11 - 16:34:09.996	EVENT	GUI_Controls.Form1	user	a log message
04/11/11 - 16:34:10.001	EVENT	GUI_Controls.Form1	user	a log message
04/11/11 - 16:34:10.056	EVENT	GUI_Controls.Form1	user	a log message
04/11/11 - 16:34:10.065	EVENT	GUI_Controls.Form1	user	a log message
04/11/11 - 16:34:10.070	EVENT	GUI_Controls.Form1	user	a log message
04/11/11 - 16:34:10.075	EVENT	GUI_Controls.Form1	user	a log message
04/11/11 - 16:34:10.123	EVENT	GUI_Controls.Form1	user	a log message
04/11/11 - 16:34:10.174	EVENT	GUI_Controls.Form1	user	a log message
04/11/11 - 16:34:10.179	EVENT	GUI_Controls.Form1	user	a log message
04/11/11 - 16:34:10.186	EVENT	GUI_Controls.Form1	user	a log message
04/11/11 - 16:34:10.236	EVENT	GUI_Controls.Form1	user	a log message
04/11/11 - 16:34:10.242	EVENT	GUI_Controls.Form1	user	a log message
04/11/11 - 16:34:10.248	EVENT	GUI_Controls.Form1	user	a log message
04/11/11 - 16:34:10.313	INFO	GUI_Controls.Form1	user	a log message
04/11/11 - 16:34:10.313	INFO	GUI_Controls.Form1	user	a log message
04/11/11 - 16:34:10.313	INFO	GUI_Controls.Form1	user	a log message
04/11/11 - 16:34:10.312	INFO	GUI_Controls.Form1	user	a log message
04/11/11 - 16:34:10.312	INFO	GUI_Controls.Form1	user	a log message
04/11/11 - 16:34:10.311	INFO	GUI_Controls.Form1	user	a log message
04/11/11 - 16:34:10.311	INFO	GUI_Controls.Form1	user	a log message
04/11/11 - 16:34:10.310	INFO	GUI_Controls.Form1	user	a log message
04/11/11 - 16:34:10.310	INFO	GUI_Controls.Form1	user	a log message
04/11/11 - 16:34:10.309	INFO	GUI_Controls.Form1	user	a log message
04/11/11 - 16:34:10.314	ERROR	GUI_Controls.Form1	user	a log message
04/11/11 - 16:34:10.313	INFO	GUI_Controls.Form1	user	a log message
04/11/11 - 16:34:10.313	INFO	GUI_Controls.Form1	user	a log message
04/11/11 - 16:34:10.313	INFO	GUI_Controls.Form1	user	a log message
04/11/11 - 16:34:10.312	INFO	GUI_Controls.Form1	user	a log message
04/11/11 - 16:34:10.312	INFO	GUI_Controls.Form1	user	a log message
04/11/11 - 16:34:10.311	INFO	GUI_Controls.Form1	user	a log message
04/11/11 - 16:34:10.311	INFO	GUI_Controls.Form1	user	a log message
04/11/11 - 16:34:10.310	INFO	GUI_Controls.Form1	user	a log message
04/11/11 - 16:34:10.310	INFO	GUI_Controls.Form1	user	a log message
04/11/11 - 16:34:10.325	ERROR	GUI_Controls.Form1	user	a log message
04/11/11 - 16:34:10.661	EVENT	GUI_Controls.Form1	user	a log message
04/11/11 - 16:34:10.938	EVENT	GUI_Controls.Form1	user	a log message
04/11/11 - 16:34:10.951	EVENT	GUI_Controls.Form1	user	a log message
04/11/11 - 16:34:10.988	EVENT	GUI_Controls.Form1	user	a log message
04/11/11 - 16:34:10.996	EVENT	GUI_Controls.Form1	user	a log message
04/11/11 - 16:34:11.022	EVENT	GUI_Controls.Form1	user	a log message
04/11/11 - 16:34:11.011	DEBUG	GUI_Controls.Form1	user	a log message
04/11/11 - 16:34:10.996	EVENT	GUI_Controls.Form1	user	a log message
04/11/11 - 16:34:10.988	EVENT	GUI_Controls.Form1	user	a log message
04/11/11 - 16:34:10.979	INFO	GUI_Controls.Form1	user	a log message
04/11/11 - 16:34:10.977	INFO	GUI_Controls.Form1	user	a log message
04/11/11 - 16:34:10.973	INFO	GUI_Controls.Form1	user	a log message
04/11/11 - 16:34:10.951	EVENT	GUI_Controls.Form1	user	a log message
04/11/11 - 16:34:10.938	EVENT	GUI_Controls.Form1	user	a log message
04/11/11 - 16:34:10.937	INFO	GUI_Controls.Form1	user	a log message
04/11/11 - 16:34:11.053	ERROR	GUI_Controls.Form1	user	a log message
