2019-04-10T09:13:00 INFO Application log initialised
2019-04-10T09:13:00 DEBUG Remoting Address = 127.0.0.1
2019-04-10T09:13:00 DEBUG ICS Server URL       = http://127.0.0.1:8000
2019-04-10T09:13:00 DEBUG ICS EventSink URL    = http://127.0.0.1:8001/InstrumentControlEventSink
2019-04-10T09:13:00 DEBUG Separator Server URL =  tcp://127.0.0.1:3149/Separator
2019-04-10T09:13:00 DEBUG Configured address = 127.0.0.1
2019-04-10T09:13:00 INFO Initializing User Console
2019-04-10T09:13:00 DEBUG Initializing UserDB
2019-04-10T09:13:00 INFO Application config path: C:\Program Files\STI\RoboSep\config\
2019-04-10T09:13:00 INFO output: C:\Program Files\STI\RoboSep\protocols\
2019-04-10T09:13:00 INFO XSD Path : c:\Program Files\STI\RoboSep\
2019-04-10T09:13:01 DEBUG 223protocols loaded
2019-04-10T09:13:01 ERROR Failed to convert variable '00/00/0000' to valid date.
2019-04-10T09:13:01 ERROR WarrantyExpireDate in GUI.ini file is invalid.
2019-04-10T09:13:01 DEBUG Creating new Form_Home
2019-04-10T09:13:01 INFO Command to launch service 'dns-sd.exe -R "Orca1" _robosep._tcp . 5899' for Network ORCA.
2019-04-10T09:13:01 INFO Service 'dns-sd.exe' for network ORCA has been launched. ProcessID='3820'. Path='C:\Windows\system32'
2019-04-10T09:13:01 INFO Loading User Console
2019-04-10T09:13:01 ERROR Starting GUI Thread
2019-04-10T09:13:01 INFO set user.db file to : User1.udb
2019-04-10T09:13:01 INFO Connecting...
2019-04-10T09:13:01 INFO <<<<<<<<<<<<<<<<<<<<<<<,,, 1 tcp://127.0.0.1:3149/Separator
2019-04-10T09:13:01 INFO <<<<<<<<<<<<<<<<<<<<<<<,,, 2
2019-04-10T09:13:01 INFO output: C:\Program Files\STI\RoboSep\protocols\
2019-04-10T09:13:01 DEBUG Loaded Robosep User
2019-04-10T09:13:01 INFO Current user ID : 'SAP'.
2019-04-10T09:13:01 DEBUG Instrument Control API Ping() returned True
2019-04-10T09:13:01 INFO <<<<<<<<<<<<<<<<<<<<<<<,,, 3
2019-04-10T09:13:02 INFO Get system information for About menu
2019-04-10T09:13:02 INFO Estimated run completion = 01:00
2019-04-10T09:13:27 DEBUG Carousel state changed to: SeparatorUnloaded
2019-04-10T09:13:27 INFO SetGuiState:  SeparatorState.SeparatorUnloaded -------------------------
2019-04-10T09:13:27 INFO Stopping Splash page
2019-04-10T09:13:28 ERROR Failed to convert variable '00/0/0000' to valid date.
2019-04-10T09:13:28 ERROR Failed to convert variable '00/0/0000' to valid date.
2019-04-10T09:13:28 ERROR Failed to convert variable '00/0/0000' to valid date.
2019-04-10T09:13:28 ERROR Failed to convert variable '00/00/0000' to valid date.
2019-04-10T09:13:28 ERROR Failed to convert variable '00/00/0000' to valid date.
2019-04-10T09:13:28 INFO Initializing About user control
2019-04-10T09:13:28 INFO Generating Robosep Resources user control
2019-04-10T09:13:28 INFO Initializing Run Samples user control
2019-04-10T09:13:28 INFO PauseResumeDialog form created
2019-04-10T09:13:41 INFO New Protocol Select user control generated
2019-04-10T09:13:41 DEBUG Loaded 5 protocol from User SAP
2019-04-10T09:13:41 INFO output: C:\Program Files\STI\RoboSep\protocols\
2019-04-10T09:13:41 DEBUG Loaded Robosep User
2019-04-10T09:13:41 INFO Opening protocol selection for quadrant 1
2019-04-10T09:13:46 INFO Protocol Selection play button clicked
2019-04-10T09:13:46 DEBUG Adding protocol 'EasySep Direct Human PBMC Isolation 19654 - buffy coat-CJ' to run at quadrant0
2019-04-10T09:13:46 DEBUG Opening New Number Pad window
2019-04-10T09:13:48 DEBUG Volume: 5.000
2019-04-10T09:13:48 INFO Estimated run completion = 01:00
2019-04-10T09:13:48 INFO Adding protocol to current run
2019-04-10T09:13:48 INFO Protocol Selection home button exit after sTime seconds.
2019-04-10T09:13:48 INFO SetGuiState:  SeparatorState.Selected -------------------------
2019-04-10T09:13:48 INFO SetGuiState:  SeparatorState.Selected -------------------------
2019-04-10T09:13:48 INFO Quad: 1 Sample Vol 0.005
2019-04-10T09:13:49 DEBUG >> Enter to (ScheduleRun)
2019-04-10T09:13:49 DEBUG Requesting ETC update (ScheduleRun)
2019-04-10T09:13:49 INFO Sample 0: Protocol ID:633635150, Volume:5000.000[uL]
2019-04-10T09:13:49 DEBUG ETC update: 2019-04-10T09:32:17
2019-04-10T09:13:49 INFO Run Samples button clicked
2019-04-10T09:13:49 DEBUG >>Scheduler in progress
2019-04-10T09:13:50 DEBUG >> Leave (ScheduleRun)
2019-04-10T09:13:50 DEBUG Time remaining (ScheduleRun ETC):	0.0128222139027778
2019-04-10T09:13:50 INFO Estimated run completion = 19:00
2019-04-10T09:13:50 INFO SetGuiState:  SeparatorState.Ready -------------------------
2019-04-10T09:13:50 INFO ---->> ISeparator busy
2019-04-10T09:13:50 INFO ---->> ISeparator busy
2019-04-10T09:13:50 INFO Scheduling Run
2019-04-10T09:13:50 DEBUG Getting Consumables for 1 quadrants
2019-04-10T09:13:50 DEBUG QuadrantManager::StartRun
2019-04-10T09:13:50 DEBUG protocol: EasySep Direct Human PBMC Isolation 19654 - buffy coat-CJ.xml is acquired.
2019-04-10T09:13:50 DEBUG >> Starting acquiring protocol command list[0]
2019-04-10T09:13:50 DEBUG >>>> Entering to getProtocolCommandList[0]
2019-04-10T09:13:50 DEBUG ++++++getProtocolCommandList() before lock
2019-04-10T09:13:50 DEBUG ------Entering to getProtocolCommandList at ControlProxy
2019-04-10T09:13:50 DEBUG >>>>>>> Entering to getProtocolCommandList at XMLRpcProxy
2019-04-10T09:13:50 DEBUG >>>>>>> Leaving getProtocolCommandList at XMLRpcProxy
2019-04-10T09:13:50 DEBUG ------Leaving getProtocolCommandList at ControlProxy
2019-04-10T09:13:50 DEBUG ++++++getProtocolCommandList() After lock
2019-04-10T09:13:50 DEBUG >>>> Leaving getProtocolCommandList[0]
2019-04-10T09:13:50 DEBUG >>>> Entering to ConvertCmdStringListToIntList
2019-04-10T09:13:50 DEBUG >>>> Leaving ConvertCmdStringListToIntList
2019-04-10T09:13:50 DEBUG >> finishing acquiring protocol command list[0]
2019-04-10T09:13:50 DEBUG protocol: EasySep Direct Human PBMC Isolation 19654 - buffy coat-CJ.xml commands: 9
2019-04-10T09:13:50 DEBUG ProgressBar set 1 steps
2019-04-10T09:13:50 DEBUG ProgressBar set 9 steps
2019-04-10T09:13:50 DEBUG Run progress info set.
2019-04-10T09:13:50 DEBUG Displaying quadrant 0 resources
2019-04-10T09:13:50 DEBUG Loading resources from sharing protocols
2019-04-10T09:13:50 INFO Resource window is foreground
