2019-04-08T14:26:01 INFO Application log initialised
2019-04-08T14:26:01 DEBUG Remoting Address = 127.0.0.1
2019-04-08T14:26:01 DEBUG ICS Server URL       = http://127.0.0.1:8000
2019-04-08T14:26:01 DEBUG ICS EventSink URL    = http://127.0.0.1:8001/InstrumentControlEventSink
2019-04-08T14:26:01 DEBUG Separator Server URL =  tcp://127.0.0.1:3149/Separator
2019-04-08T14:26:01 DEBUG Configured address = 127.0.0.1
2019-04-08T14:26:01 INFO Initializing User Console
2019-04-08T14:26:01 DEBUG Initializing UserDB
2019-04-08T14:26:01 INFO Application config path: C:\Program Files\STI\RoboSep\config\
2019-04-08T14:26:01 INFO output: C:\Program Files\STI\RoboSep\protocols\
2019-04-08T14:26:01 INFO XSD Path : c:\Program Files\STI\RoboSep\
2019-04-08T14:26:02 DEBUG 223protocols loaded
2019-04-08T14:26:02 ERROR Failed to convert variable '00/00/0000' to valid date.
2019-04-08T14:26:02 ERROR WarrantyExpireDate in GUI.ini file is invalid.
2019-04-08T14:26:02 DEBUG Creating new Form_Home
2019-04-08T14:26:02 INFO Command to launch service 'dns-sd.exe -R "Orca1" _robosep._tcp . 5899' for Network ORCA.
2019-04-08T14:26:02 INFO Service 'dns-sd.exe' for network ORCA has been launched. ProcessID='1704'. Path='C:\Windows\system32'
2019-04-08T14:26:02 INFO Loading User Console
2019-04-08T14:26:02 INFO Connecting...
2019-04-08T14:26:02 ERROR Starting GUI Thread
2019-04-08T14:26:02 INFO set user.db file to : User1.udb
2019-04-08T14:26:02 INFO <<<<<<<<<<<<<<<<<<<<<<<,,, 1 tcp://127.0.0.1:3149/Separator
2019-04-08T14:26:02 INFO <<<<<<<<<<<<<<<<<<<<<<<,,, 2
2019-04-08T14:26:02 INFO output: C:\Program Files\STI\RoboSep\protocols\
2019-04-08T14:26:02 DEBUG Loaded Robosep User
2019-04-08T14:26:02 INFO Current user ID : 'SAP'.
2019-04-08T14:26:02 DEBUG Instrument Control API Ping() returned True
2019-04-08T14:26:02 INFO <<<<<<<<<<<<<<<<<<<<<<<,,, 3
2019-04-08T14:26:03 INFO Get system information for About menu
2019-04-08T14:26:03 INFO Estimated run completion = 01:00
2019-04-08T14:26:28 DEBUG Carousel state changed to: SeparatorUnloaded
2019-04-08T14:26:28 INFO SetGuiState:  SeparatorState.SeparatorUnloaded -------------------------
2019-04-08T14:26:28 INFO Stopping Splash page
2019-04-08T14:26:28 ERROR Failed to convert variable '00/0/0000' to valid date.
2019-04-08T14:26:28 ERROR Failed to convert variable '00/0/0000' to valid date.
2019-04-08T14:26:28 ERROR Failed to convert variable '00/0/0000' to valid date.
2019-04-08T14:26:28 ERROR Failed to convert variable '00/00/0000' to valid date.
2019-04-08T14:26:28 ERROR Failed to convert variable '00/00/0000' to valid date.
2019-04-08T14:26:28 INFO Initializing About user control
2019-04-08T14:26:28 INFO Generating Robosep Resources user control
2019-04-08T14:26:28 INFO Initializing Run Samples user control
2019-04-08T14:26:28 INFO PauseResumeDialog form created
2019-04-08T14:26:32 DEBUG Home button clicked
2019-04-08T14:26:33 INFO Initializing System user control
2019-04-08T14:26:33 DEBUG Hiding Home window
2019-04-08T14:26:33 INFO System button clicked
2019-04-08T14:26:34 INFO Adding Maintenance Protocol
2019-04-08T14:26:34 INFO Selected Basic prime
2019-04-08T14:26:34 INFO Estimated run completion = 01:00
2019-04-08T14:26:34 INFO Invoking maintenance action Prime
2019-04-08T14:26:34 INFO Basic Prime Maintenance button clicked
2019-04-08T14:26:34 INFO SetGuiState:  SeparatorState.Selected -------------------------
2019-04-08T14:26:34 INFO SetGuiState:  SeparatorState.Selected -------------------------
2019-04-08T14:26:34 DEBUG >> Enter to (ScheduleRun)
2019-04-08T14:26:34 DEBUG Requesting ETC update (ScheduleRun)
2019-04-08T14:26:34 INFO Sample 0: Protocol ID:309666504, Volume:0.000[uL]
2019-04-08T14:26:34 DEBUG ETC update: 2019-04-08T14:27:42
2019-04-08T14:26:35 INFO Run Samples button clicked
2019-04-08T14:26:35 DEBUG >>Scheduler in progress
2019-04-08T14:26:35 DEBUG >> Leave (ScheduleRun)
2019-04-08T14:26:35 DEBUG Time remaining (ScheduleRun ETC):	0.000781082100694444
2019-04-08T14:26:35 INFO Estimated run completion = 02:00
2019-04-08T14:26:35 INFO SetGuiState:  SeparatorState.Ready -------------------------
2019-04-08T14:26:35 INFO ---->> ISeparator busy
2019-04-08T14:26:35 INFO Scheduling Run
2019-04-08T14:26:35 DEBUG Getting Consumables for 1 quadrants
2019-04-08T14:26:35 DEBUG QuadrantManager::StartRun
2019-04-08T14:26:35 INFO output: C:\Program Files\STI\RoboSep\protocols\
2019-04-08T14:26:35 DEBUG returned 4commands
2019-04-08T14:26:35 DEBUG protocol: prime.xml commands: 4
2019-04-08T14:26:35 DEBUG ProgressBar set 1 steps
2019-04-08T14:26:35 DEBUG ProgressBar set 4 steps
2019-04-08T14:26:35 DEBUG Run progress info set.
2019-04-08T14:26:35 DEBUG Displaying quadrant 0 resources
2019-04-08T14:26:35 DEBUG Loading resources from sharing protocols
2019-04-08T14:26:35 INFO Resource window is foreground
2019-04-08T14:26:37 INFO Ensure lid is closed for barcode scanning = True
2019-04-08T14:26:37 INFO The hydraulic fluid level is low.
2019-04-08T14:26:38 INFO User clicks the 'Ignore' button for the warning message 'The hydraulic fluid level is low.
2019-04-08T14:26:39 INFO Run Protocols button clicked
2019-04-08T14:26:39 DEBUG QuadrantManager::StartRun
2019-04-08T14:26:39 DEBUG Requesting ETC update (StartRun)
2019-04-08T14:26:39 INFO Sample 0: Protocol ID:309666504, Volume:0.000[uL]
2019-04-08T14:26:39 WARNING Start Separation run
2019-04-08T14:26:39 INFO  **INITIALIZING RUN
2019-04-08T14:26:39 DEBUG Carousel state changed to: Running
2019-04-08T14:26:39 INFO SetGuiState:  SeparatorState.Running -------------------------
2019-04-08T14:26:41 DEBUG ETC update: 2019-04-08T14:27:47
2019-04-08T14:26:41 DEBUG Time remaining (StartRun ETC):	0.000763540144675926
2019-04-08T14:26:41 INFO ------------** AtReportStatus in SampleProcessing TSC1001
2019-04-08T14:26:41 INFO Estimated run completion = 02:00
2019-04-08T14:26:41 INFO <<<<<<<<<<<<<<<<<<< AtReportStatus:  Home All
2019-04-08T14:26:41 INFO Progress Update, Next step Home All
2019-04-08T14:26:44 DEBUG Progress bar ProgressBar to step 0
2019-04-08T14:26:44 INFO Progress Update: Q = 0 Step = 0 ID = 0 CMD = HomeAll
2019-04-08T14:27:06 INFO ------------** AtReportStatus in SampleProcessing TSC1001
2019-04-08T14:27:06 INFO <<<<<<<<<<<<<<<<<<< AtReportStatus:  Prime
2019-04-08T14:27:06 INFO Progress Update, Next step Prime
2019-04-08T14:27:06 DEBUG Progress bar ProgressBar to step 1
2019-04-08T14:27:06 INFO Progress Update: Q = 0 Step = 1 ID = 0 CMD = Prime
2019-04-08T14:27:33 INFO ------------** AtReportStatus in SampleProcessing TSC1001
2019-04-08T14:27:33 INFO <<<<<<<<<<<<<<<<<<< AtReportStatus:  Prime
2019-04-08T14:27:33 INFO Progress Update, Next step Prime
2019-04-08T14:27:33 DEBUG Progress bar ProgressBar to step 2
2019-04-08T14:27:33 INFO Progress Update: Q = 0 Step = 2 ID = 0 CMD = Prime
2019-04-08T14:28:00 INFO ------------** AtReportStatus in SampleProcessing TSC1001
2019-04-08T14:28:00 INFO <<<<<<<<<<<<<<<<<<< AtReportStatus:  Flush
2019-04-08T14:28:00 INFO Progress Update, Next step Flush
2019-04-08T14:28:00 DEBUG Progress bar ProgressBar to step 3
2019-04-08T14:28:00 INFO Progress Update: Q = 0 Step = 3 ID = 0 CMD = Flush
2019-04-08T14:28:10 DEBUG ProgressBar COMPLETED! 
2019-04-08T14:28:13 INFO Estimated run completion = 01:00
2019-04-08T14:28:13 DEBUG Carousel state changed to: BatchComplete
2019-04-08T14:28:13 INFO SetGuiState:  SeparatorState.BatchComplete -------------------------
2019-04-08T14:28:14 DEBUG ProgressBar COMPLETED! 
2019-04-08T14:28:14 DEBUG ProgressBar COMPLETED! 
2019-04-08T14:28:14 INFO >> enter GenerateReport()!
2019-04-08T14:28:17 INFO Unload is called.
2019-04-08T14:28:17 INFO Unload message dialog is up!
2019-04-08T14:28:19 INFO [BEEP] 1 60 True
2019-04-08T14:28:20 INFO SetGuiState:  SeparatorState.BatchComplete -------------------------
2019-04-08T14:28:20 INFO SetGuiState:  SeparatorState.SeparatorUnloaded -------------------------
2019-04-08T14:28:20 INFO UnloadCompleted called. Current ThreadID = 9
2019-04-08T14:28:20 DEBUG ProgressBar set 1 steps
2019-04-08T14:28:20 INFO WaitngMsg disappear - UnloadCompleted() 
2019-04-08T14:28:20 INFO leaveRunProgress is called.
2019-04-08T14:28:20 INFO Quadrant info Cleared
2019-04-08T14:28:20 INFO Quadrant info Cleared
2019-04-08T14:28:20 INFO Quadrant info Cleared
2019-04-08T14:28:20 INFO Quadrant info Cleared
2019-04-08T14:28:20 INFO Quadrant info Cleared
2019-04-08T14:28:20 INFO Clearing all selected protocols
2019-04-08T14:28:22 INFO show Run Samples screen.
2019-04-08T14:28:22 INFO clear progress bars
2019-04-08T14:28:22 INFO leaveRunProgress returns.
2019-04-08T14:28:22 INFO Estimated run completion = 01:00
2019-04-08T14:28:22 INFO Estimated run completion = 01:00
2019-04-08T14:28:25 DEBUG Home button clicked
2019-04-08T14:28:25 INFO >> GenerateReport() is done: C:\Program Files\STI\RoboSep\reports\2019\Apr\Report_08Apr2019_14_28_11.pdf
2019-04-08T14:28:26 INFO Initializing Log Tab Run Statistics
2019-04-08T14:28:26 DEBUG Hiding Home window
2019-04-08T14:28:26 INFO Logs button clicked
