2019-05-17T09:41:34 INFO Application log initialised
2019-05-17T09:41:34 DEBUG Remoting Address = 127.0.0.1
2019-05-17T09:41:34 DEBUG ICS Server URL       = http://127.0.0.1:8000
2019-05-17T09:41:34 DEBUG ICS EventSink URL    = http://127.0.0.1:8001/InstrumentControlEventSink
2019-05-17T09:41:34 DEBUG Separator Server URL =  tcp://127.0.0.1:3149/Separator
2019-05-17T09:41:34 DEBUG Configured address = 127.0.0.1
2019-05-17T09:41:34 INFO Initializing User Console
2019-05-17T09:41:34 DEBUG Initializing UserDB
2019-05-17T09:41:34 INFO Application config path: C:\Program Files\STI\RoboSep\config\
2019-05-17T09:41:34 INFO output: C:\Program Files\STI\RoboSep\protocols\
2019-05-17T09:41:34 INFO XSD Path : c:\Program Files\STI\RoboSep\
2019-05-17T09:41:34 DEBUG 227protocols loaded
2019-05-17T09:41:34 ERROR Failed to convert variable '00/00/0000' to valid date.
2019-05-17T09:41:34 ERROR WarrantyExpireDate in GUI.ini file is invalid.
2019-05-17T09:41:34 DEBUG Creating new Form_Home
2019-05-17T09:41:34 INFO Command to launch service 'dns-sd.exe -R "Orca1" _robosep._tcp . 5899' for Network ORCA.
2019-05-17T09:41:34 INFO Service 'dns-sd.exe' for network ORCA has been launched. ProcessID='1484'. Path='C:\Windows\system32'
2019-05-17T09:41:34 INFO Loading User Console
2019-05-17T09:41:34 ERROR Starting GUI Thread
2019-05-17T09:41:34 INFO Connecting...
2019-05-17T09:41:34 INFO set user.db file to : User1.udb
2019-05-17T09:41:35 INFO <<<<<<<<<<<<<<<<<<<<<<<,,, 1 tcp://127.0.0.1:3149/Separator
2019-05-17T09:41:35 INFO <<<<<<<<<<<<<<<<<<<<<<<,,, 2
2019-05-17T09:41:35 INFO output: C:\Program Files\STI\RoboSep\protocols\
2019-05-17T09:41:35 DEBUG Loaded Robosep User
2019-05-17T09:41:35 INFO Current user ID : 'SAP'.
2019-05-17T09:41:35 DEBUG Instrument Control API Ping() returned True
2019-05-17T09:41:35 INFO <<<<<<<<<<<<<<<<<<<<<<<,,, 3
2019-05-17T09:41:35 INFO Get system information for About menu
2019-05-17T09:41:35 INFO Estimated run completion = 01:00
2019-05-17T09:42:01 DEBUG Carousel state changed to: SeparatorUnloaded
2019-05-17T09:42:01 INFO SetGuiState:  SeparatorState.SeparatorUnloaded -------------------------
2019-05-17T09:42:01 INFO Stopping Splash page
2019-05-17T09:42:01 ERROR Failed to convert variable '00/0/0000' to valid date.
2019-05-17T09:42:01 ERROR Failed to convert variable '00/0/0000' to valid date.
2019-05-17T09:42:01 ERROR Failed to convert variable '00/0/0000' to valid date.
2019-05-17T09:42:01 ERROR Failed to convert variable '00/00/0000' to valid date.
2019-05-17T09:42:01 ERROR Failed to convert variable '00/00/0000' to valid date.
2019-05-17T09:42:01 INFO Initializing About user control
2019-05-17T09:42:01 INFO Generating Robosep Resources user control
2019-05-17T09:42:01 INFO Initializing Run Samples user control
2019-05-17T09:42:01 INFO PauseResumeDialog form created
2019-05-17T09:42:15 DEBUG Home button clicked
2019-05-17T09:42:16 INFO Initializing Protocol List user control
2019-05-17T09:42:16 INFO Generating New UserProtocol user control
2019-05-17T09:42:16 INFO output: C:\Program Files\STI\RoboSep\protocols\
2019-05-17T09:42:16 DEBUG Loaded Robosep User
2019-05-17T09:42:16 DEBUG Hiding Home window
2019-05-17T09:42:16 INFO Protocols button clicked
2019-05-17T09:42:20 INFO New Touch Keyboard generated w/ Autocomplete
2019-05-17T09:42:21 DEBUG Updating Filtered list
2019-05-17T09:42:21 INFO Keyboard output: 'db'
2019-05-17T09:42:31 INFO saving 8protocols to user SAP
2019-05-17T09:42:31 INFO set user.db file to : User1.udb
2019-05-17T09:42:31 DEBUG Saved User Profile SAP with 8 protocols
2019-05-17T09:42:31 INFO output: C:\Program Files\STI\RoboSep\protocols\
2019-05-17T09:42:31 DEBUG Loaded Robosep User
2019-05-17T09:42:31 INFO Save user protocol list
2019-05-17T09:42:31 INFO ------------** AtReportStatus in SampleProcessing TSC1002
2019-05-17T09:42:31 INFO ------------** AtReportStatus in SampleProcessing TSC1002
2019-05-17T09:42:31 INFO ------------** AtReportStatus in SampleProcessing TSC1002
2019-05-17T09:42:31 INFO ------------** AtReportStatus in SampleProcessing TSC1002
2019-05-17T09:42:32 INFO ------------** AtReportStatus in SampleProcessing TSC1002
2019-05-17T09:42:32 INFO ------------** AtReportStatus in SampleProcessing TSC1002
2019-05-17T09:42:32 INFO ------------** AtReportStatus in SampleProcessing TSC1002
2019-05-17T09:42:32 INFO ------------** AtReportStatus in SampleProcessing TSC1002
2019-05-17T09:42:32 INFO ------------** AtReportStatus in SampleProcessing TSC1002
2019-05-17T09:42:32 INFO ------------** AtReportStatus in SampleProcessing TSC1002
2019-05-17T09:42:32 INFO ------------** AtReportStatus in SampleProcessing TSC1002
2019-05-17T09:42:32 INFO ------------** AtReportStatus in SampleProcessing TSC1002
2019-05-17T09:42:33 INFO Get system information for About menu
2019-05-17T09:42:33 INFO SetGuiState:  SeparatorState.SeparatorUnloaded -------------------------
2019-05-17T09:42:33 INFO Estimated run completion = 01:00
2019-05-17T09:42:33 INFO SetGuiState:  SeparatorState.SeparatorUnloaded -------------------------
2019-05-17T09:42:33 INFO output: C:\Program Files\STI\RoboSep\protocols\
2019-05-17T09:42:33 DEBUG Loaded Robosep User
2019-05-17T09:42:33 DEBUG Home button clicked
2019-05-17T09:42:34 INFO Run Sample button clicked
2019-05-17T09:42:34 DEBUG Hiding Home window
2019-05-17T09:42:34 DEBUG System running, opening RunProgress
2019-05-17T09:42:34 INFO New Protocol Select user control generated
2019-05-17T09:42:34 DEBUG Loaded 8 protocol from User SAP
2019-05-17T09:42:34 INFO output: C:\Program Files\STI\RoboSep\protocols\
2019-05-17T09:42:34 DEBUG Loaded Robosep User
2019-05-17T09:42:35 INFO Opening protocol selection for quadrant 1
2019-05-17T09:42:36 INFO Protocol Selection play button clicked
2019-05-17T09:42:36 DEBUG Adding protocol 'db quad test 2' to run at quadrant0
2019-05-17T09:42:36 DEBUG Opening New Number Pad window
2019-05-17T09:42:39 DEBUG Volume: 5.000
2019-05-17T09:42:39 INFO Estimated run completion = 01:00
2019-05-17T09:42:39 INFO Adding protocol to current run
2019-05-17T09:42:39 INFO Protocol Selection home button exit after sTime seconds.
2019-05-17T09:42:39 INFO SetGuiState:  SeparatorState.Selected -------------------------
2019-05-17T09:42:39 INFO Estimated run completion = 01:00
2019-05-17T09:42:39 INFO Estimated run completion = 01:00
2019-05-17T09:42:39 INFO SetGuiState:  SeparatorState.Selected -------------------------
2019-05-17T09:42:39 INFO Quad: 1 Sample Vol 0.005
2019-05-17T09:42:39 DEBUG >> Enter to (ScheduleRun)
2019-05-17T09:42:39 DEBUG Requesting ETC update (ScheduleRun)
2019-05-17T09:42:39 INFO Sample 0: Protocol ID:1267061413, Volume:5000.000[uL]
2019-05-17T09:42:40 DEBUG ETC update: 2019-05-17T10:32:54
2019-05-17T09:42:41 DEBUG >> Leave (ScheduleRun)
2019-05-17T09:42:41 DEBUG Time remaining (ScheduleRun ETC):	0.0348842354641204
2019-05-17T09:42:41 INFO Estimated run completion = 51:00
2019-05-17T09:42:41 INFO SetGuiState:  SeparatorState.Ready -------------------------
2019-05-17T09:42:41 INFO Run Samples button clicked
2019-05-17T09:42:41 INFO Scheduling Run
2019-05-17T09:42:41 DEBUG Getting Consumables for 1 quadrants
2019-05-17T09:42:41 DEBUG QuadrantManager::StartRun
2019-05-17T09:42:42 DEBUG protocol: db quad test 2.xml is acquired.
2019-05-17T09:42:42 DEBUG >> Starting acquiring protocol command list[0]
2019-05-17T09:42:42 DEBUG >>>> Entering to getProtocolCommandList[0]
2019-05-17T09:42:42 DEBUG ++++++getProtocolCommandList() before lock
2019-05-17T09:42:42 DEBUG ------Entering to getProtocolCommandList at ControlProxy
2019-05-17T09:42:42 DEBUG >>>>>>> Entering to getProtocolCommandList at XMLRpcProxy
2019-05-17T09:42:42 DEBUG >>>>>>> Leaving getProtocolCommandList at XMLRpcProxy
2019-05-17T09:42:42 DEBUG ------Leaving getProtocolCommandList at ControlProxy
2019-05-17T09:42:42 DEBUG ++++++getProtocolCommandList() After lock
2019-05-17T09:42:42 DEBUG >>>> Leaving getProtocolCommandList[0]
2019-05-17T09:42:42 DEBUG >>>> Entering to ConvertCmdStringListToIntList
2019-05-17T09:42:42 DEBUG >>>> Leaving ConvertCmdStringListToIntList
2019-05-17T09:42:42 DEBUG >> finishing acquiring protocol command list[0]
2019-05-17T09:42:42 DEBUG protocol: db quad test 2.xml commands: 17
2019-05-17T09:42:42 DEBUG ProgressBar set 1 steps
2019-05-17T09:42:42 DEBUG ProgressBar set 17 steps
2019-05-17T09:42:42 DEBUG Run progress info set.
2019-05-17T09:42:42 DEBUG Displaying quadrant 0 resources
2019-05-17T09:42:42 DEBUG Loading resources from sharing protocols
2019-05-17T09:42:42 INFO Resource window is foreground
2019-05-17T09:42:48 DEBUG Displaying quadrant 1 resources
2019-05-17T09:42:53 DEBUG Displaying quadrant 0 resources
2019-05-17T09:44:31 INFO Unload is called.
2019-05-17T09:44:31 DEBUG ProgressBar set 1 steps
2019-05-17T09:44:32 DEBUG Cancel button clicked
2019-05-17T09:44:33 INFO New Protocol Select user control generated
2019-05-17T09:44:33 DEBUG Loaded 8 protocol from User SAP
2019-05-17T09:44:33 INFO output: C:\Program Files\STI\RoboSep\protocols\
2019-05-17T09:44:33 DEBUG Loaded Robosep User
2019-05-17T09:44:33 INFO Opening protocol selection for quadrant 3
2019-05-17T09:44:35 INFO Protocol Selection play button clicked
2019-05-17T09:44:35 DEBUG Adding protocol 'CJ Whole Blood 2' to run at quadrant2
2019-05-17T09:44:35 DEBUG Opening New Number Pad window
2019-05-17T09:44:37 DEBUG Volume: 5.000
2019-05-17T09:44:37 INFO Estimated run completion = 01:00
2019-05-17T09:44:37 INFO Adding protocol to current run
2019-05-17T09:44:37 INFO Protocol Selection home button exit after sTime seconds.
2019-05-17T09:44:37 INFO SetGuiState:  SeparatorState.Selected -------------------------
2019-05-17T09:44:37 INFO SetGuiState:  SeparatorState.Selected -------------------------
2019-05-17T09:44:37 INFO Quad: 3 Sample Vol 0.005
2019-05-17T09:44:37 DEBUG >> Enter to (ScheduleRun)
2019-05-17T09:44:37 DEBUG Requesting ETC update (ScheduleRun)
2019-05-17T09:44:37 INFO Sample 0: Protocol ID:1267061413, Volume:5000.000[uL], Sample 1: Protocol ID:1653983252, Volume:5000.000[uL]
2019-05-17T09:44:38 DEBUG ETC update: 2019-05-17T10:36:12
2019-05-17T09:44:39 INFO Run Samples button clicked
2019-05-17T09:44:39 DEBUG >>Scheduler in progress
2019-05-17T09:44:39 DEBUG >> Leave (ScheduleRun)
2019-05-17T09:44:39 DEBUG Time remaining (ScheduleRun ETC):	0.0358076295613426
2019-05-17T09:44:39 INFO Estimated run completion = 52:00
2019-05-17T09:44:39 INFO SetGuiState:  SeparatorState.Ready -------------------------
2019-05-17T09:44:39 INFO ---->> ISeparator busy
2019-05-17T09:44:39 INFO Scheduling Run
2019-05-17T09:44:39 DEBUG Getting Consumables for 2 quadrants
2019-05-17T09:44:39 DEBUG QuadrantManager::StartRun
2019-05-17T09:44:39 DEBUG protocol: db quad test 2.xml is acquired.
2019-05-17T09:44:39 DEBUG >> Starting acquiring protocol command list[0]
2019-05-17T09:44:39 DEBUG >>>> Entering to getProtocolCommandList[0]
2019-05-17T09:44:39 DEBUG ++++++getProtocolCommandList() before lock
2019-05-17T09:44:39 DEBUG ------Entering to getProtocolCommandList at ControlProxy
2019-05-17T09:44:39 DEBUG >>>>>>> Entering to getProtocolCommandList at XMLRpcProxy
2019-05-17T09:44:39 DEBUG >>>>>>> Leaving getProtocolCommandList at XMLRpcProxy
2019-05-17T09:44:39 DEBUG ------Leaving getProtocolCommandList at ControlProxy
2019-05-17T09:44:39 DEBUG ++++++getProtocolCommandList() After lock
2019-05-17T09:44:39 DEBUG >>>> Leaving getProtocolCommandList[0]
2019-05-17T09:44:39 DEBUG >>>> Entering to ConvertCmdStringListToIntList
2019-05-17T09:44:39 DEBUG >>>> Leaving ConvertCmdStringListToIntList
2019-05-17T09:44:39 DEBUG >> finishing acquiring protocol command list[0]
2019-05-17T09:44:39 DEBUG protocol: db quad test 2.xml commands: 17
2019-05-17T09:44:39 DEBUG ProgressBar set 17 steps
2019-05-17T09:44:39 DEBUG Run progress info set.
2019-05-17T09:44:39 DEBUG protocol: CJ Whole Blood 2.xml is acquired.
2019-05-17T09:44:39 DEBUG >> Starting acquiring protocol command list[1]
2019-05-17T09:44:39 DEBUG >>>> Entering to getProtocolCommandList[1]
2019-05-17T09:44:39 DEBUG ++++++getProtocolCommandList() before lock
2019-05-17T09:44:39 DEBUG ------Entering to getProtocolCommandList at ControlProxy
2019-05-17T09:44:39 DEBUG >>>>>>> Entering to getProtocolCommandList at XMLRpcProxy
2019-05-17T09:44:39 DEBUG >>>>>>> Leaving getProtocolCommandList at XMLRpcProxy
2019-05-17T09:44:39 DEBUG ------Leaving getProtocolCommandList at ControlProxy
2019-05-17T09:44:39 DEBUG ++++++getProtocolCommandList() After lock
2019-05-17T09:44:39 DEBUG >>>> Leaving getProtocolCommandList[1]
2019-05-17T09:44:39 DEBUG >>>> Entering to ConvertCmdStringListToIntList
2019-05-17T09:44:39 DEBUG >>>> Leaving ConvertCmdStringListToIntList
2019-05-17T09:44:39 DEBUG >> finishing acquiring protocol command list[1]
2019-05-17T09:44:39 DEBUG protocol: CJ Whole Blood 2.xml commands: 21
2019-05-17T09:44:39 DEBUG ProgressBar set 21 steps
2019-05-17T09:44:39 DEBUG Run progress info set.
2019-05-17T09:44:39 DEBUG Displaying quadrant 0 resources
2019-05-17T09:44:39 DEBUG Loading resources from sharing protocols
2019-05-17T09:44:39 INFO Resource window is foreground
2019-05-17T09:44:41 DEBUG Displaying quadrant 2 resources
2019-05-17T09:44:42 DEBUG Displaying quadrant 1 resources
2019-05-17T09:44:48 DEBUG Displaying quadrant 0 resources
2019-05-17T09:44:51 DEBUG Displaying quadrant 2 resources
