2019-05-10T13:45:40 INFO Application log initialised
2019-05-10T13:45:40 DEBUG Remoting Address = 127.0.0.1
2019-05-10T13:45:40 DEBUG ICS Server URL       = http://127.0.0.1:8000
2019-05-10T13:45:40 DEBUG ICS EventSink URL    = http://127.0.0.1:8001/InstrumentControlEventSink
2019-05-10T13:45:40 DEBUG Separator Server URL =  tcp://127.0.0.1:3149/Separator
2019-05-10T13:45:40 DEBUG Configured address = 127.0.0.1
2019-05-10T13:45:41 INFO Initializing User Console
2019-05-10T13:45:41 DEBUG Initializing UserDB
2019-05-10T13:45:41 INFO Application config path: C:\Program Files\STI\RoboSep\config\
2019-05-10T13:45:41 INFO output: C:\Program Files\STI\RoboSep\protocols\
2019-05-10T13:45:41 INFO XSD Path : c:\Program Files\STI\RoboSep\
2019-05-10T13:45:41 DEBUG 224protocols loaded
2019-05-10T13:45:41 ERROR Failed to convert variable '00/00/0000' to valid date.
2019-05-10T13:45:41 ERROR WarrantyExpireDate in GUI.ini file is invalid.
2019-05-10T13:45:41 DEBUG Creating new Form_Home
2019-05-10T13:45:41 INFO Command to launch service 'dns-sd.exe -R "Orca1" _robosep._tcp . 5899' for Network ORCA.
2019-05-10T13:45:41 INFO Service 'dns-sd.exe' for network ORCA has been launched. ProcessID='1996'. Path='C:\Windows\system32'
2019-05-10T13:45:41 INFO Loading User Console
2019-05-10T13:45:41 ERROR Starting GUI Thread
2019-05-10T13:45:41 INFO set user.db file to : User1.udb
2019-05-10T13:45:41 INFO Connecting...
2019-05-10T13:45:41 INFO <<<<<<<<<<<<<<<<<<<<<<<,,, 1 tcp://127.0.0.1:3149/Separator
2019-05-10T13:45:41 INFO <<<<<<<<<<<<<<<<<<<<<<<,,, 2
2019-05-10T13:45:41 INFO output: C:\Program Files\STI\RoboSep\protocols\
2019-05-10T13:45:41 DEBUG Loaded Robosep User
2019-05-10T13:45:41 INFO Current user ID : 'SAP'.
2019-05-10T13:45:42 DEBUG Instrument Control API Ping() returned True
2019-05-10T13:45:42 INFO <<<<<<<<<<<<<<<<<<<<<<<,,, 3
2019-05-10T13:45:42 INFO Get system information for About menu
--------- SeparatorGateway: AtSeparatorStateUpdate - SeparatorState=Initialising. 
2019-05-10T13:45:42 INFO Estimated run completion = 01:00
---------Now update the display
2019-05-10T13:46:07 DEBUG Carousel state changed to: SeparatorUnloaded
--------- SeparatorGateway: AtSeparatorStateUpdate - SeparatorState=SeparatorUnloaded. 
------------------------------ SetGuiState:  SeparatorState.SeparatorUnloaded -------------------------
2019-05-10T13:46:07 INFO SetGuiState:  SeparatorState.SeparatorUnloaded -------------------------
2019-05-10T13:46:07 INFO Stopping Splash page
2019-05-10T13:46:08 ERROR Failed to convert variable '00/0/0000' to valid date.
2019-05-10T13:46:08 ERROR Failed to convert variable '00/0/0000' to valid date.
2019-05-10T13:46:08 ERROR Failed to convert variable '00/0/0000' to valid date.
2019-05-10T13:46:08 ERROR Failed to convert variable '00/00/0000' to valid date.
2019-05-10T13:46:08 ERROR Failed to convert variable '00/00/0000' to valid date.
2019-05-10T13:46:08 INFO Initializing About user control
2019-05-10T13:46:08 INFO Generating Robosep Resources user control
2019-05-10T13:46:08 INFO Initializing Run Samples user control
2019-05-10T13:46:08 INFO PauseResumeDialog form created
2019-05-10T13:46:10 INFO New Protocol Select user control generated
2019-05-10T13:46:10 DEBUG Loaded 6 protocol from User SAP
2019-05-10T13:46:10 INFO output: C:\Program Files\STI\RoboSep\protocols\
2019-05-10T13:46:10 DEBUG Loaded Robosep User
2019-05-10T13:46:10 INFO Opening protocol selection for quadrant 1
2019-05-10T13:46:15 INFO Protocol Selection home button clicked
---------No reloading of user protocols is required.
2019-05-10T13:46:15 INFO Protocol Selection home button exit
2019-05-10T13:46:16 INFO New Protocol Select user control generated
2019-05-10T13:46:16 DEBUG Loaded 6 protocol from User SAP
2019-05-10T13:46:16 INFO output: C:\Program Files\STI\RoboSep\protocols\
2019-05-10T13:46:16 DEBUG Loaded Robosep User
2019-05-10T13:46:16 INFO Opening protocol selection for quadrant 2
2019-05-10T13:46:17 INFO Protocol Selection play button clicked
---------No reloading of user protocols is required.
---------No need to reload my protocol list.
---------Select the protocol EasySep Direct Human 19669 - 2_5ml test before exiting.
---------Protocol Select: SelectProtocol called.
----------Protocol Select: Called RoboSep_RunSamples.getInstance().addToRun
---------Called SelectProtocol
2019-05-10T13:46:17 DEBUG Adding protocol 'EasySep Direct Human 19669 - 2_5ml test' to run at quadrant1
2019-05-10T13:46:18 DEBUG Opening New Number Pad window
2019-05-10T13:46:19 DEBUG Volume: 5.000
RunSamples 24: mySeparator.SelectProtocol: QuadrantId=Quadrant2, selectedProtocol.Id=8
2019-05-10T13:46:19 INFO Estimated run completion = 01:00
--------- SeparatorGateway: AtSeparatorStateUpdate - SeparatorState=Selected. 
------------------SeparatorGateway AtSeparatorStateUpdate Selected undefined???
----------Protocol Select: After RoboSep_RunSamples.getInstance().addToRun
2019-05-10T13:46:19 INFO Adding protocol to current run
2019-05-10T13:46:19 INFO Protocol Selection home button exit after sTime seconds.
------------------------------ SetGuiState:  SeparatorState.Selected -------------------------
2019-05-10T13:46:19 INFO SetGuiState:  SeparatorState.Selected -------------------------
---------Now update the display
------------------------------ SetGuiState:  SeparatorState.Selected -------------------------
2019-05-10T13:46:19 INFO SetGuiState:  SeparatorState.Selected -------------------------
RunSamples 32 : setSampleVolume QuadrantId=Quadrant2, Volume=5
2019-05-10T13:46:20 INFO Quad: 2 Sample Vol 0.005
RunSamples 33 : setSampleVolume QuadrantId=Quadrant2 completed.
---------AtProtocolConsumablesUpdate: given 'consumables' are not null.
---------AtProtocolConsumablesUpdate: update the protocol table (using the newly received sample volumes).
---------Now update the display
2019-05-10T13:46:20 DEBUG >> Enter to (ScheduleRun)
2019-05-10T13:46:20 DEBUG Requesting ETC update (ScheduleRun)
2019-05-10T13:46:20 INFO Sample 0: Protocol ID:12829808, Volume:5000.000[uL]
2019-05-10T13:46:20 DEBUG ETC update: 2019-05-10T14:07:43
2019-05-10T13:46:21 DEBUG >> Leave (ScheduleRun)
2019-05-10T13:46:21 DEBUG Time remaining (ScheduleRun ETC):	0.0148421417766204
2019-05-10T13:46:21 INFO Estimated run completion = 22:00
--------- SeparatorGateway: AtSeparatorStateUpdate - SeparatorState=Ready. 
------------------------------ SetGuiState:  SeparatorState.Ready -------------------------
2019-05-10T13:46:21 INFO SetGuiState:  SeparatorState.Ready -------------------------
2019-05-10T13:46:22 INFO Run Samples button clicked
2019-05-10T13:46:22 INFO Scheduling Run
---------Run Samples: getConsumables called : iProtocolSelectCount = 1
GetProtocolConsumables called. selectedProtocolIndexNumber = 0.
myChosenProtocols.GetKey returns QuadrantId = Quadrant2.
protocolName=EasySep Direct Human 19669 - 2_5ml test. initialQuadrant=Quadrant2.
2019-05-10T13:46:22 DEBUG Getting Consumables for 1 quadrants
.............................EasySep Direct Human 19669 - 2_5ml test 0 0
2019-05-10T13:46:30 DEBUG QuadrantManager::StartRun
2019-05-10T13:46:37 INFO Removing protocol at quadrant 2
---------AtProtocolConsumablesUpdate: given 'consumables' are null.
---------AtProtocolConsumablesUpdate: remove any previous consumables information for quadrant=Quadrant2.
---------AtProtocolConsumablesUpdate: update the protocol table (using the newly received sample volumes).
2019-05-10T13:46:37 INFO Quadrant info Cleared
---------Now update the display
2019-05-10T13:46:37 INFO Estimated run completion = 01:00
--------- SeparatorGateway: AtSeparatorStateUpdate - SeparatorState=SeparatorUnloaded. 
2019-05-10T13:46:37 INFO Quadrant info Cleared
------------------------------ SetGuiState:  SeparatorState.SeparatorUnloaded -------------------------
2019-05-10T13:46:37 INFO SetGuiState:  SeparatorState.SeparatorUnloaded -------------------------
---------Now update the display
------------------------------ SetGuiState:  SeparatorState.SeparatorUnloaded -------------------------
2019-05-10T13:46:37 INFO SetGuiState:  SeparatorState.SeparatorUnloaded -------------------------
2019-05-10T13:46:39 INFO New Protocol Select user control generated
2019-05-10T13:46:39 DEBUG Loaded 6 protocol from User SAP
2019-05-10T13:46:39 INFO output: C:\Program Files\STI\RoboSep\protocols\
2019-05-10T13:46:39 DEBUG Loaded Robosep User
2019-05-10T13:46:39 INFO Opening protocol selection for quadrant 1
2019-05-10T13:46:41 INFO Protocol Selection play button clicked
---------No reloading of user protocols is required.
---------No need to reload my protocol list.
---------Select the protocol EasySep Direct Human PBMC Isolation 19654 - buffy coat before exiting.
---------Protocol Select: SelectProtocol called.
----------Protocol Select: Called RoboSep_RunSamples.getInstance().addToRun
---------Called SelectProtocol
2019-05-10T13:46:42 DEBUG Adding protocol 'EasySep Direct Human PBMC Isolation 19654 - buffy coat' to run at quadrant0
2019-05-10T13:46:42 DEBUG Opening New Number Pad window
2019-05-10T13:46:43 DEBUG Volume: 5.000
RunSamples 24: mySeparator.SelectProtocol: QuadrantId=Quadrant1, selectedProtocol.Id=7
2019-05-10T13:46:43 INFO Estimated run completion = 01:00
--------- SeparatorGateway: AtSeparatorStateUpdate - SeparatorState=Selected. 
------------------SeparatorGateway AtSeparatorStateUpdate Selected undefined???
----------Protocol Select: After RoboSep_RunSamples.getInstance().addToRun
2019-05-10T13:46:43 INFO Adding protocol to current run
2019-05-10T13:46:43 INFO Protocol Selection home button exit after sTime seconds.
------------------------------ SetGuiState:  SeparatorState.Selected -------------------------
2019-05-10T13:46:43 INFO SetGuiState:  SeparatorState.Selected -------------------------
---------Now update the display
------------------------------ SetGuiState:  SeparatorState.Selected -------------------------
2019-05-10T13:46:43 INFO SetGuiState:  SeparatorState.Selected -------------------------
RunSamples 32 : setSampleVolume QuadrantId=Quadrant1, Volume=5
2019-05-10T13:46:44 INFO Quad: 1 Sample Vol 0.005
RunSamples 33 : setSampleVolume QuadrantId=Quadrant1 completed.
---------AtProtocolConsumablesUpdate: given 'consumables' are not null.
---------AtProtocolConsumablesUpdate: update the protocol table (using the newly received sample volumes).
---------Now update the display
2019-05-10T13:46:44 DEBUG >> Enter to (ScheduleRun)
2019-05-10T13:46:44 DEBUG Requesting ETC update (ScheduleRun)
2019-05-10T13:46:44 INFO Sample 0: Protocol ID:662683855, Volume:5000.000[uL]
2019-05-10T13:46:44 DEBUG ETC update: 2019-05-10T14:05:11
2019-05-10T13:46:45 DEBUG >> Leave (ScheduleRun)
2019-05-10T13:46:45 DEBUG Time remaining (ScheduleRun ETC):	0.0128087555462963
2019-05-10T13:46:45 INFO Estimated run completion = 19:00
--------- SeparatorGateway: AtSeparatorStateUpdate - SeparatorState=Ready. 
------------------------------ SetGuiState:  SeparatorState.Ready -------------------------
2019-05-10T13:46:45 INFO SetGuiState:  SeparatorState.Ready -------------------------
2019-05-10T13:46:47 INFO Run Samples button clicked
2019-05-10T13:46:47 INFO Scheduling Run
---------Run Samples: getConsumables called : iProtocolSelectCount = 1
GetProtocolConsumables called. selectedProtocolIndexNumber = 0.
myChosenProtocols.GetKey returns QuadrantId = Quadrant1.
protocolName=EasySep Direct Human PBMC Isolation 19654 - buffy coat. initialQuadrant=Quadrant1.
2019-05-10T13:46:47 DEBUG Getting Consumables for 1 quadrants
.............................EasySep Direct Human PBMC Isolation 19654 - buffy coat 0 0
2019-05-10T13:46:53 DEBUG QuadrantManager::StartRun
2019-05-10T13:46:53 DEBUG protocol: EasySep Direct Human PBMC Isolation 19654 - buffy coat.xml is acquired.
2019-05-10T13:46:53 DEBUG >> Starting acquiring protocol command list[0]
2019-05-10T13:46:53 DEBUG >>>> Entering to getProtocolCommandList[0]
2019-05-10T13:46:53 DEBUG ++++++getProtocolCommandList() before lock
2019-05-10T13:46:53 DEBUG ------Entering to getProtocolCommandList at ControlProxy
2019-05-10T13:46:53 DEBUG >>>>>>> Entering to getProtocolCommandList at XMLRpcProxy
2019-05-10T13:46:53 DEBUG >>>>>>> Leaving getProtocolCommandList at XMLRpcProxy
2019-05-10T13:46:53 DEBUG ------Leaving getProtocolCommandList at ControlProxy
2019-05-10T13:46:53 DEBUG ++++++getProtocolCommandList() After lock
2019-05-10T13:46:53 DEBUG >>>> Leaving getProtocolCommandList[0]
2019-05-10T13:46:53 DEBUG >>>> Entering to ConvertCmdStringListToIntList
2019-05-10T13:46:53 DEBUG >>>> Leaving ConvertCmdStringListToIntList
2019-05-10T13:46:53 DEBUG >> finishing acquiring protocol command list[0]
2019-05-10T13:46:53 DEBUG protocol: EasySep Direct Human PBMC Isolation 19654 - buffy coat.xml commands: 9
2019-05-10T13:46:53 DEBUG ProgressBar set 1 steps
2019-05-10T13:46:53 DEBUG ProgressBar set 9 steps
2019-05-10T13:46:53 DEBUG Run progress info set.
2019-05-10T13:46:54 DEBUG Displaying quadrant 0 resources
