2019-05-17T10:03:22 INFO Application log initialised
2019-05-17T10:03:22 DEBUG Remoting Address = 127.0.0.1
2019-05-17T10:03:22 DEBUG ICS Server URL       = http://127.0.0.1:8000
2019-05-17T10:03:22 DEBUG ICS EventSink URL    = http://127.0.0.1:8001/InstrumentControlEventSink
2019-05-17T10:03:22 DEBUG Separator Server URL =  tcp://127.0.0.1:3149/Separator
2019-05-17T10:03:22 DEBUG Configured address = 127.0.0.1
2019-05-17T10:03:22 INFO Initializing User Console
2019-05-17T10:03:22 DEBUG Initializing UserDB
2019-05-17T10:03:22 INFO Application config path: C:\Program Files\STI\RoboSep\config\
2019-05-17T10:03:22 INFO output: C:\Program Files\STI\RoboSep\protocols\
2019-05-17T10:03:22 INFO XSD Path : c:\Program Files\STI\RoboSep\
2019-05-17T10:03:23 DEBUG 227protocols loaded
2019-05-17T10:03:23 ERROR Failed to convert variable '00/00/0000' to valid date.
2019-05-17T10:03:23 ERROR WarrantyExpireDate in GUI.ini file is invalid.
2019-05-17T10:03:23 DEBUG Creating new Form_Home
2019-05-17T10:03:23 INFO Command to launch service 'dns-sd.exe -R "Orca1" _robosep._tcp . 5899' for Network ORCA.
2019-05-17T10:03:23 INFO Service 'dns-sd.exe' for network ORCA has been launched. ProcessID='3212'. Path='C:\Windows\system32'
2019-05-17T10:03:23 INFO Loading User Console
2019-05-17T10:03:23 INFO Connecting...
2019-05-17T10:03:23 ERROR Starting GUI Thread
2019-05-17T10:03:23 INFO set user.db file to : User1.udb
2019-05-17T10:03:23 INFO <<<<<<<<<<<<<<<<<<<<<<<,,, 1 tcp://127.0.0.1:3149/Separator
2019-05-17T10:03:23 INFO <<<<<<<<<<<<<<<<<<<<<<<,,, 2
2019-05-17T10:03:23 INFO output: C:\Program Files\STI\RoboSep\protocols\
2019-05-17T10:03:23 DEBUG Loaded Robosep User
2019-05-17T10:03:23 INFO Current user ID : 'SAP'.
2019-05-17T10:03:23 DEBUG Instrument Control API Ping() returned True
2019-05-17T10:03:23 INFO <<<<<<<<<<<<<<<<<<<<<<<,,, 3
2019-05-17T10:03:24 INFO Get system information for About menu
--------- SeparatorGateway: AtSeparatorStateUpdate - SeparatorState=Initialising. 
2019-05-17T10:03:24 INFO Estimated run completion = 01:00
---------Now update the display
2019-05-17T10:03:49 DEBUG Carousel state changed to: SeparatorUnloaded
--------- SeparatorGateway: AtSeparatorStateUpdate - SeparatorState=SeparatorUnloaded. 
------------------------------ SetGuiState:  SeparatorState.SeparatorUnloaded -------------------------
2019-05-17T10:03:49 INFO SetGuiState:  SeparatorState.SeparatorUnloaded -------------------------
2019-05-17T10:03:49 INFO Stopping Splash page
2019-05-17T10:03:49 ERROR Failed to convert variable '00/0/0000' to valid date.
2019-05-17T10:03:49 ERROR Failed to convert variable '00/0/0000' to valid date.
2019-05-17T10:03:49 ERROR Failed to convert variable '00/0/0000' to valid date.
2019-05-17T10:03:49 ERROR Failed to convert variable '00/00/0000' to valid date.
2019-05-17T10:03:49 ERROR Failed to convert variable '00/00/0000' to valid date.
2019-05-17T10:03:49 INFO Initializing About user control
2019-05-17T10:03:49 INFO Generating Robosep Resources user control
2019-05-17T10:03:49 INFO Initializing Run Samples user control
2019-05-17T10:03:49 INFO PauseResumeDialog form created
2019-05-17T10:03:53 INFO New Protocol Select user control generated
2019-05-17T10:03:53 DEBUG Loaded 8 protocol from User SAP
2019-05-17T10:03:53 INFO output: C:\Program Files\STI\RoboSep\protocols\
2019-05-17T10:03:53 DEBUG Loaded Robosep User
2019-05-17T10:03:53 INFO Opening protocol selection for quadrant 1
2019-05-17T10:03:57 INFO Protocol Selection play button clicked
---------No reloading of user protocols is required.
---------No need to reload my protocol list.
---------Select the protocol db quad test 2 before exiting.
---------Protocol Select: SelectProtocol called.
----------Protocol Select: Called RoboSep_RunSamples.getInstance().addToRun
---------Called SelectProtocol
2019-05-17T10:03:57 DEBUG Adding protocol 'db quad test 2' to run at quadrant0
2019-05-17T10:03:57 DEBUG Opening New Number Pad window
2019-05-17T10:03:59 DEBUG Volume: 5.000
2019-05-17T10:03:59 INFO Estimated run completion = 01:00
--------- SeparatorGateway: AtSeparatorStateUpdate - SeparatorState=Selected. 
------------------SeparatorGateway AtSeparatorStateUpdate Selected undefined???
----------Protocol Select: After RoboSep_RunSamples.getInstance().addToRun
2019-05-17T10:03:59 INFO Adding protocol to current run
2019-05-17T10:03:59 INFO Protocol Selection home button exit after sTime seconds.
------------------------------ SetGuiState:  SeparatorState.Selected -------------------------
2019-05-17T10:03:59 INFO SetGuiState:  SeparatorState.Selected -------------------------
2019-05-17T10:03:59 INFO Estimated run completion = 01:00
2019-05-17T10:03:59 INFO Estimated run completion = 01:00
---------Now update the display
------------------------------ SetGuiState:  SeparatorState.Selected -------------------------
2019-05-17T10:03:59 INFO SetGuiState:  SeparatorState.Selected -------------------------
RunSamples 32 : setSampleVolume QuadrantId=Quadrant1, Volume=5
2019-05-17T10:03:59 INFO Quad: 1 Sample Vol 0.005
RunSamples 33 : setSampleVolume QuadrantId=Quadrant1 completed.
---------AtProtocolConsumablesUpdate: given 'consumables' are not null.
---------AtProtocolConsumablesUpdate: update the protocol table (using the newly received sample volumes).
---------Now update the display
2019-05-17T10:04:00 DEBUG >> Enter to (ScheduleRun)
2019-05-17T10:04:00 DEBUG Requesting ETC update (ScheduleRun)
2019-05-17T10:04:00 INFO Sample 0: Protocol ID:1267061413, Volume:5000.000[uL]
2019-05-17T10:04:00 DEBUG ETC update: 2019-05-17T10:54:14
2019-05-17T10:04:00 INFO Run Samples button clicked
2019-05-17T10:04:00 DEBUG >>Scheduler in progress
2019-05-17T10:04:00 DEBUG >>Scheduler in progress
2019-05-17T10:04:00 DEBUG >>Scheduler in progress
2019-05-17T10:04:01 DEBUG >>Scheduler in progress
2019-05-17T10:04:01 DEBUG >> Leave (ScheduleRun)
2019-05-17T10:04:01 DEBUG Time remaining (ScheduleRun ETC):	0.034882259962963
2019-05-17T10:04:01 INFO Estimated run completion = 51:00
--------- SeparatorGateway: AtSeparatorStateUpdate - SeparatorState=Ready. 
------------------------------ SetGuiState:  SeparatorState.Ready -------------------------
2019-05-17T10:04:01 INFO SetGuiState:  SeparatorState.Ready -------------------------
2019-05-17T10:04:01 INFO ---->> ISeparator busy
2019-05-17T10:04:01 INFO Scheduling Run
---------Run Samples: getConsumables called : iProtocolSelectCount = 1
GetProtocolConsumables called. selectedProtocolIndexNumber = 0.
myChosenProtocols.GetKey returns QuadrantId = Quadrant1.
protocolName=db quad test 2. initialQuadrant=Quadrant1.
2019-05-17T10:04:01 DEBUG Getting Consumables for 1 quadrants
.............................db quad test 2 0 0
                                         0 0
2019-05-17T10:04:01 DEBUG QuadrantManager::StartRun
2019-05-17T10:04:01 DEBUG protocol: db quad test 2.xml is acquired.
2019-05-17T10:04:01 DEBUG >> Starting acquiring protocol command list[0]
2019-05-17T10:04:01 DEBUG >>>> Entering to getProtocolCommandList[0]
2019-05-17T10:04:01 DEBUG ++++++getProtocolCommandList() before lock
2019-05-17T10:04:01 DEBUG ------Entering to getProtocolCommandList at ControlProxy
2019-05-17T10:04:01 DEBUG >>>>>>> Entering to getProtocolCommandList at XMLRpcProxy
2019-05-17T10:04:01 DEBUG >>>>>>> Leaving getProtocolCommandList at XMLRpcProxy
2019-05-17T10:04:01 DEBUG ------Leaving getProtocolCommandList at ControlProxy
2019-05-17T10:04:01 DEBUG ++++++getProtocolCommandList() After lock
2019-05-17T10:04:01 DEBUG >>>> Leaving getProtocolCommandList[0]
2019-05-17T10:04:01 DEBUG >>>> Entering to ConvertCmdStringListToIntList
2019-05-17T10:04:01 DEBUG >>>> Leaving ConvertCmdStringListToIntList
2019-05-17T10:04:01 DEBUG >> finishing acquiring protocol command list[0]
2019-05-17T10:04:01 DEBUG protocol: db quad test 2.xml commands: 17
2019-05-17T10:04:01 DEBUG ProgressBar set 1 steps
2019-05-17T10:04:01 DEBUG ProgressBar set 17 steps
2019-05-17T10:04:01 DEBUG Run progress info set.
2019-05-17T10:04:01 DEBUG Displaying quadrant 0 resources
2019-05-17T10:05:51 DEBUG Loading resources from sharing protocols
2019-05-17T10:05:51 INFO Resource window is foreground
2019-05-17T10:06:00 INFO Unload is called.
2019-05-17T10:06:00 DEBUG ProgressBar set 1 steps
2019-05-17T10:06:00 DEBUG Cancel button clicked
2019-05-17T10:06:01 INFO Removing protocol at quadrant 1
---------AtProtocolConsumablesUpdate: given 'consumables' are null.
---------AtProtocolConsumablesUpdate: remove any previous consumables information for quadrant=Quadrant1.
2019-05-17T10:06:01 INFO Quadrant info Cleared
---------AtProtocolConsumablesUpdate: remove any previous consumables information for quadrant=Quadrant2.
---------AtProtocolConsumablesUpdate: update the protocol table (using the newly received sample volumes).
2019-05-17T10:06:01 INFO Quadrant info Cleared
---------Now update the display
2019-05-17T10:06:01 INFO Estimated run completion = 01:00
--------- SeparatorGateway: AtSeparatorStateUpdate - SeparatorState=Configured. 
2019-05-17T10:06:01 INFO Quadrant info Cleared
2019-05-17T10:06:01 INFO Estimated run completion = 01:00
--------- SeparatorGateway: AtSeparatorStateUpdate - SeparatorState=SeparatorUnloaded. 
------------------------------ SetGuiState:  SeparatorState.SeparatorUnloaded -------------------------
2019-05-17T10:06:01 INFO SetGuiState:  SeparatorState.SeparatorUnloaded -------------------------
---------Now update the display
------------------------------ SetGuiState:  SeparatorState.SeparatorUnloaded -------------------------
2019-05-17T10:06:01 INFO SetGuiState:  SeparatorState.SeparatorUnloaded -------------------------
2019-05-17T10:06:02 INFO New Protocol Select user control generated
2019-05-17T10:06:02 DEBUG Loaded 8 protocol from User SAP
2019-05-17T10:06:02 INFO output: C:\Program Files\STI\RoboSep\protocols\
2019-05-17T10:06:02 DEBUG Loaded Robosep User
2019-05-17T10:06:02 INFO Opening protocol selection for quadrant 1
2019-05-17T10:06:08 INFO Protocol Selection play button clicked
---------No reloading of user protocols is required.
---------No need to reload my protocol list.
---------Select the protocol CJ Whole Blood 2 before exiting.
---------Protocol Select: SelectProtocol called.
----------Protocol Select: Called RoboSep_RunSamples.getInstance().addToRun
---------Called SelectProtocol
2019-05-17T10:06:08 DEBUG Adding protocol 'CJ Whole Blood 2' to run at quadrant0
2019-05-17T10:06:08 DEBUG Opening New Number Pad window
2019-05-17T10:06:10 DEBUG Volume: 5.000
RunSamples 24: mySeparator.SelectProtocol: QuadrantId=Quadrant1, selectedProtocol.Id=10
2019-05-17T10:06:10 INFO Estimated run completion = 01:00
--------- SeparatorGateway: AtSeparatorStateUpdate - SeparatorState=Selected. 
------------------SeparatorGateway AtSeparatorStateUpdate Selected undefined???
----------Protocol Select: After RoboSep_RunSamples.getInstance().addToRun
2019-05-17T10:06:10 INFO Adding protocol to current run
2019-05-17T10:06:10 INFO Protocol Selection home button exit after sTime seconds.
------------------------------ SetGuiState:  SeparatorState.Selected -------------------------
2019-05-17T10:06:10 INFO SetGuiState:  SeparatorState.Selected -------------------------
---------Now update the display
------------------------------ SetGuiState:  SeparatorState.Selected -------------------------
2019-05-17T10:06:10 INFO SetGuiState:  SeparatorState.Selected -------------------------
RunSamples 32 : setSampleVolume QuadrantId=Quadrant1, Volume=5
2019-05-17T10:06:11 INFO Quad: 1 Sample Vol 0.005
RunSamples 33 : setSampleVolume QuadrantId=Quadrant1 completed.
---------AtProtocolConsumablesUpdate: given 'consumables' are not null.
---------AtProtocolConsumablesUpdate: update the protocol table (using the newly received sample volumes).
---------Now update the display
2019-05-17T10:06:11 DEBUG >> Enter to (ScheduleRun)
2019-05-17T10:06:11 DEBUG Requesting ETC update (ScheduleRun)
2019-05-17T10:06:11 INFO Sample 0: Protocol ID:1653983252, Volume:5000.000[uL]
2019-05-17T10:06:11 DEBUG ETC update: 2019-05-17T10:32:14
2019-05-17T10:06:12 INFO Run Samples button clicked
2019-05-17T10:06:12 DEBUG >>Scheduler in progress
2019-05-17T10:06:12 DEBUG >>Scheduler in progress
2019-05-17T10:06:12 DEBUG >>Scheduler in progress
2019-05-17T10:06:12 DEBUG >>Scheduler in progress
2019-05-17T10:06:12 DEBUG >> Leave (ScheduleRun)
2019-05-17T10:06:12 DEBUG Time remaining (ScheduleRun ETC):	0.0180788293356481
2019-05-17T10:06:12 INFO Estimated run completion = 27:00
--------- SeparatorGateway: AtSeparatorStateUpdate - SeparatorState=Ready. 
------------------------------ SetGuiState:  SeparatorState.Ready -------------------------
2019-05-17T10:06:13 INFO SetGuiState:  SeparatorState.Ready -------------------------
2019-05-17T10:06:13 INFO ---->> ISeparator busy
2019-05-17T10:06:13 INFO Scheduling Run
---------Run Samples: getConsumables called : iProtocolSelectCount = 1
GetProtocolConsumables called. selectedProtocolIndexNumber = 0.
myChosenProtocols.GetKey returns QuadrantId = Quadrant1.
protocolName=CJ Whole Blood 2. initialQuadrant=Quadrant1.
2019-05-17T10:06:13 DEBUG Getting Consumables for 1 quadrants
.............................CJ Whole Blood 2 0 0
2019-05-17T10:06:13 DEBUG QuadrantManager::StartRun
2019-05-17T10:06:13 DEBUG protocol: CJ Whole Blood 2.xml is acquired.
2019-05-17T10:06:13 DEBUG >> Starting acquiring protocol command list[0]
2019-05-17T10:06:13 DEBUG >>>> Entering to getProtocolCommandList[0]
2019-05-17T10:06:13 DEBUG ++++++getProtocolCommandList() before lock
2019-05-17T10:06:13 DEBUG ------Entering to getProtocolCommandList at ControlProxy
2019-05-17T10:06:13 DEBUG >>>>>>> Entering to getProtocolCommandList at XMLRpcProxy
2019-05-17T10:06:13 DEBUG >>>>>>> Leaving getProtocolCommandList at XMLRpcProxy
2019-05-17T10:06:13 DEBUG ------Leaving getProtocolCommandList at ControlProxy
2019-05-17T10:06:13 DEBUG ++++++getProtocolCommandList() After lock
2019-05-17T10:06:13 DEBUG >>>> Leaving getProtocolCommandList[0]
2019-05-17T10:06:13 DEBUG >>>> Entering to ConvertCmdStringListToIntList
2019-05-17T10:06:13 DEBUG >>>> Leaving ConvertCmdStringListToIntList
2019-05-17T10:06:13 DEBUG >> finishing acquiring protocol command list[0]
2019-05-17T10:06:13 DEBUG protocol: CJ Whole Blood 2.xml commands: 21
2019-05-17T10:06:13 DEBUG ProgressBar set 21 steps
2019-05-17T10:06:13 DEBUG Run progress info set.
2019-05-17T10:06:13 DEBUG Displaying quadrant 0 resources
2019-05-17T10:07:46 DEBUG Loading resources from sharing protocols
2019-05-17T10:07:46 INFO Resource window is foreground
2019-05-17T10:07:50 INFO Unload is called.
2019-05-17T10:07:50 DEBUG ProgressBar set 1 steps
2019-05-17T10:07:50 DEBUG Cancel button clicked
2019-05-17T10:07:52 INFO Removing protocol at quadrant 1
---------AtProtocolConsumablesUpdate: given 'consumables' are null.
---------AtProtocolConsumablesUpdate: remove any previous consumables information for quadrant=Quadrant1.
---------AtProtocolConsumablesUpdate: update the protocol table (using the newly received sample volumes).
2019-05-17T10:07:52 INFO Quadrant info Cleared
---------Now update the display
2019-05-17T10:07:52 INFO Estimated run completion = 01:00
--------- SeparatorGateway: AtSeparatorStateUpdate - SeparatorState=SeparatorUnloaded. 
2019-05-17T10:07:52 INFO Quadrant info Cleared
------------------------------ SetGuiState:  SeparatorState.SeparatorUnloaded -------------------------
2019-05-17T10:07:52 INFO SetGuiState:  SeparatorState.SeparatorUnloaded -------------------------
---------Now update the display
------------------------------ SetGuiState:  SeparatorState.SeparatorUnloaded -------------------------
2019-05-17T10:07:52 INFO SetGuiState:  SeparatorState.SeparatorUnloaded -------------------------
2019-05-17T10:07:53 INFO New Protocol Select user control generated
2019-05-17T10:07:53 DEBUG Loaded 8 protocol from User SAP
2019-05-17T10:07:53 INFO output: C:\Program Files\STI\RoboSep\protocols\
2019-05-17T10:07:53 DEBUG Loaded Robosep User
2019-05-17T10:07:53 INFO Opening protocol selection for quadrant 1
2019-05-17T10:07:56 INFO Protocol Selection play button clicked
---------No reloading of user protocols is required.
---------No need to reload my protocol list.
---------Select the protocol db quad test 2 before exiting.
---------Protocol Select: SelectProtocol called.
----------Protocol Select: Called RoboSep_RunSamples.getInstance().addToRun
---------Called SelectProtocol
2019-05-17T10:07:56 DEBUG Adding protocol 'db quad test 2' to run at quadrant0
2019-05-17T10:07:56 DEBUG Opening New Number Pad window
2019-05-17T10:08:00 DEBUG Volume: 5.000
2019-05-17T10:08:00 INFO Estimated run completion = 01:00
--------- SeparatorGateway: AtSeparatorStateUpdate - SeparatorState=Selected. 
------------------SeparatorGateway AtSeparatorStateUpdate Selected undefined???
----------Protocol Select: After RoboSep_RunSamples.getInstance().addToRun
2019-05-17T10:08:00 INFO Adding protocol to current run
2019-05-17T10:08:00 INFO Protocol Selection home button exit after sTime seconds.
------------------------------ SetGuiState:  SeparatorState.Selected -------------------------
2019-05-17T10:08:00 INFO SetGuiState:  SeparatorState.Selected -------------------------
2019-05-17T10:08:00 INFO Estimated run completion = 01:00
2019-05-17T10:08:00 INFO Estimated run completion = 01:00
---------Now update the display
------------------------------ SetGuiState:  SeparatorState.Selected -------------------------
2019-05-17T10:08:00 INFO SetGuiState:  SeparatorState.Selected -------------------------
RunSamples 32 : setSampleVolume QuadrantId=Quadrant1, Volume=5
2019-05-17T10:08:00 INFO Quad: 1 Sample Vol 0.005
RunSamples 33 : setSampleVolume QuadrantId=Quadrant1 completed.
---------AtProtocolConsumablesUpdate: given 'consumables' are not null.
---------AtProtocolConsumablesUpdate: update the protocol table (using the newly received sample volumes).
---------Now update the display
2019-05-17T10:08:01 DEBUG >> Enter to (ScheduleRun)
2019-05-17T10:08:01 DEBUG Requesting ETC update (ScheduleRun)
2019-05-17T10:08:01 INFO Sample 0: Protocol ID:1267061413, Volume:5000.000[uL]
2019-05-17T10:08:01 DEBUG ETC update: 2019-05-17T10:58:15
2019-05-17T10:08:02 DEBUG >> Leave (ScheduleRun)
2019-05-17T10:08:02 DEBUG Time remaining (ScheduleRun ETC):	0.0348807792951389
2019-05-17T10:08:02 INFO Estimated run completion = 51:00
--------- SeparatorGateway: AtSeparatorStateUpdate - SeparatorState=Ready. 
------------------------------ SetGuiState:  SeparatorState.Ready -------------------------
2019-05-17T10:08:02 INFO SetGuiState:  SeparatorState.Ready -------------------------
2019-05-17T10:08:02 INFO Run Samples button clicked
2019-05-17T10:08:02 INFO Scheduling Run
---------Run Samples: getConsumables called : iProtocolSelectCount = 1
GetProtocolConsumables called. selectedProtocolIndexNumber = 0.
myChosenProtocols.GetKey returns QuadrantId = Quadrant1.
protocolName=db quad test 2. initialQuadrant=Quadrant1.
2019-05-17T10:08:02 DEBUG Getting Consumables for 1 quadrants
.............................db quad test 2 0 0
                                         0 0
2019-05-17T10:08:02 DEBUG QuadrantManager::StartRun
2019-05-17T10:08:02 DEBUG protocol: db quad test 2.xml is acquired.
2019-05-17T10:08:02 DEBUG >> Starting acquiring protocol command list[0]
2019-05-17T10:08:02 DEBUG >>>> Entering to getProtocolCommandList[0]
2019-05-17T10:08:02 DEBUG ++++++getProtocolCommandList() before lock
2019-05-17T10:08:02 DEBUG ------Entering to getProtocolCommandList at ControlProxy
2019-05-17T10:08:02 DEBUG >>>>>>> Entering to getProtocolCommandList at XMLRpcProxy
2019-05-17T10:08:02 DEBUG >>>>>>> Leaving getProtocolCommandList at XMLRpcProxy
2019-05-17T10:08:02 DEBUG ------Leaving getProtocolCommandList at ControlProxy
2019-05-17T10:08:02 DEBUG ++++++getProtocolCommandList() After lock
2019-05-17T10:08:02 DEBUG >>>> Leaving getProtocolCommandList[0]
2019-05-17T10:08:03 DEBUG >>>> Entering to ConvertCmdStringListToIntList
2019-05-17T10:08:03 DEBUG >>>> Leaving ConvertCmdStringListToIntList
2019-05-17T10:08:03 DEBUG >> finishing acquiring protocol command list[0]
2019-05-17T10:08:03 DEBUG protocol: db quad test 2.xml commands: 17
2019-05-17T10:08:03 DEBUG ProgressBar set 17 steps
2019-05-17T10:08:03 DEBUG Run progress info set.
2019-05-17T10:08:03 DEBUG Displaying quadrant 0 resources
