2019-05-17T11:13:57 INFO Application log initialised
2019-05-17T11:13:57 DEBUG Remoting Address = 127.0.0.1
2019-05-17T11:13:57 DEBUG ICS Server URL       = http://127.0.0.1:8000
2019-05-17T11:13:57 DEBUG ICS EventSink URL    = http://127.0.0.1:8001/InstrumentControlEventSink
2019-05-17T11:13:57 DEBUG Separator Server URL =  tcp://127.0.0.1:3149/Separator
2019-05-17T11:13:57 DEBUG Configured address = 127.0.0.1
2019-05-17T11:13:57 INFO Initializing User Console
2019-05-17T11:13:58 DEBUG Initializing UserDB
2019-05-17T11:13:58 INFO Application config path: C:\Program Files\STI\RoboSep\config\
2019-05-17T11:13:58 INFO output: C:\Program Files\STI\RoboSep\protocols\
2019-05-17T11:13:58 INFO XSD Path : c:\Program Files\STI\RoboSep\
2019-05-17T11:13:58 DEBUG 227protocols loaded
2019-05-17T11:13:58 ERROR Failed to convert variable '00/00/0000' to valid date.
2019-05-17T11:13:58 ERROR WarrantyExpireDate in GUI.ini file is invalid.
2019-05-17T11:13:58 DEBUG Creating new Form_Home
2019-05-17T11:13:58 INFO Command to launch service 'dns-sd.exe -R "Orca1" _robosep._tcp . 5899' for Network ORCA.
2019-05-17T11:13:58 INFO Service 'dns-sd.exe' for network ORCA has been launched. ProcessID='3632'. Path='C:\Windows\system32'
2019-05-17T11:13:58 INFO Loading User Console
2019-05-17T11:13:58 ERROR Starting GUI Thread
2019-05-17T11:13:58 INFO Connecting...
2019-05-17T11:13:58 INFO set user.db file to : User1.udb
2019-05-17T11:13:58 INFO <<<<<<<<<<<<<<<<<<<<<<<,,, 1 tcp://127.0.0.1:3149/Separator
2019-05-17T11:13:58 INFO <<<<<<<<<<<<<<<<<<<<<<<,,, 2
2019-05-17T11:13:58 INFO output: C:\Program Files\STI\RoboSep\protocols\
2019-05-17T11:13:58 DEBUG Loaded Robosep User
2019-05-17T11:13:58 INFO Current user ID : 'SAP'.
2019-05-17T11:13:59 DEBUG Instrument Control API Ping() returned True
2019-05-17T11:13:59 INFO <<<<<<<<<<<<<<<<<<<<<<<,,, 3
2019-05-17T11:13:59 INFO Get system information for About menu
--------- SeparatorGateway: AtSeparatorStateUpdate - SeparatorState=Initialising. 
2019-05-17T11:13:59 INFO Estimated run completion = 01:00
---------Now update the display
2019-05-17T11:14:24 DEBUG Carousel state changed to: SeparatorUnloaded
--------- SeparatorGateway: AtSeparatorStateUpdate - SeparatorState=SeparatorUnloaded. 
------------------------------ SetGuiState:  SeparatorState.SeparatorUnloaded -------------------------
2019-05-17T11:14:24 INFO SetGuiState:  SeparatorState.SeparatorUnloaded -------------------------
2019-05-17T11:14:24 INFO Stopping Splash page
2019-05-17T11:14:25 ERROR Failed to convert variable '00/0/0000' to valid date.
2019-05-17T11:14:25 ERROR Failed to convert variable '00/0/0000' to valid date.
2019-05-17T11:14:25 ERROR Failed to convert variable '00/0/0000' to valid date.
2019-05-17T11:14:25 ERROR Failed to convert variable '00/00/0000' to valid date.
2019-05-17T11:14:25 ERROR Failed to convert variable '00/00/0000' to valid date.
2019-05-17T11:14:25 INFO Initializing About user control
2019-05-17T11:14:25 INFO Generating Robosep Resources user control
2019-05-17T11:14:25 INFO Initializing Run Samples user control
2019-05-17T11:14:25 INFO PauseResumeDialog form created
2019-05-17T11:14:26 INFO New Protocol Select user control generated
2019-05-17T11:14:26 DEBUG Loaded 8 protocol from User SAP
2019-05-17T11:14:26 INFO output: C:\Program Files\STI\RoboSep\protocols\
2019-05-17T11:14:26 DEBUG Loaded Robosep User
2019-05-17T11:14:26 INFO Opening protocol selection for quadrant 1
2019-05-17T11:14:29 INFO Protocol Selection play button clicked
---------No reloading of user protocols is required.
---------No need to reload my protocol list.
---------Select the protocol db quad test 2 before exiting.
---------Protocol Select: SelectProtocol called.
----------Protocol Select: Called RoboSep_RunSamples.getInstance().addToRun
---------Called SelectProtocol
2019-05-17T11:14:29 DEBUG Adding protocol 'db quad test 2' to run at quadrant0
2019-05-17T11:14:29 DEBUG Opening New Number Pad window
2019-05-17T11:14:31 DEBUG Volume: 5.000
2019-05-17T11:14:31 INFO Estimated run completion = 01:00
--------- SeparatorGateway: AtSeparatorStateUpdate - SeparatorState=Selected. 
------------------SeparatorGateway AtSeparatorStateUpdate Selected undefined???
----------Protocol Select: After RoboSep_RunSamples.getInstance().addToRun
2019-05-17T11:14:31 INFO Adding protocol to current run
2019-05-17T11:14:31 INFO Protocol Selection home button exit after sTime seconds.
------------------------------ SetGuiState:  SeparatorState.Selected -------------------------
2019-05-17T11:14:31 INFO SetGuiState:  SeparatorState.Selected -------------------------
2019-05-17T11:14:31 INFO Estimated run completion = 01:00
2019-05-17T11:14:31 INFO Estimated run completion = 01:00
---------Now update the display
------------------------------ SetGuiState:  SeparatorState.Selected -------------------------
2019-05-17T11:14:31 INFO SetGuiState:  SeparatorState.Selected -------------------------
RunSamples 32 : setSampleVolume QuadrantId=Quadrant1, Volume=5
2019-05-17T11:14:31 INFO Quad: 1 Sample Vol 0.005
RunSamples 33 : setSampleVolume QuadrantId=Quadrant1 completed.
---------AtProtocolConsumablesUpdate: given 'consumables' are not null.
---------AtProtocolConsumablesUpdate: update the protocol table (using the newly received sample volumes).
---------Now update the display
2019-05-17T11:14:31 DEBUG >> Enter to (ScheduleRun)
2019-05-17T11:14:31 DEBUG Requesting ETC update (ScheduleRun)
2019-05-17T11:14:31 INFO Sample 0: Protocol ID:1267061413, Volume:5000.000[uL]
2019-05-17T11:14:31 DEBUG ETC update: 2019-05-17T12:04:45
2019-05-17T11:14:32 INFO Run Samples button clicked
2019-05-17T11:14:32 DEBUG >>Scheduler in progress
2019-05-17T11:14:32 DEBUG >>Scheduler in progress
2019-05-17T11:14:32 DEBUG >> Leave (ScheduleRun)
2019-05-17T11:14:32 DEBUG Time remaining (ScheduleRun ETC):	0.034873177375
2019-05-17T11:14:32 INFO Estimated run completion = 51:00
--------- SeparatorGateway: AtSeparatorStateUpdate - SeparatorState=Ready. 
------------------------------ SetGuiState:  SeparatorState.Ready -------------------------
2019-05-17T11:14:33 INFO SetGuiState:  SeparatorState.Ready -------------------------
2019-05-17T11:14:33 INFO ---->> ISeparator busy
2019-05-17T11:14:33 INFO Scheduling Run
---------Run Samples: getConsumables called : iProtocolSelectCount = 1
GetProtocolConsumables called. selectedProtocolIndexNumber = 0.
myChosenProtocols.GetKey returns QuadrantId = Quadrant1.
protocolName=db quad test 2. initialQuadrant=Quadrant1.
2019-05-17T11:14:55 DEBUG Getting Consumables for 1 quadrants
.............................db quad test 2 0 0
                                         0 0
2019-05-17T11:15:22 DEBUG QuadrantManager::StartRun
2019-05-17T11:15:22 DEBUG protocol: db quad test 2.xml is acquired.
2019-05-17T11:15:22 DEBUG >> Starting acquiring protocol command list[0]
2019-05-17T11:15:22 DEBUG >>>> Entering to getProtocolCommandList[0]
2019-05-17T11:15:22 DEBUG ++++++getProtocolCommandList() before lock
2019-05-17T11:15:22 DEBUG ------Entering to getProtocolCommandList at ControlProxy
2019-05-17T11:15:22 DEBUG >>>>>>> Entering to getProtocolCommandList at XMLRpcProxy
2019-05-17T11:15:22 DEBUG >>>>>>> Leaving getProtocolCommandList at XMLRpcProxy
2019-05-17T11:15:22 DEBUG ------Leaving getProtocolCommandList at ControlProxy
2019-05-17T11:15:22 DEBUG ++++++getProtocolCommandList() After lock
2019-05-17T11:15:22 DEBUG >>>> Leaving getProtocolCommandList[0]
2019-05-17T11:15:22 DEBUG >>>> Entering to ConvertCmdStringListToIntList
2019-05-17T11:15:22 DEBUG >>>> Leaving ConvertCmdStringListToIntList
2019-05-17T11:15:22 DEBUG >> finishing acquiring protocol command list[0]
2019-05-17T11:15:22 DEBUG protocol: db quad test 2.xml commands: 17
2019-05-17T11:15:23 DEBUG ProgressBar set 1 steps
2019-05-17T11:15:23 DEBUG ProgressBar set 17 steps
2019-05-17T11:15:23 DEBUG Run progress info set.
