2019-05-17T13:04:31 INFO Application log initialised
2019-05-17T13:04:31 DEBUG Remoting Address = 127.0.0.1
2019-05-17T13:04:31 DEBUG ICS Server URL       = http://127.0.0.1:8000
2019-05-17T13:04:31 DEBUG ICS EventSink URL    = http://127.0.0.1:8001/InstrumentControlEventSink
2019-05-17T13:04:31 DEBUG Separator Server URL =  tcp://127.0.0.1:3149/Separator
2019-05-17T13:04:31 DEBUG Configured address = 127.0.0.1
2019-05-17T13:04:31 INFO Initializing User Console
2019-05-17T13:04:32 DEBUG Initializing UserDB
2019-05-17T13:04:32 INFO Application config path: C:\Program Files\STI\RoboSep\config\
2019-05-17T13:04:32 INFO output: C:\Program Files\STI\RoboSep\protocols\
2019-05-17T13:04:32 INFO XSD Path : c:\Program Files\STI\RoboSep\
2019-05-17T13:04:32 DEBUG 228protocols loaded
2019-05-17T13:04:32 ERROR Failed to convert variable '00/00/0000' to valid date.
2019-05-17T13:04:32 ERROR WarrantyExpireDate in GUI.ini file is invalid.
2019-05-17T13:04:32 DEBUG Creating new Form_Home
2019-05-17T13:04:32 INFO Command to launch service 'dns-sd.exe -R "Orca1" _robosep._tcp . 5899' for Network ORCA.
2019-05-17T13:04:32 INFO Service 'dns-sd.exe' for network ORCA has been launched. ProcessID='2792'. Path='C:\Windows\system32'
2019-05-17T13:04:32 INFO Loading User Console
2019-05-17T13:04:32 ERROR Starting GUI Thread
2019-05-17T13:04:32 INFO Connecting...
2019-05-17T13:04:32 INFO set user.db file to : User1.udb
2019-05-17T13:04:32 INFO <<<<<<<<<<<<<<<<<<<<<<<,,, 1 tcp://127.0.0.1:3149/Separator
2019-05-17T13:04:32 INFO <<<<<<<<<<<<<<<<<<<<<<<,,, 2
2019-05-17T13:04:32 INFO output: C:\Program Files\STI\RoboSep\protocols\
2019-05-17T13:04:32 DEBUG Loaded Robosep User
2019-05-17T13:04:32 INFO Current user ID : 'SAP'.
2019-05-17T13:04:33 DEBUG Instrument Control API Ping() returned True
2019-05-17T13:04:33 INFO <<<<<<<<<<<<<<<<<<<<<<<,,, 3
2019-05-17T13:04:33 INFO Get system information for About menu
--------- SeparatorGateway: AtSeparatorStateUpdate - SeparatorState=Initialising. 
2019-05-17T13:04:33 INFO Estimated run completion = 01:00
---------Now update the display
2019-05-17T13:04:58 DEBUG Carousel state changed to: SeparatorUnloaded
--------- SeparatorGateway: AtSeparatorStateUpdate - SeparatorState=SeparatorUnloaded. 
------------------------------ SetGuiState:  SeparatorState.SeparatorUnloaded -------------------------
2019-05-17T13:04:58 INFO SetGuiState:  SeparatorState.SeparatorUnloaded -------------------------
2019-05-17T13:04:58 INFO Stopping Splash page
2019-05-17T13:04:58 ERROR Failed to convert variable '00/0/0000' to valid date.
2019-05-17T13:04:58 ERROR Failed to convert variable '00/0/0000' to valid date.
2019-05-17T13:04:58 ERROR Failed to convert variable '00/0/0000' to valid date.
2019-05-17T13:04:58 ERROR Failed to convert variable '00/00/0000' to valid date.
2019-05-17T13:04:58 ERROR Failed to convert variable '00/00/0000' to valid date.
2019-05-17T13:04:58 INFO Initializing About user control
2019-05-17T13:04:58 INFO Generating Robosep Resources user control
2019-05-17T13:04:58 INFO Initializing Run Samples user control
2019-05-17T13:04:59 INFO PauseResumeDialog form created
2019-05-17T13:05:08 INFO New Protocol Select user control generated
2019-05-17T13:05:08 DEBUG Loaded 9 protocol from User SAP
2019-05-17T13:05:08 INFO output: C:\Program Files\STI\RoboSep\protocols\
2019-05-17T13:05:08 DEBUG Loaded Robosep User
2019-05-17T13:05:08 INFO Opening protocol selection for quadrant 1
2019-05-17T13:05:14 INFO Protocol Selection play button clicked
---------No reloading of user protocols is required.
---------No need to reload my protocol list.
---------Select the protocol CJ Whole Blood 2 before exiting.
---------Protocol Select: SelectProtocol called.
----------Protocol Select: Called RoboSep_RunSamples.getInstance().addToRun
---------Called SelectProtocol
2019-05-17T13:05:14 DEBUG Adding protocol 'CJ Whole Blood 2' to run at quadrant0
2019-05-17T13:05:14 DEBUG Opening New Number Pad window
2019-05-17T13:05:16 DEBUG Volume: 5.000
RunSamples 24: mySeparator.SelectProtocol: QuadrantId=Quadrant1, selectedProtocol.Id=11
2019-05-17T13:05:16 INFO Estimated run completion = 01:00
--------- SeparatorGateway: AtSeparatorStateUpdate - SeparatorState=Selected. 
------------------SeparatorGateway AtSeparatorStateUpdate Selected undefined???
----------Protocol Select: After RoboSep_RunSamples.getInstance().addToRun
2019-05-17T13:05:16 INFO Adding protocol to current run
2019-05-17T13:05:16 INFO Protocol Selection home button exit after sTime seconds.
------------------------------ SetGuiState:  SeparatorState.Selected -------------------------
2019-05-17T13:05:16 INFO SetGuiState:  SeparatorState.Selected -------------------------
---------Now update the display
------------------------------ SetGuiState:  SeparatorState.Selected -------------------------
2019-05-17T13:05:16 INFO SetGuiState:  SeparatorState.Selected -------------------------
RunSamples 32 : setSampleVolume QuadrantId=Quadrant1, Volume=5
2019-05-17T13:05:16 INFO Quad: 1 Sample Vol 0.005
RunSamples 33 : setSampleVolume QuadrantId=Quadrant1 completed.
---------AtProtocolConsumablesUpdate: given 'consumables' are not null.
---------AtProtocolConsumablesUpdate: update the protocol table (using the newly received sample volumes).
---------Now update the display
2019-05-17T13:05:17 DEBUG >> Enter to (ScheduleRun)
2019-05-17T13:05:17 DEBUG Requesting ETC update (ScheduleRun)
2019-05-17T13:05:17 INFO Sample 0: Protocol ID:1653983252, Volume:5000.000[uL]
2019-05-17T13:05:17 DEBUG ETC update: 2019-05-17T13:31:20
2019-05-17T13:05:17 INFO Run Samples button clicked
2019-05-17T13:05:17 DEBUG >>Scheduler in progress
2019-05-17T13:05:17 DEBUG >>Scheduler in progress
2019-05-17T13:05:18 DEBUG >> Leave (ScheduleRun)
2019-05-17T13:05:18 DEBUG Time remaining (ScheduleRun ETC):	0.0180886681215278
2019-05-17T13:05:18 INFO Estimated run completion = 27:00
--------- SeparatorGateway: AtSeparatorStateUpdate - SeparatorState=Ready. 
------------------------------ SetGuiState:  SeparatorState.Ready -------------------------
2019-05-17T13:05:18 INFO SetGuiState:  SeparatorState.Ready -------------------------
2019-05-17T13:05:18 INFO ---->> ISeparator busy
2019-05-17T13:05:18 INFO Scheduling Run
---------Run Samples: getConsumables called : iProtocolSelectCount = 1
GetProtocolConsumables called. selectedProtocolIndexNumber = 0.
myChosenProtocols.GetKey returns QuadrantId = Quadrant1.
protocolName=CJ Whole Blood 2. initialQuadrant=Quadrant1.
2019-05-17T13:05:18 DEBUG Getting Consumables for 1 quadrants
.............................CJ Whole Blood 2 0 0
2019-05-17T13:05:18 DEBUG QuadrantManager::StartRun
2019-05-17T13:05:18 DEBUG protocol: CJ Whole Blood 2.xml is acquired.
2019-05-17T13:05:18 DEBUG >> Starting acquiring protocol command list[0]
2019-05-17T13:05:18 DEBUG >>>> Entering to getProtocolCommandList[0]
2019-05-17T13:05:18 DEBUG ++++++getProtocolCommandList() before lock
2019-05-17T13:05:18 DEBUG ------Entering to getProtocolCommandList at ControlProxy
2019-05-17T13:05:18 DEBUG >>>>>>> Entering to getProtocolCommandList at XMLRpcProxy
2019-05-17T13:05:18 DEBUG >>>>>>> Leaving getProtocolCommandList at XMLRpcProxy
2019-05-17T13:05:18 DEBUG ------Leaving getProtocolCommandList at ControlProxy
2019-05-17T13:05:18 DEBUG ++++++getProtocolCommandList() After lock
2019-05-17T13:05:18 DEBUG >>>> Leaving getProtocolCommandList[0]
2019-05-17T13:05:18 DEBUG >>>> Entering to ConvertCmdStringListToIntList
2019-05-17T13:05:18 DEBUG >>>> Leaving ConvertCmdStringListToIntList
2019-05-17T13:05:18 DEBUG >> finishing acquiring protocol command list[0]
2019-05-17T13:05:18 DEBUG protocol: CJ Whole Blood 2.xml commands: 21
2019-05-17T13:05:18 DEBUG ProgressBar set 1 steps
2019-05-17T13:05:18 DEBUG ProgressBar set 21 steps
2019-05-17T13:05:18 DEBUG Run progress info set.
2019-05-17T13:05:18 DEBUG Displaying quadrant 0 resources
