2019-05-10T13:17:34 INFO Application log initialised
2019-05-10T13:17:34 DEBUG Remoting Address = 127.0.0.1
2019-05-10T13:17:34 DEBUG ICS Server URL       = http://127.0.0.1:8000
2019-05-10T13:17:34 DEBUG ICS EventSink URL    = http://127.0.0.1:8001/InstrumentControlEventSink
2019-05-10T13:17:34 DEBUG Separator Server URL =  tcp://127.0.0.1:3149/Separator
2019-05-10T13:17:34 DEBUG Configured address = 127.0.0.1
2019-05-10T13:17:34 INFO Initializing User Console
2019-05-10T13:17:34 DEBUG Initializing UserDB
2019-05-10T13:17:34 INFO Application config path: C:\Program Files\STI\RoboSep\config\
2019-05-10T13:17:34 INFO output: C:\Program Files\STI\RoboSep\protocols\
2019-05-10T13:17:34 INFO XSD Path : c:\Program Files\STI\RoboSep\
2019-05-10T13:17:35 DEBUG 224protocols loaded
2019-05-10T13:17:35 ERROR Failed to convert variable '00/00/0000' to valid date.
2019-05-10T13:17:35 ERROR WarrantyExpireDate in GUI.ini file is invalid.
2019-05-10T13:17:35 DEBUG Creating new Form_Home
2019-05-10T13:17:35 INFO Command to launch service 'dns-sd.exe -R "Orca1" _robosep._tcp . 5899' for Network ORCA.
2019-05-10T13:17:35 INFO Service 'dns-sd.exe' for network ORCA has been launched. ProcessID='2892'. Path='C:\Windows\system32'
2019-05-10T13:17:35 INFO Loading User Console
2019-05-10T13:17:35 ERROR Starting GUI Thread
2019-05-10T13:17:35 INFO set user.db file to : User1.udb
2019-05-10T13:17:35 INFO Connecting...
2019-05-10T13:17:35 INFO <<<<<<<<<<<<<<<<<<<<<<<,,, 1 tcp://127.0.0.1:3149/Separator
2019-05-10T13:17:35 INFO <<<<<<<<<<<<<<<<<<<<<<<,,, 2
2019-05-10T13:17:35 INFO output: C:\Program Files\STI\RoboSep\protocols\
2019-05-10T13:17:35 DEBUG Loaded Robosep User
2019-05-10T13:17:35 INFO Current user ID : 'SAP'.
2019-05-10T13:17:35 DEBUG Instrument Control API Ping() returned True
2019-05-10T13:17:35 INFO <<<<<<<<<<<<<<<<<<<<<<<,,, 3
2019-05-10T13:17:36 INFO Get system information for About menu
--------- SeparatorGateway: AtSeparatorStateUpdate - SeparatorState=Initialising. 
2019-05-10T13:17:36 INFO Estimated run completion = 01:00
---------Now update the display
2019-05-10T13:18:01 DEBUG Carousel state changed to: SeparatorUnloaded
--------- SeparatorGateway: AtSeparatorStateUpdate - SeparatorState=SeparatorUnloaded. 
------------------------------ SetGuiState:  SeparatorState.SeparatorUnloaded -------------------------
2019-05-10T13:18:01 INFO SetGuiState:  SeparatorState.SeparatorUnloaded -------------------------
2019-05-10T13:18:01 INFO Stopping Splash page
2019-05-10T13:18:01 ERROR Failed to convert variable '00/0/0000' to valid date.
2019-05-10T13:18:01 ERROR Failed to convert variable '00/0/0000' to valid date.
2019-05-10T13:18:01 ERROR Failed to convert variable '00/0/0000' to valid date.
2019-05-10T13:18:01 ERROR Failed to convert variable '00/00/0000' to valid date.
2019-05-10T13:18:01 ERROR Failed to convert variable '00/00/0000' to valid date.
2019-05-10T13:18:01 INFO Initializing About user control
2019-05-10T13:18:01 INFO Generating Robosep Resources user control
2019-05-10T13:18:01 INFO Initializing Run Samples user control
2019-05-10T13:18:01 INFO PauseResumeDialog form created
2019-05-10T13:20:01 INFO New Protocol Select user control generated
2019-05-10T13:20:01 DEBUG Loaded 6 protocol from User SAP
2019-05-10T13:20:01 INFO output: C:\Program Files\STI\RoboSep\protocols\
2019-05-10T13:20:01 DEBUG Loaded Robosep User
2019-05-10T13:20:01 INFO Opening protocol selection for quadrant 1
2019-05-10T13:20:05 INFO Protocol Selection play button clicked
---------No reloading of user protocols is required.
---------No need to reload my protocol list.
---------Select the protocol Human Resting CD4+ T Cell Isolation 17962 before exiting.
---------Protocol Select: SelectProtocol called.
----------Protocol Select: Called RoboSep_RunSamples.getInstance().addToRun
---------Called SelectProtocol
2019-05-10T13:20:05 DEBUG Adding protocol 'Human Resting CD4+ T Cell Isolation 17962' to run at quadrant0
2019-05-10T13:20:05 DEBUG Opening New Number Pad window
2019-05-10T13:20:07 DEBUG Volume: 5.000
2019-05-10T13:20:07 INFO Estimated run completion = 01:00
--------- SeparatorGateway: AtSeparatorStateUpdate - SeparatorState=Selected. 
------------------SeparatorGateway AtSeparatorStateUpdate Selected undefined???
----------Protocol Select: After RoboSep_RunSamples.getInstance().addToRun
2019-05-10T13:20:07 INFO Adding protocol to current run
2019-05-10T13:20:07 INFO Protocol Selection home button exit after sTime seconds.
------------------------------ SetGuiState:  SeparatorState.Selected -------------------------
2019-05-10T13:20:07 INFO SetGuiState:  SeparatorState.Selected -------------------------
2019-05-10T13:20:07 INFO Estimated run completion = 01:00
2019-05-10T13:20:07 INFO Estimated run completion = 01:00
---------Now update the display
------------------------------ SetGuiState:  SeparatorState.Selected -------------------------
2019-05-10T13:20:07 INFO SetGuiState:  SeparatorState.Selected -------------------------
RunSamples 32 : setSampleVolume QuadrantId=Quadrant1, Volume=5
2019-05-10T13:20:07 INFO Quad: 1 Sample Vol 0.005
RunSamples 33 : setSampleVolume QuadrantId=Quadrant1 completed.
---------AtProtocolConsumablesUpdate: given 'consumables' are not null.
---------AtProtocolConsumablesUpdate: update the protocol table (using the newly received sample volumes).
---------Now update the display
2019-05-10T13:20:07 DEBUG >> Enter to (ScheduleRun)
2019-05-10T13:20:07 DEBUG Requesting ETC update (ScheduleRun)
2019-05-10T13:20:07 INFO Sample 0: Protocol ID:782776077, Volume:5000.000[uL]
2019-05-10T13:20:08 DEBUG ETC update: 2019-05-10T13:57:03
2019-05-10T13:20:09 DEBUG >> Leave (ScheduleRun)
2019-05-10T13:20:09 DEBUG Time remaining (ScheduleRun ETC):	0.0256356535729167
2019-05-10T13:20:09 INFO Estimated run completion = 37:00
--------- SeparatorGateway: AtSeparatorStateUpdate - SeparatorState=Ready. 
------------------------------ SetGuiState:  SeparatorState.Ready -------------------------
2019-05-10T13:20:09 INFO SetGuiState:  SeparatorState.Ready -------------------------
2019-05-10T13:20:13 INFO Run Samples button clicked
2019-05-10T13:20:13 INFO Scheduling Run
---------Run Samples: getConsumables called : iProtocolSelectCount = 1
GetProtocolConsumables called. selectedProtocolIndexNumber = 0.
myChosenProtocols.GetKey returns QuadrantId = Quadrant1.
protocolName=Human Resting CD4+ T Cell Isolation 17962. initialQuadrant=Quadrant1.
2019-05-10T13:20:13 DEBUG Getting Consumables for 1 quadrants
.............................Human Resting CD4+ T Cell Isolation 17962 0 0
                                         0 0
2019-05-10T13:20:13 DEBUG QuadrantManager::StartRun
2019-05-10T13:20:13 DEBUG protocol: Human Resting CD4+ T Cell Isolation 17962.xml is acquired.
2019-05-10T13:20:13 DEBUG >> Starting acquiring protocol command list[0]
2019-05-10T13:20:13 DEBUG >>>> Entering to getProtocolCommandList[0]
2019-05-10T13:20:13 DEBUG ++++++getProtocolCommandList() before lock
2019-05-10T13:20:13 DEBUG ------Entering to getProtocolCommandList at ControlProxy
2019-05-10T13:20:13 DEBUG >>>>>>> Entering to getProtocolCommandList at XMLRpcProxy
2019-05-10T13:20:13 DEBUG >>>>>>> Leaving getProtocolCommandList at XMLRpcProxy
2019-05-10T13:20:13 DEBUG ------Leaving getProtocolCommandList at ControlProxy
2019-05-10T13:20:13 DEBUG ++++++getProtocolCommandList() After lock
2019-05-10T13:20:13 DEBUG >>>> Leaving getProtocolCommandList[0]
2019-05-10T13:20:13 DEBUG >>>> Entering to ConvertCmdStringListToIntList
2019-05-10T13:20:13 DEBUG >>>> Leaving ConvertCmdStringListToIntList
2019-05-10T13:20:13 DEBUG >> finishing acquiring protocol command list[0]
2019-05-10T13:20:13 DEBUG protocol: Human Resting CD4+ T Cell Isolation 17962.xml commands: 12
2019-05-10T13:20:13 DEBUG ProgressBar set 1 steps
2019-05-10T13:20:13 DEBUG ProgressBar set 12 steps
2019-05-10T13:20:13 DEBUG Run progress info set.
2019-05-10T13:20:13 DEBUG Displaying quadrant 0 resources
2019-05-10T13:21:00 DEBUG Loading resources from sharing protocols
2019-05-10T13:21:00 INFO Resource window is foreground
2019-05-10T13:21:09 DEBUG Displaying quadrant 1 resources
