2019-05-17T10:30:30 INFO Application log initialised
2019-05-17T10:30:30 DEBUG Remoting Address = 127.0.0.1
2019-05-17T10:30:30 DEBUG ICS Server URL       = http://127.0.0.1:8000
2019-05-17T10:30:30 DEBUG ICS EventSink URL    = http://127.0.0.1:8001/InstrumentControlEventSink
2019-05-17T10:30:30 DEBUG Separator Server URL =  tcp://127.0.0.1:3149/Separator
2019-05-17T10:30:30 DEBUG Configured address = 127.0.0.1
2019-05-17T10:30:30 INFO Initializing User Console
2019-05-17T10:30:30 DEBUG Initializing UserDB
2019-05-17T10:30:30 INFO Application config path: C:\Program Files\STI\RoboSep\config\
2019-05-17T10:30:30 INFO output: C:\Program Files\STI\RoboSep\protocols\
2019-05-17T10:30:31 INFO XSD Path : c:\Program Files\STI\RoboSep\
2019-05-17T10:30:31 DEBUG 227protocols loaded
2019-05-17T10:30:31 ERROR Failed to convert variable '00/00/0000' to valid date.
2019-05-17T10:30:31 ERROR WarrantyExpireDate in GUI.ini file is invalid.
2019-05-17T10:30:31 DEBUG Creating new Form_Home
2019-05-17T10:30:31 INFO Command to launch service 'dns-sd.exe -R "Orca1" _robosep._tcp . 5899' for Network ORCA.
2019-05-17T10:30:31 INFO Service 'dns-sd.exe' for network ORCA has been launched. ProcessID='3252'. Path='C:\Windows\system32'
2019-05-17T10:30:31 INFO Loading User Console
2019-05-17T10:30:31 INFO Connecting...
2019-05-17T10:30:31 ERROR Starting GUI Thread
2019-05-17T10:30:31 INFO set user.db file to : User1.udb
2019-05-17T10:30:31 INFO <<<<<<<<<<<<<<<<<<<<<<<,,, 1 tcp://127.0.0.1:3149/Separator
2019-05-17T10:30:31 INFO <<<<<<<<<<<<<<<<<<<<<<<,,, 2
2019-05-17T10:30:31 INFO output: C:\Program Files\STI\RoboSep\protocols\
2019-05-17T10:30:31 DEBUG Loaded Robosep User
2019-05-17T10:30:31 INFO Current user ID : 'SAP'.
2019-05-17T10:30:32 DEBUG Instrument Control API Ping() returned True
2019-05-17T10:30:32 INFO <<<<<<<<<<<<<<<<<<<<<<<,,, 3
2019-05-17T10:30:32 INFO Get system information for About menu
--------- SeparatorGateway: AtSeparatorStateUpdate - SeparatorState=Initialising. 
2019-05-17T10:30:32 INFO Estimated run completion = 01:00
---------Now update the display
2019-05-17T10:30:58 DEBUG Carousel state changed to: SeparatorUnloaded
--------- SeparatorGateway: AtSeparatorStateUpdate - SeparatorState=SeparatorUnloaded. 
------------------------------ SetGuiState:  SeparatorState.SeparatorUnloaded -------------------------
2019-05-17T10:30:58 INFO SetGuiState:  SeparatorState.SeparatorUnloaded -------------------------
2019-05-17T10:30:58 INFO Stopping Splash page
2019-05-17T10:30:58 ERROR Failed to convert variable '00/0/0000' to valid date.
2019-05-17T10:30:58 ERROR Failed to convert variable '00/0/0000' to valid date.
2019-05-17T10:30:58 ERROR Failed to convert variable '00/0/0000' to valid date.
2019-05-17T10:30:58 ERROR Failed to convert variable '00/00/0000' to valid date.
2019-05-17T10:30:58 ERROR Failed to convert variable '00/00/0000' to valid date.
2019-05-17T10:30:58 INFO Initializing About user control
2019-05-17T10:30:58 INFO Generating Robosep Resources user control
2019-05-17T10:30:58 INFO Initializing Run Samples user control
2019-05-17T10:30:58 INFO PauseResumeDialog form created
2019-05-17T10:31:12 INFO New Protocol Select user control generated
2019-05-17T10:31:12 DEBUG Loaded 8 protocol from User SAP
2019-05-17T10:31:12 INFO output: C:\Program Files\STI\RoboSep\protocols\
2019-05-17T10:31:12 DEBUG Loaded Robosep User
2019-05-17T10:31:13 INFO Opening protocol selection for quadrant 1
2019-05-17T10:31:15 INFO Protocol Selection play button clicked
---------No reloading of user protocols is required.
---------No need to reload my protocol list.
---------Select the protocol CJ Whole Blood 2 before exiting.
---------Protocol Select: SelectProtocol called.
----------Protocol Select: Called RoboSep_RunSamples.getInstance().addToRun
---------Called SelectProtocol
2019-05-17T10:31:15 DEBUG Adding protocol 'CJ Whole Blood 2' to run at quadrant0
2019-05-17T10:31:15 DEBUG Opening New Number Pad window
2019-05-17T10:31:17 DEBUG Volume: 5.000
RunSamples 24: mySeparator.SelectProtocol: QuadrantId=Quadrant1, selectedProtocol.Id=10
2019-05-17T10:31:17 INFO Estimated run completion = 01:00
--------- SeparatorGateway: AtSeparatorStateUpdate - SeparatorState=Selected. 
------------------SeparatorGateway AtSeparatorStateUpdate Selected undefined???
----------Protocol Select: After RoboSep_RunSamples.getInstance().addToRun
2019-05-17T10:31:17 INFO Adding protocol to current run
2019-05-17T10:31:17 INFO Protocol Selection home button exit after sTime seconds.
------------------------------ SetGuiState:  SeparatorState.Selected -------------------------
2019-05-17T10:31:17 INFO SetGuiState:  SeparatorState.Selected -------------------------
---------Now update the display
------------------------------ SetGuiState:  SeparatorState.Selected -------------------------
2019-05-17T10:31:17 INFO SetGuiState:  SeparatorState.Selected -------------------------
RunSamples 32 : setSampleVolume QuadrantId=Quadrant1, Volume=5
2019-05-17T10:31:18 INFO Quad: 1 Sample Vol 0.005
RunSamples 33 : setSampleVolume QuadrantId=Quadrant1 completed.
---------AtProtocolConsumablesUpdate: given 'consumables' are not null.
---------AtProtocolConsumablesUpdate: update the protocol table (using the newly received sample volumes).
---------Now update the display
2019-05-17T10:31:18 DEBUG >> Enter to (ScheduleRun)
2019-05-17T10:31:18 DEBUG Requesting ETC update (ScheduleRun)
2019-05-17T10:31:18 INFO Sample 0: Protocol ID:1653983252, Volume:5000.000[uL]
2019-05-17T10:31:18 DEBUG ETC update: 2019-05-17T10:57:21
2019-05-17T10:31:19 INFO Run Samples button clicked
2019-05-17T10:31:19 DEBUG >>Scheduler in progress
2019-05-17T10:31:19 DEBUG >>Scheduler in progress
2019-05-17T10:31:19 DEBUG >> Leave (ScheduleRun)
2019-05-17T10:31:19 DEBUG Time remaining (ScheduleRun ETC):	0.0180861313877315
2019-05-17T10:31:19 INFO Estimated run completion = 27:00
--------- SeparatorGateway: AtSeparatorStateUpdate - SeparatorState=Ready. 
------------------------------ SetGuiState:  SeparatorState.Ready -------------------------
2019-05-17T10:31:19 INFO SetGuiState:  SeparatorState.Ready -------------------------
2019-05-17T10:31:19 INFO ---->> ISeparator busy
2019-05-17T10:31:19 INFO Scheduling Run
---------Run Samples: getConsumables called : iProtocolSelectCount = 1
GetProtocolConsumables called. selectedProtocolIndexNumber = 0.
myChosenProtocols.GetKey returns QuadrantId = Quadrant1.
protocolName=CJ Whole Blood 2. initialQuadrant=Quadrant1.
2019-05-17T10:31:49 DEBUG Getting Consumables for 1 quadrants
.............................CJ Whole Blood 2 0 0
2019-05-17T10:31:49 DEBUG QuadrantManager::StartRun
2019-05-17T10:31:49 DEBUG protocol: CJ Whole Blood 2.xml is acquired.
2019-05-17T10:31:49 DEBUG >> Starting acquiring protocol command list[0]
2019-05-17T10:31:49 DEBUG >>>> Entering to getProtocolCommandList[0]
2019-05-17T10:31:49 DEBUG ++++++getProtocolCommandList() before lock
2019-05-17T10:31:49 DEBUG ------Entering to getProtocolCommandList at ControlProxy
2019-05-17T10:31:49 DEBUG >>>>>>> Entering to getProtocolCommandList at XMLRpcProxy
2019-05-17T10:31:49 DEBUG >>>>>>> Leaving getProtocolCommandList at XMLRpcProxy
2019-05-17T10:31:49 DEBUG ------Leaving getProtocolCommandList at ControlProxy
2019-05-17T10:31:49 DEBUG ++++++getProtocolCommandList() After lock
2019-05-17T10:31:49 DEBUG >>>> Leaving getProtocolCommandList[0]
2019-05-17T10:31:49 DEBUG >>>> Entering to ConvertCmdStringListToIntList
2019-05-17T10:31:49 DEBUG >>>> Leaving ConvertCmdStringListToIntList
2019-05-17T10:31:49 DEBUG >> finishing acquiring protocol command list[0]
2019-05-17T10:31:49 DEBUG protocol: CJ Whole Blood 2.xml commands: 21
2019-05-17T10:31:49 DEBUG ProgressBar set 1 steps
2019-05-17T10:31:49 DEBUG ProgressBar set 21 steps
2019-05-17T10:31:49 DEBUG Run progress info set.
2019-05-17T10:31:54 DEBUG Displaying quadrant 0 resources
2019-05-17T10:31:57 DEBUG Loading resources from sharing protocols
2019-05-17T10:31:57 INFO Resource window is foreground
2019-05-17T10:32:03 INFO Unload is called.
2019-05-17T10:32:03 DEBUG ProgressBar set 1 steps
2019-05-17T10:32:03 DEBUG Cancel button clicked
2019-05-17T10:32:05 INFO Removing protocol at quadrant 1
---------AtProtocolConsumablesUpdate: given 'consumables' are null.
---------AtProtocolConsumablesUpdate: remove any previous consumables information for quadrant=Quadrant1.
2019-05-17T10:32:05 INFO Quadrant info Cleared
---------AtProtocolConsumablesUpdate: update the protocol table (using the newly received sample volumes).
---------Now update the display
2019-05-17T10:32:05 INFO Quadrant info Cleared
2019-05-17T10:32:05 INFO Estimated run completion = 01:00
--------- SeparatorGateway: AtSeparatorStateUpdate - SeparatorState=SeparatorUnloaded. 
------------------------------ SetGuiState:  SeparatorState.SeparatorUnloaded -------------------------
2019-05-17T10:32:05 INFO SetGuiState:  SeparatorState.SeparatorUnloaded -------------------------
---------Now update the display
------------------------------ SetGuiState:  SeparatorState.SeparatorUnloaded -------------------------
2019-05-17T10:32:05 INFO SetGuiState:  SeparatorState.SeparatorUnloaded -------------------------
2019-05-17T10:32:06 INFO New Protocol Select user control generated
2019-05-17T10:32:06 DEBUG Loaded 8 protocol from User SAP
2019-05-17T10:32:06 INFO output: C:\Program Files\STI\RoboSep\protocols\
2019-05-17T10:32:06 DEBUG Loaded Robosep User
2019-05-17T10:32:06 INFO Opening protocol selection for quadrant 1
2019-05-17T10:32:08 INFO Protocol Selection play button clicked
---------No reloading of user protocols is required.
---------No need to reload my protocol list.
---------Select the protocol db quad test 2 before exiting.
---------Protocol Select: SelectProtocol called.
----------Protocol Select: Called RoboSep_RunSamples.getInstance().addToRun
---------Called SelectProtocol
2019-05-17T10:32:08 DEBUG Adding protocol 'db quad test 2' to run at quadrant0
2019-05-17T10:32:08 DEBUG Opening New Number Pad window
2019-05-17T10:32:10 DEBUG Volume: 5.000
2019-05-17T10:32:10 INFO Estimated run completion = 01:00
--------- SeparatorGateway: AtSeparatorStateUpdate - SeparatorState=Selected. 
------------------SeparatorGateway AtSeparatorStateUpdate Selected undefined???
----------Protocol Select: After RoboSep_RunSamples.getInstance().addToRun
2019-05-17T10:32:10 INFO Adding protocol to current run
2019-05-17T10:32:10 INFO Protocol Selection home button exit after sTime seconds.
------------------------------ SetGuiState:  SeparatorState.Selected -------------------------
2019-05-17T10:32:10 INFO SetGuiState:  SeparatorState.Selected -------------------------
2019-05-17T10:32:10 INFO Estimated run completion = 01:00
2019-05-17T10:32:10 INFO Estimated run completion = 01:00
---------Now update the display
------------------------------ SetGuiState:  SeparatorState.Selected -------------------------
2019-05-17T10:32:10 INFO SetGuiState:  SeparatorState.Selected -------------------------
RunSamples 32 : setSampleVolume QuadrantId=Quadrant1, Volume=5
2019-05-17T10:32:10 INFO Quad: 1 Sample Vol 0.005
RunSamples 33 : setSampleVolume QuadrantId=Quadrant1 completed.
---------AtProtocolConsumablesUpdate: given 'consumables' are not null.
---------AtProtocolConsumablesUpdate: update the protocol table (using the newly received sample volumes).
---------Now update the display
2019-05-17T10:32:10 DEBUG >> Enter to (ScheduleRun)
2019-05-17T10:32:10 DEBUG Requesting ETC update (ScheduleRun)
2019-05-17T10:32:10 INFO Sample 0: Protocol ID:1267061413, Volume:5000.000[uL]
2019-05-17T10:32:10 DEBUG ETC update: 2019-05-17T11:22:24
2019-05-17T10:32:11 INFO Run Samples button clicked
2019-05-17T10:32:11 DEBUG >>Scheduler in progress
2019-05-17T10:32:11 DEBUG >>Scheduler in progress
2019-05-17T10:32:11 DEBUG >>Scheduler in progress
2019-05-17T10:32:11 DEBUG >> Leave (ScheduleRun)
2019-05-17T10:32:11 DEBUG Time remaining (ScheduleRun ETC):	0.0348740525243056
2019-05-17T10:32:11 INFO Estimated run completion = 51:00
--------- SeparatorGateway: AtSeparatorStateUpdate - SeparatorState=Ready. 
------------------------------ SetGuiState:  SeparatorState.Ready -------------------------
2019-05-17T10:32:12 INFO SetGuiState:  SeparatorState.Ready -------------------------
2019-05-17T10:32:12 INFO ---->> ISeparator busy
2019-05-17T10:32:12 INFO ---->> ISeparator busy
2019-05-17T10:32:12 INFO Scheduling Run
---------Run Samples: getConsumables called : iProtocolSelectCount = 1
GetProtocolConsumables called. selectedProtocolIndexNumber = 0.
myChosenProtocols.GetKey returns QuadrantId = Quadrant1.
protocolName=db quad test 2. initialQuadrant=Quadrant1.
2019-05-17T10:35:52 DEBUG Getting Consumables for 1 quadrants
.............................db quad test 2 0 0
                                         0 0
2019-05-17T10:35:52 DEBUG QuadrantManager::StartRun
2019-05-17T10:35:53 DEBUG protocol: db quad test 2.xml is acquired.
2019-05-17T10:35:53 DEBUG >> Starting acquiring protocol command list[0]
2019-05-17T10:35:53 DEBUG >>>> Entering to getProtocolCommandList[0]
2019-05-17T10:35:53 DEBUG ++++++getProtocolCommandList() before lock
2019-05-17T10:35:53 DEBUG ------Entering to getProtocolCommandList at ControlProxy
2019-05-17T10:35:53 DEBUG >>>>>>> Entering to getProtocolCommandList at XMLRpcProxy
2019-05-17T10:35:53 DEBUG >>>>>>> Leaving getProtocolCommandList at XMLRpcProxy
2019-05-17T10:35:53 DEBUG ------Leaving getProtocolCommandList at ControlProxy
2019-05-17T10:35:53 DEBUG ++++++getProtocolCommandList() After lock
2019-05-17T10:35:53 DEBUG >>>> Leaving getProtocolCommandList[0]
2019-05-17T10:35:53 DEBUG >>>> Entering to ConvertCmdStringListToIntList
2019-05-17T10:35:53 DEBUG >>>> Leaving ConvertCmdStringListToIntList
2019-05-17T10:35:53 DEBUG >> finishing acquiring protocol command list[0]
2019-05-17T10:35:53 DEBUG protocol: db quad test 2.xml commands: 17
2019-05-17T10:35:53 DEBUG ProgressBar set 17 steps
2019-05-17T10:35:53 DEBUG Run progress info set.
2019-05-17T10:35:53 DEBUG Displaying quadrant 0 resources
2019-05-17T10:36:08 DEBUG Loading resources from sharing protocols
2019-05-17T10:36:08 INFO Resource window is foreground
2019-05-17T10:36:13 INFO Unload is called.
2019-05-17T10:36:13 DEBUG ProgressBar set 1 steps
2019-05-17T10:36:13 DEBUG Cancel button clicked
2019-05-17T10:36:15 INFO Removing protocol at quadrant 1
---------AtProtocolConsumablesUpdate: given 'consumables' are null.
---------AtProtocolConsumablesUpdate: remove any previous consumables information for quadrant=Quadrant1.
2019-05-17T10:36:15 INFO Quadrant info Cleared
---------AtProtocolConsumablesUpdate: remove any previous consumables information for quadrant=Quadrant2.
---------AtProtocolConsumablesUpdate: update the protocol table (using the newly received sample volumes).
2019-05-17T10:36:15 INFO Quadrant info Cleared
---------Now update the display
2019-05-17T10:36:15 INFO Estimated run completion = 01:00
--------- SeparatorGateway: AtSeparatorStateUpdate - SeparatorState=Configured. 
2019-05-17T10:36:15 INFO Quadrant info Cleared
2019-05-17T10:36:15 INFO Estimated run completion = 01:00
--------- SeparatorGateway: AtSeparatorStateUpdate - SeparatorState=SeparatorUnloaded. 
------------------------------ SetGuiState:  SeparatorState.SeparatorUnloaded -------------------------
2019-05-17T10:36:15 INFO SetGuiState:  SeparatorState.SeparatorUnloaded -------------------------
---------Now update the display
------------------------------ SetGuiState:  SeparatorState.SeparatorUnloaded -------------------------
2019-05-17T10:36:15 INFO SetGuiState:  SeparatorState.SeparatorUnloaded -------------------------
2019-05-17T10:36:16 INFO New Protocol Select user control generated
2019-05-17T10:36:16 DEBUG Loaded 8 protocol from User SAP
2019-05-17T10:36:16 INFO output: C:\Program Files\STI\RoboSep\protocols\
2019-05-17T10:36:16 DEBUG Loaded Robosep User
2019-05-17T10:36:16 INFO Opening protocol selection for quadrant 1
2019-05-17T10:36:18 INFO Protocol Selection play button clicked
---------No reloading of user protocols is required.
---------No need to reload my protocol list.
---------Select the protocol db quad test 2 before exiting.
---------Protocol Select: SelectProtocol called.
----------Protocol Select: Called RoboSep_RunSamples.getInstance().addToRun
---------Called SelectProtocol
2019-05-17T10:36:18 DEBUG Adding protocol 'db quad test 2' to run at quadrant0
2019-05-17T10:36:18 DEBUG Opening New Number Pad window
2019-05-17T10:36:20 DEBUG Volume: 5.000
2019-05-17T10:36:20 INFO Estimated run completion = 01:00
--------- SeparatorGateway: AtSeparatorStateUpdate - SeparatorState=Selected. 
------------------SeparatorGateway AtSeparatorStateUpdate Selected undefined???
----------Protocol Select: After RoboSep_RunSamples.getInstance().addToRun
2019-05-17T10:36:20 INFO Adding protocol to current run
2019-05-17T10:36:20 INFO Protocol Selection home button exit after sTime seconds.
------------------------------ SetGuiState:  SeparatorState.Selected -------------------------
2019-05-17T10:36:20 INFO SetGuiState:  SeparatorState.Selected -------------------------
2019-05-17T10:36:20 INFO Estimated run completion = 01:00
2019-05-17T10:36:20 INFO Estimated run completion = 01:00
---------Now update the display
------------------------------ SetGuiState:  SeparatorState.Selected -------------------------
2019-05-17T10:36:20 INFO SetGuiState:  SeparatorState.Selected -------------------------
RunSamples 32 : setSampleVolume QuadrantId=Quadrant1, Volume=5
2019-05-17T10:36:21 INFO Quad: 1 Sample Vol 0.005
RunSamples 33 : setSampleVolume QuadrantId=Quadrant1 completed.
---------AtProtocolConsumablesUpdate: given 'consumables' are not null.
---------AtProtocolConsumablesUpdate: update the protocol table (using the newly received sample volumes).
---------Now update the display
2019-05-17T10:36:21 DEBUG >> Enter to (ScheduleRun)
2019-05-17T10:36:21 DEBUG Requesting ETC update (ScheduleRun)
2019-05-17T10:36:21 INFO Sample 0: Protocol ID:1267061413, Volume:5000.000[uL]
2019-05-17T10:36:21 DEBUG ETC update: 2019-05-17T11:26:35
2019-05-17T10:36:21 INFO Run Samples button clicked
2019-05-17T10:36:21 DEBUG >>Scheduler in progress
2019-05-17T10:36:22 DEBUG >>Scheduler in progress
2019-05-17T10:36:22 DEBUG >> Leave (ScheduleRun)
2019-05-17T10:36:22 DEBUG Time remaining (ScheduleRun ETC):	0.0348803052361111
2019-05-17T10:36:22 INFO Estimated run completion = 51:00
--------- SeparatorGateway: AtSeparatorStateUpdate - SeparatorState=Ready. 
------------------------------ SetGuiState:  SeparatorState.Ready -------------------------
2019-05-17T10:36:22 INFO SetGuiState:  SeparatorState.Ready -------------------------
2019-05-17T10:36:22 INFO ---->> ISeparator busy
2019-05-17T10:36:22 INFO Scheduling Run
---------Run Samples: getConsumables called : iProtocolSelectCount = 1
GetProtocolConsumables called. selectedProtocolIndexNumber = 0.
myChosenProtocols.GetKey returns QuadrantId = Quadrant1.
protocolName=db quad test 2. initialQuadrant=Quadrant1.
2019-05-17T10:39:32 DEBUG Getting Consumables for 1 quadrants
.............................db quad test 2 0 0
                                         0 0
2019-05-17T10:40:51 DEBUG QuadrantManager::StartRun
2019-05-17T10:41:38 DEBUG protocol: db quad test 2.xml is acquired.
2019-05-17T10:41:42 DEBUG >> Starting acquiring protocol command list[0]
2019-05-17T10:41:44 DEBUG >>>> Entering to getProtocolCommandList[0]
2019-05-17T10:41:45 DEBUG ++++++getProtocolCommandList() before lock
2019-05-17T10:41:45 DEBUG ------Entering to getProtocolCommandList at ControlProxy
2019-05-17T10:41:45 DEBUG >>>>>>> Entering to getProtocolCommandList at XMLRpcProxy
2019-05-17T10:41:45 DEBUG >>>>>>> Leaving getProtocolCommandList at XMLRpcProxy
2019-05-17T10:41:45 DEBUG ------Leaving getProtocolCommandList at ControlProxy
2019-05-17T10:41:45 DEBUG ++++++getProtocolCommandList() After lock
2019-05-17T10:41:46 DEBUG >>>> Leaving getProtocolCommandList[0]
2019-05-17T10:42:10 DEBUG >>>> Entering to ConvertCmdStringListToIntList
2019-05-17T10:42:12 DEBUG >>>> Leaving ConvertCmdStringListToIntList
2019-05-17T10:42:15 DEBUG >> finishing acquiring protocol command list[0]
2019-05-17T10:42:17 DEBUG protocol: db quad test 2.xml commands: 17
2019-05-17T10:42:24 DEBUG ProgressBar set 17 steps
2019-05-17T10:42:26 DEBUG Run progress info set.
2019-05-17T10:42:48 DEBUG Displaying quadrant 0 resources
2019-05-17T10:43:30 DEBUG Loading resources from sharing protocols
2019-05-17T10:43:30 INFO Resource window is foreground
2019-05-17T10:43:35 INFO Unload is called.
2019-05-17T10:43:35 DEBUG ProgressBar set 1 steps
2019-05-17T10:43:35 DEBUG Cancel button clicked
2019-05-17T10:43:37 INFO Removing protocol at quadrant 1
---------AtProtocolConsumablesUpdate: given 'consumables' are null.
---------AtProtocolConsumablesUpdate: remove any previous consumables information for quadrant=Quadrant1.
2019-05-17T10:43:37 INFO Quadrant info Cleared
---------AtProtocolConsumablesUpdate: remove any previous consumables information for quadrant=Quadrant2.
---------AtProtocolConsumablesUpdate: update the protocol table (using the newly received sample volumes).
2019-05-17T10:43:37 INFO Quadrant info Cleared
---------Now update the display
2019-05-17T10:43:37 INFO Estimated run completion = 01:00
--------- SeparatorGateway: AtSeparatorStateUpdate - SeparatorState=Configured. 
2019-05-17T10:43:37 INFO Quadrant info Cleared
2019-05-17T10:43:37 INFO Estimated run completion = 01:00
--------- SeparatorGateway: AtSeparatorStateUpdate - SeparatorState=SeparatorUnloaded. 
------------------------------ SetGuiState:  SeparatorState.SeparatorUnloaded -------------------------
2019-05-17T10:43:37 INFO SetGuiState:  SeparatorState.SeparatorUnloaded -------------------------
---------Now update the display
------------------------------ SetGuiState:  SeparatorState.SeparatorUnloaded -------------------------
2019-05-17T10:43:37 INFO SetGuiState:  SeparatorState.SeparatorUnloaded -------------------------
2019-05-17T10:43:38 INFO New Protocol Select user control generated
2019-05-17T10:43:38 DEBUG Loaded 8 protocol from User SAP
2019-05-17T10:43:38 INFO output: C:\Program Files\STI\RoboSep\protocols\
2019-05-17T10:43:38 DEBUG Loaded Robosep User
2019-05-17T10:43:38 INFO Opening protocol selection for quadrant 1
2019-05-17T10:43:40 INFO Protocol Selection play button clicked
---------No reloading of user protocols is required.
---------No need to reload my protocol list.
---------Select the protocol db quad test 2 before exiting.
---------Protocol Select: SelectProtocol called.
----------Protocol Select: Called RoboSep_RunSamples.getInstance().addToRun
---------Called SelectProtocol
2019-05-17T10:43:40 DEBUG Adding protocol 'db quad test 2' to run at quadrant0
2019-05-17T10:43:40 DEBUG Opening New Number Pad window
2019-05-17T10:43:41 DEBUG Volume: 5.000
2019-05-17T10:43:41 INFO Estimated run completion = 01:00
--------- SeparatorGateway: AtSeparatorStateUpdate - SeparatorState=Selected. 
------------------SeparatorGateway AtSeparatorStateUpdate Selected undefined???
----------Protocol Select: After RoboSep_RunSamples.getInstance().addToRun
2019-05-17T10:43:41 INFO Adding protocol to current run
2019-05-17T10:43:41 INFO Protocol Selection home button exit after sTime seconds.
------------------------------ SetGuiState:  SeparatorState.Selected -------------------------
2019-05-17T10:43:41 INFO SetGuiState:  SeparatorState.Selected -------------------------
2019-05-17T10:43:41 INFO Estimated run completion = 01:00
2019-05-17T10:43:41 INFO Estimated run completion = 01:00
---------Now update the display
------------------------------ SetGuiState:  SeparatorState.Selected -------------------------
2019-05-17T10:43:41 INFO SetGuiState:  SeparatorState.Selected -------------------------
RunSamples 32 : setSampleVolume QuadrantId=Quadrant1, Volume=5
2019-05-17T10:43:42 INFO Quad: 1 Sample Vol 0.005
RunSamples 33 : setSampleVolume QuadrantId=Quadrant1 completed.
---------AtProtocolConsumablesUpdate: given 'consumables' are not null.
---------AtProtocolConsumablesUpdate: update the protocol table (using the newly received sample volumes).
---------Now update the display
2019-05-17T10:43:42 DEBUG >> Enter to (ScheduleRun)
2019-05-17T10:43:42 DEBUG Requesting ETC update (ScheduleRun)
2019-05-17T10:43:42 INFO Sample 0: Protocol ID:1267061413, Volume:5000.000[uL]
2019-05-17T10:43:42 INFO Run Samples button clicked
2019-05-17T10:43:42 DEBUG >>Scheduler in progress
2019-05-17T10:43:42 DEBUG ETC update: 2019-05-17T11:33:56
2019-05-17T10:43:43 DEBUG >>Scheduler in progress
2019-05-17T10:43:43 DEBUG >>Scheduler in progress
2019-05-17T10:43:43 DEBUG >>Scheduler in progress
2019-05-17T10:43:43 DEBUG >>Scheduler in progress
2019-05-17T10:43:43 DEBUG >> Leave (ScheduleRun)
2019-05-17T10:43:43 DEBUG Time remaining (ScheduleRun ETC):	0.0348749476689815
2019-05-17T10:43:43 INFO Estimated run completion = 51:00
--------- SeparatorGateway: AtSeparatorStateUpdate - SeparatorState=Ready. 
------------------------------ SetGuiState:  SeparatorState.Ready -------------------------
2019-05-17T10:43:44 INFO SetGuiState:  SeparatorState.Ready -------------------------
2019-05-17T10:43:44 INFO ---->> ISeparator busy
2019-05-17T10:43:44 INFO Scheduling Run
---------Run Samples: getConsumables called : iProtocolSelectCount = 1
GetProtocolConsumables called. selectedProtocolIndexNumber = 0.
myChosenProtocols.GetKey returns QuadrantId = Quadrant1.
protocolName=db quad test 2. initialQuadrant=Quadrant1.
2019-05-17T10:44:11 DEBUG Getting Consumables for 1 quadrants
.............................db quad test 2 0 0
                                         0 0
2019-05-17T10:45:30 DEBUG QuadrantManager::StartRun
2019-05-17T10:45:31 DEBUG protocol: db quad test 2.xml is acquired.
2019-05-17T10:45:31 DEBUG >> Starting acquiring protocol command list[0]
2019-05-17T10:45:31 DEBUG >>>> Entering to getProtocolCommandList[0]
2019-05-17T10:45:31 DEBUG ++++++getProtocolCommandList() before lock
2019-05-17T10:45:31 DEBUG ------Entering to getProtocolCommandList at ControlProxy
2019-05-17T10:45:31 DEBUG >>>>>>> Entering to getProtocolCommandList at XMLRpcProxy
2019-05-17T10:45:31 DEBUG >>>>>>> Leaving getProtocolCommandList at XMLRpcProxy
2019-05-17T10:45:31 DEBUG ------Leaving getProtocolCommandList at ControlProxy
2019-05-17T10:45:31 DEBUG ++++++getProtocolCommandList() After lock
2019-05-17T10:45:31 DEBUG >>>> Leaving getProtocolCommandList[0]
2019-05-17T10:45:31 DEBUG >>>> Entering to ConvertCmdStringListToIntList
2019-05-17T10:45:31 DEBUG >>>> Leaving ConvertCmdStringListToIntList
2019-05-17T10:45:31 DEBUG >> finishing acquiring protocol command list[0]
2019-05-17T10:45:31 DEBUG protocol: db quad test 2.xml commands: 17
2019-05-17T10:45:31 DEBUG ProgressBar set 17 steps
2019-05-17T10:45:31 DEBUG Run progress info set.
2019-05-17T10:45:31 DEBUG Displaying quadrant 0 resources
2019-05-17T10:45:31 DEBUG Loading resources from sharing protocols
2019-05-17T10:45:31 INFO Resource window is foreground
2019-05-17T10:46:41 INFO Unload is called.
2019-05-17T10:46:41 DEBUG ProgressBar set 1 steps
2019-05-17T10:46:41 DEBUG Cancel button clicked
2019-05-17T10:46:43 INFO Removing protocol at quadrant 1
---------AtProtocolConsumablesUpdate: given 'consumables' are null.
---------AtProtocolConsumablesUpdate: remove any previous consumables information for quadrant=Quadrant1.
---------AtProtocolConsumablesUpdate: remove any previous consumables information for quadrant=Quadrant2.
---------AtProtocolConsumablesUpdate: update the protocol table (using the newly received sample volumes).
2019-05-17T10:46:43 INFO Quadrant info Cleared
---------Now update the display
2019-05-17T10:46:43 INFO Estimated run completion = 01:00
2019-05-17T10:46:43 INFO Quadrant info Cleared
--------- SeparatorGateway: AtSeparatorStateUpdate - SeparatorState=Configured. 
2019-05-17T10:46:43 INFO Quadrant info Cleared
2019-05-17T10:46:43 INFO Estimated run completion = 01:00
--------- SeparatorGateway: AtSeparatorStateUpdate - SeparatorState=SeparatorUnloaded. 
------------------------------ SetGuiState:  SeparatorState.SeparatorUnloaded -------------------------
2019-05-17T10:46:43 INFO SetGuiState:  SeparatorState.SeparatorUnloaded -------------------------
---------Now update the display
------------------------------ SetGuiState:  SeparatorState.SeparatorUnloaded -------------------------
2019-05-17T10:46:43 INFO SetGuiState:  SeparatorState.SeparatorUnloaded -------------------------
2019-05-17T10:46:44 INFO New Protocol Select user control generated
2019-05-17T10:46:44 DEBUG Loaded 8 protocol from User SAP
2019-05-17T10:46:44 INFO output: C:\Program Files\STI\RoboSep\protocols\
2019-05-17T10:46:44 DEBUG Loaded Robosep User
2019-05-17T10:46:44 INFO Opening protocol selection for quadrant 1
2019-05-17T10:46:47 INFO Protocol Selection play button clicked
---------No reloading of user protocols is required.
---------No need to reload my protocol list.
---------Select the protocol db quad test 2 before exiting.
---------Protocol Select: SelectProtocol called.
----------Protocol Select: Called RoboSep_RunSamples.getInstance().addToRun
---------Called SelectProtocol
2019-05-17T10:46:47 DEBUG Adding protocol 'db quad test 2' to run at quadrant0
2019-05-17T10:46:47 DEBUG Opening New Number Pad window
2019-05-17T10:46:49 DEBUG Volume: 5.000
2019-05-17T10:46:49 INFO Estimated run completion = 01:00
--------- SeparatorGateway: AtSeparatorStateUpdate - SeparatorState=Selected. 
------------------SeparatorGateway AtSeparatorStateUpdate Selected undefined???
----------Protocol Select: After RoboSep_RunSamples.getInstance().addToRun
2019-05-17T10:46:49 INFO Adding protocol to current run
2019-05-17T10:46:49 INFO Protocol Selection home button exit after sTime seconds.
------------------------------ SetGuiState:  SeparatorState.Selected -------------------------
2019-05-17T10:46:49 INFO SetGuiState:  SeparatorState.Selected -------------------------
2019-05-17T10:46:49 INFO Estimated run completion = 01:00
2019-05-17T10:46:49 INFO Estimated run completion = 01:00
---------Now update the display
------------------------------ SetGuiState:  SeparatorState.Selected -------------------------
2019-05-17T10:46:49 INFO SetGuiState:  SeparatorState.Selected -------------------------
RunSamples 32 : setSampleVolume QuadrantId=Quadrant1, Volume=5
2019-05-17T10:46:49 INFO Quad: 1 Sample Vol 0.005
RunSamples 33 : setSampleVolume QuadrantId=Quadrant1 completed.
---------AtProtocolConsumablesUpdate: given 'consumables' are not null.
---------AtProtocolConsumablesUpdate: update the protocol table (using the newly received sample volumes).
---------Now update the display
2019-05-17T10:46:49 DEBUG >> Enter to (ScheduleRun)
2019-05-17T10:46:49 DEBUG Requesting ETC update (ScheduleRun)
2019-05-17T10:46:49 INFO Sample 0: Protocol ID:1267061413, Volume:5000.000[uL]
2019-05-17T10:46:49 DEBUG ETC update: 2019-05-17T11:37:03
2019-05-17T10:46:50 INFO Run Samples button clicked
2019-05-17T10:46:50 DEBUG >>Scheduler in progress
2019-05-17T10:46:50 DEBUG >>Scheduler in progress
2019-05-17T10:46:50 DEBUG >> Leave (ScheduleRun)
2019-05-17T10:46:50 DEBUG Time remaining (ScheduleRun ETC):	0.0348759875277778
2019-05-17T10:46:50 INFO Estimated run completion = 51:00
--------- SeparatorGateway: AtSeparatorStateUpdate - SeparatorState=Ready. 
------------------------------ SetGuiState:  SeparatorState.Ready -------------------------
2019-05-17T10:46:50 INFO SetGuiState:  SeparatorState.Ready -------------------------
2019-05-17T10:46:50 INFO ---->> ISeparator busy
2019-05-17T10:46:50 INFO Scheduling Run
---------Run Samples: getConsumables called : iProtocolSelectCount = 1
GetProtocolConsumables called. selectedProtocolIndexNumber = 0.
myChosenProtocols.GetKey returns QuadrantId = Quadrant1.
protocolName=db quad test 2. initialQuadrant=Quadrant1.
2019-05-17T10:46:50 DEBUG Getting Consumables for 1 quadrants
.............................db quad test 2 0 0
                                         0 0
2019-05-17T10:48:39 DEBUG QuadrantManager::StartRun
2019-05-17T10:49:30 DEBUG protocol: db quad test 2.xml is acquired.
2019-05-17T10:49:30 DEBUG >> Starting acquiring protocol command list[0]
2019-05-17T10:49:30 DEBUG >>>> Entering to getProtocolCommandList[0]
2019-05-17T10:49:30 DEBUG ++++++getProtocolCommandList() before lock
2019-05-17T10:49:30 DEBUG ------Entering to getProtocolCommandList at ControlProxy
2019-05-17T10:49:30 DEBUG >>>>>>> Entering to getProtocolCommandList at XMLRpcProxy
2019-05-17T10:49:30 DEBUG >>>>>>> Leaving getProtocolCommandList at XMLRpcProxy
2019-05-17T10:49:30 DEBUG ------Leaving getProtocolCommandList at ControlProxy
2019-05-17T10:49:30 DEBUG ++++++getProtocolCommandList() After lock
2019-05-17T10:49:30 DEBUG >>>> Leaving getProtocolCommandList[0]
2019-05-17T10:49:30 DEBUG >>>> Entering to ConvertCmdStringListToIntList
2019-05-17T10:49:30 DEBUG >>>> Leaving ConvertCmdStringListToIntList
2019-05-17T10:49:30 DEBUG >> finishing acquiring protocol command list[0]
2019-05-17T10:49:30 DEBUG protocol: db quad test 2.xml commands: 17
2019-05-17T10:49:30 DEBUG ProgressBar set 17 steps
2019-05-17T10:49:30 DEBUG Run progress info set.
2019-05-17T10:49:45 DEBUG Displaying quadrant 0 resources
2019-05-17T10:49:45 DEBUG Loading resources from sharing protocols
2019-05-17T10:49:54 INFO Resource window is foreground
2019-05-17T10:50:16 INFO Unload is called.
2019-05-17T10:50:16 DEBUG ProgressBar set 1 steps
2019-05-17T10:50:16 DEBUG Cancel button clicked
2019-05-17T10:50:18 INFO Removing protocol at quadrant 1
---------AtProtocolConsumablesUpdate: given 'consumables' are null.
---------AtProtocolConsumablesUpdate: remove any previous consumables information for quadrant=Quadrant1.
---------AtProtocolConsumablesUpdate: remove any previous consumables information for quadrant=Quadrant2.
---------AtProtocolConsumablesUpdate: update the protocol table (using the newly received sample volumes).
2019-05-17T10:50:18 INFO Quadrant info Cleared
---------Now update the display
2019-05-17T10:50:18 INFO Estimated run completion = 01:00
2019-05-17T10:50:18 INFO Quadrant info Cleared
--------- SeparatorGateway: AtSeparatorStateUpdate - SeparatorState=Configured. 
2019-05-17T10:50:18 INFO Quadrant info Cleared
2019-05-17T10:50:18 INFO Estimated run completion = 01:00
--------- SeparatorGateway: AtSeparatorStateUpdate - SeparatorState=SeparatorUnloaded. 
------------------------------ SetGuiState:  SeparatorState.SeparatorUnloaded -------------------------
2019-05-17T10:50:18 INFO SetGuiState:  SeparatorState.SeparatorUnloaded -------------------------
---------Now update the display
------------------------------ SetGuiState:  SeparatorState.SeparatorUnloaded -------------------------
2019-05-17T10:50:18 INFO SetGuiState:  SeparatorState.SeparatorUnloaded -------------------------
2019-05-17T10:50:19 INFO New Protocol Select user control generated
2019-05-17T10:50:19 DEBUG Loaded 8 protocol from User SAP
2019-05-17T10:50:19 INFO output: C:\Program Files\STI\RoboSep\protocols\
2019-05-17T10:50:19 DEBUG Loaded Robosep User
2019-05-17T10:50:19 INFO Opening protocol selection for quadrant 1
2019-05-17T10:50:21 INFO Protocol Selection play button clicked
---------No reloading of user protocols is required.
---------No need to reload my protocol list.
---------Select the protocol db quad test 2 before exiting.
---------Protocol Select: SelectProtocol called.
----------Protocol Select: Called RoboSep_RunSamples.getInstance().addToRun
---------Called SelectProtocol
2019-05-17T10:50:21 DEBUG Adding protocol 'db quad test 2' to run at quadrant0
2019-05-17T10:50:21 DEBUG Opening New Number Pad window
2019-05-17T10:50:22 DEBUG Volume: 5.000
2019-05-17T10:50:22 INFO Estimated run completion = 01:00
--------- SeparatorGateway: AtSeparatorStateUpdate - SeparatorState=Selected. 
------------------SeparatorGateway AtSeparatorStateUpdate Selected undefined???
----------Protocol Select: After RoboSep_RunSamples.getInstance().addToRun
2019-05-17T10:50:22 INFO Adding protocol to current run
2019-05-17T10:50:22 INFO Protocol Selection home button exit after sTime seconds.
------------------------------ SetGuiState:  SeparatorState.Selected -------------------------
2019-05-17T10:50:22 INFO SetGuiState:  SeparatorState.Selected -------------------------
2019-05-17T10:50:22 INFO Estimated run completion = 01:00
2019-05-17T10:50:22 INFO Estimated run completion = 01:00
---------Now update the display
------------------------------ SetGuiState:  SeparatorState.Selected -------------------------
2019-05-17T10:50:22 INFO SetGuiState:  SeparatorState.Selected -------------------------
RunSamples 32 : setSampleVolume QuadrantId=Quadrant1, Volume=5
2019-05-17T10:50:23 INFO Quad: 1 Sample Vol 0.005
RunSamples 33 : setSampleVolume QuadrantId=Quadrant1 completed.
---------AtProtocolConsumablesUpdate: given 'consumables' are not null.
---------AtProtocolConsumablesUpdate: update the protocol table (using the newly received sample volumes).
---------Now update the display
2019-05-17T10:50:23 DEBUG >> Enter to (ScheduleRun)
2019-05-17T10:50:23 DEBUG Requesting ETC update (ScheduleRun)
2019-05-17T10:50:23 INFO Sample 0: Protocol ID:1267061413, Volume:5000.000[uL]
2019-05-17T10:50:23 DEBUG ETC update: 2019-05-17T11:40:37
2019-05-17T10:50:24 INFO Run Samples button clicked
2019-05-17T10:50:24 DEBUG >>Scheduler in progress
2019-05-17T10:50:24 DEBUG >> Leave (ScheduleRun)
2019-05-17T10:50:24 DEBUG Time remaining (ScheduleRun ETC):	0.0348806241770833
2019-05-17T10:50:24 INFO Estimated run completion = 51:00
--------- SeparatorGateway: AtSeparatorStateUpdate - SeparatorState=Ready. 
------------------------------ SetGuiState:  SeparatorState.Ready -------------------------
2019-05-17T10:50:24 INFO SetGuiState:  SeparatorState.Ready -------------------------
2019-05-17T10:50:24 INFO ---->> ISeparator busy
2019-05-17T10:50:24 INFO ---->> ISeparator busy
2019-05-17T10:50:24 INFO Scheduling Run
---------Run Samples: getConsumables called : iProtocolSelectCount = 1
GetProtocolConsumables called. selectedProtocolIndexNumber = 0.
myChosenProtocols.GetKey returns QuadrantId = Quadrant1.
protocolName=db quad test 2. initialQuadrant=Quadrant1.
2019-05-17T10:51:11 DEBUG Getting Consumables for 1 quadrants
.............................db quad test 2 0 0
                                         0 0
2019-05-17T10:51:11 DEBUG QuadrantManager::StartRun
2019-05-17T10:51:11 DEBUG protocol: db quad test 2.xml is acquired.
2019-05-17T10:51:11 DEBUG >> Starting acquiring protocol command list[0]
2019-05-17T10:51:11 DEBUG >>>> Entering to getProtocolCommandList[0]
2019-05-17T10:51:11 DEBUG ++++++getProtocolCommandList() before lock
2019-05-17T10:51:11 DEBUG ------Entering to getProtocolCommandList at ControlProxy
2019-05-17T10:51:11 DEBUG >>>>>>> Entering to getProtocolCommandList at XMLRpcProxy
2019-05-17T10:51:11 DEBUG >>>>>>> Leaving getProtocolCommandList at XMLRpcProxy
2019-05-17T10:51:11 DEBUG ------Leaving getProtocolCommandList at ControlProxy
2019-05-17T10:51:11 DEBUG ++++++getProtocolCommandList() After lock
2019-05-17T10:51:11 DEBUG >>>> Leaving getProtocolCommandList[0]
2019-05-17T10:51:11 DEBUG >>>> Entering to ConvertCmdStringListToIntList
2019-05-17T10:51:11 DEBUG >>>> Leaving ConvertCmdStringListToIntList
2019-05-17T10:51:11 DEBUG >> finishing acquiring protocol command list[0]
2019-05-17T10:51:11 DEBUG protocol: db quad test 2.xml commands: 17
2019-05-17T10:51:11 DEBUG ProgressBar set 17 steps
2019-05-17T10:51:11 DEBUG Run progress info set.
2019-05-17T10:51:11 DEBUG Displaying quadrant 0 resources
2019-05-17T10:51:11 DEBUG Loading resources from sharing protocols
2019-05-17T10:51:11 INFO Resource window is foreground
2019-05-17T10:51:17 INFO Unload is called.
2019-05-17T10:51:17 DEBUG ProgressBar set 1 steps
2019-05-17T10:51:17 DEBUG Cancel button clicked
