2019-05-10T13:11:57 INFO Application log initialised
2019-05-10T13:11:57 DEBUG Remoting Address = 127.0.0.1
2019-05-10T13:11:57 DEBUG ICS Server URL       = http://127.0.0.1:8000
2019-05-10T13:11:57 DEBUG ICS EventSink URL    = http://127.0.0.1:8001/InstrumentControlEventSink
2019-05-10T13:11:57 DEBUG Separator Server URL =  tcp://127.0.0.1:3149/Separator
2019-05-10T13:11:57 DEBUG Configured address = 127.0.0.1
2019-05-10T13:11:57 INFO Initializing User Console
2019-05-10T13:11:57 DEBUG Initializing UserDB
2019-05-10T13:11:57 INFO Application config path: C:\Program Files\STI\RoboSep\config\
2019-05-10T13:11:57 INFO output: C:\Program Files\STI\RoboSep\protocols\
2019-05-10T13:11:57 INFO XSD Path : c:\Program Files\STI\RoboSep\
2019-05-10T13:11:58 DEBUG 224protocols loaded
2019-05-10T13:11:58 ERROR Failed to convert variable '00/00/0000' to valid date.
2019-05-10T13:11:58 ERROR WarrantyExpireDate in GUI.ini file is invalid.
2019-05-10T13:11:58 DEBUG Creating new Form_Home
2019-05-10T13:11:58 INFO Command to launch service 'dns-sd.exe -R "Orca1" _robosep._tcp . 5899' for Network ORCA.
2019-05-10T13:11:58 INFO Service 'dns-sd.exe' for network ORCA has been launched. ProcessID='2224'. Path='C:\Windows\system32'
2019-05-10T13:11:58 INFO Loading User Console
2019-05-10T13:11:58 ERROR Starting GUI Thread
2019-05-10T13:11:58 INFO Connecting...
2019-05-10T13:11:58 INFO set user.db file to : User1.udb
2019-05-10T13:11:58 INFO <<<<<<<<<<<<<<<<<<<<<<<,,, 1 tcp://127.0.0.1:3149/Separator
2019-05-10T13:11:58 INFO <<<<<<<<<<<<<<<<<<<<<<<,,, 2
2019-05-10T13:11:58 INFO output: C:\Program Files\STI\RoboSep\protocols\
2019-05-10T13:11:58 DEBUG Loaded Robosep User
2019-05-10T13:11:58 INFO Current user ID : 'SAP'.
2019-05-10T13:11:58 DEBUG Instrument Control API Ping() returned True
2019-05-10T13:11:58 INFO <<<<<<<<<<<<<<<<<<<<<<<,,, 3
2019-05-10T13:11:59 INFO Get system information for About menu
--------- SeparatorGateway: AtSeparatorStateUpdate - SeparatorState=Initialising. 
2019-05-10T13:11:59 INFO Estimated run completion = 01:00
---------Now update the display
2019-05-10T13:12:24 DEBUG Carousel state changed to: SeparatorUnloaded
--------- SeparatorGateway: AtSeparatorStateUpdate - SeparatorState=SeparatorUnloaded. 
------------------------------ SetGuiState:  SeparatorState.SeparatorUnloaded -------------------------
2019-05-10T13:12:24 INFO SetGuiState:  SeparatorState.SeparatorUnloaded -------------------------
2019-05-10T13:12:24 INFO Stopping Splash page
2019-05-10T13:12:24 ERROR Failed to convert variable '00/0/0000' to valid date.
2019-05-10T13:12:24 ERROR Failed to convert variable '00/0/0000' to valid date.
2019-05-10T13:12:24 ERROR Failed to convert variable '00/0/0000' to valid date.
2019-05-10T13:12:24 ERROR Failed to convert variable '00/00/0000' to valid date.
2019-05-10T13:12:24 ERROR Failed to convert variable '00/00/0000' to valid date.
2019-05-10T13:12:24 INFO Initializing About user control
2019-05-10T13:12:24 INFO Generating Robosep Resources user control
2019-05-10T13:12:24 INFO Initializing Run Samples user control
2019-05-10T13:12:24 INFO PauseResumeDialog form created
2019-05-10T13:13:13 DEBUG Home button clicked
2019-05-10T13:13:14 INFO Initializing Protocol List user control
2019-05-10T13:13:14 INFO Generating New UserProtocol user control
2019-05-10T13:13:14 INFO output: C:\Program Files\STI\RoboSep\protocols\
2019-05-10T13:13:14 DEBUG Loaded Robosep User
2019-05-10T13:13:14 DEBUG Hiding Home window
2019-05-10T13:13:14 INFO Protocols button clicked
2019-05-10T13:13:18 INFO New Touch Keyboard generated w/ Autocomplete
2019-05-10T13:13:25 DEBUG Updating Filtered list
2019-05-10T13:13:25 INFO Keyboard output: 'cd4+'
---------Add protocol Human Resting CD4+ T Cell Isolation 17962 to my protocol list.
--------- Save dirty user protocols list.
2019-05-10T13:13:37 INFO saving 6protocols to user SAP
2019-05-10T13:13:37 INFO set user.db file to : User1.udb
2019-05-10T13:13:37 DEBUG Saved User Profile SAP with 6 protocols
2019-05-10T13:13:37 INFO output: C:\Program Files\STI\RoboSep\protocols\
2019-05-10T13:13:37 DEBUG Loaded Robosep User
---------Changes have been made in the user protocol list, reloading of user protocols is required.
Dialog size: width = 340, height = 186
--------- Reload user protocols from the server. Current ThreadID = 10 ----------
2019-05-10T13:13:37 INFO Save user protocol list
------------** AtReportStatus in SampleProcessing TSC1002
2019-05-10T13:13:37 INFO ------------** AtReportStatus in SampleProcessing TSC1002
------------** AtReportStatus in SampleProcessing TSC1002
2019-05-10T13:13:37 INFO ------------** AtReportStatus in SampleProcessing TSC1002
------------** AtReportStatus in SampleProcessing TSC1002
2019-05-10T13:13:37 INFO ------------** AtReportStatus in SampleProcessing TSC1002
------------** AtReportStatus in SampleProcessing TSC1002
2019-05-10T13:13:37 INFO ------------** AtReportStatus in SampleProcessing TSC1002
------------** AtReportStatus in SampleProcessing TSC1002
2019-05-10T13:13:37 INFO ------------** AtReportStatus in SampleProcessing TSC1002
------------** AtReportStatus in SampleProcessing TSC1002
2019-05-10T13:13:38 INFO ------------** AtReportStatus in SampleProcessing TSC1002
------------** AtReportStatus in SampleProcessing TSC1002
2019-05-10T13:13:38 INFO ------------** AtReportStatus in SampleProcessing TSC1002
------------** AtReportStatus in SampleProcessing TSC1002
2019-05-10T13:13:38 INFO ------------** AtReportStatus in SampleProcessing TSC1002
------------** AtReportStatus in SampleProcessing TSC1002
2019-05-10T13:13:38 INFO ------------** AtReportStatus in SampleProcessing TSC1002
------------** AtReportStatus in SampleProcessing TSC1002
2019-05-10T13:13:38 INFO ------------** AtReportStatus in SampleProcessing TSC1002
2019-05-10T13:13:38 INFO Get system information for About menu
--------- SeparatorGateway: AtSeparatorStateUpdate - SeparatorState=SeparatorUnloaded. 
------------------------------ SetGuiState:  SeparatorState.SeparatorUnloaded -------------------------
2019-05-10T13:13:38 INFO SetGuiState:  SeparatorState.SeparatorUnloaded -------------------------
2019-05-10T13:13:38 INFO Estimated run completion = 01:00
---------Now update the display
------------------------------ SetGuiState:  SeparatorState.SeparatorUnloaded -------------------------
2019-05-10T13:13:38 INFO SetGuiState:  SeparatorState.SeparatorUnloaded -------------------------
2019-05-10T13:13:38 INFO output: C:\Program Files\STI\RoboSep\protocols\
2019-05-10T13:13:38 DEBUG Loaded Robosep User
2019-05-10T13:13:38 DEBUG Home button clicked
2019-05-10T13:13:39 INFO Run Sample button clicked
2019-05-10T13:13:39 DEBUG Hiding Home window
2019-05-10T13:13:39 DEBUG System running, opening RunProgress
2019-05-10T13:13:41 INFO New Protocol Select user control generated
2019-05-10T13:13:41 DEBUG Loaded 6 protocol from User SAP
2019-05-10T13:13:41 INFO output: C:\Program Files\STI\RoboSep\protocols\
2019-05-10T13:13:41 DEBUG Loaded Robosep User
2019-05-10T13:13:41 INFO Opening protocol selection for quadrant 3
2019-05-10T13:13:49 INFO Protocol Selection play button clicked
---------No reloading of user protocols is required.
---------No need to reload my protocol list.
---------Select the protocol Human Resting CD4+ T Cell Isolation 17962 before exiting.
---------Protocol Select: SelectProtocol called.
----------Protocol Select: Called RoboSep_RunSamples.getInstance().addToRun
---------Called SelectProtocol
2019-05-10T13:13:49 DEBUG Adding protocol 'Human Resting CD4+ T Cell Isolation 17962' to run at quadrant2
2019-05-10T13:13:49 DEBUG Opening New Number Pad window
2019-05-10T13:13:51 DEBUG Volume: 5.000
2019-05-10T13:13:51 INFO Estimated run completion = 01:00
--------- SeparatorGateway: AtSeparatorStateUpdate - SeparatorState=Selected. 
------------------SeparatorGateway AtSeparatorStateUpdate Selected undefined???
----------Protocol Select: After RoboSep_RunSamples.getInstance().addToRun
2019-05-10T13:13:51 INFO Adding protocol to current run
2019-05-10T13:13:51 INFO Protocol Selection home button exit after sTime seconds.
------------------------------ SetGuiState:  SeparatorState.Selected -------------------------
2019-05-10T13:13:51 INFO SetGuiState:  SeparatorState.Selected -------------------------
2019-05-10T13:13:51 INFO Estimated run completion = 01:00
2019-05-10T13:13:51 INFO Estimated run completion = 01:00
---------Now update the display
------------------------------ SetGuiState:  SeparatorState.Selected -------------------------
2019-05-10T13:13:51 INFO SetGuiState:  SeparatorState.Selected -------------------------
RunSamples 32 : setSampleVolume QuadrantId=Quadrant3, Volume=5
2019-05-10T13:13:52 INFO Quad: 3 Sample Vol 0.005
RunSamples 33 : setSampleVolume QuadrantId=Quadrant3 completed.
---------AtProtocolConsumablesUpdate: given 'consumables' are not null.
---------AtProtocolConsumablesUpdate: update the protocol table (using the newly received sample volumes).
---------Now update the display
2019-05-10T13:13:52 DEBUG >> Enter to (ScheduleRun)
2019-05-10T13:13:52 DEBUG Requesting ETC update (ScheduleRun)
2019-05-10T13:13:52 INFO Sample 0: Protocol ID:782776077, Volume:5000.000[uL]
2019-05-10T13:13:52 DEBUG ETC update: 2019-05-10T13:50:48
2019-05-10T13:13:53 DEBUG >> Leave (ScheduleRun)
2019-05-10T13:13:53 DEBUG Time remaining (ScheduleRun ETC):	0.0256466172962963
2019-05-10T13:13:53 INFO Estimated run completion = 37:00
--------- SeparatorGateway: AtSeparatorStateUpdate - SeparatorState=Ready. 
------------------------------ SetGuiState:  SeparatorState.Ready -------------------------
2019-05-10T13:13:53 INFO SetGuiState:  SeparatorState.Ready -------------------------
2019-05-10T13:13:58 INFO Run Samples button clicked
2019-05-10T13:13:58 INFO Scheduling Run
---------Run Samples: getConsumables called : iProtocolSelectCount = 1
GetProtocolConsumables called. selectedProtocolIndexNumber = 0.
myChosenProtocols.GetKey returns QuadrantId = Quadrant3.
protocolName=Human Resting CD4+ T Cell Isolation 17962. initialQuadrant=Quadrant3.
2019-05-10T13:13:58 DEBUG Getting Consumables for 1 quadrants
.............................Human Resting CD4+ T Cell Isolation 17962 0 0
                                         0 0
2019-05-10T13:13:58 DEBUG QuadrantManager::StartRun
2019-05-10T13:13:58 DEBUG protocol: Human Resting CD4+ T Cell Isolation 17962.xml is acquired.
2019-05-10T13:13:58 DEBUG >> Starting acquiring protocol command list[0]
2019-05-10T13:13:58 DEBUG >>>> Entering to getProtocolCommandList[0]
2019-05-10T13:13:58 DEBUG ++++++getProtocolCommandList() before lock
2019-05-10T13:13:58 DEBUG ------Entering to getProtocolCommandList at ControlProxy
2019-05-10T13:13:58 DEBUG >>>>>>> Entering to getProtocolCommandList at XMLRpcProxy
2019-05-10T13:13:58 DEBUG >>>>>>> Leaving getProtocolCommandList at XMLRpcProxy
2019-05-10T13:13:58 DEBUG ------Leaving getProtocolCommandList at ControlProxy
2019-05-10T13:13:58 DEBUG ++++++getProtocolCommandList() After lock
2019-05-10T13:13:58 DEBUG >>>> Leaving getProtocolCommandList[0]
2019-05-10T13:13:58 DEBUG >>>> Entering to ConvertCmdStringListToIntList
2019-05-10T13:13:58 DEBUG >>>> Leaving ConvertCmdStringListToIntList
2019-05-10T13:13:58 DEBUG >> finishing acquiring protocol command list[0]
2019-05-10T13:13:58 DEBUG protocol: Human Resting CD4+ T Cell Isolation 17962.xml commands: 12
2019-05-10T13:13:58 DEBUG ProgressBar set 1 steps
2019-05-10T13:13:58 DEBUG ProgressBar set 12 steps
2019-05-10T13:13:58 DEBUG Run progress info set.
2019-05-10T13:13:58 DEBUG Displaying quadrant 2 resources
2019-05-10T13:14:53 ERROR Index was outside the bounds of the array.
2019-05-10T13:14:53 ERROR    at GUI_Console.RoboSep_Resources.UpdateList(Int32 QuadrantNumber) in D:\Projects-git\INS-RoboSep-S\Client\CWJ_Console\RoboSep_Resources.cs:line 1708
   at GUI_Console.RoboSep_Resources.loadQuadrantResources(Int32 QuadrantNumber) in D:\Projects-git\INS-RoboSep-S\Client\CWJ_Console\RoboSep_Resources.cs:line 1298
   at GUI_Console.RoboSep_Resources.grabQuadrantResources() in D:\Projects-git\INS-RoboSep-S\Client\CWJ_Console\RoboSep_Resources.cs:line 958
   at GUI_Console.RoboSep_Resources.LoadResources() in D:\Projects-git\INS-RoboSep-S\Client\CWJ_Console\RoboSep_Resources.cs:line 375
   at GUI_Console.RoboSep_Resources.RoboSep_Resources_Load(Object sender, EventArgs e) in D:\Projects-git\INS-RoboSep-S\Client\CWJ_Console\RoboSep_Resources.cs:line 368
   at System.Windows.Forms.UserControl.OnLoad(EventArgs e)
   at System.Windows.Forms.UserControl.OnCreateControl()
   at System.Windows.Forms.Control.CreateControl(Boolean fIgnoreVisible)
   at System.Windows.Forms.Control.CreateControl()
   at System.Windows.Forms.Control.ControlCollection.Add(Control value)
   at System.Windows.Forms.Form.ControlCollection.Add(Control value)
   at GUI_Console.RoboSep_RunSamples.button_RunSamples_Click(Object sender, EventArgs e) in D:\Projects-git\INS-RoboSep-S\Client\CWJ_Console\RoboSep_RunSamples.cs:line 1470
   at System.EventHandler.Invoke(Object sender, EventArgs e)
   at System.Windows.Forms.Control.OnClick(EventArgs e)
   at System.Windows.Forms.Control.WmMouseUp(Message& m, MouseButtons button, Int32 clicks)
   at System.Windows.Forms.Control.WndProc(Message& m)
   at System.Windows.Forms.ScrollableControl.WndProc(Message& m)
   at System.Windows.Forms.ContainerControl.WndProc(Message& m)
   at System.Windows.Forms.UserControl.WndProc(Message& m)
   at System.Windows.Forms.Control.ControlNativeWindow.OnMessage(Message& m)
   at System.Windows.Forms.Control.ControlNativeWindow.WndProc(Message& m)
   at System.Windows.Forms.NativeWindow.Callback(IntPtr hWnd, Int32 msg, IntPtr wparam, IntPtr lparam)
2019-05-10T13:15:05 INFO Unload is called.
2019-05-10T13:15:05 DEBUG ProgressBar set 1 steps
2019-05-10T13:15:05 DEBUG Cancel button clicked
