2019-05-17T09:18:07 INFO Application log initialised
2019-05-17T09:18:07 DEBUG Remoting Address = 127.0.0.1
2019-05-17T09:18:07 DEBUG ICS Server URL       = http://127.0.0.1:8000
2019-05-17T09:18:07 DEBUG ICS EventSink URL    = http://127.0.0.1:8001/InstrumentControlEventSink
2019-05-17T09:18:07 DEBUG Separator Server URL =  tcp://127.0.0.1:3149/Separator
2019-05-17T09:18:07 DEBUG Configured address = 127.0.0.1
2019-05-17T09:18:07 INFO Initializing User Console
2019-05-17T09:18:07 DEBUG Initializing UserDB
2019-05-17T09:18:07 INFO Application config path: C:\Program Files\STI\RoboSep\config\
2019-05-17T09:18:07 INFO output: C:\Program Files\STI\RoboSep\protocols\
2019-05-17T09:18:07 INFO XSD Path : c:\Program Files\STI\RoboSep\
2019-05-17T09:18:07 DEBUG 225protocols loaded
2019-05-17T09:18:07 ERROR Failed to convert variable '00/00/0000' to valid date.
2019-05-17T09:18:07 ERROR WarrantyExpireDate in GUI.ini file is invalid.
2019-05-17T09:18:07 DEBUG Creating new Form_Home
2019-05-17T09:18:07 INFO Command to launch service 'dns-sd.exe -R "Orca1" _robosep._tcp . 5899' for Network ORCA.
2019-05-17T09:18:07 INFO Service 'dns-sd.exe' for network ORCA has been launched. ProcessID='3768'. Path='C:\Windows\system32'
2019-05-17T09:18:07 INFO Loading User Console
2019-05-17T09:18:07 ERROR Starting GUI Thread
2019-05-17T09:18:07 INFO Connecting...
2019-05-17T09:18:08 INFO set user.db file to : User1.udb
2019-05-17T09:18:08 INFO <<<<<<<<<<<<<<<<<<<<<<<,,, 1 tcp://127.0.0.1:3149/Separator
2019-05-17T09:18:08 INFO <<<<<<<<<<<<<<<<<<<<<<<,,, 2
2019-05-17T09:18:08 INFO output: C:\Program Files\STI\RoboSep\protocols\
2019-05-17T09:18:08 DEBUG Loaded Robosep User
2019-05-17T09:18:08 INFO Current user ID : 'SAP'.
2019-05-17T09:18:08 DEBUG Instrument Control API Ping() returned True
2019-05-17T09:18:08 INFO <<<<<<<<<<<<<<<<<<<<<<<,,, 3
2019-05-17T09:18:08 INFO Get system information for About menu
2019-05-17T09:18:08 INFO Estimated run completion = 01:00
2019-05-17T09:18:33 DEBUG Carousel state changed to: SeparatorUnloaded
2019-05-17T09:18:33 INFO SetGuiState:  SeparatorState.SeparatorUnloaded -------------------------
2019-05-17T09:18:34 INFO Stopping Splash page
2019-05-17T09:18:34 ERROR Failed to convert variable '00/0/0000' to valid date.
2019-05-17T09:18:34 ERROR Failed to convert variable '00/0/0000' to valid date.
2019-05-17T09:18:34 ERROR Failed to convert variable '00/0/0000' to valid date.
2019-05-17T09:18:34 ERROR Failed to convert variable '00/00/0000' to valid date.
2019-05-17T09:18:34 ERROR Failed to convert variable '00/00/0000' to valid date.
2019-05-17T09:18:34 INFO Initializing About user control
2019-05-17T09:18:34 INFO Generating Robosep Resources user control
2019-05-17T09:18:34 INFO Initializing Run Samples user control
2019-05-17T09:18:34 INFO PauseResumeDialog form created
2019-05-17T09:18:38 INFO New Protocol Select user control generated
2019-05-17T09:18:38 DEBUG Loaded 6 protocol from User SAP
2019-05-17T09:18:38 INFO output: C:\Program Files\STI\RoboSep\protocols\
2019-05-17T09:18:38 DEBUG Loaded Robosep User
2019-05-17T09:18:38 INFO Opening protocol selection for quadrant 1
2019-05-17T09:18:51 INFO Protocol Selection home button clicked
2019-05-17T09:18:51 INFO Protocol Selection home button exit
2019-05-17T09:18:53 DEBUG Home button clicked
2019-05-17T09:18:54 INFO Initializing Protocol List user control
2019-05-17T09:18:54 INFO Generating New UserProtocol user control
2019-05-17T09:18:54 INFO output: C:\Program Files\STI\RoboSep\protocols\
2019-05-17T09:18:54 DEBUG Loaded Robosep User
2019-05-17T09:18:54 DEBUG Hiding Home window
2019-05-17T09:18:54 INFO Protocols button clicked
2019-05-17T09:18:56 INFO New Touch Keyboard generated w/ Autocomplete
2019-05-17T09:19:04 DEBUG Updating Filtered list
2019-05-17T09:19:04 INFO Keyboard output: 'Easy'
2019-05-17T09:20:36 INFO Save user protocol list
2019-05-17T09:20:36 DEBUG Home button clicked
2019-05-17T09:20:38 INFO Initializing System user control
2019-05-17T09:20:38 DEBUG Hiding Home window
2019-05-17T09:20:38 INFO System button clicked
2019-05-17T09:20:39 WARNING Shutdown Software clicked
