2019-05-17T13:17:29 INFO Application log initialised
2019-05-17T13:17:29 DEBUG Remoting Address = 127.0.0.1
2019-05-17T13:17:29 DEBUG ICS Server URL       = http://127.0.0.1:8000
2019-05-17T13:17:29 DEBUG ICS EventSink URL    = http://127.0.0.1:8001/InstrumentControlEventSink
2019-05-17T13:17:29 DEBUG Separator Server URL =  tcp://127.0.0.1:3149/Separator
2019-05-17T13:17:29 DEBUG Configured address = 127.0.0.1
2019-05-17T13:17:29 INFO Initializing User Console
2019-05-17T13:17:29 DEBUG Initializing UserDB
2019-05-17T13:17:29 INFO Application config path: C:\Program Files\STI\RoboSep\config\
2019-05-17T13:17:29 INFO output: C:\Program Files\STI\RoboSep\protocols\
2019-05-17T13:17:30 INFO XSD Path : c:\Program Files\STI\RoboSep\
2019-05-17T13:17:30 DEBUG 228protocols loaded
2019-05-17T13:17:30 ERROR Failed to convert variable '00/00/0000' to valid date.
2019-05-17T13:17:30 ERROR WarrantyExpireDate in GUI.ini file is invalid.
2019-05-17T13:17:30 DEBUG Creating new Form_Home
2019-05-17T13:17:30 INFO Command to launch service 'dns-sd.exe -R "Orca1" _robosep._tcp . 5899' for Network ORCA.
2019-05-17T13:17:30 INFO Service 'dns-sd.exe' for network ORCA has been launched. ProcessID='1332'. Path='C:\Windows\system32'
2019-05-17T13:17:30 INFO Loading User Console
2019-05-17T13:17:30 ERROR Starting GUI Thread
2019-05-17T13:17:30 INFO Connecting...
2019-05-17T13:17:30 INFO set user.db file to : User1.udb
2019-05-17T13:17:30 INFO <<<<<<<<<<<<<<<<<<<<<<<,,, 1 tcp://127.0.0.1:3149/Separator
2019-05-17T13:17:30 INFO <<<<<<<<<<<<<<<<<<<<<<<,,, 2
2019-05-17T13:17:30 INFO output: C:\Program Files\STI\RoboSep\protocols\
2019-05-17T13:17:30 DEBUG Loaded Robosep User
2019-05-17T13:17:30 INFO Current user ID : 'SAP'.
2019-05-17T13:17:31 DEBUG Instrument Control API Ping() returned False
2019-05-17T13:17:31 WARNING retryCount = 25 Unable to connect to the remote server
2019-05-17T13:17:34 DEBUG Instrument Control API Ping() returned False
2019-05-17T13:17:34 WARNING retryCount = 24 Unable to connect to the remote server
2019-05-17T13:17:37 DEBUG Instrument Control API Ping() returned False
2019-05-17T13:17:37 WARNING retryCount = 23 Unable to connect to the remote server
2019-05-17T13:17:40 DEBUG Instrument Control API Ping() returned False
2019-05-17T13:17:40 WARNING retryCount = 22 Unable to connect to the remote server
2019-05-17T13:17:43 DEBUG Instrument Control API Ping() returned False
2019-05-17T13:17:43 WARNING retryCount = 21 Unable to connect to the remote server
2019-05-17T13:17:46 DEBUG Instrument Control API Ping() returned False
2019-05-17T13:17:46 WARNING retryCount = 20 Unable to connect to the remote server
2019-05-17T13:17:48 DEBUG Instrument Control API Ping() returned False
2019-05-17T13:17:48 WARNING retryCount = 19 Unable to connect to the remote server
2019-05-17T13:17:51 DEBUG Instrument Control API Ping() returned False
2019-05-17T13:17:51 WARNING retryCount = 18 Unable to connect to the remote server
2019-05-17T13:17:54 DEBUG Instrument Control API Ping() returned False
2019-05-17T13:17:54 WARNING retryCount = 17 Unable to connect to the remote server
2019-05-17T13:17:57 DEBUG Instrument Control API Ping() returned False
2019-05-17T13:17:57 WARNING retryCount = 16 Unable to connect to the remote server
2019-05-17T13:18:01 DEBUG Instrument Control API Ping() returned False
2019-05-17T13:18:01 WARNING retryCount = 15 Unable to connect to the remote server
2019-05-17T13:18:04 DEBUG Instrument Control API Ping() returned False
2019-05-17T13:18:04 WARNING retryCount = 14 Unable to connect to the remote server
2019-05-17T13:18:07 DEBUG Instrument Control API Ping() returned False
2019-05-17T13:18:07 WARNING retryCount = 13 Unable to connect to the remote server
2019-05-17T13:18:10 DEBUG Instrument Control API Ping() returned False
2019-05-17T13:18:10 WARNING retryCount = 12 Unable to connect to the remote server
2019-05-17T13:18:13 DEBUG Instrument Control API Ping() returned False
2019-05-17T13:18:13 WARNING retryCount = 11 Unable to connect to the remote server
2019-05-17T13:18:16 DEBUG Instrument Control API Ping() returned False
2019-05-17T13:18:16 WARNING retryCount = 10 Unable to connect to the remote server
2019-05-17T13:18:19 DEBUG Instrument Control API Ping() returned False
2019-05-17T13:18:19 WARNING retryCount = 9 Unable to connect to the remote server
2019-05-17T13:18:22 DEBUG Instrument Control API Ping() returned False
2019-05-17T13:18:22 WARNING retryCount = 8 Unable to connect to the remote server
2019-05-17T13:18:25 DEBUG Instrument Control API Ping() returned False
2019-05-17T13:18:25 WARNING retryCount = 7 Unable to connect to the remote server
2019-05-17T13:18:28 DEBUG Instrument Control API Ping() returned False
2019-05-17T13:18:28 WARNING retryCount = 6 Unable to connect to the remote server
2019-05-17T13:18:31 DEBUG Instrument Control API Ping() returned False
2019-05-17T13:18:31 WARNING retryCount = 5 Unable to connect to the remote server
2019-05-17T13:18:34 DEBUG Instrument Control API Ping() returned False
2019-05-17T13:18:34 WARNING retryCount = 4 Unable to connect to the remote server
2019-05-17T13:18:37 DEBUG Instrument Control API Ping() returned False
2019-05-17T13:18:37 WARNING retryCount = 3 Unable to connect to the remote server
2019-05-17T13:18:40 DEBUG Instrument Control API Ping() returned False
2019-05-17T13:18:40 WARNING retryCount = 2 Unable to connect to the remote server
2019-05-17T13:18:43 DEBUG Instrument Control API Ping() returned False
2019-05-17T13:18:43 WARNING retryCount = 1 Unable to connect to the remote server
2019-05-17T13:18:43 INFO <<<<<<<<<<<<<<<<<<<<<<<,,, 3
2019-05-17T13:18:44 DEBUG Instrument Control API Ping() returned False
2019-05-17T13:18:44 WARNING retryCount = 25 Unable to connect to the remote server
2019-05-17T13:18:48 DEBUG Instrument Control API Ping() returned False
2019-05-17T13:18:48 WARNING retryCount = 24 Unable to connect to the remote server
2019-05-17T13:18:51 DEBUG Instrument Control API Ping() returned False
2019-05-17T13:18:51 WARNING retryCount = 23 Unable to connect to the remote server
2019-05-17T13:18:54 DEBUG Instrument Control API Ping() returned False
2019-05-17T13:18:54 WARNING retryCount = 22 Unable to connect to the remote server
2019-05-17T13:18:57 DEBUG Instrument Control API Ping() returned False
2019-05-17T13:18:57 WARNING retryCount = 21 Unable to connect to the remote server
2019-05-17T13:19:00 DEBUG Instrument Control API Ping() returned False
2019-05-17T13:19:00 WARNING retryCount = 20 Unable to connect to the remote server
2019-05-17T13:19:03 DEBUG Instrument Control API Ping() returned False
2019-05-17T13:19:03 WARNING retryCount = 19 Unable to connect to the remote server
2019-05-17T13:19:06 DEBUG Instrument Control API Ping() returned False
2019-05-17T13:19:06 WARNING retryCount = 18 Unable to connect to the remote server
2019-05-17T13:19:09 DEBUG Instrument Control API Ping() returned False
2019-05-17T13:19:09 WARNING retryCount = 17 Unable to connect to the remote server
2019-05-17T13:19:12 DEBUG Instrument Control API Ping() returned False
2019-05-17T13:19:12 WARNING retryCount = 16 Unable to connect to the remote server
2019-05-17T13:19:15 DEBUG Instrument Control API Ping() returned False
2019-05-17T13:19:15 WARNING retryCount = 15 Unable to connect to the remote server
2019-05-17T13:19:18 DEBUG Instrument Control API Ping() returned False
2019-05-17T13:19:18 WARNING retryCount = 14 Unable to connect to the remote server
2019-05-17T13:19:21 DEBUG Instrument Control API Ping() returned False
2019-05-17T13:19:21 WARNING retryCount = 13 Unable to connect to the remote server
2019-05-17T13:19:24 DEBUG Instrument Control API Ping() returned False
2019-05-17T13:19:24 WARNING retryCount = 12 Unable to connect to the remote server
2019-05-17T13:19:27 DEBUG Instrument Control API Ping() returned False
2019-05-17T13:19:27 WARNING retryCount = 11 Unable to connect to the remote server
2019-05-17T13:19:30 DEBUG Instrument Control API Ping() returned False
2019-05-17T13:19:30 WARNING retryCount = 10 Unable to connect to the remote server
2019-05-17T13:19:33 DEBUG Instrument Control API Ping() returned False
2019-05-17T13:19:33 WARNING retryCount = 9 Unable to connect to the remote server
2019-05-17T13:19:36 DEBUG Instrument Control API Ping() returned False
2019-05-17T13:19:36 WARNING retryCount = 8 Unable to connect to the remote server
2019-05-17T13:19:39 DEBUG Instrument Control API Ping() returned False
2019-05-17T13:19:39 WARNING retryCount = 7 Unable to connect to the remote server
2019-05-17T13:19:42 DEBUG Instrument Control API Ping() returned False
2019-05-17T13:19:42 WARNING retryCount = 6 Unable to connect to the remote server
