2019-06-26T09:36:39 INFO Application log initialised
2019-06-26T09:36:39 DEBUG Remoting Address = 127.0.0.1
2019-06-26T09:36:39 DEBUG ICS Server URL       = http://127.0.0.1:8000
2019-06-26T09:36:39 DEBUG ICS EventSink URL    = http://127.0.0.1:8001/InstrumentControlEventSink
2019-06-26T09:36:39 DEBUG Separator Server URL =  tcp://127.0.0.1:3149/Separator
2019-06-26T09:36:39 DEBUG Configured address = 127.0.0.1
2019-06-26T09:36:39 INFO Initializing User Console
2019-06-26T09:36:39 DEBUG Initializing UserDB
2019-06-26T09:36:39 INFO Application config path: C:\Program Files\STI\RoboSep\config\
2019-06-26T09:36:39 INFO output: C:\Program Files\STI\RoboSep\protocols\
2019-06-26T09:36:39 INFO XSD Path : c:\Program Files\STI\RoboSep\
2019-06-26T09:36:40 DEBUG 229protocols loaded
2019-06-26T09:36:40 ERROR Failed to convert variable '00/00/0000' to valid date.
2019-06-26T09:36:40 ERROR WarrantyExpireDate in GUI.ini file is invalid.
2019-06-26T09:36:40 DEBUG Creating new Form_Home
2019-06-26T09:36:40 INFO Command to launch service 'dns-sd.exe -R "Orca1" _robosep._tcp . 5899' for Network ORCA.
2019-06-26T09:36:40 INFO Service 'dns-sd.exe' for network ORCA has been launched. ProcessID='4012'. Path='C:\Windows\system32'
2019-06-26T09:36:40 INFO Loading User Console
2019-06-26T09:36:40 INFO Connecting...
2019-06-26T09:36:40 ERROR Starting GUI Thread
2019-06-26T09:36:40 INFO set user.db file to : User1.udb
2019-06-26T09:36:40 INFO <<<<<<<<<<<<<<<<<<<<<<<,,, 1 tcp://127.0.0.1:3149/Separator
2019-06-26T09:36:40 INFO <<<<<<<<<<<<<<<<<<<<<<<,,, 2
2019-06-26T09:36:40 INFO output: C:\Program Files\STI\RoboSep\protocols\
2019-06-26T09:36:40 DEBUG Loaded Robosep User
2019-06-26T09:36:40 INFO Current user ID : 'SAP'.
2019-06-26T09:36:40 DEBUG Instrument Control API Ping() returned True
2019-06-26T09:36:40 INFO <<<<<<<<<<<<<<<<<<<<<<<,,, 3
2019-06-26T09:36:41 INFO Get system information for About menu
--------- SeparatorGateway: AtSeparatorStateUpdate - SeparatorState=Initialising. 
2019-06-26T09:36:41 INFO Estimated run completion = 01:00
---------Now update the display
2019-06-26T09:37:06 DEBUG Carousel state changed to: SeparatorUnloaded
--------- SeparatorGateway: AtSeparatorStateUpdate - SeparatorState=SeparatorUnloaded. 
------------------------------ SetGuiState:  SeparatorState.SeparatorUnloaded -------------------------
2019-06-26T09:37:06 INFO SetGuiState:  SeparatorState.SeparatorUnloaded -------------------------
2019-06-26T09:37:06 INFO Stopping Splash page
2019-06-26T09:37:06 ERROR Failed to convert variable '00/0/0000' to valid date.
2019-06-26T09:37:06 ERROR Failed to convert variable '00/0/0000' to valid date.
2019-06-26T09:37:06 ERROR Failed to convert variable '00/0/0000' to valid date.
2019-06-26T09:37:06 ERROR Failed to convert variable '00/00/0000' to valid date.
2019-06-26T09:37:06 ERROR Failed to convert variable '00/00/0000' to valid date.
2019-06-26T09:37:06 INFO Initializing About user control
2019-06-26T09:37:06 INFO Generating Robosep Resources user control
2019-06-26T09:37:06 INFO Initializing Run Samples user control
2019-06-26T09:37:06 INFO PauseResumeDialog form created
2019-06-26T09:49:07 INFO New Protocol Select user control generated
2019-06-26T09:49:07 DEBUG Loaded 12 protocol from User SAP
2019-06-26T09:49:07 INFO output: C:\Program Files\STI\RoboSep\protocols\
2019-06-26T09:49:07 DEBUG Loaded Robosep User
2019-06-26T09:49:07 INFO Opening protocol selection for quadrant 1
2019-06-26T09:49:09 INFO Protocol Selection play button clicked
---------No reloading of user protocols is required.
---------No need to reload my protocol list.
---------Select the protocol 2 Quad Sequential Protocol v1_2 (barcoded) before exiting.
---------Protocol Select: SelectProtocol called.
----------Protocol Select: Called RoboSep_RunSamples.getInstance().addToRun
---------Called SelectProtocol
2019-06-26T09:49:09 DEBUG Adding protocol '2 Quad Sequential Protocol v1_2 (barcoded)' to run at quadrant0
2019-06-26T09:49:09 DEBUG Opening New Number Pad window
2019-06-26T09:49:11 DEBUG Volume: 2.000
2019-06-26T09:49:11 INFO Estimated run completion = 01:00
--------- SeparatorGateway: AtSeparatorStateUpdate - SeparatorState=Selected. 
------------------SeparatorGateway AtSeparatorStateUpdate Selected undefined???
----------Protocol Select: After RoboSep_RunSamples.getInstance().addToRun
2019-06-26T09:49:11 INFO Adding protocol to current run
2019-06-26T09:49:11 INFO Protocol Selection home button exit after sTime seconds.
------------------------------ SetGuiState:  SeparatorState.Selected -------------------------
2019-06-26T09:49:12 INFO SetGuiState:  SeparatorState.Selected -------------------------
2019-06-26T09:49:12 INFO Estimated run completion = 01:00
2019-06-26T09:49:12 INFO Estimated run completion = 01:00
---------Now update the display
------------------------------ SetGuiState:  SeparatorState.Selected -------------------------
2019-06-26T09:49:12 INFO SetGuiState:  SeparatorState.Selected -------------------------
RunSamples 32 : setSampleVolume QuadrantId=Quadrant1, Volume=2
2019-06-26T09:49:12 INFO Quad: 1 Sample Vol 0.002
RunSamples 33 : setSampleVolume QuadrantId=Quadrant1 completed.
---------AtProtocolConsumablesUpdate: given 'consumables' are not null.
---------AtProtocolConsumablesUpdate: update the protocol table (using the newly received sample volumes).
---------Now update the display
2019-06-26T09:49:12 DEBUG >> Enter to (ScheduleRun)
2019-06-26T09:49:12 DEBUG Requesting ETC update (ScheduleRun)
2019-06-26T09:49:12 INFO Sample 0: Protocol ID:1403791069, Volume:2000.000[uL]
2019-06-26T09:49:12 DEBUG ETC update: 2019-06-26T09:53:31
2019-06-26T09:49:13 INFO New Protocol Select user control generated
2019-06-26T09:49:13 DEBUG Loaded 12 protocol from User SAP
2019-06-26T09:49:13 INFO output: C:\Program Files\STI\RoboSep\protocols\
2019-06-26T09:49:13 DEBUG Loaded Robosep User
2019-06-26T09:49:13 INFO Opening protocol selection for quadrant 3
2019-06-26T09:49:13 DEBUG >> Leave (ScheduleRun)
2019-06-26T09:49:13 DEBUG Time remaining (ScheduleRun ETC):	0.00298619015972222
2019-06-26T09:49:13 INFO Estimated run completion = 05:00
--------- SeparatorGateway: AtSeparatorStateUpdate - SeparatorState=Ready. 
------------------------------ SetGuiState:  SeparatorState.Ready -------------------------
2019-06-26T09:49:13 INFO SetGuiState:  SeparatorState.Ready -------------------------
2019-06-26T09:49:17 INFO Protocol Selection play button clicked
---------No reloading of user protocols is required.
---------No need to reload my protocol list.
---------Select the protocol Human Resting CD4+ T Cell Isolation 17962 before exiting.
---------Protocol Select: SelectProtocol called.
----------Protocol Select: Called RoboSep_RunSamples.getInstance().addToRun
---------Called SelectProtocol
2019-06-26T09:49:17 DEBUG Adding protocol 'Human Resting CD4+ T Cell Isolation 17962' to run at quadrant2
2019-06-26T09:49:17 DEBUG Opening New Number Pad window
2019-06-26T09:49:19 DEBUG Volume: 2.000
2019-06-26T09:49:19 INFO Estimated run completion = 01:00
----------Protocol Select: After RoboSep_RunSamples.getInstance().addToRun
2019-06-26T09:49:19 INFO Adding protocol to current run
--------- SeparatorGateway: AtSeparatorStateUpdate - SeparatorState=Selected. 
2019-06-26T09:49:19 INFO Protocol Selection home button exit after sTime seconds.
------------------SeparatorGateway AtSeparatorStateUpdate Selected undefined???
------------------------------ SetGuiState:  SeparatorState.Selected -------------------------
2019-06-26T09:49:19 INFO SetGuiState:  SeparatorState.Selected -------------------------
2019-06-26T09:49:19 INFO Estimated run completion = 01:00
2019-06-26T09:49:19 INFO Estimated run completion = 01:00
---------Now update the display
------------------------------ SetGuiState:  SeparatorState.Selected -------------------------
2019-06-26T09:49:19 INFO SetGuiState:  SeparatorState.Selected -------------------------
RunSamples 32 : setSampleVolume QuadrantId=Quadrant3, Volume=2
2019-06-26T09:49:19 INFO Quad: 3 Sample Vol 0.002
RunSamples 33 : setSampleVolume QuadrantId=Quadrant3 completed.
---------AtProtocolConsumablesUpdate: given 'consumables' are not null.
---------AtProtocolConsumablesUpdate: update the protocol table (using the newly received sample volumes).
---------Now update the display
2019-06-26T09:49:19 DEBUG >> Enter to (ScheduleRun)
2019-06-26T09:49:19 DEBUG Requesting ETC update (ScheduleRun)
2019-06-26T09:49:19 INFO Sample 0: Protocol ID:1403791069, Volume:2000.000[uL], Sample 1: Protocol ID:782776077, Volume:2000.000[uL]
2019-06-26T09:49:20 DEBUG ETC update: 2019-06-26T10:30:31
2019-06-26T09:49:21 DEBUG >> Leave (ScheduleRun)
2019-06-26T09:49:21 DEBUG Time remaining (ScheduleRun ETC):	0.0285987118611111
2019-06-26T09:49:21 INFO Estimated run completion = 42:00
--------- SeparatorGateway: AtSeparatorStateUpdate - SeparatorState=Ready. 
------------------------------ SetGuiState:  SeparatorState.Ready -------------------------
2019-06-26T09:49:21 INFO SetGuiState:  SeparatorState.Ready -------------------------
2019-06-26T09:49:29 INFO Run Samples button clicked
2019-06-26T09:49:29 INFO Scheduling Run
---------Run Samples: getConsumables called : iProtocolSelectCount = 2
GetProtocolConsumables called. selectedProtocolIndexNumber = 0.
myChosenProtocols.GetKey returns QuadrantId = Quadrant1.
protocolName=2 Quad Sequential Protocol v1_2 (barcoded). initialQuadrant=Quadrant1.
GetProtocolConsumables called. selectedProtocolIndexNumber = 1.
myChosenProtocols.GetKey returns QuadrantId = Quadrant3.
protocolName=Human Resting CD4+ T Cell Isolation 17962. initialQuadrant=Quadrant3.
2019-06-26T09:49:29 DEBUG Getting Consumables for 2 quadrants
.............................2 Quad Sequential Protocol v1_2 (barcoded) 0 0
                                         0 0
.............................Human Resting CD4+ T Cell Isolation 17962 0 1
                                         0 1
2019-06-26T09:49:29 DEBUG QuadrantManager::StartRun
2019-06-26T09:49:29 DEBUG protocol: 2 Quad Sequential Protocol v1_2 (barcoded).xml is acquired.
2019-06-26T09:49:29 DEBUG >> Starting acquiring protocol command list[0]
2019-06-26T09:49:29 DEBUG >>>> Entering to getProtocolCommandList[0]
2019-06-26T09:49:29 DEBUG ++++++getProtocolCommandList() before lock
2019-06-26T09:49:29 DEBUG ------Entering to getProtocolCommandList at ControlProxy
2019-06-26T09:49:29 DEBUG >>>>>>> Entering to getProtocolCommandList at XMLRpcProxy
2019-06-26T09:49:29 DEBUG >>>>>>> Leaving getProtocolCommandList at XMLRpcProxy
2019-06-26T09:49:29 DEBUG ------Leaving getProtocolCommandList at ControlProxy
2019-06-26T09:49:29 DEBUG ++++++getProtocolCommandList() After lock
2019-06-26T09:49:29 DEBUG >>>> Leaving getProtocolCommandList[0]
2019-06-26T09:49:29 DEBUG >>>> Entering to ConvertCmdStringListToIntList
2019-06-26T09:49:29 DEBUG >>>> Leaving ConvertCmdStringListToIntList
2019-06-26T09:49:29 DEBUG >> finishing acquiring protocol command list[0]
2019-06-26T09:49:29 DEBUG protocol: 2 Quad Sequential Protocol v1_2 (barcoded).xml commands: 8
2019-06-26T09:49:29 DEBUG ProgressBar set 1 steps
2019-06-26T09:49:29 DEBUG ProgressBar set 8 steps
2019-06-26T09:49:29 DEBUG Run progress info set.
2019-06-26T09:49:29 DEBUG protocol: Human Resting CD4+ T Cell Isolation 17962.xml is acquired.
2019-06-26T09:49:29 DEBUG >> Starting acquiring protocol command list[1]
2019-06-26T09:49:29 DEBUG >>>> Entering to getProtocolCommandList[1]
2019-06-26T09:49:29 DEBUG ++++++getProtocolCommandList() before lock
2019-06-26T09:49:29 DEBUG ------Entering to getProtocolCommandList at ControlProxy
2019-06-26T09:49:29 DEBUG >>>>>>> Entering to getProtocolCommandList at XMLRpcProxy
2019-06-26T09:49:29 DEBUG >>>>>>> Leaving getProtocolCommandList at XMLRpcProxy
2019-06-26T09:49:29 DEBUG ------Leaving getProtocolCommandList at ControlProxy
2019-06-26T09:49:29 DEBUG ++++++getProtocolCommandList() After lock
2019-06-26T09:49:29 DEBUG >>>> Leaving getProtocolCommandList[1]
2019-06-26T09:49:29 DEBUG >>>> Entering to ConvertCmdStringListToIntList
2019-06-26T09:49:29 DEBUG >>>> Leaving ConvertCmdStringListToIntList
2019-06-26T09:49:29 DEBUG >> finishing acquiring protocol command list[1]
2019-06-26T09:49:29 DEBUG protocol: Human Resting CD4+ T Cell Isolation 17962.xml commands: 13
2019-06-26T09:49:29 DEBUG ProgressBar set 13 steps
2019-06-26T09:49:29 DEBUG Run progress info set.
2019-06-26T09:49:29 DEBUG Displaying quadrant 0 resources
2019-06-26T09:50:57 DEBUG Loading resources from sharing protocols
2019-06-26T09:50:57 INFO Resource window is foreground
2019-06-26T09:51:04 DEBUG Displaying quadrant 1 resources
