2019-06-25T14:33:35 INFO Application log initialised
2019-06-25T14:33:35 DEBUG Remoting Address = 127.0.0.1
2019-06-25T14:33:35 DEBUG ICS Server URL       = http://127.0.0.1:8000
2019-06-25T14:33:35 DEBUG ICS EventSink URL    = http://127.0.0.1:8001/InstrumentControlEventSink
2019-06-25T14:33:35 DEBUG Separator Server URL =  tcp://127.0.0.1:3149/Separator
2019-06-25T14:33:35 DEBUG Configured address = 127.0.0.1
2019-06-25T14:33:35 INFO Initializing User Console
2019-06-25T14:33:35 DEBUG Initializing UserDB
2019-06-25T14:33:35 INFO Application config path: C:\Program Files\STI\RoboSep\config\
2019-06-25T14:33:35 INFO output: C:\Program Files\STI\RoboSep\protocols\
2019-06-25T14:33:36 INFO XSD Path : c:\Program Files\STI\RoboSep\
2019-06-25T14:33:36 DEBUG 229protocols loaded
2019-06-25T14:33:36 ERROR Failed to convert variable '00/00/0000' to valid date.
2019-06-25T14:33:36 ERROR WarrantyExpireDate in GUI.ini file is invalid.
2019-06-25T14:33:36 DEBUG Creating new Form_Home
2019-06-25T14:33:36 INFO Command to launch service 'dns-sd.exe -R "Orca1" _robosep._tcp . 5899' for Network ORCA.
2019-06-25T14:33:36 INFO Service 'dns-sd.exe' for network ORCA has been launched. ProcessID='2988'. Path='C:\Windows\system32'
2019-06-25T14:33:36 INFO Loading User Console
2019-06-25T14:33:36 ERROR Starting GUI Thread
2019-06-25T14:33:36 INFO set user.db file to : User1.udb
2019-06-25T14:33:36 INFO Connecting...
2019-06-25T14:33:36 INFO <<<<<<<<<<<<<<<<<<<<<<<,,, 1 tcp://127.0.0.1:3149/Separator
2019-06-25T14:33:36 INFO <<<<<<<<<<<<<<<<<<<<<<<,,, 2
2019-06-25T14:33:36 INFO output: C:\Program Files\STI\RoboSep\protocols\
2019-06-25T14:33:36 DEBUG Loaded Robosep User
2019-06-25T14:33:36 INFO Current user ID : 'SAP'.
2019-06-25T14:33:37 DEBUG Instrument Control API Ping() returned True
2019-06-25T14:33:37 INFO <<<<<<<<<<<<<<<<<<<<<<<,,, 3
2019-06-25T14:33:37 INFO Get system information for About menu
--------- SeparatorGateway: AtSeparatorStateUpdate - SeparatorState=Initialising. 
2019-06-25T14:33:37 INFO Estimated run completion = 01:00
---------Now update the display
2019-06-25T14:34:02 DEBUG Carousel state changed to: SeparatorUnloaded
--------- SeparatorGateway: AtSeparatorStateUpdate - SeparatorState=SeparatorUnloaded. 
------------------------------ SetGuiState:  SeparatorState.SeparatorUnloaded -------------------------
2019-06-25T14:34:02 INFO SetGuiState:  SeparatorState.SeparatorUnloaded -------------------------
2019-06-25T14:34:02 INFO Stopping Splash page
2019-06-25T14:34:02 ERROR Failed to convert variable '00/0/0000' to valid date.
2019-06-25T14:34:02 ERROR Failed to convert variable '00/0/0000' to valid date.
2019-06-25T14:34:02 ERROR Failed to convert variable '00/0/0000' to valid date.
2019-06-25T14:34:02 ERROR Failed to convert variable '00/00/0000' to valid date.
2019-06-25T14:34:02 ERROR Failed to convert variable '00/00/0000' to valid date.
2019-06-25T14:34:02 INFO Initializing About user control
2019-06-25T14:34:02 INFO Generating Robosep Resources user control
2019-06-25T14:34:02 INFO Initializing Run Samples user control
2019-06-25T14:34:03 INFO PauseResumeDialog form created
2019-06-25T14:34:40 INFO New Protocol Select user control generated
2019-06-25T14:34:40 DEBUG Loaded 12 protocol from User SAP
2019-06-25T14:34:40 INFO output: C:\Program Files\STI\RoboSep\protocols\
2019-06-25T14:34:40 DEBUG Loaded Robosep User
2019-06-25T14:34:40 INFO Opening protocol selection for quadrant 1
2019-06-25T14:34:42 INFO Protocol Selection play button clicked
---------No reloading of user protocols is required.
---------No need to reload my protocol list.
---------Select the protocol 2 Quad Sequential Protocol v1_2 (barcoded) before exiting.
---------Protocol Select: SelectProtocol called.
----------Protocol Select: Called RoboSep_RunSamples.getInstance().addToRun
---------Called SelectProtocol
2019-06-25T14:34:42 DEBUG Adding protocol '2 Quad Sequential Protocol v1_2 (barcoded)' to run at quadrant0
2019-06-25T14:34:42 DEBUG Opening New Number Pad window
2019-06-25T14:34:44 DEBUG Volume: 5.000
2019-06-25T14:34:44 INFO Estimated run completion = 01:00
--------- SeparatorGateway: AtSeparatorStateUpdate - SeparatorState=Selected. 
------------------SeparatorGateway AtSeparatorStateUpdate Selected undefined???
----------Protocol Select: After RoboSep_RunSamples.getInstance().addToRun
2019-06-25T14:34:44 INFO Adding protocol to current run
2019-06-25T14:34:44 INFO Protocol Selection home button exit after sTime seconds.
------------------------------ SetGuiState:  SeparatorState.Selected -------------------------
2019-06-25T14:34:44 INFO SetGuiState:  SeparatorState.Selected -------------------------
2019-06-25T14:34:44 INFO Estimated run completion = 01:00
2019-06-25T14:34:44 INFO Estimated run completion = 01:00
---------Now update the display
------------------------------ SetGuiState:  SeparatorState.Selected -------------------------
2019-06-25T14:34:44 INFO SetGuiState:  SeparatorState.Selected -------------------------
RunSamples 32 : setSampleVolume QuadrantId=Quadrant1, Volume=5
2019-06-25T14:34:45 INFO Quad: 1 Sample Vol 0.005
RunSamples 33 : setSampleVolume QuadrantId=Quadrant1 completed.
---------AtProtocolConsumablesUpdate: given 'consumables' are not null.
---------AtProtocolConsumablesUpdate: update the protocol table (using the newly received sample volumes).
---------Now update the display
2019-06-25T14:34:45 DEBUG >> Enter to (ScheduleRun)
2019-06-25T14:34:45 DEBUG Requesting ETC update (ScheduleRun)
2019-06-25T14:34:45 INFO Sample 0: Protocol ID:1403791069, Volume:5000.000[uL]
2019-06-25T14:34:45 DEBUG ETC update: 2019-06-25T14:38:50
2019-06-25T14:34:46 INFO Run Samples button clicked
2019-06-25T14:34:46 DEBUG >>Scheduler in progress
2019-06-25T14:34:46 DEBUG >> Leave (ScheduleRun)
2019-06-25T14:34:46 DEBUG Time remaining (ScheduleRun ETC):	0.0028305031099537
2019-06-25T14:34:46 INFO Estimated run completion = 05:00
--------- SeparatorGateway: AtSeparatorStateUpdate - SeparatorState=Ready. 
------------------------------ SetGuiState:  SeparatorState.Ready -------------------------
2019-06-25T14:34:46 INFO SetGuiState:  SeparatorState.Ready -------------------------
2019-06-25T14:34:46 INFO ---->> ISeparator busy
2019-06-25T14:34:46 INFO Scheduling Run
---------Run Samples: getConsumables called : iProtocolSelectCount = 1
GetProtocolConsumables called. selectedProtocolIndexNumber = 0.
myChosenProtocols.GetKey returns QuadrantId = Quadrant1.
protocolName=2 Quad Sequential Protocol v1_2 (barcoded). initialQuadrant=Quadrant1.
2019-06-25T14:34:46 DEBUG Getting Consumables for 1 quadrants
.............................2 Quad Sequential Protocol v1_2 (barcoded) 0 0
                                         0 0
2019-06-25T14:34:46 DEBUG QuadrantManager::StartRun
2019-06-25T14:34:46 DEBUG protocol: 2 Quad Sequential Protocol v1_2 (barcoded).xml is acquired.
2019-06-25T14:34:46 DEBUG >> Starting acquiring protocol command list[0]
2019-06-25T14:34:46 DEBUG >>>> Entering to getProtocolCommandList[0]
2019-06-25T14:34:46 DEBUG ++++++getProtocolCommandList() before lock
2019-06-25T14:34:46 DEBUG ------Entering to getProtocolCommandList at ControlProxy
2019-06-25T14:34:46 DEBUG >>>>>>> Entering to getProtocolCommandList at XMLRpcProxy
2019-06-25T14:34:46 DEBUG >>>>>>> Leaving getProtocolCommandList at XMLRpcProxy
2019-06-25T14:34:46 DEBUG ------Leaving getProtocolCommandList at ControlProxy
2019-06-25T14:34:46 DEBUG ++++++getProtocolCommandList() After lock
2019-06-25T14:34:46 DEBUG >>>> Leaving getProtocolCommandList[0]
2019-06-25T14:34:46 DEBUG >>>> Entering to ConvertCmdStringListToIntList
2019-06-25T14:34:46 DEBUG >>>> Leaving ConvertCmdStringListToIntList
2019-06-25T14:34:46 DEBUG >> finishing acquiring protocol command list[0]
2019-06-25T14:34:46 DEBUG protocol: 2 Quad Sequential Protocol v1_2 (barcoded).xml commands: 8
2019-06-25T14:34:46 DEBUG ProgressBar set 1 steps
2019-06-25T14:34:47 DEBUG ProgressBar set 8 steps
2019-06-25T14:34:47 DEBUG Run progress info set.
2019-06-25T14:34:47 DEBUG Displaying quadrant 0 resources
2019-06-25T14:34:50 DEBUG Loading resources from sharing protocols
2019-06-25T14:34:50 INFO Resource window is foreground
2019-06-25T14:34:57 INFO Unload is called.
2019-06-25T14:34:57 DEBUG ProgressBar set 1 steps
2019-06-25T14:34:57 DEBUG Cancel button clicked
2019-06-25T14:34:58 INFO New Protocol Select user control generated
2019-06-25T14:34:58 DEBUG Loaded 12 protocol from User SAP
2019-06-25T14:34:58 INFO output: C:\Program Files\STI\RoboSep\protocols\
2019-06-25T14:34:58 DEBUG Loaded Robosep User
2019-06-25T14:34:58 INFO Opening protocol selection for quadrant 3
2019-06-25T14:35:00 INFO Protocol Selection play button clicked
---------No reloading of user protocols is required.
---------No need to reload my protocol list.
---------Select the protocol 2 Quad Sequential Protocol v1_2 (barcoded) before exiting.
---------Protocol Select: SelectProtocol called.
----------Protocol Select: Called RoboSep_RunSamples.getInstance().addToRun
---------Called SelectProtocol
2019-06-25T14:35:00 DEBUG Adding protocol '2 Quad Sequential Protocol v1_2 (barcoded)' to run at quadrant2
2019-06-25T14:35:00 DEBUG Opening New Number Pad window
2019-06-25T14:35:02 DEBUG Volume: 5.000
2019-06-25T14:35:02 INFO Estimated run completion = 01:00
--------- SeparatorGateway: AtSeparatorStateUpdate - SeparatorState=Selected. 
------------------SeparatorGateway AtSeparatorStateUpdate Selected undefined???
----------Protocol Select: After RoboSep_RunSamples.getInstance().addToRun
2019-06-25T14:35:02 INFO Adding protocol to current run
2019-06-25T14:35:02 INFO Protocol Selection home button exit after sTime seconds.
------------------------------ SetGuiState:  SeparatorState.Selected -------------------------
2019-06-25T14:35:02 INFO SetGuiState:  SeparatorState.Selected -------------------------
2019-06-25T14:35:02 INFO Estimated run completion = 01:00
2019-06-25T14:35:02 INFO Estimated run completion = 01:00
---------Now update the display
------------------------------ SetGuiState:  SeparatorState.Selected -------------------------
2019-06-25T14:35:02 INFO SetGuiState:  SeparatorState.Selected -------------------------
RunSamples 32 : setSampleVolume QuadrantId=Quadrant3, Volume=5
2019-06-25T14:35:03 INFO Quad: 3 Sample Vol 0.005
RunSamples 33 : setSampleVolume QuadrantId=Quadrant3 completed.
---------AtProtocolConsumablesUpdate: given 'consumables' are not null.
---------AtProtocolConsumablesUpdate: update the protocol table (using the newly received sample volumes).
---------Now update the display
2019-06-25T14:35:03 DEBUG >> Enter to (ScheduleRun)
2019-06-25T14:35:03 DEBUG Requesting ETC update (ScheduleRun)
2019-06-25T14:35:03 INFO Sample 0: Protocol ID:1403791069, Volume:5000.000[uL], Sample 1: Protocol ID:1403791069, Volume:5000.000[uL]
2019-06-25T14:35:03 DEBUG ETC update: 2019-06-25T14:43:06
2019-06-25T14:35:04 INFO Run Samples button clicked
2019-06-25T14:35:04 DEBUG >>Scheduler in progress
2019-06-25T14:35:04 DEBUG >> Leave (ScheduleRun)
2019-06-25T14:35:04 DEBUG Time remaining (ScheduleRun ETC):	0.00558187753125
2019-06-25T14:35:04 INFO Estimated run completion = 09:00
--------- SeparatorGateway: AtSeparatorStateUpdate - SeparatorState=Ready. 
------------------------------ SetGuiState:  SeparatorState.Ready -------------------------
2019-06-25T14:35:04 INFO SetGuiState:  SeparatorState.Ready -------------------------
2019-06-25T14:35:04 INFO ---->> ISeparator busy
2019-06-25T14:35:04 INFO ---->> ISeparator busy
2019-06-25T14:35:04 INFO Scheduling Run
---------Run Samples: getConsumables called : iProtocolSelectCount = 2
GetProtocolConsumables called. selectedProtocolIndexNumber = 0.
myChosenProtocols.GetKey returns QuadrantId = Quadrant1.
protocolName=2 Quad Sequential Protocol v1_2 (barcoded). initialQuadrant=Quadrant1.
GetProtocolConsumables called. selectedProtocolIndexNumber = 1.
myChosenProtocols.GetKey returns QuadrantId = Quadrant3.
protocolName=2 Quad Sequential Protocol v1_2 (barcoded). initialQuadrant=Quadrant3.
2019-06-25T14:35:04 DEBUG Getting Consumables for 2 quadrants
.............................2 Quad Sequential Protocol v1_2 (barcoded) 0 0
                                         0 0
.............................2 Quad Sequential Protocol v1_2 (barcoded) 0 1
                                         0 1
2019-06-25T14:35:06 DEBUG QuadrantManager::StartRun
2019-06-25T14:35:06 DEBUG protocol: 2 Quad Sequential Protocol v1_2 (barcoded).xml is acquired.
2019-06-25T14:35:06 DEBUG >> Starting acquiring protocol command list[0]
2019-06-25T14:35:06 DEBUG >>>> Entering to getProtocolCommandList[0]
2019-06-25T14:35:06 DEBUG ++++++getProtocolCommandList() before lock
2019-06-25T14:35:06 DEBUG ------Entering to getProtocolCommandList at ControlProxy
2019-06-25T14:35:06 DEBUG >>>>>>> Entering to getProtocolCommandList at XMLRpcProxy
2019-06-25T14:35:06 DEBUG >>>>>>> Leaving getProtocolCommandList at XMLRpcProxy
2019-06-25T14:35:06 DEBUG ------Leaving getProtocolCommandList at ControlProxy
2019-06-25T14:35:06 DEBUG ++++++getProtocolCommandList() After lock
2019-06-25T14:35:06 DEBUG >>>> Leaving getProtocolCommandList[0]
2019-06-25T14:35:06 DEBUG >>>> Entering to ConvertCmdStringListToIntList
2019-06-25T14:35:06 DEBUG >>>> Leaving ConvertCmdStringListToIntList
2019-06-25T14:35:06 DEBUG >> finishing acquiring protocol command list[0]
2019-06-25T14:35:06 DEBUG protocol: 2 Quad Sequential Protocol v1_2 (barcoded).xml commands: 8
2019-06-25T14:35:06 DEBUG ProgressBar set 8 steps
2019-06-25T14:35:06 DEBUG Run progress info set.
2019-06-25T14:35:06 DEBUG protocol: 2 Quad Sequential Protocol v1_2 (barcoded).xml is acquired.
2019-06-25T14:35:06 DEBUG >> Starting acquiring protocol command list[1]
2019-06-25T14:35:06 DEBUG >>>> Entering to getProtocolCommandList[1]
2019-06-25T14:35:06 DEBUG ++++++getProtocolCommandList() before lock
2019-06-25T14:35:06 DEBUG ------Entering to getProtocolCommandList at ControlProxy
2019-06-25T14:35:06 DEBUG >>>>>>> Entering to getProtocolCommandList at XMLRpcProxy
2019-06-25T14:35:06 DEBUG >>>>>>> Leaving getProtocolCommandList at XMLRpcProxy
2019-06-25T14:35:06 DEBUG ------Leaving getProtocolCommandList at ControlProxy
2019-06-25T14:35:06 DEBUG ++++++getProtocolCommandList() After lock
2019-06-25T14:35:06 DEBUG >>>> Leaving getProtocolCommandList[1]
2019-06-25T14:35:06 DEBUG >>>> Entering to ConvertCmdStringListToIntList
2019-06-25T14:35:06 DEBUG >>>> Leaving ConvertCmdStringListToIntList
2019-06-25T14:35:06 DEBUG >> finishing acquiring protocol command list[1]
2019-06-25T14:35:06 DEBUG protocol: 2 Quad Sequential Protocol v1_2 (barcoded).xml commands: 8
2019-06-25T14:35:06 DEBUG ProgressBar set 8 steps
2019-06-25T14:35:06 DEBUG Run progress info set.
2019-06-25T14:35:06 DEBUG Displaying quadrant 0 resources
2019-06-25T14:35:41 DEBUG Loading resources from sharing protocols
2019-06-25T14:36:01 INFO Resource window is foreground
2019-06-25T14:36:14 DEBUG Displaying quadrant 1 resources
