2019-06-25T15:02:02 INFO Application log initialised
2019-06-25T15:02:02 DEBUG Remoting Address = 127.0.0.1
2019-06-25T15:02:02 DEBUG ICS Server URL       = http://127.0.0.1:8000
2019-06-25T15:02:02 DEBUG ICS EventSink URL    = http://127.0.0.1:8001/InstrumentControlEventSink
2019-06-25T15:02:02 DEBUG Separator Server URL =  tcp://127.0.0.1:3149/Separator
2019-06-25T15:02:02 DEBUG Configured address = 127.0.0.1
2019-06-25T15:02:02 INFO Initializing User Console
2019-06-25T15:02:02 DEBUG Initializing UserDB
2019-06-25T15:02:02 INFO Application config path: C:\Program Files\STI\RoboSep\config\
2019-06-25T15:02:02 INFO output: C:\Program Files\STI\RoboSep\protocols\
2019-06-25T15:02:02 INFO XSD Path : c:\Program Files\STI\RoboSep\
2019-06-25T15:02:02 DEBUG 229protocols loaded
2019-06-25T15:02:03 ERROR Failed to convert variable '00/00/0000' to valid date.
2019-06-25T15:02:03 ERROR WarrantyExpireDate in GUI.ini file is invalid.
2019-06-25T15:02:03 DEBUG Creating new Form_Home
2019-06-25T15:02:03 INFO Command to launch service 'dns-sd.exe -R "Orca1" _robosep._tcp . 5899' for Network ORCA.
2019-06-25T15:02:03 INFO Service 'dns-sd.exe' for network ORCA has been launched. ProcessID='1128'. Path='C:\Windows\system32'
2019-06-25T15:02:03 INFO Loading User Console
2019-06-25T15:02:03 ERROR Starting GUI Thread
2019-06-25T15:02:03 INFO Connecting...
2019-06-25T15:02:03 INFO set user.db file to : User1.udb
2019-06-25T15:02:03 INFO <<<<<<<<<<<<<<<<<<<<<<<,,, 1 tcp://127.0.0.1:3149/Separator
2019-06-25T15:02:03 INFO <<<<<<<<<<<<<<<<<<<<<<<,,, 2
2019-06-25T15:02:03 INFO output: C:\Program Files\STI\RoboSep\protocols\
2019-06-25T15:02:03 DEBUG Loaded Robosep User
2019-06-25T15:02:03 INFO Current user ID : 'SAP'.
2019-06-25T15:02:03 DEBUG Instrument Control API Ping() returned True
2019-06-25T15:02:03 INFO <<<<<<<<<<<<<<<<<<<<<<<,,, 3
2019-06-25T15:02:03 INFO Get system information for About menu
--------- SeparatorGateway: AtSeparatorStateUpdate - SeparatorState=Initialising. 
2019-06-25T15:02:03 INFO Estimated run completion = 01:00
---------Now update the display
2019-06-25T15:02:29 DEBUG Carousel state changed to: SeparatorUnloaded
--------- SeparatorGateway: AtSeparatorStateUpdate - SeparatorState=SeparatorUnloaded. 
------------------------------ SetGuiState:  SeparatorState.SeparatorUnloaded -------------------------
2019-06-25T15:02:29 INFO SetGuiState:  SeparatorState.SeparatorUnloaded -------------------------
2019-06-25T15:02:29 INFO Stopping Splash page
2019-06-25T15:02:29 ERROR Failed to convert variable '00/0/0000' to valid date.
2019-06-25T15:02:29 ERROR Failed to convert variable '00/0/0000' to valid date.
2019-06-25T15:02:29 ERROR Failed to convert variable '00/0/0000' to valid date.
2019-06-25T15:02:29 ERROR Failed to convert variable '00/00/0000' to valid date.
2019-06-25T15:02:29 ERROR Failed to convert variable '00/00/0000' to valid date.
2019-06-25T15:02:29 INFO Initializing About user control
2019-06-25T15:02:29 INFO Generating Robosep Resources user control
2019-06-25T15:02:29 INFO Initializing Run Samples user control
2019-06-25T15:02:29 INFO PauseResumeDialog form created
2019-06-25T15:07:04 INFO New Protocol Select user control generated
2019-06-25T15:07:04 DEBUG Loaded 12 protocol from User SAP
2019-06-25T15:07:04 INFO output: C:\Program Files\STI\RoboSep\protocols\
2019-06-25T15:07:04 DEBUG Loaded Robosep User
2019-06-25T15:07:04 INFO Opening protocol selection for quadrant 1
2019-06-25T15:07:07 INFO Protocol Selection play button clicked
---------No reloading of user protocols is required.
---------No need to reload my protocol list.
---------Select the protocol 2 Quad Sequential Protocol v1_2 (barcoded) before exiting.
---------Protocol Select: SelectProtocol called.
----------Protocol Select: Called RoboSep_RunSamples.getInstance().addToRun
---------Called SelectProtocol
2019-06-25T15:07:07 DEBUG Adding protocol '2 Quad Sequential Protocol v1_2 (barcoded)' to run at quadrant0
2019-06-25T15:07:07 DEBUG Opening New Number Pad window
2019-06-25T15:07:09 DEBUG Volume: 5.000
2019-06-25T15:07:09 INFO Estimated run completion = 01:00
--------- SeparatorGateway: AtSeparatorStateUpdate - SeparatorState=Selected. 
------------------SeparatorGateway AtSeparatorStateUpdate Selected undefined???
----------Protocol Select: After RoboSep_RunSamples.getInstance().addToRun
2019-06-25T15:07:09 INFO Adding protocol to current run
2019-06-25T15:07:09 INFO Protocol Selection home button exit after sTime seconds.
------------------------------ SetGuiState:  SeparatorState.Selected -------------------------
2019-06-25T15:07:09 INFO SetGuiState:  SeparatorState.Selected -------------------------
2019-06-25T15:07:09 INFO Estimated run completion = 01:00
2019-06-25T15:07:09 INFO Estimated run completion = 01:00
---------Now update the display
------------------------------ SetGuiState:  SeparatorState.Selected -------------------------
2019-06-25T15:07:09 INFO SetGuiState:  SeparatorState.Selected -------------------------
RunSamples 32 : setSampleVolume QuadrantId=Quadrant1, Volume=5
2019-06-25T15:07:09 INFO Quad: 1 Sample Vol 0.005
RunSamples 33 : setSampleVolume QuadrantId=Quadrant1 completed.
---------AtProtocolConsumablesUpdate: given 'consumables' are not null.
---------AtProtocolConsumablesUpdate: update the protocol table (using the newly received sample volumes).
---------Now update the display
2019-06-25T15:07:10 DEBUG >> Enter to (ScheduleRun)
2019-06-25T15:07:10 DEBUG Requesting ETC update (ScheduleRun)
2019-06-25T15:07:10 INFO Sample 0: Protocol ID:1403791069, Volume:5000.000[uL]
2019-06-25T15:07:10 DEBUG ETC update: 2019-06-25T15:11:15
2019-06-25T15:07:11 INFO Run Samples button clicked
2019-06-25T15:07:11 DEBUG >>Scheduler in progress
2019-06-25T15:07:11 DEBUG >> Leave (ScheduleRun)
2019-06-25T15:07:11 DEBUG Time remaining (ScheduleRun ETC):	0.00283099087962963
2019-06-25T15:07:11 INFO Estimated run completion = 05:00
--------- SeparatorGateway: AtSeparatorStateUpdate - SeparatorState=Ready. 
------------------------------ SetGuiState:  SeparatorState.Ready -------------------------
2019-06-25T15:07:11 INFO SetGuiState:  SeparatorState.Ready -------------------------
2019-06-25T15:07:11 INFO ---->> ISeparator busy
2019-06-25T15:07:11 INFO Scheduling Run
---------Run Samples: getConsumables called : iProtocolSelectCount = 1
GetProtocolConsumables called. selectedProtocolIndexNumber = 0.
myChosenProtocols.GetKey returns QuadrantId = Quadrant1.
protocolName=2 Quad Sequential Protocol v1_2 (barcoded). initialQuadrant=Quadrant1.
2019-06-25T15:07:11 DEBUG Getting Consumables for 1 quadrants
.............................2 Quad Sequential Protocol v1_2 (barcoded) 0 0
                                         0 0
2019-06-25T15:07:11 DEBUG QuadrantManager::StartRun
2019-06-25T15:07:11 DEBUG protocol: 2 Quad Sequential Protocol v1_2 (barcoded).xml is acquired.
2019-06-25T15:07:11 DEBUG >> Starting acquiring protocol command list[0]
2019-06-25T15:07:11 DEBUG >>>> Entering to getProtocolCommandList[0]
2019-06-25T15:07:11 DEBUG ++++++getProtocolCommandList() before lock
2019-06-25T15:07:11 DEBUG ------Entering to getProtocolCommandList at ControlProxy
2019-06-25T15:07:11 DEBUG >>>>>>> Entering to getProtocolCommandList at XMLRpcProxy
2019-06-25T15:07:11 DEBUG >>>>>>> Leaving getProtocolCommandList at XMLRpcProxy
2019-06-25T15:07:11 DEBUG ------Leaving getProtocolCommandList at ControlProxy
2019-06-25T15:07:11 DEBUG ++++++getProtocolCommandList() After lock
2019-06-25T15:07:11 DEBUG >>>> Leaving getProtocolCommandList[0]
2019-06-25T15:07:11 DEBUG >>>> Entering to ConvertCmdStringListToIntList
2019-06-25T15:07:11 DEBUG >>>> Leaving ConvertCmdStringListToIntList
2019-06-25T15:07:11 DEBUG >> finishing acquiring protocol command list[0]
2019-06-25T15:07:11 DEBUG protocol: 2 Quad Sequential Protocol v1_2 (barcoded).xml commands: 8
2019-06-25T15:07:11 DEBUG ProgressBar set 1 steps
2019-06-25T15:07:11 DEBUG ProgressBar set 8 steps
2019-06-25T15:07:11 DEBUG Run progress info set.
2019-06-25T15:07:12 DEBUG Displaying quadrant 0 resources
2019-06-25T15:07:20 DEBUG Loading resources from sharing protocols
2019-06-25T15:07:20 INFO Resource window is foreground
2019-06-25T15:07:25 INFO Unload is called.
2019-06-25T15:07:25 DEBUG ProgressBar set 1 steps
2019-06-25T15:07:25 DEBUG Cancel button clicked
2019-06-25T15:07:26 INFO New Protocol Select user control generated
2019-06-25T15:07:26 DEBUG Loaded 12 protocol from User SAP
2019-06-25T15:07:26 INFO output: C:\Program Files\STI\RoboSep\protocols\
2019-06-25T15:07:26 DEBUG Loaded Robosep User
2019-06-25T15:07:26 INFO Opening protocol selection for quadrant 3
2019-06-25T15:07:30 INFO Protocol Selection play button clicked
---------No reloading of user protocols is required.
---------No need to reload my protocol list.
---------Select the protocol 2 Quad Sequential Protocol v1_2 (barcoded) before exiting.
---------Protocol Select: SelectProtocol called.
----------Protocol Select: Called RoboSep_RunSamples.getInstance().addToRun
---------Called SelectProtocol
2019-06-25T15:07:30 DEBUG Adding protocol '2 Quad Sequential Protocol v1_2 (barcoded)' to run at quadrant2
2019-06-25T15:07:30 DEBUG Opening New Number Pad window
2019-06-25T15:07:32 DEBUG Volume: 5.000
2019-06-25T15:07:32 INFO Estimated run completion = 01:00
--------- SeparatorGateway: AtSeparatorStateUpdate - SeparatorState=Selected. 
------------------SeparatorGateway AtSeparatorStateUpdate Selected undefined???
----------Protocol Select: After RoboSep_RunSamples.getInstance().addToRun
2019-06-25T15:07:32 INFO Adding protocol to current run
2019-06-25T15:07:32 INFO Protocol Selection home button exit after sTime seconds.
------------------------------ SetGuiState:  SeparatorState.Selected -------------------------
2019-06-25T15:07:32 INFO SetGuiState:  SeparatorState.Selected -------------------------
2019-06-25T15:07:32 INFO Estimated run completion = 01:00
2019-06-25T15:07:32 INFO Estimated run completion = 01:00
---------Now update the display
------------------------------ SetGuiState:  SeparatorState.Selected -------------------------
2019-06-25T15:07:32 INFO SetGuiState:  SeparatorState.Selected -------------------------
RunSamples 32 : setSampleVolume QuadrantId=Quadrant3, Volume=5
2019-06-25T15:07:33 INFO Quad: 3 Sample Vol 0.005
RunSamples 33 : setSampleVolume QuadrantId=Quadrant3 completed.
---------AtProtocolConsumablesUpdate: given 'consumables' are not null.
---------AtProtocolConsumablesUpdate: update the protocol table (using the newly received sample volumes).
---------Now update the display
2019-06-25T15:07:33 DEBUG >> Enter to (ScheduleRun)
2019-06-25T15:07:33 DEBUG Requesting ETC update (ScheduleRun)
2019-06-25T15:07:33 INFO Sample 0: Protocol ID:1403791069, Volume:5000.000[uL], Sample 1: Protocol ID:1403791069, Volume:5000.000[uL]
2019-06-25T15:07:33 DEBUG ETC update: 2019-06-25T15:15:36
2019-06-25T15:07:34 DEBUG >> Leave (ScheduleRun)
2019-06-25T15:07:34 DEBUG Time remaining (ScheduleRun ETC):	0.00558417375
2019-06-25T15:07:34 INFO Estimated run completion = 09:00
--------- SeparatorGateway: AtSeparatorStateUpdate - SeparatorState=Ready. 
------------------------------ SetGuiState:  SeparatorState.Ready -------------------------
2019-06-25T15:07:34 INFO SetGuiState:  SeparatorState.Ready -------------------------
2019-06-25T15:07:47 INFO Run Samples button clicked
2019-06-25T15:07:47 INFO Scheduling Run
---------Run Samples: getConsumables called : iProtocolSelectCount = 2
GetProtocolConsumables called. selectedProtocolIndexNumber = 0.
myChosenProtocols.GetKey returns QuadrantId = Quadrant1.
protocolName=2 Quad Sequential Protocol v1_2 (barcoded). initialQuadrant=Quadrant1.
GetProtocolConsumables called. selectedProtocolIndexNumber = 1.
myChosenProtocols.GetKey returns QuadrantId = Quadrant3.
protocolName=2 Quad Sequential Protocol v1_2 (barcoded). initialQuadrant=Quadrant3.
2019-06-25T15:07:47 DEBUG Getting Consumables for 2 quadrants
.............................2 Quad Sequential Protocol v1_2 (barcoded) 0 0
                                         0 0
.............................2 Quad Sequential Protocol v1_2 (barcoded) 0 1
                                         0 1
2019-06-25T15:07:49 DEBUG QuadrantManager::StartRun
2019-06-25T15:07:49 DEBUG protocol: 2 Quad Sequential Protocol v1_2 (barcoded).xml is acquired.
2019-06-25T15:07:49 DEBUG >> Starting acquiring protocol command list[0]
2019-06-25T15:07:49 DEBUG >>>> Entering to getProtocolCommandList[0]
2019-06-25T15:07:49 DEBUG ++++++getProtocolCommandList() before lock
2019-06-25T15:07:49 DEBUG ------Entering to getProtocolCommandList at ControlProxy
2019-06-25T15:07:49 DEBUG >>>>>>> Entering to getProtocolCommandList at XMLRpcProxy
2019-06-25T15:07:49 DEBUG >>>>>>> Leaving getProtocolCommandList at XMLRpcProxy
2019-06-25T15:07:49 DEBUG ------Leaving getProtocolCommandList at ControlProxy
2019-06-25T15:07:49 DEBUG ++++++getProtocolCommandList() After lock
2019-06-25T15:07:49 DEBUG >>>> Leaving getProtocolCommandList[0]
2019-06-25T15:07:49 DEBUG >>>> Entering to ConvertCmdStringListToIntList
2019-06-25T15:07:49 DEBUG >>>> Leaving ConvertCmdStringListToIntList
2019-06-25T15:07:49 DEBUG >> finishing acquiring protocol command list[0]
2019-06-25T15:07:49 DEBUG protocol: 2 Quad Sequential Protocol v1_2 (barcoded).xml commands: 8
2019-06-25T15:07:49 DEBUG ProgressBar set 8 steps
2019-06-25T15:07:49 DEBUG Run progress info set.
2019-06-25T15:07:49 DEBUG protocol: 2 Quad Sequential Protocol v1_2 (barcoded).xml is acquired.
2019-06-25T15:07:49 DEBUG >> Starting acquiring protocol command list[1]
2019-06-25T15:07:49 DEBUG >>>> Entering to getProtocolCommandList[1]
2019-06-25T15:07:49 DEBUG ++++++getProtocolCommandList() before lock
2019-06-25T15:07:49 DEBUG ------Entering to getProtocolCommandList at ControlProxy
2019-06-25T15:07:49 DEBUG >>>>>>> Entering to getProtocolCommandList at XMLRpcProxy
2019-06-25T15:07:49 DEBUG >>>>>>> Leaving getProtocolCommandList at XMLRpcProxy
2019-06-25T15:07:49 DEBUG ------Leaving getProtocolCommandList at ControlProxy
2019-06-25T15:07:49 DEBUG ++++++getProtocolCommandList() After lock
2019-06-25T15:07:49 DEBUG >>>> Leaving getProtocolCommandList[1]
2019-06-25T15:07:49 DEBUG >>>> Entering to ConvertCmdStringListToIntList
2019-06-25T15:07:49 DEBUG >>>> Leaving ConvertCmdStringListToIntList
2019-06-25T15:07:49 DEBUG >> finishing acquiring protocol command list[1]
2019-06-25T15:07:49 DEBUG protocol: 2 Quad Sequential Protocol v1_2 (barcoded).xml commands: 8
2019-06-25T15:07:49 DEBUG ProgressBar set 8 steps
2019-06-25T15:07:49 DEBUG Run progress info set.
2019-06-25T15:07:49 DEBUG Displaying quadrant 0 resources
