2019-06-26T09:24:35 INFO Application log initialised
2019-06-26T09:24:35 DEBUG Remoting Address = 127.0.0.1
2019-06-26T09:24:35 DEBUG ICS Server URL       = http://127.0.0.1:8000
2019-06-26T09:24:35 DEBUG ICS EventSink URL    = http://127.0.0.1:8001/InstrumentControlEventSink
2019-06-26T09:24:35 DEBUG Separator Server URL =  tcp://127.0.0.1:3149/Separator
2019-06-26T09:24:35 DEBUG Configured address = 127.0.0.1
2019-06-26T09:24:36 INFO Initializing User Console
2019-06-26T09:24:36 DEBUG Initializing UserDB
2019-06-26T09:24:36 INFO Application config path: C:\Program Files\STI\RoboSep\config\
2019-06-26T09:24:36 INFO output: C:\Program Files\STI\RoboSep\protocols\
2019-06-26T09:24:36 INFO XSD Path : c:\Program Files\STI\RoboSep\
2019-06-26T09:24:36 DEBUG 229protocols loaded
2019-06-26T09:24:36 ERROR Failed to convert variable '00/00/0000' to valid date.
2019-06-26T09:24:36 ERROR WarrantyExpireDate in GUI.ini file is invalid.
2019-06-26T09:24:36 DEBUG Creating new Form_Home
2019-06-26T09:24:36 INFO Command to launch service 'dns-sd.exe -R "Orca1" _robosep._tcp . 5899' for Network ORCA.
2019-06-26T09:24:36 INFO Service 'dns-sd.exe' for network ORCA has been launched. ProcessID='1624'. Path='C:\Windows\system32'
2019-06-26T09:24:36 INFO Loading User Console
2019-06-26T09:24:36 ERROR Starting GUI Thread
2019-06-26T09:24:36 INFO Connecting...
2019-06-26T09:24:36 INFO set user.db file to : User1.udb
2019-06-26T09:24:36 INFO <<<<<<<<<<<<<<<<<<<<<<<,,, 1 tcp://127.0.0.1:3149/Separator
2019-06-26T09:24:36 INFO <<<<<<<<<<<<<<<<<<<<<<<,,, 2
2019-06-26T09:24:37 INFO output: C:\Program Files\STI\RoboSep\protocols\
2019-06-26T09:24:37 DEBUG Loaded Robosep User
2019-06-26T09:24:37 INFO Current user ID : 'SAP'.
2019-06-26T09:24:37 DEBUG Instrument Control API Ping() returned True
2019-06-26T09:24:37 INFO <<<<<<<<<<<<<<<<<<<<<<<,,, 3
2019-06-26T09:24:37 INFO Get system information for About menu
--------- SeparatorGateway: AtSeparatorStateUpdate - SeparatorState=Initialising. 
2019-06-26T09:24:37 INFO Estimated run completion = 01:00
---------Now update the display
2019-06-26T09:25:02 DEBUG Carousel state changed to: SeparatorUnloaded
--------- SeparatorGateway: AtSeparatorStateUpdate - SeparatorState=SeparatorUnloaded. 
------------------------------ SetGuiState:  SeparatorState.SeparatorUnloaded -------------------------
2019-06-26T09:25:02 INFO SetGuiState:  SeparatorState.SeparatorUnloaded -------------------------
2019-06-26T09:25:02 INFO Stopping Splash page
2019-06-26T09:25:03 ERROR Failed to convert variable '00/0/0000' to valid date.
2019-06-26T09:25:03 ERROR Failed to convert variable '00/0/0000' to valid date.
2019-06-26T09:25:03 ERROR Failed to convert variable '00/0/0000' to valid date.
2019-06-26T09:25:03 ERROR Failed to convert variable '00/00/0000' to valid date.
2019-06-26T09:25:03 ERROR Failed to convert variable '00/00/0000' to valid date.
2019-06-26T09:25:03 INFO Initializing About user control
2019-06-26T09:25:03 INFO Generating Robosep Resources user control
2019-06-26T09:25:03 INFO Initializing Run Samples user control
2019-06-26T09:25:03 INFO PauseResumeDialog form created
2019-06-26T09:25:21 INFO New Protocol Select user control generated
2019-06-26T09:25:21 DEBUG Loaded 12 protocol from User SAP
2019-06-26T09:25:21 INFO output: C:\Program Files\STI\RoboSep\protocols\
2019-06-26T09:25:21 DEBUG Loaded Robosep User
2019-06-26T09:25:21 INFO Opening protocol selection for quadrant 3
2019-06-26T09:25:25 INFO Protocol Selection play button clicked
---------No reloading of user protocols is required.
---------No need to reload my protocol list.
---------Select the protocol Human Resting CD4+ T Cell Isolation 17962 before exiting.
---------Protocol Select: SelectProtocol called.
----------Protocol Select: Called RoboSep_RunSamples.getInstance().addToRun
---------Called SelectProtocol
2019-06-26T09:25:25 DEBUG Adding protocol 'Human Resting CD4+ T Cell Isolation 17962' to run at quadrant2
2019-06-26T09:25:25 DEBUG Opening New Number Pad window
2019-06-26T09:25:26 DEBUG Volume: 2.000
2019-06-26T09:25:26 INFO Estimated run completion = 01:00
----------Protocol Select: After RoboSep_RunSamples.getInstance().addToRun
2019-06-26T09:25:26 INFO Adding protocol to current run
2019-06-26T09:25:26 INFO Protocol Selection home button exit after sTime seconds.
--------- SeparatorGateway: AtSeparatorStateUpdate - SeparatorState=Selected. 
------------------SeparatorGateway AtSeparatorStateUpdate Selected undefined???
------------------------------ SetGuiState:  SeparatorState.Selected -------------------------
2019-06-26T09:25:27 INFO SetGuiState:  SeparatorState.Selected -------------------------
2019-06-26T09:25:27 INFO Estimated run completion = 01:00
2019-06-26T09:25:27 INFO Estimated run completion = 01:00
---------Now update the display
------------------------------ SetGuiState:  SeparatorState.Selected -------------------------
2019-06-26T09:25:27 INFO SetGuiState:  SeparatorState.Selected -------------------------
RunSamples 32 : setSampleVolume QuadrantId=Quadrant3, Volume=2
2019-06-26T09:25:27 INFO Quad: 3 Sample Vol 0.002
RunSamples 33 : setSampleVolume QuadrantId=Quadrant3 completed.
---------AtProtocolConsumablesUpdate: given 'consumables' are not null.
---------AtProtocolConsumablesUpdate: update the protocol table (using the newly received sample volumes).
---------Now update the display
2019-06-26T09:25:27 DEBUG >> Enter to (ScheduleRun)
2019-06-26T09:25:27 DEBUG Requesting ETC update (ScheduleRun)
2019-06-26T09:25:27 INFO Sample 0: Protocol ID:782776077, Volume:2000.000[uL]
2019-06-26T09:25:27 DEBUG ETC update: 2019-06-26T10:02:19
2019-06-26T09:25:28 INFO Run Samples button clicked
2019-06-26T09:25:28 DEBUG >>Scheduler in progress
2019-06-26T09:25:28 DEBUG >>Scheduler in progress
2019-06-26T09:25:28 DEBUG >> Leave (ScheduleRun)
2019-06-26T09:25:28 DEBUG Time remaining (ScheduleRun ETC):	0.0255943340601852
2019-06-26T09:25:28 INFO Estimated run completion = 37:00
--------- SeparatorGateway: AtSeparatorStateUpdate - SeparatorState=Ready. 
------------------------------ SetGuiState:  SeparatorState.Ready -------------------------
2019-06-26T09:25:28 INFO SetGuiState:  SeparatorState.Ready -------------------------
2019-06-26T09:25:28 INFO ---->> ISeparator busy
2019-06-26T09:25:28 INFO Scheduling Run
---------Run Samples: getConsumables called : iProtocolSelectCount = 1
GetProtocolConsumables called. selectedProtocolIndexNumber = 0.
myChosenProtocols.GetKey returns QuadrantId = Quadrant3.
protocolName=Human Resting CD4+ T Cell Isolation 17962. initialQuadrant=Quadrant3.
2019-06-26T09:25:28 DEBUG Getting Consumables for 1 quadrants
.............................Human Resting CD4+ T Cell Isolation 17962 0 0
                                         0 0
2019-06-26T09:25:28 DEBUG QuadrantManager::StartRun
2019-06-26T09:25:28 DEBUG protocol: Human Resting CD4+ T Cell Isolation 17962.xml is acquired.
2019-06-26T09:25:28 DEBUG >> Starting acquiring protocol command list[0]
2019-06-26T09:25:28 DEBUG >>>> Entering to getProtocolCommandList[0]
2019-06-26T09:25:28 DEBUG ++++++getProtocolCommandList() before lock
2019-06-26T09:25:28 DEBUG ------Entering to getProtocolCommandList at ControlProxy
2019-06-26T09:25:28 DEBUG >>>>>>> Entering to getProtocolCommandList at XMLRpcProxy
2019-06-26T09:25:28 DEBUG >>>>>>> Leaving getProtocolCommandList at XMLRpcProxy
2019-06-26T09:25:28 DEBUG ------Leaving getProtocolCommandList at ControlProxy
2019-06-26T09:25:28 DEBUG ++++++getProtocolCommandList() After lock
2019-06-26T09:25:28 DEBUG >>>> Leaving getProtocolCommandList[0]
2019-06-26T09:25:28 DEBUG >>>> Entering to ConvertCmdStringListToIntList
2019-06-26T09:25:28 DEBUG >>>> Leaving ConvertCmdStringListToIntList
2019-06-26T09:25:28 DEBUG >> finishing acquiring protocol command list[0]
2019-06-26T09:25:28 DEBUG protocol: Human Resting CD4+ T Cell Isolation 17962.xml commands: 13
2019-06-26T09:25:28 DEBUG ProgressBar set 1 steps
2019-06-26T09:25:28 DEBUG ProgressBar set 13 steps
2019-06-26T09:25:29 DEBUG Run progress info set.
2019-06-26T09:25:29 DEBUG Displaying quadrant 2 resources
2019-06-26T09:25:29 DEBUG Loading resources from sharing protocols
2019-06-26T09:25:29 INFO Resource window is foreground
2019-06-26T09:25:30 DEBUG Displaying quadrant 3 resources
2019-06-26T09:25:31 DEBUG Displaying quadrant 2 resources
2019-06-26T09:25:33 DEBUG Displaying quadrant 3 resources
2019-06-26T09:25:34 DEBUG Displaying quadrant 2 resources
2019-06-26T09:25:42 DEBUG Displaying quadrant 3 resources
2019-06-26T09:26:24 INFO Unload is called.
2019-06-26T09:26:24 DEBUG ProgressBar set 1 steps
2019-06-26T09:26:24 DEBUG Cancel button clicked
2019-06-26T09:26:26 INFO Removing protocol at quadrant 3
---------AtProtocolConsumablesUpdate: given 'consumables' are null.
---------AtProtocolConsumablesUpdate: remove any previous consumables information for quadrant=Quadrant3.
2019-06-26T09:26:26 INFO Quadrant info Cleared
---------AtProtocolConsumablesUpdate: remove any previous consumables information for quadrant=Quadrant4.
---------AtProtocolConsumablesUpdate: update the protocol table (using the newly received sample volumes).
---------Now update the display
2019-06-26T09:26:26 INFO Quadrant info Cleared
2019-06-26T09:26:26 INFO Estimated run completion = 01:00
2019-06-26T09:26:26 INFO Quadrant info Cleared
--------- SeparatorGateway: AtSeparatorStateUpdate - SeparatorState=Configured. 
2019-06-26T09:26:26 INFO Estimated run completion = 01:00
--------- SeparatorGateway: AtSeparatorStateUpdate - SeparatorState=SeparatorUnloaded. 
------------------------------ SetGuiState:  SeparatorState.SeparatorUnloaded -------------------------
2019-06-26T09:26:26 INFO SetGuiState:  SeparatorState.SeparatorUnloaded -------------------------
---------Now update the display
------------------------------ SetGuiState:  SeparatorState.SeparatorUnloaded -------------------------
2019-06-26T09:26:26 INFO SetGuiState:  SeparatorState.SeparatorUnloaded -------------------------
2019-06-26T09:26:27 INFO New Protocol Select user control generated
2019-06-26T09:26:27 DEBUG Loaded 12 protocol from User SAP
2019-06-26T09:26:27 INFO output: C:\Program Files\STI\RoboSep\protocols\
2019-06-26T09:26:27 DEBUG Loaded Robosep User
2019-06-26T09:26:27 INFO Opening protocol selection for quadrant 3
2019-06-26T09:26:29 INFO Protocol Selection play button clicked
---------No reloading of user protocols is required.
---------No need to reload my protocol list.
---------Select the protocol 2 Quad Sequential Protocol v1_2 (barcoded) before exiting.
---------Protocol Select: SelectProtocol called.
----------Protocol Select: Called RoboSep_RunSamples.getInstance().addToRun
---------Called SelectProtocol
2019-06-26T09:26:29 DEBUG Adding protocol '2 Quad Sequential Protocol v1_2 (barcoded)' to run at quadrant2
2019-06-26T09:26:29 DEBUG Opening New Number Pad window
2019-06-26T09:26:31 DEBUG Volume: 2.000
2019-06-26T09:26:31 INFO Estimated run completion = 01:00
--------- SeparatorGateway: AtSeparatorStateUpdate - SeparatorState=Selected. 
------------------SeparatorGateway AtSeparatorStateUpdate Selected undefined???
----------Protocol Select: After RoboSep_RunSamples.getInstance().addToRun
2019-06-26T09:26:31 INFO Adding protocol to current run
2019-06-26T09:26:31 INFO Protocol Selection home button exit after sTime seconds.
------------------------------ SetGuiState:  SeparatorState.Selected -------------------------
2019-06-26T09:26:31 INFO SetGuiState:  SeparatorState.Selected -------------------------
2019-06-26T09:26:31 INFO Estimated run completion = 01:00
2019-06-26T09:26:31 INFO Estimated run completion = 01:00
---------Now update the display
------------------------------ SetGuiState:  SeparatorState.Selected -------------------------
2019-06-26T09:26:31 INFO SetGuiState:  SeparatorState.Selected -------------------------
RunSamples 32 : setSampleVolume QuadrantId=Quadrant3, Volume=2
2019-06-26T09:26:31 INFO Quad: 3 Sample Vol 0.002
RunSamples 33 : setSampleVolume QuadrantId=Quadrant3 completed.
---------AtProtocolConsumablesUpdate: given 'consumables' are not null.
---------AtProtocolConsumablesUpdate: update the protocol table (using the newly received sample volumes).
---------Now update the display
2019-06-26T09:26:31 DEBUG >> Enter to (ScheduleRun)
2019-06-26T09:26:31 DEBUG Requesting ETC update (ScheduleRun)
2019-06-26T09:26:31 INFO Sample 0: Protocol ID:1403791069, Volume:2000.000[uL]
2019-06-26T09:26:31 DEBUG ETC update: 2019-06-26T09:30:49
2019-06-26T09:26:32 DEBUG >> Leave (ScheduleRun)
2019-06-26T09:26:32 DEBUG Time remaining (ScheduleRun ETC):	0.00297733827314815
2019-06-26T09:26:32 INFO Estimated run completion = 05:00
--------- SeparatorGateway: AtSeparatorStateUpdate - SeparatorState=Ready. 
------------------------------ SetGuiState:  SeparatorState.Ready -------------------------
2019-06-26T09:26:32 INFO SetGuiState:  SeparatorState.Ready -------------------------
2019-06-26T09:26:35 INFO Run Samples button clicked
2019-06-26T09:26:35 INFO Scheduling Run
---------Run Samples: getConsumables called : iProtocolSelectCount = 1
GetProtocolConsumables called. selectedProtocolIndexNumber = 0.
myChosenProtocols.GetKey returns QuadrantId = Quadrant3.
protocolName=2 Quad Sequential Protocol v1_2 (barcoded). initialQuadrant=Quadrant3.
2019-06-26T09:26:35 DEBUG Getting Consumables for 1 quadrants
.............................2 Quad Sequential Protocol v1_2 (barcoded) 0 0
                                         0 0
2019-06-26T09:26:35 DEBUG QuadrantManager::StartRun
2019-06-26T09:26:35 DEBUG protocol: 2 Quad Sequential Protocol v1_2 (barcoded).xml is acquired.
2019-06-26T09:26:35 DEBUG >> Starting acquiring protocol command list[0]
2019-06-26T09:26:35 DEBUG >>>> Entering to getProtocolCommandList[0]
2019-06-26T09:26:35 DEBUG ++++++getProtocolCommandList() before lock
2019-06-26T09:26:35 DEBUG ------Entering to getProtocolCommandList at ControlProxy
2019-06-26T09:26:35 DEBUG >>>>>>> Entering to getProtocolCommandList at XMLRpcProxy
2019-06-26T09:26:35 DEBUG >>>>>>> Leaving getProtocolCommandList at XMLRpcProxy
2019-06-26T09:26:35 DEBUG ------Leaving getProtocolCommandList at ControlProxy
2019-06-26T09:26:35 DEBUG ++++++getProtocolCommandList() After lock
2019-06-26T09:26:35 DEBUG >>>> Leaving getProtocolCommandList[0]
2019-06-26T09:26:35 DEBUG >>>> Entering to ConvertCmdStringListToIntList
2019-06-26T09:26:35 DEBUG >>>> Leaving ConvertCmdStringListToIntList
2019-06-26T09:26:35 DEBUG >> finishing acquiring protocol command list[0]
2019-06-26T09:26:35 DEBUG protocol: 2 Quad Sequential Protocol v1_2 (barcoded).xml commands: 8
2019-06-26T09:26:35 DEBUG ProgressBar set 8 steps
2019-06-26T09:26:35 DEBUG Run progress info set.
2019-06-26T09:26:35 DEBUG Displaying quadrant 2 resources
2019-06-26T09:27:11 DEBUG Loading resources from sharing protocols
2019-06-26T09:27:11 INFO Resource window is foreground
2019-06-26T09:27:25 DEBUG Displaying quadrant 3 resources
2019-06-26T09:28:02 DEBUG Displaying quadrant 2 resources
2019-06-26T09:28:03 DEBUG Displaying quadrant 3 resources
2019-06-26T09:28:04 DEBUG Displaying quadrant 2 resources
2019-06-26T09:28:10 INFO Unload is called.
2019-06-26T09:28:10 DEBUG ProgressBar set 1 steps
2019-06-26T09:28:10 DEBUG Cancel button clicked
2019-06-26T09:28:12 INFO Removing protocol at quadrant 3
---------AtProtocolConsumablesUpdate: given 'consumables' are null.
---------AtProtocolConsumablesUpdate: remove any previous consumables information for quadrant=Quadrant3.
---------AtProtocolConsumablesUpdate: remove any previous consumables information for quadrant=Quadrant4.
---------AtProtocolConsumablesUpdate: update the protocol table (using the newly received sample volumes).
2019-06-26T09:28:12 INFO Quadrant info Cleared
---------Now update the display
2019-06-26T09:28:12 INFO Quadrant info Cleared
2019-06-26T09:28:12 INFO Estimated run completion = 01:00
--------- SeparatorGateway: AtSeparatorStateUpdate - SeparatorState=Configured. 
2019-06-26T09:28:12 INFO Quadrant info Cleared
2019-06-26T09:28:12 INFO Estimated run completion = 01:00
--------- SeparatorGateway: AtSeparatorStateUpdate - SeparatorState=SeparatorUnloaded. 
------------------------------ SetGuiState:  SeparatorState.SeparatorUnloaded -------------------------
2019-06-26T09:28:12 INFO SetGuiState:  SeparatorState.SeparatorUnloaded -------------------------
---------Now update the display
------------------------------ SetGuiState:  SeparatorState.SeparatorUnloaded -------------------------
2019-06-26T09:28:12 INFO SetGuiState:  SeparatorState.SeparatorUnloaded -------------------------
2019-06-26T09:28:13 INFO New Protocol Select user control generated
2019-06-26T09:28:13 DEBUG Loaded 12 protocol from User SAP
2019-06-26T09:28:13 INFO output: C:\Program Files\STI\RoboSep\protocols\
2019-06-26T09:28:13 DEBUG Loaded Robosep User
2019-06-26T09:28:13 INFO Opening protocol selection for quadrant 1
2019-06-26T09:28:17 INFO Protocol Selection play button clicked
---------No reloading of user protocols is required.
---------No need to reload my protocol list.
---------Select the protocol 2 Quad Sequential Protocol v1_2 (barcoded) before exiting.
---------Protocol Select: SelectProtocol called.
----------Protocol Select: Called RoboSep_RunSamples.getInstance().addToRun
---------Called SelectProtocol
2019-06-26T09:28:17 DEBUG Adding protocol '2 Quad Sequential Protocol v1_2 (barcoded)' to run at quadrant0
2019-06-26T09:28:17 DEBUG Opening New Number Pad window
2019-06-26T09:28:19 DEBUG Volume: 2.000
2019-06-26T09:28:19 INFO Estimated run completion = 01:00
--------- SeparatorGateway: AtSeparatorStateUpdate - SeparatorState=Selected. 
------------------SeparatorGateway AtSeparatorStateUpdate Selected undefined???
----------Protocol Select: After RoboSep_RunSamples.getInstance().addToRun
2019-06-26T09:28:19 INFO Adding protocol to current run
2019-06-26T09:28:19 INFO Protocol Selection home button exit after sTime seconds.
------------------------------ SetGuiState:  SeparatorState.Selected -------------------------
2019-06-26T09:28:19 INFO SetGuiState:  SeparatorState.Selected -------------------------
2019-06-26T09:28:19 INFO Estimated run completion = 01:00
2019-06-26T09:28:19 INFO Estimated run completion = 01:00
---------Now update the display
------------------------------ SetGuiState:  SeparatorState.Selected -------------------------
2019-06-26T09:28:19 INFO SetGuiState:  SeparatorState.Selected -------------------------
RunSamples 32 : setSampleVolume QuadrantId=Quadrant1, Volume=2
2019-06-26T09:28:19 INFO Quad: 1 Sample Vol 0.002
RunSamples 33 : setSampleVolume QuadrantId=Quadrant1 completed.
---------AtProtocolConsumablesUpdate: given 'consumables' are not null.
---------AtProtocolConsumablesUpdate: update the protocol table (using the newly received sample volumes).
---------Now update the display
2019-06-26T09:28:20 DEBUG >> Enter to (ScheduleRun)
2019-06-26T09:28:20 DEBUG Requesting ETC update (ScheduleRun)
2019-06-26T09:28:20 INFO Sample 0: Protocol ID:1403791069, Volume:2000.000[uL]
2019-06-26T09:28:20 DEBUG ETC update: 2019-06-26T09:32:39
2019-06-26T09:28:20 INFO New Protocol Select user control generated
2019-06-26T09:28:20 DEBUG Loaded 12 protocol from User SAP
2019-06-26T09:28:20 INFO output: C:\Program Files\STI\RoboSep\protocols\
2019-06-26T09:28:20 DEBUG Loaded Robosep User
2019-06-26T09:28:20 INFO Opening protocol selection for quadrant 3
2019-06-26T09:28:21 DEBUG >> Leave (ScheduleRun)
2019-06-26T09:28:21 DEBUG Time remaining (ScheduleRun ETC):	0.00299453824884259
2019-06-26T09:28:21 INFO Estimated run completion = 05:00
--------- SeparatorGateway: AtSeparatorStateUpdate - SeparatorState=Ready. 
------------------------------ SetGuiState:  SeparatorState.Ready -------------------------
2019-06-26T09:28:21 INFO SetGuiState:  SeparatorState.Ready -------------------------
2019-06-26T09:28:22 INFO Protocol Selection play button clicked
---------No reloading of user protocols is required.
---------No need to reload my protocol list.
---------Select the protocol 2 Quad Sequential Protocol v1_2 (barcoded) before exiting.
---------Protocol Select: SelectProtocol called.
----------Protocol Select: Called RoboSep_RunSamples.getInstance().addToRun
---------Called SelectProtocol
2019-06-26T09:28:22 DEBUG Adding protocol '2 Quad Sequential Protocol v1_2 (barcoded)' to run at quadrant2
2019-06-26T09:28:22 DEBUG Opening New Number Pad window
2019-06-26T09:28:24 DEBUG Volume: 2.000
2019-06-26T09:28:24 INFO Estimated run completion = 01:00
----------Protocol Select: After RoboSep_RunSamples.getInstance().addToRun
--------- SeparatorGateway: AtSeparatorStateUpdate - SeparatorState=Selected. 
2019-06-26T09:28:24 INFO Adding protocol to current run
------------------SeparatorGateway AtSeparatorStateUpdate Selected undefined???
2019-06-26T09:28:24 INFO Protocol Selection home button exit after sTime seconds.
------------------------------ SetGuiState:  SeparatorState.Selected -------------------------
2019-06-26T09:28:24 INFO SetGuiState:  SeparatorState.Selected -------------------------
2019-06-26T09:28:24 INFO Estimated run completion = 01:00
2019-06-26T09:28:24 INFO Estimated run completion = 01:00
---------Now update the display
------------------------------ SetGuiState:  SeparatorState.Selected -------------------------
2019-06-26T09:28:24 INFO SetGuiState:  SeparatorState.Selected -------------------------
RunSamples 32 : setSampleVolume QuadrantId=Quadrant3, Volume=2
2019-06-26T09:28:24 INFO Quad: 3 Sample Vol 0.002
RunSamples 33 : setSampleVolume QuadrantId=Quadrant3 completed.
---------AtProtocolConsumablesUpdate: given 'consumables' are not null.
---------AtProtocolConsumablesUpdate: update the protocol table (using the newly received sample volumes).
---------Now update the display
2019-06-26T09:28:25 DEBUG >> Enter to (ScheduleRun)
2019-06-26T09:28:25 DEBUG Requesting ETC update (ScheduleRun)
2019-06-26T09:28:25 INFO Sample 0: Protocol ID:1403791069, Volume:2000.000[uL], Sample 1: Protocol ID:1403791069, Volume:2000.000[uL]
2019-06-26T09:28:25 DEBUG ETC update: 2019-06-26T09:37:02
2019-06-26T09:28:26 DEBUG >> Leave (ScheduleRun)
2019-06-26T09:28:26 DEBUG Time remaining (ScheduleRun ETC):	0.00598160445833333
2019-06-26T09:28:26 INFO Estimated run completion = 09:00
--------- SeparatorGateway: AtSeparatorStateUpdate - SeparatorState=Ready. 
------------------------------ SetGuiState:  SeparatorState.Ready -------------------------
2019-06-26T09:28:26 INFO SetGuiState:  SeparatorState.Ready -------------------------
2019-06-26T09:28:32 INFO Run Samples button clicked
2019-06-26T09:28:32 INFO Scheduling Run
---------Run Samples: getConsumables called : iProtocolSelectCount = 2
GetProtocolConsumables called. selectedProtocolIndexNumber = 0.
myChosenProtocols.GetKey returns QuadrantId = Quadrant1.
protocolName=2 Quad Sequential Protocol v1_2 (barcoded). initialQuadrant=Quadrant1.
GetProtocolConsumables called. selectedProtocolIndexNumber = 1.
myChosenProtocols.GetKey returns QuadrantId = Quadrant3.
protocolName=2 Quad Sequential Protocol v1_2 (barcoded). initialQuadrant=Quadrant3.
2019-06-26T09:28:32 DEBUG Getting Consumables for 2 quadrants
.............................2 Quad Sequential Protocol v1_2 (barcoded) 0 0
                                         0 0
.............................2 Quad Sequential Protocol v1_2 (barcoded) 0 1
                                         0 1
2019-06-26T09:28:33 DEBUG QuadrantManager::StartRun
2019-06-26T09:28:34 DEBUG protocol: 2 Quad Sequential Protocol v1_2 (barcoded).xml is acquired.
2019-06-26T09:28:34 DEBUG >> Starting acquiring protocol command list[0]
2019-06-26T09:28:34 DEBUG >>>> Entering to getProtocolCommandList[0]
2019-06-26T09:28:34 DEBUG ++++++getProtocolCommandList() before lock
2019-06-26T09:28:34 DEBUG ------Entering to getProtocolCommandList at ControlProxy
2019-06-26T09:28:34 DEBUG >>>>>>> Entering to getProtocolCommandList at XMLRpcProxy
2019-06-26T09:28:34 DEBUG >>>>>>> Leaving getProtocolCommandList at XMLRpcProxy
2019-06-26T09:28:34 DEBUG ------Leaving getProtocolCommandList at ControlProxy
2019-06-26T09:28:34 DEBUG ++++++getProtocolCommandList() After lock
2019-06-26T09:28:34 DEBUG >>>> Leaving getProtocolCommandList[0]
2019-06-26T09:28:34 DEBUG >>>> Entering to ConvertCmdStringListToIntList
2019-06-26T09:28:34 DEBUG >>>> Leaving ConvertCmdStringListToIntList
2019-06-26T09:28:34 DEBUG >> finishing acquiring protocol command list[0]
2019-06-26T09:28:34 DEBUG protocol: 2 Quad Sequential Protocol v1_2 (barcoded).xml commands: 8
2019-06-26T09:28:34 DEBUG ProgressBar set 8 steps
2019-06-26T09:28:34 DEBUG Run progress info set.
2019-06-26T09:28:34 DEBUG protocol: 2 Quad Sequential Protocol v1_2 (barcoded).xml is acquired.
2019-06-26T09:28:34 DEBUG >> Starting acquiring protocol command list[1]
2019-06-26T09:28:34 DEBUG >>>> Entering to getProtocolCommandList[1]
2019-06-26T09:28:34 DEBUG ++++++getProtocolCommandList() before lock
2019-06-26T09:28:34 DEBUG ------Entering to getProtocolCommandList at ControlProxy
2019-06-26T09:28:34 DEBUG >>>>>>> Entering to getProtocolCommandList at XMLRpcProxy
2019-06-26T09:28:34 DEBUG >>>>>>> Leaving getProtocolCommandList at XMLRpcProxy
2019-06-26T09:28:34 DEBUG ------Leaving getProtocolCommandList at ControlProxy
2019-06-26T09:28:34 DEBUG ++++++getProtocolCommandList() After lock
2019-06-26T09:28:34 DEBUG >>>> Leaving getProtocolCommandList[1]
2019-06-26T09:28:34 DEBUG >>>> Entering to ConvertCmdStringListToIntList
2019-06-26T09:28:34 DEBUG >>>> Leaving ConvertCmdStringListToIntList
2019-06-26T09:28:34 DEBUG >> finishing acquiring protocol command list[1]
2019-06-26T09:28:34 DEBUG protocol: 2 Quad Sequential Protocol v1_2 (barcoded).xml commands: 8
2019-06-26T09:28:34 DEBUG ProgressBar set 8 steps
2019-06-26T09:28:34 DEBUG Run progress info set.
2019-06-26T09:28:34 DEBUG Displaying quadrant 0 resources
2019-06-26T09:29:13 DEBUG Loading resources from sharing protocols
2019-06-26T09:29:13 INFO Resource window is foreground
2019-06-26T09:29:19 DEBUG Displaying quadrant 1 resources
