2019-06-25T15:11:42 INFO Application log initialised
2019-06-25T15:11:42 DEBUG Remoting Address = 127.0.0.1
2019-06-25T15:11:42 DEBUG ICS Server URL       = http://127.0.0.1:8000
2019-06-25T15:11:42 DEBUG ICS EventSink URL    = http://127.0.0.1:8001/InstrumentControlEventSink
2019-06-25T15:11:42 DEBUG Separator Server URL =  tcp://127.0.0.1:3149/Separator
2019-06-25T15:11:42 DEBUG Configured address = 127.0.0.1
2019-06-25T15:11:42 INFO Initializing User Console
2019-06-25T15:11:42 DEBUG Initializing UserDB
2019-06-25T15:11:42 INFO Application config path: C:\Program Files\STI\RoboSep\config\
2019-06-25T15:11:42 INFO output: C:\Program Files\STI\RoboSep\protocols\
2019-06-25T15:11:42 INFO XSD Path : c:\Program Files\STI\RoboSep\
2019-06-25T15:11:42 DEBUG 229protocols loaded
2019-06-25T15:11:42 ERROR Failed to convert variable '00/00/0000' to valid date.
2019-06-25T15:11:42 ERROR WarrantyExpireDate in GUI.ini file is invalid.
2019-06-25T15:11:42 DEBUG Creating new Form_Home
2019-06-25T15:11:42 INFO Command to launch service 'dns-sd.exe -R "Orca1" _robosep._tcp . 5899' for Network ORCA.
2019-06-25T15:11:42 INFO Service 'dns-sd.exe' for network ORCA has been launched. ProcessID='1364'. Path='C:\Windows\system32'
2019-06-25T15:11:42 INFO Loading User Console
2019-06-25T15:11:43 ERROR Starting GUI Thread
2019-06-25T15:11:43 INFO set user.db file to : User1.udb
2019-06-25T15:11:43 INFO Connecting...
2019-06-25T15:11:43 INFO <<<<<<<<<<<<<<<<<<<<<<<,,, 1 tcp://127.0.0.1:3149/Separator
2019-06-25T15:11:43 INFO <<<<<<<<<<<<<<<<<<<<<<<,,, 2
2019-06-25T15:11:43 INFO output: C:\Program Files\STI\RoboSep\protocols\
2019-06-25T15:11:43 DEBUG Loaded Robosep User
2019-06-25T15:11:43 INFO Current user ID : 'SAP'.
2019-06-25T15:11:43 DEBUG Instrument Control API Ping() returned True
2019-06-25T15:11:43 INFO <<<<<<<<<<<<<<<<<<<<<<<,,, 3
2019-06-25T15:11:43 INFO Get system information for About menu
--------- SeparatorGateway: AtSeparatorStateUpdate - SeparatorState=Initialising. 
2019-06-25T15:11:43 INFO Estimated run completion = 01:00
---------Now update the display
2019-06-25T15:12:08 DEBUG Carousel state changed to: SeparatorUnloaded
--------- SeparatorGateway: AtSeparatorStateUpdate - SeparatorState=SeparatorUnloaded. 
------------------------------ SetGuiState:  SeparatorState.SeparatorUnloaded -------------------------
2019-06-25T15:12:08 INFO SetGuiState:  SeparatorState.SeparatorUnloaded -------------------------
2019-06-25T15:12:09 INFO Stopping Splash page
2019-06-25T15:12:09 ERROR Failed to convert variable '00/0/0000' to valid date.
2019-06-25T15:12:09 ERROR Failed to convert variable '00/0/0000' to valid date.
2019-06-25T15:12:09 ERROR Failed to convert variable '00/0/0000' to valid date.
2019-06-25T15:12:09 ERROR Failed to convert variable '00/00/0000' to valid date.
2019-06-25T15:12:09 ERROR Failed to convert variable '00/00/0000' to valid date.
2019-06-25T15:12:09 INFO Initializing About user control
2019-06-25T15:12:09 INFO Generating Robosep Resources user control
2019-06-25T15:12:09 INFO Initializing Run Samples user control
2019-06-25T15:12:09 INFO PauseResumeDialog form created
2019-06-25T15:12:27 INFO New Protocol Select user control generated
2019-06-25T15:12:27 DEBUG Loaded 12 protocol from User SAP
2019-06-25T15:12:27 INFO output: C:\Program Files\STI\RoboSep\protocols\
2019-06-25T15:12:27 DEBUG Loaded Robosep User
2019-06-25T15:12:27 INFO Opening protocol selection for quadrant 1
2019-06-25T15:12:30 INFO Protocol Selection play button clicked
---------No reloading of user protocols is required.
---------No need to reload my protocol list.
---------Select the protocol 2 Quad Sequential Protocol v1_2 (barcoded) before exiting.
---------Protocol Select: SelectProtocol called.
----------Protocol Select: Called RoboSep_RunSamples.getInstance().addToRun
---------Called SelectProtocol
2019-06-25T15:12:30 DEBUG Adding protocol '2 Quad Sequential Protocol v1_2 (barcoded)' to run at quadrant0
2019-06-25T15:12:30 DEBUG Opening New Number Pad window
2019-06-25T15:12:31 DEBUG Volume: 5.000
2019-06-25T15:12:31 INFO Estimated run completion = 01:00
----------Protocol Select: After RoboSep_RunSamples.getInstance().addToRun
--------- SeparatorGateway: AtSeparatorStateUpdate - SeparatorState=Selected. 
2019-06-25T15:12:31 INFO Adding protocol to current run
------------------SeparatorGateway AtSeparatorStateUpdate Selected undefined???
2019-06-25T15:12:32 INFO Protocol Selection home button exit after sTime seconds.
------------------------------ SetGuiState:  SeparatorState.Selected -------------------------
2019-06-25T15:12:32 INFO SetGuiState:  SeparatorState.Selected -------------------------
2019-06-25T15:12:32 INFO Estimated run completion = 01:00
2019-06-25T15:12:32 INFO Estimated run completion = 01:00
---------Now update the display
------------------------------ SetGuiState:  SeparatorState.Selected -------------------------
2019-06-25T15:12:32 INFO SetGuiState:  SeparatorState.Selected -------------------------
RunSamples 32 : setSampleVolume QuadrantId=Quadrant1, Volume=5
2019-06-25T15:12:32 INFO Quad: 1 Sample Vol 0.005
RunSamples 33 : setSampleVolume QuadrantId=Quadrant1 completed.
---------AtProtocolConsumablesUpdate: given 'consumables' are not null.
---------AtProtocolConsumablesUpdate: update the protocol table (using the newly received sample volumes).
---------Now update the display
2019-06-25T15:12:32 DEBUG >> Enter to (ScheduleRun)
2019-06-25T15:12:32 DEBUG Requesting ETC update (ScheduleRun)
2019-06-25T15:12:32 INFO Sample 0: Protocol ID:1403791069, Volume:5000.000[uL]
2019-06-25T15:12:32 DEBUG ETC update: 2019-06-25T15:16:37
2019-06-25T15:12:32 INFO Run Samples button clicked
2019-06-25T15:12:32 DEBUG >>Scheduler in progress
2019-06-25T15:12:33 DEBUG >>Scheduler in progress
2019-06-25T15:12:33 DEBUG >>Scheduler in progress
2019-06-25T15:12:33 DEBUG >> Leave (ScheduleRun)
2019-06-25T15:12:33 DEBUG Time remaining (ScheduleRun ETC):	0.00282862859259259
2019-06-25T15:12:33 INFO Estimated run completion = 05:00
--------- SeparatorGateway: AtSeparatorStateUpdate - SeparatorState=Ready. 
------------------------------ SetGuiState:  SeparatorState.Ready -------------------------
2019-06-25T15:12:33 INFO SetGuiState:  SeparatorState.Ready -------------------------
2019-06-25T15:12:33 INFO ---->> ISeparator busy
2019-06-25T15:12:33 INFO Scheduling Run
---------Run Samples: getConsumables called : iProtocolSelectCount = 1
GetProtocolConsumables called. selectedProtocolIndexNumber = 0.
myChosenProtocols.GetKey returns QuadrantId = Quadrant1.
protocolName=2 Quad Sequential Protocol v1_2 (barcoded). initialQuadrant=Quadrant1.
2019-06-25T15:12:33 DEBUG Getting Consumables for 1 quadrants
.............................2 Quad Sequential Protocol v1_2 (barcoded) 0 0
                                         0 0
2019-06-25T15:12:33 DEBUG QuadrantManager::StartRun
2019-06-25T15:12:33 DEBUG protocol: 2 Quad Sequential Protocol v1_2 (barcoded).xml is acquired.
2019-06-25T15:12:33 DEBUG >> Starting acquiring protocol command list[0]
2019-06-25T15:12:33 DEBUG >>>> Entering to getProtocolCommandList[0]
2019-06-25T15:12:33 DEBUG ++++++getProtocolCommandList() before lock
2019-06-25T15:12:33 DEBUG ------Entering to getProtocolCommandList at ControlProxy
2019-06-25T15:12:33 DEBUG >>>>>>> Entering to getProtocolCommandList at XMLRpcProxy
2019-06-25T15:12:33 DEBUG >>>>>>> Leaving getProtocolCommandList at XMLRpcProxy
2019-06-25T15:12:33 DEBUG ------Leaving getProtocolCommandList at ControlProxy
2019-06-25T15:12:33 DEBUG ++++++getProtocolCommandList() After lock
2019-06-25T15:12:33 DEBUG >>>> Leaving getProtocolCommandList[0]
2019-06-25T15:12:33 DEBUG >>>> Entering to ConvertCmdStringListToIntList
2019-06-25T15:12:33 DEBUG >>>> Leaving ConvertCmdStringListToIntList
2019-06-25T15:12:33 DEBUG >> finishing acquiring protocol command list[0]
2019-06-25T15:12:33 DEBUG protocol: 2 Quad Sequential Protocol v1_2 (barcoded).xml commands: 8
2019-06-25T15:12:33 DEBUG ProgressBar set 1 steps
2019-06-25T15:12:33 DEBUG ProgressBar set 8 steps
2019-06-25T15:12:33 DEBUG Run progress info set.
2019-06-25T15:12:34 DEBUG Displaying quadrant 0 resources
2019-06-25T15:12:34 DEBUG Loading resources from sharing protocols
2019-06-25T15:12:34 INFO Resource window is foreground
2019-06-25T15:12:36 DEBUG Displaying quadrant 1 resources
2019-06-25T15:12:37 INFO Unload is called.
2019-06-25T15:12:37 DEBUG ProgressBar set 1 steps
2019-06-25T15:12:37 DEBUG Cancel button clicked
2019-06-25T15:12:39 INFO New Protocol Select user control generated
2019-06-25T15:12:39 DEBUG Loaded 12 protocol from User SAP
2019-06-25T15:12:39 INFO output: C:\Program Files\STI\RoboSep\protocols\
2019-06-25T15:12:39 DEBUG Loaded Robosep User
2019-06-25T15:12:39 INFO Opening protocol selection for quadrant 3
2019-06-25T15:12:41 INFO Protocol Selection play button clicked
---------No reloading of user protocols is required.
---------No need to reload my protocol list.
---------Select the protocol 2 Quad Sequential Protocol v1_2 (barcoded) before exiting.
---------Protocol Select: SelectProtocol called.
----------Protocol Select: Called RoboSep_RunSamples.getInstance().addToRun
---------Called SelectProtocol
2019-06-25T15:12:41 DEBUG Adding protocol '2 Quad Sequential Protocol v1_2 (barcoded)' to run at quadrant2
2019-06-25T15:12:41 DEBUG Opening New Number Pad window
2019-06-25T15:12:44 DEBUG Volume: 5.000
2019-06-25T15:12:44 INFO Estimated run completion = 01:00
--------- SeparatorGateway: AtSeparatorStateUpdate - SeparatorState=Selected. 
------------------SeparatorGateway AtSeparatorStateUpdate Selected undefined???
----------Protocol Select: After RoboSep_RunSamples.getInstance().addToRun
2019-06-25T15:12:44 INFO Adding protocol to current run
2019-06-25T15:12:44 INFO Protocol Selection home button exit after sTime seconds.
------------------------------ SetGuiState:  SeparatorState.Selected -------------------------
2019-06-25T15:12:44 INFO SetGuiState:  SeparatorState.Selected -------------------------
2019-06-25T15:12:44 INFO Estimated run completion = 01:00
2019-06-25T15:12:44 INFO Estimated run completion = 01:00
---------Now update the display
------------------------------ SetGuiState:  SeparatorState.Selected -------------------------
2019-06-25T15:12:44 INFO SetGuiState:  SeparatorState.Selected -------------------------
RunSamples 32 : setSampleVolume QuadrantId=Quadrant3, Volume=5
2019-06-25T15:12:44 INFO Quad: 3 Sample Vol 0.005
RunSamples 33 : setSampleVolume QuadrantId=Quadrant3 completed.
---------AtProtocolConsumablesUpdate: given 'consumables' are not null.
---------AtProtocolConsumablesUpdate: update the protocol table (using the newly received sample volumes).
---------Now update the display
2019-06-25T15:12:44 DEBUG >> Enter to (ScheduleRun)
2019-06-25T15:12:44 DEBUG Requesting ETC update (ScheduleRun)
2019-06-25T15:12:44 INFO Sample 0: Protocol ID:1403791069, Volume:5000.000[uL], Sample 1: Protocol ID:1403791069, Volume:5000.000[uL]
2019-06-25T15:12:44 DEBUG ETC update: 2019-06-25T15:20:47
2019-06-25T15:12:45 INFO Run Samples button clicked
2019-06-25T15:12:45 DEBUG >>Scheduler in progress
2019-06-25T15:12:45 DEBUG >>Scheduler in progress
2019-06-25T15:12:45 DEBUG >> Leave (ScheduleRun)
2019-06-25T15:12:45 DEBUG Time remaining (ScheduleRun ETC):	0.0055803647037037
2019-06-25T15:12:45 INFO Estimated run completion = 09:00
--------- SeparatorGateway: AtSeparatorStateUpdate - SeparatorState=Ready. 
------------------------------ SetGuiState:  SeparatorState.Ready -------------------------
2019-06-25T15:12:45 INFO SetGuiState:  SeparatorState.Ready -------------------------
2019-06-25T15:12:45 INFO ---->> ISeparator busy
2019-06-25T15:12:45 INFO Scheduling Run
---------Run Samples: getConsumables called : iProtocolSelectCount = 2
GetProtocolConsumables called. selectedProtocolIndexNumber = 0.
myChosenProtocols.GetKey returns QuadrantId = Quadrant1.
protocolName=2 Quad Sequential Protocol v1_2 (barcoded). initialQuadrant=Quadrant1.
GetProtocolConsumables called. selectedProtocolIndexNumber = 1.
myChosenProtocols.GetKey returns QuadrantId = Quadrant3.
protocolName=2 Quad Sequential Protocol v1_2 (barcoded). initialQuadrant=Quadrant3.
2019-06-25T15:12:45 DEBUG Getting Consumables for 2 quadrants
.............................2 Quad Sequential Protocol v1_2 (barcoded) 0 0
                                         0 0
.............................2 Quad Sequential Protocol v1_2 (barcoded) 0 1
                                         0 1
2019-06-25T15:12:47 DEBUG QuadrantManager::StartRun
2019-06-25T15:12:47 DEBUG protocol: 2 Quad Sequential Protocol v1_2 (barcoded).xml is acquired.
2019-06-25T15:12:47 DEBUG >> Starting acquiring protocol command list[0]
2019-06-25T15:12:47 DEBUG >>>> Entering to getProtocolCommandList[0]
2019-06-25T15:12:47 DEBUG ++++++getProtocolCommandList() before lock
2019-06-25T15:12:47 DEBUG ------Entering to getProtocolCommandList at ControlProxy
2019-06-25T15:12:47 DEBUG >>>>>>> Entering to getProtocolCommandList at XMLRpcProxy
2019-06-25T15:12:47 DEBUG >>>>>>> Leaving getProtocolCommandList at XMLRpcProxy
2019-06-25T15:12:47 DEBUG ------Leaving getProtocolCommandList at ControlProxy
2019-06-25T15:12:47 DEBUG ++++++getProtocolCommandList() After lock
2019-06-25T15:12:47 DEBUG >>>> Leaving getProtocolCommandList[0]
2019-06-25T15:12:47 DEBUG >>>> Entering to ConvertCmdStringListToIntList
2019-06-25T15:12:47 DEBUG >>>> Leaving ConvertCmdStringListToIntList
2019-06-25T15:12:47 DEBUG >> finishing acquiring protocol command list[0]
2019-06-25T15:12:47 DEBUG protocol: 2 Quad Sequential Protocol v1_2 (barcoded).xml commands: 8
2019-06-25T15:12:47 DEBUG ProgressBar set 8 steps
2019-06-25T15:12:47 DEBUG Run progress info set.
2019-06-25T15:12:47 DEBUG protocol: 2 Quad Sequential Protocol v1_2 (barcoded).xml is acquired.
2019-06-25T15:12:47 DEBUG >> Starting acquiring protocol command list[1]
2019-06-25T15:12:47 DEBUG >>>> Entering to getProtocolCommandList[1]
2019-06-25T15:12:47 DEBUG ++++++getProtocolCommandList() before lock
2019-06-25T15:12:47 DEBUG ------Entering to getProtocolCommandList at ControlProxy
2019-06-25T15:12:47 DEBUG >>>>>>> Entering to getProtocolCommandList at XMLRpcProxy
2019-06-25T15:12:47 DEBUG >>>>>>> Leaving getProtocolCommandList at XMLRpcProxy
2019-06-25T15:12:47 DEBUG ------Leaving getProtocolCommandList at ControlProxy
2019-06-25T15:12:47 DEBUG ++++++getProtocolCommandList() After lock
2019-06-25T15:12:47 DEBUG >>>> Leaving getProtocolCommandList[1]
2019-06-25T15:12:47 DEBUG >>>> Entering to ConvertCmdStringListToIntList
2019-06-25T15:12:47 DEBUG >>>> Leaving ConvertCmdStringListToIntList
2019-06-25T15:12:47 DEBUG >> finishing acquiring protocol command list[1]
2019-06-25T15:12:47 DEBUG protocol: 2 Quad Sequential Protocol v1_2 (barcoded).xml commands: 8
2019-06-25T15:12:47 DEBUG ProgressBar set 8 steps
2019-06-25T15:12:47 DEBUG Run progress info set.
2019-06-25T15:12:47 DEBUG Displaying quadrant 0 resources
2019-06-25T15:12:47 DEBUG Loading resources from sharing protocols
2019-06-25T15:12:47 INFO Resource window is foreground
2019-06-25T15:12:48 DEBUG Displaying quadrant 2 resources
2019-06-25T15:12:50 DEBUG Displaying quadrant 3 resources
2019-06-25T15:13:19 INFO Unload is called.
2019-06-25T15:13:19 DEBUG ProgressBar set 1 steps
2019-06-25T15:13:19 DEBUG Cancel button clicked
2019-06-25T15:13:22 INFO Removing protocol at quadrant 3
---------AtProtocolConsumablesUpdate: given 'consumables' are null.
---------AtProtocolConsumablesUpdate: remove any previous consumables information for quadrant=Quadrant3.
---------AtProtocolConsumablesUpdate: remove any previous consumables information for quadrant=Quadrant4.
---------AtProtocolConsumablesUpdate: update the protocol table (using the newly received sample volumes).
2019-06-25T15:13:22 INFO Quadrant info Cleared
---------Now update the display
2019-06-25T15:13:22 DEBUG >> Enter to (ScheduleRun)
2019-06-25T15:13:22 DEBUG Requesting ETC update (ScheduleRun)
2019-06-25T15:13:22 INFO Sample 0: Protocol ID:1403791069, Volume:5000.000[uL]
2019-06-25T15:13:22 INFO Quadrant info Cleared
2019-06-25T15:13:22 INFO Quadrant info Cleared
2019-06-25T15:13:22 DEBUG ETC update: 2019-06-25T15:17:27
2019-06-25T15:13:23 DEBUG >> Leave (ScheduleRun)
2019-06-25T15:13:23 DEBUG Time remaining (ScheduleRun ETC):	0.00282802966666667
2019-06-25T15:13:23 INFO Estimated run completion = 05:00
2019-06-25T15:13:23 DEBUG >> Enter to (ScheduleRun)
2019-06-25T15:13:23 DEBUG Requesting ETC update (ScheduleRun)
2019-06-25T15:13:23 INFO Sample 0: Protocol ID:1403791069, Volume:5000.000[uL]
2019-06-25T15:13:23 DEBUG ETC update: 2019-06-25T15:17:28
2019-06-25T15:13:24 DEBUG >> Leave (ScheduleRun)
2019-06-25T15:13:24 DEBUG Time remaining (ScheduleRun ETC):	0.00282725018518519
2019-06-25T15:13:24 INFO Estimated run completion = 05:00
---------Now update the display
------------------------------ SetGuiState:  SeparatorState.Ready -------------------------
2019-06-25T15:13:24 INFO SetGuiState:  SeparatorState.Ready -------------------------
2019-06-25T15:13:25 INFO New Protocol Select user control generated
2019-06-25T15:13:25 DEBUG Loaded 12 protocol from User SAP
2019-06-25T15:13:25 INFO output: C:\Program Files\STI\RoboSep\protocols\
2019-06-25T15:13:25 DEBUG Loaded Robosep User
2019-06-25T15:13:25 INFO Opening protocol selection for quadrant 3
2019-06-25T15:13:27 INFO Protocol Selection play button clicked
---------No reloading of user protocols is required.
---------No need to reload my protocol list.
---------Select the protocol 2 Quad Sequential Protocol v1_2 (barcoded) before exiting.
---------Protocol Select: SelectProtocol called.
----------Protocol Select: Called RoboSep_RunSamples.getInstance().addToRun
---------Called SelectProtocol
2019-06-25T15:13:27 DEBUG Adding protocol '2 Quad Sequential Protocol v1_2 (barcoded)' to run at quadrant2
2019-06-25T15:13:27 DEBUG Opening New Number Pad window
2019-06-25T15:13:28 DEBUG Volume: 5.000
2019-06-25T15:13:28 INFO Estimated run completion = 01:00
--------- SeparatorGateway: AtSeparatorStateUpdate - SeparatorState=Selected. 
------------------SeparatorGateway AtSeparatorStateUpdate Selected undefined???
----------Protocol Select: After RoboSep_RunSamples.getInstance().addToRun
2019-06-25T15:13:28 INFO Adding protocol to current run
2019-06-25T15:13:28 INFO Protocol Selection home button exit after sTime seconds.
------------------------------ SetGuiState:  SeparatorState.Selected -------------------------
2019-06-25T15:13:28 INFO SetGuiState:  SeparatorState.Selected -------------------------
2019-06-25T15:13:28 INFO Estimated run completion = 01:00
2019-06-25T15:13:28 INFO Estimated run completion = 01:00
---------Now update the display
------------------------------ SetGuiState:  SeparatorState.Selected -------------------------
2019-06-25T15:13:28 INFO SetGuiState:  SeparatorState.Selected -------------------------
RunSamples 32 : setSampleVolume QuadrantId=Quadrant3, Volume=5
2019-06-25T15:13:29 INFO Quad: 3 Sample Vol 0.005
RunSamples 33 : setSampleVolume QuadrantId=Quadrant3 completed.
---------AtProtocolConsumablesUpdate: given 'consumables' are not null.
---------AtProtocolConsumablesUpdate: update the protocol table (using the newly received sample volumes).
---------Now update the display
2019-06-25T15:13:29 DEBUG >> Enter to (ScheduleRun)
2019-06-25T15:13:29 DEBUG Requesting ETC update (ScheduleRun)
2019-06-25T15:13:29 INFO Sample 0: Protocol ID:1403791069, Volume:5000.000[uL], Sample 1: Protocol ID:1403791069, Volume:5000.000[uL]
2019-06-25T15:13:29 DEBUG ETC update: 2019-06-25T15:21:32
2019-06-25T15:13:30 INFO Run Samples button clicked
2019-06-25T15:13:30 DEBUG >>Scheduler in progress
2019-06-25T15:13:30 DEBUG >>Scheduler in progress
2019-06-25T15:13:30 DEBUG >> Leave (ScheduleRun)
2019-06-25T15:13:30 DEBUG Time remaining (ScheduleRun ETC):	0.00558506227314815
2019-06-25T15:13:30 INFO Estimated run completion = 09:00
--------- SeparatorGateway: AtSeparatorStateUpdate - SeparatorState=Ready. 
------------------------------ SetGuiState:  SeparatorState.Ready -------------------------
2019-06-25T15:13:30 INFO SetGuiState:  SeparatorState.Ready -------------------------
2019-06-25T15:13:30 INFO ---->> ISeparator busy
2019-06-25T15:13:30 INFO ---->> ISeparator busy
2019-06-25T15:13:30 INFO Scheduling Run
---------Run Samples: getConsumables called : iProtocolSelectCount = 2
GetProtocolConsumables called. selectedProtocolIndexNumber = 0.
myChosenProtocols.GetKey returns QuadrantId = Quadrant1.
protocolName=2 Quad Sequential Protocol v1_2 (barcoded). initialQuadrant=Quadrant1.
GetProtocolConsumables called. selectedProtocolIndexNumber = 1.
myChosenProtocols.GetKey returns QuadrantId = Quadrant3.
protocolName=2 Quad Sequential Protocol v1_2 (barcoded). initialQuadrant=Quadrant3.
2019-06-25T15:13:30 DEBUG Getting Consumables for 2 quadrants
.............................2 Quad Sequential Protocol v1_2 (barcoded) 0 0
                                         0 0
.............................2 Quad Sequential Protocol v1_2 (barcoded) 0 1
                                         0 1
2019-06-25T15:13:31 DEBUG QuadrantManager::StartRun
2019-06-25T15:13:31 DEBUG protocol: 2 Quad Sequential Protocol v1_2 (barcoded).xml is acquired.
2019-06-25T15:13:31 DEBUG >> Starting acquiring protocol command list[0]
2019-06-25T15:13:31 DEBUG >>>> Entering to getProtocolCommandList[0]
2019-06-25T15:13:31 DEBUG ++++++getProtocolCommandList() before lock
2019-06-25T15:13:31 DEBUG ------Entering to getProtocolCommandList at ControlProxy
2019-06-25T15:13:31 DEBUG >>>>>>> Entering to getProtocolCommandList at XMLRpcProxy
2019-06-25T15:13:31 DEBUG >>>>>>> Leaving getProtocolCommandList at XMLRpcProxy
2019-06-25T15:13:31 DEBUG ------Leaving getProtocolCommandList at ControlProxy
2019-06-25T15:13:31 DEBUG ++++++getProtocolCommandList() After lock
2019-06-25T15:13:31 DEBUG >>>> Leaving getProtocolCommandList[0]
2019-06-25T15:13:31 DEBUG >>>> Entering to ConvertCmdStringListToIntList
2019-06-25T15:13:31 DEBUG >>>> Leaving ConvertCmdStringListToIntList
2019-06-25T15:13:31 DEBUG >> finishing acquiring protocol command list[0]
2019-06-25T15:13:31 DEBUG protocol: 2 Quad Sequential Protocol v1_2 (barcoded).xml commands: 8
2019-06-25T15:13:31 DEBUG ProgressBar set 8 steps
2019-06-25T15:13:31 DEBUG Run progress info set.
2019-06-25T15:13:31 DEBUG protocol: 2 Quad Sequential Protocol v1_2 (barcoded).xml is acquired.
2019-06-25T15:13:31 DEBUG >> Starting acquiring protocol command list[1]
2019-06-25T15:13:31 DEBUG >>>> Entering to getProtocolCommandList[1]
2019-06-25T15:13:31 DEBUG ++++++getProtocolCommandList() before lock
2019-06-25T15:13:31 DEBUG ------Entering to getProtocolCommandList at ControlProxy
2019-06-25T15:13:31 DEBUG >>>>>>> Entering to getProtocolCommandList at XMLRpcProxy
2019-06-25T15:13:31 DEBUG >>>>>>> Leaving getProtocolCommandList at XMLRpcProxy
2019-06-25T15:13:31 DEBUG ------Leaving getProtocolCommandList at ControlProxy
2019-06-25T15:13:31 DEBUG ++++++getProtocolCommandList() After lock
2019-06-25T15:13:31 DEBUG >>>> Leaving getProtocolCommandList[1]
2019-06-25T15:13:31 DEBUG >>>> Entering to ConvertCmdStringListToIntList
2019-06-25T15:13:31 DEBUG >>>> Leaving ConvertCmdStringListToIntList
2019-06-25T15:13:31 DEBUG >> finishing acquiring protocol command list[1]
2019-06-25T15:13:31 DEBUG protocol: 2 Quad Sequential Protocol v1_2 (barcoded).xml commands: 8
2019-06-25T15:13:31 DEBUG ProgressBar set 8 steps
2019-06-25T15:13:31 DEBUG Run progress info set.
2019-06-25T15:13:31 DEBUG Displaying quadrant 0 resources
2019-06-25T15:16:25 DEBUG Loading resources from sharing protocols
2019-06-25T15:16:25 INFO Resource window is foreground
2019-06-25T15:16:27 INFO Unload is called.
2019-06-25T15:16:27 DEBUG ProgressBar set 1 steps
2019-06-25T15:16:27 DEBUG Cancel button clicked
2019-06-25T15:16:29 INFO Removing protocol at quadrant 3
---------AtProtocolConsumablesUpdate: given 'consumables' are null.
---------AtProtocolConsumablesUpdate: remove any previous consumables information for quadrant=Quadrant3.
---------AtProtocolConsumablesUpdate: remove any previous consumables information for quadrant=Quadrant4.
---------AtProtocolConsumablesUpdate: update the protocol table (using the newly received sample volumes).
2019-06-25T15:16:29 INFO Quadrant info Cleared
---------Now update the display
2019-06-25T15:16:29 DEBUG >> Enter to (ScheduleRun)
2019-06-25T15:16:29 DEBUG Requesting ETC update (ScheduleRun)
2019-06-25T15:16:29 INFO Sample 0: Protocol ID:1403791069, Volume:5000.000[uL]
2019-06-25T15:16:29 INFO Quadrant info Cleared
2019-06-25T15:16:29 INFO Quadrant info Cleared
2019-06-25T15:16:29 DEBUG ETC update: 2019-06-25T15:20:34
2019-06-25T15:16:30 DEBUG >> Leave (ScheduleRun)
2019-06-25T15:16:30 DEBUG Time remaining (ScheduleRun ETC):	0.00282840703009259
2019-06-25T15:16:30 INFO Estimated run completion = 05:00
2019-06-25T15:16:30 DEBUG >> Enter to (ScheduleRun)
2019-06-25T15:16:30 DEBUG Requesting ETC update (ScheduleRun)
2019-06-25T15:16:30 INFO Sample 0: Protocol ID:1403791069, Volume:5000.000[uL]
2019-06-25T15:16:30 DEBUG ETC update: 2019-06-25T15:20:35
2019-06-25T15:16:30 INFO Removing protocol at quadrant 1
2019-06-25T15:16:30 INFO Quadrant info Cleared
2019-06-25T15:16:30 INFO Quadrant info Cleared
2019-06-25T15:16:30 INFO Quadrant info Cleared
2019-06-25T15:16:31 INFO New Protocol Select user control generated
2019-06-25T15:16:31 DEBUG Loaded 12 protocol from User SAP
2019-06-25T15:16:31 INFO output: C:\Program Files\STI\RoboSep\protocols\
2019-06-25T15:16:31 DEBUG Loaded Robosep User
2019-06-25T15:16:31 INFO Opening protocol selection for quadrant 1
2019-06-25T15:16:31 DEBUG >> Leave (ScheduleRun)
2019-06-25T15:16:31 DEBUG Time remaining (ScheduleRun ETC):	0.00282768365046296
2019-06-25T15:16:31 INFO Estimated run completion = 05:00
---------Now update the display
------------------------------ SetGuiState:  SeparatorState.Ready -------------------------
2019-06-25T15:16:31 INFO SetGuiState:  SeparatorState.Ready -------------------------
---------AtProtocolConsumablesUpdate: given 'consumables' are null.
---------AtProtocolConsumablesUpdate: remove any previous consumables information for quadrant=Quadrant1.
---------AtProtocolConsumablesUpdate: remove any previous consumables information for quadrant=Quadrant2.
---------AtProtocolConsumablesUpdate: update the protocol table (using the newly received sample volumes).
---------Now update the display
2019-06-25T15:16:31 INFO Estimated run completion = 01:00
--------- SeparatorGateway: AtSeparatorStateUpdate - SeparatorState=Configured. 
2019-06-25T15:16:31 INFO Estimated run completion = 01:00
--------- SeparatorGateway: AtSeparatorStateUpdate - SeparatorState=SeparatorUnloaded. 
------------------------------ SetGuiState:  SeparatorState.SeparatorUnloaded -------------------------
2019-06-25T15:16:31 INFO SetGuiState:  SeparatorState.SeparatorUnloaded -------------------------
---------Now update the display
------------------------------ SetGuiState:  SeparatorState.SeparatorUnloaded -------------------------
2019-06-25T15:16:31 INFO SetGuiState:  SeparatorState.SeparatorUnloaded -------------------------
2019-06-25T15:16:36 INFO Protocol Selection play button clicked
---------No reloading of user protocols is required.
---------No need to reload my protocol list.
---------Select the protocol Human Resting CD4+ T Cell Isolation 17962 before exiting.
---------Protocol Select: SelectProtocol called.
----------Protocol Select: Called RoboSep_RunSamples.getInstance().addToRun
---------Called SelectProtocol
2019-06-25T15:16:36 DEBUG Adding protocol 'Human Resting CD4+ T Cell Isolation 17962' to run at quadrant0
2019-06-25T15:16:36 DEBUG Opening New Number Pad window
2019-06-25T15:16:38 DEBUG Volume: 2.000
2019-06-25T15:16:38 INFO Estimated run completion = 01:00
--------- SeparatorGateway: AtSeparatorStateUpdate - SeparatorState=Selected. 
------------------SeparatorGateway AtSeparatorStateUpdate Selected undefined???
----------Protocol Select: After RoboSep_RunSamples.getInstance().addToRun
2019-06-25T15:16:38 INFO Adding protocol to current run
2019-06-25T15:16:38 INFO Protocol Selection home button exit after sTime seconds.
------------------------------ SetGuiState:  SeparatorState.Selected -------------------------
2019-06-25T15:16:38 INFO SetGuiState:  SeparatorState.Selected -------------------------
2019-06-25T15:16:38 INFO Estimated run completion = 01:00
2019-06-25T15:16:38 INFO Estimated run completion = 01:00
---------Now update the display
------------------------------ SetGuiState:  SeparatorState.Selected -------------------------
2019-06-25T15:16:38 INFO SetGuiState:  SeparatorState.Selected -------------------------
RunSamples 32 : setSampleVolume QuadrantId=Quadrant1, Volume=2
2019-06-25T15:16:38 INFO Quad: 1 Sample Vol 0.002
RunSamples 33 : setSampleVolume QuadrantId=Quadrant1 completed.
---------AtProtocolConsumablesUpdate: given 'consumables' are not null.
---------AtProtocolConsumablesUpdate: update the protocol table (using the newly received sample volumes).
---------Now update the display
2019-06-25T15:16:38 DEBUG >> Enter to (ScheduleRun)
2019-06-25T15:16:38 DEBUG Requesting ETC update (ScheduleRun)
2019-06-25T15:16:38 INFO Sample 0: Protocol ID:782776077, Volume:2000.000[uL]
2019-06-25T15:16:38 DEBUG ETC update: 2019-06-25T15:53:29
2019-06-25T15:16:39 DEBUG >> Leave (ScheduleRun)
2019-06-25T15:16:39 DEBUG Time remaining (ScheduleRun ETC):	0.0255810473657407
2019-06-25T15:16:39 INFO Estimated run completion = 37:00
--------- SeparatorGateway: AtSeparatorStateUpdate - SeparatorState=Ready. 
------------------------------ SetGuiState:  SeparatorState.Ready -------------------------
2019-06-25T15:16:39 INFO SetGuiState:  SeparatorState.Ready -------------------------
2019-06-25T15:16:40 INFO New Protocol Select user control generated
2019-06-25T15:16:40 DEBUG Loaded 12 protocol from User SAP
2019-06-25T15:16:40 INFO output: C:\Program Files\STI\RoboSep\protocols\
2019-06-25T15:16:40 DEBUG Loaded Robosep User
2019-06-25T15:16:40 INFO Opening protocol selection for quadrant 3
2019-06-25T15:16:43 INFO Protocol Selection play button clicked
---------No reloading of user protocols is required.
---------No need to reload my protocol list.
---------Select the protocol Human Resting CD4+ T Cell Isolation 17962 before exiting.
---------Protocol Select: SelectProtocol called.
----------Protocol Select: Called RoboSep_RunSamples.getInstance().addToRun
---------Called SelectProtocol
2019-06-25T15:16:43 DEBUG Adding protocol 'Human Resting CD4+ T Cell Isolation 17962' to run at quadrant2
2019-06-25T15:16:43 DEBUG Opening New Number Pad window
2019-06-25T15:16:44 DEBUG Volume: 2.000
2019-06-25T15:16:44 INFO Estimated run completion = 01:00
--------- SeparatorGateway: AtSeparatorStateUpdate - SeparatorState=Selected. 
------------------SeparatorGateway AtSeparatorStateUpdate Selected undefined???
----------Protocol Select: After RoboSep_RunSamples.getInstance().addToRun
2019-06-25T15:16:45 INFO Adding protocol to current run
2019-06-25T15:16:45 INFO Protocol Selection home button exit after sTime seconds.
------------------------------ SetGuiState:  SeparatorState.Selected -------------------------
2019-06-25T15:16:45 INFO SetGuiState:  SeparatorState.Selected -------------------------
2019-06-25T15:16:45 INFO Estimated run completion = 01:00
2019-06-25T15:16:45 INFO Estimated run completion = 01:00
---------Now update the display
------------------------------ SetGuiState:  SeparatorState.Selected -------------------------
2019-06-25T15:16:45 INFO SetGuiState:  SeparatorState.Selected -------------------------
RunSamples 32 : setSampleVolume QuadrantId=Quadrant3, Volume=2
2019-06-25T15:16:45 INFO Quad: 3 Sample Vol 0.002
RunSamples 33 : setSampleVolume QuadrantId=Quadrant3 completed.
---------AtProtocolConsumablesUpdate: given 'consumables' are not null.
---------AtProtocolConsumablesUpdate: update the protocol table (using the newly received sample volumes).
---------Now update the display
2019-06-25T15:16:45 DEBUG >> Enter to (ScheduleRun)
2019-06-25T15:16:45 DEBUG Requesting ETC update (ScheduleRun)
2019-06-25T15:16:45 INFO Sample 0: Protocol ID:782776077, Volume:2000.000[uL], Sample 1: Protocol ID:782776077, Volume:2000.000[uL]
2019-06-25T15:16:45 DEBUG ETC update: 2019-06-25T15:55:41
2019-06-25T15:16:46 INFO Run Samples button clicked
2019-06-25T15:16:46 DEBUG >>Scheduler in progress
2019-06-25T15:16:46 DEBUG >>Scheduler in progress
2019-06-25T15:16:46 DEBUG >>Scheduler in progress
2019-06-25T15:16:46 DEBUG >> Leave (ScheduleRun)
2019-06-25T15:16:46 DEBUG Time remaining (ScheduleRun ETC):	0.0270290725393518
2019-06-25T15:16:46 INFO Estimated run completion = 39:00
--------- SeparatorGateway: AtSeparatorStateUpdate - SeparatorState=Ready. 
------------------------------ SetGuiState:  SeparatorState.Ready -------------------------
2019-06-25T15:16:46 INFO SetGuiState:  SeparatorState.Ready -------------------------
2019-06-25T15:16:46 INFO ---->> ISeparator busy
2019-06-25T15:16:46 INFO Scheduling Run
---------Run Samples: getConsumables called : iProtocolSelectCount = 2
GetProtocolConsumables called. selectedProtocolIndexNumber = 0.
myChosenProtocols.GetKey returns QuadrantId = Quadrant1.
protocolName=Human Resting CD4+ T Cell Isolation 17962. initialQuadrant=Quadrant1.
GetProtocolConsumables called. selectedProtocolIndexNumber = 1.
myChosenProtocols.GetKey returns QuadrantId = Quadrant3.
protocolName=Human Resting CD4+ T Cell Isolation 17962. initialQuadrant=Quadrant3.
2019-06-25T15:16:46 DEBUG Getting Consumables for 2 quadrants
.............................Human Resting CD4+ T Cell Isolation 17962 0 0
                                         0 0
.............................Human Resting CD4+ T Cell Isolation 17962 0 1
                                         0 1
2019-06-25T15:16:47 DEBUG QuadrantManager::StartRun
2019-06-25T15:16:48 DEBUG protocol: Human Resting CD4+ T Cell Isolation 17962.xml is acquired.
2019-06-25T15:16:48 DEBUG >> Starting acquiring protocol command list[0]
2019-06-25T15:16:48 DEBUG >>>> Entering to getProtocolCommandList[0]
2019-06-25T15:16:48 DEBUG ++++++getProtocolCommandList() before lock
2019-06-25T15:16:48 DEBUG ------Entering to getProtocolCommandList at ControlProxy
2019-06-25T15:16:48 DEBUG >>>>>>> Entering to getProtocolCommandList at XMLRpcProxy
2019-06-25T15:16:48 DEBUG >>>>>>> Leaving getProtocolCommandList at XMLRpcProxy
2019-06-25T15:16:48 DEBUG ------Leaving getProtocolCommandList at ControlProxy
2019-06-25T15:16:48 DEBUG ++++++getProtocolCommandList() After lock
2019-06-25T15:16:48 DEBUG >>>> Leaving getProtocolCommandList[0]
2019-06-25T15:16:48 DEBUG >>>> Entering to ConvertCmdStringListToIntList
2019-06-25T15:16:48 DEBUG >>>> Leaving ConvertCmdStringListToIntList
2019-06-25T15:16:48 DEBUG >> finishing acquiring protocol command list[0]
2019-06-25T15:16:48 DEBUG protocol: Human Resting CD4+ T Cell Isolation 17962.xml commands: 13
2019-06-25T15:16:48 DEBUG ProgressBar set 13 steps
2019-06-25T15:16:48 DEBUG Run progress info set.
2019-06-25T15:16:48 DEBUG protocol: Human Resting CD4+ T Cell Isolation 17962.xml is acquired.
2019-06-25T15:16:48 DEBUG >> Starting acquiring protocol command list[1]
2019-06-25T15:16:48 DEBUG >>>> Entering to getProtocolCommandList[1]
2019-06-25T15:16:48 DEBUG ++++++getProtocolCommandList() before lock
2019-06-25T15:16:48 DEBUG ------Entering to getProtocolCommandList at ControlProxy
2019-06-25T15:16:48 DEBUG >>>>>>> Entering to getProtocolCommandList at XMLRpcProxy
2019-06-25T15:16:48 DEBUG >>>>>>> Leaving getProtocolCommandList at XMLRpcProxy
2019-06-25T15:16:48 DEBUG ------Leaving getProtocolCommandList at ControlProxy
2019-06-25T15:16:48 DEBUG ++++++getProtocolCommandList() After lock
2019-06-25T15:16:48 DEBUG >>>> Leaving getProtocolCommandList[1]
2019-06-25T15:16:48 DEBUG >>>> Entering to ConvertCmdStringListToIntList
2019-06-25T15:16:48 DEBUG >>>> Leaving ConvertCmdStringListToIntList
2019-06-25T15:16:48 DEBUG >> finishing acquiring protocol command list[1]
2019-06-25T15:16:48 DEBUG protocol: Human Resting CD4+ T Cell Isolation 17962.xml commands: 13
2019-06-25T15:16:48 DEBUG ProgressBar set 13 steps
2019-06-25T15:16:48 DEBUG Run progress info set.
2019-06-25T15:16:48 DEBUG Displaying quadrant 0 resources
2019-06-25T15:16:48 DEBUG Loading resources from sharing protocols
2019-06-25T15:16:48 INFO Resource window is foreground
2019-06-25T15:16:49 DEBUG Displaying quadrant 1 resources
2019-06-25T15:16:51 DEBUG Displaying quadrant 2 resources
2019-06-25T15:16:53 DEBUG Displaying quadrant 3 resources
2019-06-25T15:16:55 DEBUG Displaying quadrant 0 resources
2019-06-25T15:16:56 INFO Unload is called.
2019-06-25T15:16:56 DEBUG ProgressBar set 1 steps
2019-06-25T15:16:56 DEBUG Cancel button clicked
2019-06-25T15:17:00 INFO Removing protocol at quadrant 3
---------AtProtocolConsumablesUpdate: given 'consumables' are null.
---------AtProtocolConsumablesUpdate: remove any previous consumables information for quadrant=Quadrant3.
---------AtProtocolConsumablesUpdate: remove any previous consumables information for quadrant=Quadrant4.
---------AtProtocolConsumablesUpdate: update the protocol table (using the newly received sample volumes).
---------Now update the display
2019-06-25T15:17:00 INFO Quadrant info Cleared
2019-06-25T15:17:00 DEBUG >> Enter to (ScheduleRun)
2019-06-25T15:17:00 DEBUG Requesting ETC update (ScheduleRun)
2019-06-25T15:17:00 INFO Sample 0: Protocol ID:782776077, Volume:2000.000[uL]
2019-06-25T15:17:00 INFO Quadrant info Cleared
2019-06-25T15:17:00 INFO Quadrant info Cleared
2019-06-25T15:17:00 DEBUG ETC update: 2019-06-25T15:53:51
2019-06-25T15:17:01 DEBUG >> Leave (ScheduleRun)
2019-06-25T15:17:01 DEBUG Time remaining (ScheduleRun ETC):	0.0255880822326389
2019-06-25T15:17:01 INFO Estimated run completion = 37:00
2019-06-25T15:17:01 DEBUG >> Enter to (ScheduleRun)
2019-06-25T15:17:01 DEBUG Requesting ETC update (ScheduleRun)
2019-06-25T15:17:01 INFO Sample 0: Protocol ID:782776077, Volume:2000.000[uL]
2019-06-25T15:17:01 DEBUG ETC update: 2019-06-25T15:53:52
2019-06-25T15:17:01 INFO Removing protocol at quadrant 1
2019-06-25T15:17:01 INFO Quadrant info Cleared
2019-06-25T15:17:01 INFO Quadrant info Cleared
2019-06-25T15:17:01 INFO Quadrant info Cleared
2019-06-25T15:17:02 DEBUG >> Leave (ScheduleRun)
2019-06-25T15:17:02 DEBUG Time remaining (ScheduleRun ETC):	0.0255859301782407
2019-06-25T15:17:02 INFO Estimated run completion = 37:00
---------Now update the display
------------------------------ SetGuiState:  SeparatorState.Ready -------------------------
2019-06-25T15:17:02 INFO SetGuiState:  SeparatorState.Ready -------------------------
---------AtProtocolConsumablesUpdate: given 'consumables' are null.
---------AtProtocolConsumablesUpdate: remove any previous consumables information for quadrant=Quadrant1.
---------AtProtocolConsumablesUpdate: remove any previous consumables information for quadrant=Quadrant2.
---------AtProtocolConsumablesUpdate: update the protocol table (using the newly received sample volumes).
---------Now update the display
2019-06-25T15:17:02 INFO Estimated run completion = 01:00
--------- SeparatorGateway: AtSeparatorStateUpdate - SeparatorState=Configured. 
2019-06-25T15:17:02 INFO New Protocol Select user control generated
2019-06-25T15:17:02 DEBUG Loaded 12 protocol from User SAP
2019-06-25T15:17:02 INFO output: C:\Program Files\STI\RoboSep\protocols\
2019-06-25T15:17:02 DEBUG Loaded Robosep User
2019-06-25T15:17:02 INFO Opening protocol selection for quadrant 1
2019-06-25T15:17:02 INFO Estimated run completion = 01:00
--------- SeparatorGateway: AtSeparatorStateUpdate - SeparatorState=SeparatorUnloaded. 
------------------------------ SetGuiState:  SeparatorState.SeparatorUnloaded -------------------------
2019-06-25T15:17:02 INFO SetGuiState:  SeparatorState.SeparatorUnloaded -------------------------
---------Now update the display
------------------------------ SetGuiState:  SeparatorState.SeparatorUnloaded -------------------------
2019-06-25T15:17:02 INFO SetGuiState:  SeparatorState.SeparatorUnloaded -------------------------
2019-06-25T15:17:08 INFO Protocol Selection play button clicked
---------No reloading of user protocols is required.
---------No need to reload my protocol list.
---------Select the protocol CUST1104c Hu 17854CD19pos 17858CD14pos 17852CD4pos 17955NKneg Seq Ver1 before exiting.
---------Protocol Select: SelectProtocol called.
----------Protocol Select: Called RoboSep_RunSamples.getInstance().addToRun
---------Called SelectProtocol
2019-06-25T15:17:08 DEBUG Adding protocol 'CUST1104c Hu 17854CD19pos 17858CD14pos 17852CD4pos 17955NKneg Seq Ver1' to run at quadrant0
2019-06-25T15:17:08 DEBUG Opening New Number Pad window
2019-06-25T15:17:10 DEBUG Volume: 5.000
2019-06-25T15:17:11 INFO Estimated run completion = 01:00
--------- SeparatorGateway: AtSeparatorStateUpdate - SeparatorState=Selected. 
------------------SeparatorGateway AtSeparatorStateUpdate Selected undefined???
----------Protocol Select: After RoboSep_RunSamples.getInstance().addToRun
2019-06-25T15:17:11 INFO Adding protocol to current run
2019-06-25T15:17:11 INFO Protocol Selection home button exit after sTime seconds.
------------------------------ SetGuiState:  SeparatorState.Selected -------------------------
2019-06-25T15:17:11 INFO SetGuiState:  SeparatorState.Selected -------------------------
2019-06-25T15:17:11 INFO Estimated run completion = 01:00
2019-06-25T15:17:11 INFO Estimated run completion = 01:00
2019-06-25T15:17:11 INFO Estimated run completion = 01:00
2019-06-25T15:17:11 INFO Estimated run completion = 01:00
2019-06-25T15:17:11 INFO Estimated run completion = 01:00
2019-06-25T15:17:11 INFO Estimated run completion = 01:00
---------Now update the display
------------------------------ SetGuiState:  SeparatorState.Selected -------------------------
2019-06-25T15:17:11 INFO SetGuiState:  SeparatorState.Selected -------------------------
RunSamples 32 : setSampleVolume QuadrantId=Quadrant1, Volume=5
2019-06-25T15:17:11 INFO Quad: 1 Sample Vol 0.005
RunSamples 33 : setSampleVolume QuadrantId=Quadrant1 completed.
---------AtProtocolConsumablesUpdate: given 'consumables' are not null.
---------AtProtocolConsumablesUpdate: update the protocol table (using the newly received sample volumes).
---------Now update the display
2019-06-25T15:17:11 DEBUG >> Enter to (ScheduleRun)
2019-06-25T15:17:11 DEBUG Requesting ETC update (ScheduleRun)
2019-06-25T15:17:11 INFO Sample 0: Protocol ID:1202904299, Volume:5000.000[uL]
2019-06-25T15:17:12 INFO Run Samples button clicked
2019-06-25T15:17:12 DEBUG >>Scheduler in progress
2019-06-25T15:17:12 DEBUG ETC update: 2019-06-25T16:53:49
2019-06-25T15:17:12 DEBUG >>Scheduler in progress
2019-06-25T15:17:12 DEBUG >>Scheduler in progress
2019-06-25T15:17:12 DEBUG >>Scheduler in progress
2019-06-25T15:17:13 DEBUG >>Scheduler in progress
2019-06-25T15:17:13 DEBUG >> Leave (ScheduleRun)
2019-06-25T15:17:13 DEBUG Time remaining (ScheduleRun ETC):	0.0670914547037037
2019-06-25T15:17:13 INFO Estimated run completion = 1:37:00
--------- SeparatorGateway: AtSeparatorStateUpdate - SeparatorState=Ready. 
------------------------------ SetGuiState:  SeparatorState.Ready -------------------------
2019-06-25T15:17:13 INFO SetGuiState:  SeparatorState.Ready -------------------------
2019-06-25T15:17:13 INFO ---->> ISeparator busy
2019-06-25T15:17:13 INFO Scheduling Run
---------Run Samples: getConsumables called : iProtocolSelectCount = 1
GetProtocolConsumables called. selectedProtocolIndexNumber = 0.
myChosenProtocols.GetKey returns QuadrantId = Quadrant1.
protocolName=CUST1104c Hu 17854CD19pos 17858CD14pos 17852CD4pos 17955NKneg Seq Ver1. initialQuadrant=Quadrant1.
2019-06-25T15:17:13 DEBUG Getting Consumables for 1 quadrants
.............................CUST1104c Hu 17854CD19pos 17858CD14pos 17852CD4pos 17955NKneg Seq Ver1 0 0
                                         0 0
                                         0 0
                                         0 0
2019-06-25T15:17:13 DEBUG QuadrantManager::StartRun
2019-06-25T15:17:13 DEBUG protocol: CUST1104c Hu 17854CD19pos 17858CD14pos 17852CD4pos 17955NKneg Seq Ver1.xml is acquired.
2019-06-25T15:17:13 DEBUG >> Starting acquiring protocol command list[0]
2019-06-25T15:17:13 DEBUG >>>> Entering to getProtocolCommandList[0]
2019-06-25T15:17:13 DEBUG ++++++getProtocolCommandList() before lock
2019-06-25T15:17:13 DEBUG ------Entering to getProtocolCommandList at ControlProxy
2019-06-25T15:17:13 DEBUG >>>>>>> Entering to getProtocolCommandList at XMLRpcProxy
2019-06-25T15:17:13 DEBUG >>>>>>> Leaving getProtocolCommandList at XMLRpcProxy
2019-06-25T15:17:13 DEBUG ------Leaving getProtocolCommandList at ControlProxy
2019-06-25T15:17:13 DEBUG ++++++getProtocolCommandList() After lock
2019-06-25T15:17:13 DEBUG >>>> Leaving getProtocolCommandList[0]
2019-06-25T15:17:13 DEBUG >>>> Entering to ConvertCmdStringListToIntList
2019-06-25T15:17:13 DEBUG >>>> Leaving ConvertCmdStringListToIntList
2019-06-25T15:17:13 DEBUG >> finishing acquiring protocol command list[0]
2019-06-25T15:17:13 DEBUG protocol: CUST1104c Hu 17854CD19pos 17858CD14pos 17852CD4pos 17955NKneg Seq Ver1.xml commands: 77
2019-06-25T15:17:13 DEBUG ProgressBar set 77 steps
2019-06-25T15:17:13 DEBUG Run progress info set.
2019-06-25T15:17:13 DEBUG Displaying quadrant 0 resources
2019-06-25T15:17:13 DEBUG Loading resources from sharing protocols
2019-06-25T15:17:13 INFO Resource window is foreground
2019-06-25T15:17:15 DEBUG Displaying quadrant 1 resources
2019-06-25T15:17:18 DEBUG Displaying quadrant 2 resources
2019-06-25T15:17:20 DEBUG Displaying quadrant 3 resources
2019-06-25T15:17:20 DEBUG Displaying quadrant 2 resources
2019-06-25T15:17:21 DEBUG Displaying quadrant 1 resources
2019-06-25T15:17:22 DEBUG Displaying quadrant 0 resources
2019-06-25T15:17:42 INFO Unload is called.
2019-06-25T15:17:42 DEBUG ProgressBar set 1 steps
2019-06-25T15:17:42 DEBUG Cancel button clicked
2019-06-25T15:17:57 INFO Run Samples button clicked
2019-06-25T15:17:57 INFO Scheduling Run
---------Run Samples: getConsumables called : iProtocolSelectCount = 1
GetProtocolConsumables called. selectedProtocolIndexNumber = 0.
myChosenProtocols.GetKey returns QuadrantId = Quadrant1.
protocolName=CUST1104c Hu 17854CD19pos 17858CD14pos 17852CD4pos 17955NKneg Seq Ver1. initialQuadrant=Quadrant1.
2019-06-25T15:17:57 DEBUG Getting Consumables for 1 quadrants
.............................CUST1104c Hu 17854CD19pos 17858CD14pos 17852CD4pos 17955NKneg Seq Ver1 0 0
                                         0 0
                                         0 0
                                         0 0
2019-06-25T15:17:57 DEBUG QuadrantManager::StartRun
2019-06-25T15:17:57 DEBUG protocol: CUST1104c Hu 17854CD19pos 17858CD14pos 17852CD4pos 17955NKneg Seq Ver1.xml is acquired.
2019-06-25T15:17:57 DEBUG >> Starting acquiring protocol command list[0]
2019-06-25T15:17:57 DEBUG >>>> Entering to getProtocolCommandList[0]
2019-06-25T15:17:57 DEBUG ++++++getProtocolCommandList() before lock
2019-06-25T15:17:57 DEBUG ------Entering to getProtocolCommandList at ControlProxy
2019-06-25T15:17:57 DEBUG >>>>>>> Entering to getProtocolCommandList at XMLRpcProxy
2019-06-25T15:17:57 DEBUG >>>>>>> Leaving getProtocolCommandList at XMLRpcProxy
2019-06-25T15:17:57 DEBUG ------Leaving getProtocolCommandList at ControlProxy
2019-06-25T15:17:57 DEBUG ++++++getProtocolCommandList() After lock
2019-06-25T15:17:57 DEBUG >>>> Leaving getProtocolCommandList[0]
2019-06-25T15:17:57 DEBUG >>>> Entering to ConvertCmdStringListToIntList
2019-06-25T15:17:57 DEBUG >>>> Leaving ConvertCmdStringListToIntList
2019-06-25T15:17:57 DEBUG >> finishing acquiring protocol command list[0]
2019-06-25T15:17:57 DEBUG protocol: CUST1104c Hu 17854CD19pos 17858CD14pos 17852CD4pos 17955NKneg Seq Ver1.xml commands: 77
2019-06-25T15:17:57 DEBUG ProgressBar set 77 steps
2019-06-25T15:17:57 DEBUG Run progress info set.
2019-06-25T15:17:57 DEBUG Displaying quadrant 0 resources
2019-06-26T08:51:51 DEBUG Loading resources from sharing protocols
2019-06-26T08:51:51 INFO Resource window is foreground
2019-06-26T08:51:57 INFO Unload is called.
2019-06-26T08:51:57 DEBUG ProgressBar set 1 steps
2019-06-26T08:51:57 DEBUG Cancel button clicked
2019-06-26T08:52:00 INFO Removing protocol at quadrant 1
---------AtProtocolConsumablesUpdate: given 'consumables' are null.
---------AtProtocolConsumablesUpdate: remove any previous consumables information for quadrant=Quadrant1.
---------AtProtocolConsumablesUpdate: remove any previous consumables information for quadrant=Quadrant2.
---------AtProtocolConsumablesUpdate: remove any previous consumables information for quadrant=Quadrant3.
2019-06-26T08:52:00 INFO Quadrant info Cleared
---------AtProtocolConsumablesUpdate: remove any previous consumables information for quadrant=Quadrant4.
---------AtProtocolConsumablesUpdate: update the protocol table (using the newly received sample volumes).
---------Now update the display
2019-06-26T08:52:00 INFO Quadrant info Cleared
2019-06-26T08:52:00 INFO Estimated run completion = 01:00
--------- SeparatorGateway: AtSeparatorStateUpdate - SeparatorState=Configured. 
2019-06-26T08:52:00 INFO Quadrant info Cleared
2019-06-26T08:52:00 INFO Quadrant info Cleared
2019-06-26T08:52:00 INFO Quadrant info Cleared
2019-06-26T08:52:00 INFO Estimated run completion = 01:00
2019-06-26T08:52:00 INFO Estimated run completion = 01:00
2019-06-26T08:52:00 INFO Estimated run completion = 01:00
--------- SeparatorGateway: AtSeparatorStateUpdate - SeparatorState=SeparatorUnloaded. 
------------------------------ SetGuiState:  SeparatorState.SeparatorUnloaded -------------------------
2019-06-26T08:52:00 INFO SetGuiState:  SeparatorState.SeparatorUnloaded -------------------------
---------Now update the display
------------------------------ SetGuiState:  SeparatorState.SeparatorUnloaded -------------------------
2019-06-26T08:52:00 INFO SetGuiState:  SeparatorState.SeparatorUnloaded -------------------------
2019-06-26T08:52:13 INFO New Protocol Select user control generated
2019-06-26T08:52:13 DEBUG Loaded 12 protocol from User SAP
2019-06-26T08:52:13 INFO output: C:\Program Files\STI\RoboSep\protocols\
2019-06-26T08:52:13 DEBUG Loaded Robosep User
2019-06-26T08:52:13 INFO Opening protocol selection for quadrant 3
2019-06-26T08:52:18 INFO Protocol Selection play button clicked
---------No reloading of user protocols is required.
---------No need to reload my protocol list.
---------Select the protocol Human Resting CD4+ T Cell Isolation 17962 before exiting.
---------Protocol Select: SelectProtocol called.
----------Protocol Select: Called RoboSep_RunSamples.getInstance().addToRun
---------Called SelectProtocol
2019-06-26T08:52:18 DEBUG Adding protocol 'Human Resting CD4+ T Cell Isolation 17962' to run at quadrant2
2019-06-26T08:52:18 DEBUG Opening New Number Pad window
2019-06-26T08:52:20 DEBUG Volume: 5.000
2019-06-26T08:52:20 INFO Estimated run completion = 01:00
--------- SeparatorGateway: AtSeparatorStateUpdate - SeparatorState=Selected. 
------------------SeparatorGateway AtSeparatorStateUpdate Selected undefined???
----------Protocol Select: After RoboSep_RunSamples.getInstance().addToRun
2019-06-26T08:52:20 INFO Adding protocol to current run
2019-06-26T08:52:20 INFO Protocol Selection home button exit after sTime seconds.
------------------------------ SetGuiState:  SeparatorState.Selected -------------------------
2019-06-26T08:52:20 INFO SetGuiState:  SeparatorState.Selected -------------------------
2019-06-26T08:52:20 INFO Estimated run completion = 01:00
2019-06-26T08:52:20 INFO Estimated run completion = 01:00
---------Now update the display
------------------------------ SetGuiState:  SeparatorState.Selected -------------------------
2019-06-26T08:52:20 INFO SetGuiState:  SeparatorState.Selected -------------------------
RunSamples 32 : setSampleVolume QuadrantId=Quadrant3, Volume=5
2019-06-26T08:52:20 INFO Quad: 3 Sample Vol 0.005
RunSamples 33 : setSampleVolume QuadrantId=Quadrant3 completed.
---------AtProtocolConsumablesUpdate: given 'consumables' are not null.
---------AtProtocolConsumablesUpdate: update the protocol table (using the newly received sample volumes).
---------Now update the display
2019-06-26T08:52:21 DEBUG >> Enter to (ScheduleRun)
2019-06-26T08:52:21 DEBUG Requesting ETC update (ScheduleRun)
2019-06-26T08:52:21 INFO Sample 0: Protocol ID:782776077, Volume:5000.000[uL]
2019-06-26T08:52:21 DEBUG ETC update: 2019-06-26T09:29:17
2019-06-26T08:52:22 DEBUG >> Leave (ScheduleRun)
2019-06-26T08:52:22 DEBUG Time remaining (ScheduleRun ETC):	0.0256455696828704
2019-06-26T08:52:22 INFO Estimated run completion = 37:00
--------- SeparatorGateway: AtSeparatorStateUpdate - SeparatorState=Ready. 
------------------------------ SetGuiState:  SeparatorState.Ready -------------------------
2019-06-26T08:52:22 INFO SetGuiState:  SeparatorState.Ready -------------------------
2019-06-26T08:59:52 INFO Run Samples button clicked
2019-06-26T08:59:52 INFO Scheduling Run
---------Run Samples: getConsumables called : iProtocolSelectCount = 1
GetProtocolConsumables called. selectedProtocolIndexNumber = 0.
myChosenProtocols.GetKey returns QuadrantId = Quadrant3.
protocolName=Human Resting CD4+ T Cell Isolation 17962. initialQuadrant=Quadrant3.
2019-06-26T08:59:52 DEBUG Getting Consumables for 1 quadrants
.............................Human Resting CD4+ T Cell Isolation 17962 0 0
                                         0 0
2019-06-26T08:59:52 DEBUG QuadrantManager::StartRun
2019-06-26T08:59:52 DEBUG protocol: Human Resting CD4+ T Cell Isolation 17962.xml is acquired.
2019-06-26T08:59:52 DEBUG >> Starting acquiring protocol command list[0]
2019-06-26T08:59:52 DEBUG >>>> Entering to getProtocolCommandList[0]
2019-06-26T08:59:52 DEBUG ++++++getProtocolCommandList() before lock
2019-06-26T08:59:52 DEBUG ------Entering to getProtocolCommandList at ControlProxy
2019-06-26T08:59:52 DEBUG >>>>>>> Entering to getProtocolCommandList at XMLRpcProxy
2019-06-26T08:59:52 DEBUG >>>>>>> Leaving getProtocolCommandList at XMLRpcProxy
2019-06-26T08:59:52 DEBUG ------Leaving getProtocolCommandList at ControlProxy
2019-06-26T08:59:52 DEBUG ++++++getProtocolCommandList() After lock
2019-06-26T08:59:52 DEBUG >>>> Leaving getProtocolCommandList[0]
2019-06-26T08:59:52 DEBUG >>>> Entering to ConvertCmdStringListToIntList
2019-06-26T08:59:52 DEBUG >>>> Leaving ConvertCmdStringListToIntList
2019-06-26T08:59:52 DEBUG >> finishing acquiring protocol command list[0]
2019-06-26T08:59:52 DEBUG protocol: Human Resting CD4+ T Cell Isolation 17962.xml commands: 13
2019-06-26T08:59:52 DEBUG ProgressBar set 13 steps
2019-06-26T08:59:52 DEBUG Run progress info set.
2019-06-26T08:59:52 DEBUG Displaying quadrant 2 resources
