2019-06-26T09:08:30 INFO Application log initialised
2019-06-26T09:08:30 DEBUG Remoting Address = 127.0.0.1
2019-06-26T09:08:30 DEBUG ICS Server URL       = http://127.0.0.1:8000
2019-06-26T09:08:30 DEBUG ICS EventSink URL    = http://127.0.0.1:8001/InstrumentControlEventSink
2019-06-26T09:08:30 DEBUG Separator Server URL =  tcp://127.0.0.1:3149/Separator
2019-06-26T09:08:30 DEBUG Configured address = 127.0.0.1
2019-06-26T09:08:30 INFO Initializing User Console
2019-06-26T09:08:31 DEBUG Initializing UserDB
2019-06-26T09:08:31 INFO Application config path: C:\Program Files\STI\RoboSep\config\
2019-06-26T09:08:31 INFO output: C:\Program Files\STI\RoboSep\protocols\
2019-06-26T09:08:31 INFO XSD Path : c:\Program Files\STI\RoboSep\
2019-06-26T09:08:31 DEBUG 229protocols loaded
2019-06-26T09:08:31 ERROR Failed to convert variable '00/00/0000' to valid date.
2019-06-26T09:08:31 ERROR WarrantyExpireDate in GUI.ini file is invalid.
2019-06-26T09:08:31 DEBUG Creating new Form_Home
2019-06-26T09:08:31 INFO Command to launch service 'dns-sd.exe -R "Orca1" _robosep._tcp . 5899' for Network ORCA.
2019-06-26T09:08:31 INFO Service 'dns-sd.exe' for network ORCA has been launched. ProcessID='3844'. Path='C:\Windows\system32'
2019-06-26T09:08:31 INFO Loading User Console
2019-06-26T09:08:31 ERROR Starting GUI Thread
2019-06-26T09:08:31 INFO Connecting...
2019-06-26T09:08:31 INFO set user.db file to : User1.udb
2019-06-26T09:08:31 INFO <<<<<<<<<<<<<<<<<<<<<<<,,, 1 tcp://127.0.0.1:3149/Separator
2019-06-26T09:08:31 INFO <<<<<<<<<<<<<<<<<<<<<<<,,, 2
2019-06-26T09:08:31 INFO output: C:\Program Files\STI\RoboSep\protocols\
2019-06-26T09:08:31 DEBUG Loaded Robosep User
2019-06-26T09:08:31 INFO Current user ID : 'SAP'.
2019-06-26T09:08:32 DEBUG Instrument Control API Ping() returned True
2019-06-26T09:08:32 INFO <<<<<<<<<<<<<<<<<<<<<<<,,, 3
2019-06-26T09:08:32 INFO Get system information for About menu
--------- SeparatorGateway: AtSeparatorStateUpdate - SeparatorState=Initialising. 
2019-06-26T09:08:32 INFO Estimated run completion = 01:00
---------Now update the display
2019-06-26T09:08:57 DEBUG Carousel state changed to: SeparatorUnloaded
--------- SeparatorGateway: AtSeparatorStateUpdate - SeparatorState=SeparatorUnloaded. 
------------------------------ SetGuiState:  SeparatorState.SeparatorUnloaded -------------------------
2019-06-26T09:08:57 INFO SetGuiState:  SeparatorState.SeparatorUnloaded -------------------------
2019-06-26T09:08:58 INFO Stopping Splash page
2019-06-26T09:08:58 ERROR Failed to convert variable '00/0/0000' to valid date.
2019-06-26T09:08:58 ERROR Failed to convert variable '00/0/0000' to valid date.
2019-06-26T09:08:58 ERROR Failed to convert variable '00/0/0000' to valid date.
2019-06-26T09:08:58 ERROR Failed to convert variable '00/00/0000' to valid date.
2019-06-26T09:08:58 ERROR Failed to convert variable '00/00/0000' to valid date.
2019-06-26T09:08:58 INFO Initializing About user control
2019-06-26T09:08:58 INFO Generating Robosep Resources user control
2019-06-26T09:08:58 INFO Initializing Run Samples user control
2019-06-26T09:08:58 INFO PauseResumeDialog form created
2019-06-26T09:09:31 INFO New Protocol Select user control generated
2019-06-26T09:09:31 DEBUG Loaded 12 protocol from User SAP
2019-06-26T09:09:31 INFO output: C:\Program Files\STI\RoboSep\protocols\
2019-06-26T09:09:31 DEBUG Loaded Robosep User
2019-06-26T09:09:31 INFO Opening protocol selection for quadrant 2
2019-06-26T09:09:36 INFO Protocol Selection play button clicked
---------No reloading of user protocols is required.
---------No need to reload my protocol list.
---------Select the protocol Human Resting CD4+ T Cell Isolation 17962 before exiting.
---------Protocol Select: SelectProtocol called.
----------Protocol Select: Called RoboSep_RunSamples.getInstance().addToRun
---------Called SelectProtocol
2019-06-26T09:09:36 DEBUG Adding protocol 'Human Resting CD4+ T Cell Isolation 17962' to run at quadrant1
2019-06-26T09:09:36 DEBUG Opening New Number Pad window
2019-06-26T09:09:43 DEBUG Volume: 2.000
----------Protocol Select: After RoboSep_RunSamples.getInstance().addToRun
2019-06-26T09:09:43 INFO Estimated run completion = 01:00
--------- SeparatorGateway: AtSeparatorStateUpdate - SeparatorState=Selected. 
------------------SeparatorGateway AtSeparatorStateUpdate Selected undefined???
2019-06-26T09:09:43 INFO Adding protocol to current run
2019-06-26T09:09:43 INFO Protocol Selection home button exit after sTime seconds.
------------------------------ SetGuiState:  SeparatorState.Selected -------------------------
2019-06-26T09:09:43 INFO SetGuiState:  SeparatorState.Selected -------------------------
2019-06-26T09:09:43 INFO Estimated run completion = 01:00
2019-06-26T09:09:43 INFO Estimated run completion = 01:00
---------Now update the display
------------------------------ SetGuiState:  SeparatorState.Selected -------------------------
2019-06-26T09:09:43 INFO SetGuiState:  SeparatorState.Selected -------------------------
RunSamples 32 : setSampleVolume QuadrantId=Quadrant2, Volume=2
2019-06-26T09:09:43 INFO Quad: 2 Sample Vol 0.002
RunSamples 33 : setSampleVolume QuadrantId=Quadrant2 completed.
---------AtProtocolConsumablesUpdate: given 'consumables' are not null.
---------AtProtocolConsumablesUpdate: update the protocol table (using the newly received sample volumes).
---------Now update the display
2019-06-26T09:09:43 DEBUG >> Enter to (ScheduleRun)
2019-06-26T09:09:43 DEBUG Requesting ETC update (ScheduleRun)
2019-06-26T09:09:43 INFO Sample 0: Protocol ID:782776077, Volume:2000.000[uL]
2019-06-26T09:09:43 DEBUG ETC update: 2019-06-26T09:46:35
2019-06-26T09:09:44 DEBUG >> Leave (ScheduleRun)
2019-06-26T09:09:44 DEBUG Time remaining (ScheduleRun ETC):	0.0255913953298611
2019-06-26T09:09:44 INFO Estimated run completion = 37:00
--------- SeparatorGateway: AtSeparatorStateUpdate - SeparatorState=Ready. 
------------------------------ SetGuiState:  SeparatorState.Ready -------------------------
2019-06-26T09:09:44 INFO SetGuiState:  SeparatorState.Ready -------------------------
2019-06-26T09:09:53 INFO Run Samples button clicked
2019-06-26T09:09:53 INFO Scheduling Run
---------Run Samples: getConsumables called : iProtocolSelectCount = 1
GetProtocolConsumables called. selectedProtocolIndexNumber = 0.
myChosenProtocols.GetKey returns QuadrantId = Quadrant2.
protocolName=Human Resting CD4+ T Cell Isolation 17962. initialQuadrant=Quadrant2.
2019-06-26T09:09:53 DEBUG Getting Consumables for 1 quadrants
.............................Human Resting CD4+ T Cell Isolation 17962 0 0
                                         0 0
2019-06-26T09:09:53 DEBUG QuadrantManager::StartRun
2019-06-26T09:09:53 DEBUG protocol: Human Resting CD4+ T Cell Isolation 17962.xml is acquired.
2019-06-26T09:09:53 DEBUG >> Starting acquiring protocol command list[0]
2019-06-26T09:09:53 DEBUG >>>> Entering to getProtocolCommandList[0]
2019-06-26T09:09:53 DEBUG ++++++getProtocolCommandList() before lock
2019-06-26T09:09:53 DEBUG ------Entering to getProtocolCommandList at ControlProxy
2019-06-26T09:09:53 DEBUG >>>>>>> Entering to getProtocolCommandList at XMLRpcProxy
2019-06-26T09:09:53 DEBUG >>>>>>> Leaving getProtocolCommandList at XMLRpcProxy
2019-06-26T09:09:53 DEBUG ------Leaving getProtocolCommandList at ControlProxy
2019-06-26T09:09:53 DEBUG ++++++getProtocolCommandList() After lock
2019-06-26T09:09:53 DEBUG >>>> Leaving getProtocolCommandList[0]
2019-06-26T09:09:53 DEBUG >>>> Entering to ConvertCmdStringListToIntList
2019-06-26T09:09:53 DEBUG >>>> Leaving ConvertCmdStringListToIntList
2019-06-26T09:09:53 DEBUG >> finishing acquiring protocol command list[0]
2019-06-26T09:09:53 DEBUG protocol: Human Resting CD4+ T Cell Isolation 17962.xml commands: 13
2019-06-26T09:09:53 DEBUG ProgressBar set 1 steps
2019-06-26T09:09:53 DEBUG ProgressBar set 13 steps
2019-06-26T09:09:53 DEBUG Run progress info set.
2019-06-26T09:09:53 DEBUG Displaying quadrant 1 resources
2019-06-26T09:11:59 DEBUG Loading resources from sharing protocols
2019-06-26T09:11:59 INFO Resource window is foreground
2019-06-26T09:12:03 INFO Unload is called.
2019-06-26T09:12:03 DEBUG ProgressBar set 1 steps
2019-06-26T09:12:03 DEBUG Cancel button clicked
2019-06-26T09:12:06 INFO Removing protocol at quadrant 2
---------AtProtocolConsumablesUpdate: given 'consumables' are null.
---------AtProtocolConsumablesUpdate: remove any previous consumables information for quadrant=Quadrant2.
---------AtProtocolConsumablesUpdate: remove any previous consumables information for quadrant=Quadrant3.
---------AtProtocolConsumablesUpdate: update the protocol table (using the newly received sample volumes).
2019-06-26T09:12:06 INFO Quadrant info Cleared
---------Now update the display
2019-06-26T09:12:06 INFO Estimated run completion = 01:00
--------- SeparatorGateway: AtSeparatorStateUpdate - SeparatorState=Configured. 
2019-06-26T09:12:06 INFO Quadrant info Cleared
2019-06-26T09:12:06 INFO Quadrant info Cleared
2019-06-26T09:12:06 INFO Estimated run completion = 01:00
--------- SeparatorGateway: AtSeparatorStateUpdate - SeparatorState=SeparatorUnloaded. 
------------------------------ SetGuiState:  SeparatorState.SeparatorUnloaded -------------------------
2019-06-26T09:12:06 INFO SetGuiState:  SeparatorState.SeparatorUnloaded -------------------------
---------Now update the display
------------------------------ SetGuiState:  SeparatorState.SeparatorUnloaded -------------------------
2019-06-26T09:12:06 INFO SetGuiState:  SeparatorState.SeparatorUnloaded -------------------------
2019-06-26T09:12:06 INFO New Protocol Select user control generated
2019-06-26T09:12:06 DEBUG Loaded 12 protocol from User SAP
2019-06-26T09:12:06 INFO output: C:\Program Files\STI\RoboSep\protocols\
2019-06-26T09:12:06 DEBUG Loaded Robosep User
2019-06-26T09:12:07 INFO Opening protocol selection for quadrant 1
2019-06-26T09:12:11 INFO Protocol Selection play button clicked
---------No reloading of user protocols is required.
---------No need to reload my protocol list.
---------Select the protocol Human Resting CD4+ T Cell Isolation 17962 before exiting.
---------Protocol Select: SelectProtocol called.
----------Protocol Select: Called RoboSep_RunSamples.getInstance().addToRun
---------Called SelectProtocol
2019-06-26T09:12:11 DEBUG Adding protocol 'Human Resting CD4+ T Cell Isolation 17962' to run at quadrant0
2019-06-26T09:12:11 DEBUG Opening New Number Pad window
2019-06-26T09:12:13 DEBUG Volume: 2.000
2019-06-26T09:12:13 INFO Estimated run completion = 01:00
--------- SeparatorGateway: AtSeparatorStateUpdate - SeparatorState=Selected. 
------------------SeparatorGateway AtSeparatorStateUpdate Selected undefined???
----------Protocol Select: After RoboSep_RunSamples.getInstance().addToRun
2019-06-26T09:12:13 INFO Adding protocol to current run
2019-06-26T09:12:13 INFO Protocol Selection home button exit after sTime seconds.
------------------------------ SetGuiState:  SeparatorState.Selected -------------------------
2019-06-26T09:12:13 INFO SetGuiState:  SeparatorState.Selected -------------------------
2019-06-26T09:12:13 INFO Estimated run completion = 01:00
2019-06-26T09:12:13 INFO Estimated run completion = 01:00
---------Now update the display
------------------------------ SetGuiState:  SeparatorState.Selected -------------------------
2019-06-26T09:12:13 INFO SetGuiState:  SeparatorState.Selected -------------------------
RunSamples 32 : setSampleVolume QuadrantId=Quadrant1, Volume=2
2019-06-26T09:12:13 INFO Quad: 1 Sample Vol 0.002
RunSamples 33 : setSampleVolume QuadrantId=Quadrant1 completed.
---------AtProtocolConsumablesUpdate: given 'consumables' are not null.
---------AtProtocolConsumablesUpdate: update the protocol table (using the newly received sample volumes).
---------Now update the display
2019-06-26T09:12:14 DEBUG >> Enter to (ScheduleRun)
2019-06-26T09:12:14 DEBUG Requesting ETC update (ScheduleRun)
2019-06-26T09:12:14 INFO Sample 0: Protocol ID:782776077, Volume:2000.000[uL]
2019-06-26T09:12:14 DEBUG ETC update: 2019-06-26T09:49:05
2019-06-26T09:12:15 DEBUG >> Leave (ScheduleRun)
2019-06-26T09:12:15 DEBUG Time remaining (ScheduleRun ETC):	0.0255890443460648
2019-06-26T09:12:15 INFO Estimated run completion = 37:00
--------- SeparatorGateway: AtSeparatorStateUpdate - SeparatorState=Ready. 
------------------------------ SetGuiState:  SeparatorState.Ready -------------------------
2019-06-26T09:12:15 INFO SetGuiState:  SeparatorState.Ready -------------------------
2019-06-26T09:12:20 INFO Run Samples button clicked
2019-06-26T09:12:20 INFO Scheduling Run
---------Run Samples: getConsumables called : iProtocolSelectCount = 1
GetProtocolConsumables called. selectedProtocolIndexNumber = 0.
myChosenProtocols.GetKey returns QuadrantId = Quadrant1.
protocolName=Human Resting CD4+ T Cell Isolation 17962. initialQuadrant=Quadrant1.
2019-06-26T09:12:20 DEBUG Getting Consumables for 1 quadrants
.............................Human Resting CD4+ T Cell Isolation 17962 0 0
                                         0 0
2019-06-26T09:12:20 DEBUG QuadrantManager::StartRun
2019-06-26T09:12:20 DEBUG protocol: Human Resting CD4+ T Cell Isolation 17962.xml is acquired.
2019-06-26T09:12:20 DEBUG >> Starting acquiring protocol command list[0]
2019-06-26T09:12:20 DEBUG >>>> Entering to getProtocolCommandList[0]
2019-06-26T09:12:20 DEBUG ++++++getProtocolCommandList() before lock
2019-06-26T09:12:20 DEBUG ------Entering to getProtocolCommandList at ControlProxy
2019-06-26T09:12:20 DEBUG >>>>>>> Entering to getProtocolCommandList at XMLRpcProxy
2019-06-26T09:12:20 DEBUG >>>>>>> Leaving getProtocolCommandList at XMLRpcProxy
2019-06-26T09:12:20 DEBUG ------Leaving getProtocolCommandList at ControlProxy
2019-06-26T09:12:20 DEBUG ++++++getProtocolCommandList() After lock
2019-06-26T09:12:20 DEBUG >>>> Leaving getProtocolCommandList[0]
2019-06-26T09:12:20 DEBUG >>>> Entering to ConvertCmdStringListToIntList
2019-06-26T09:12:20 DEBUG >>>> Leaving ConvertCmdStringListToIntList
2019-06-26T09:12:20 DEBUG >> finishing acquiring protocol command list[0]
2019-06-26T09:12:20 DEBUG protocol: Human Resting CD4+ T Cell Isolation 17962.xml commands: 13
2019-06-26T09:12:20 DEBUG ProgressBar set 13 steps
2019-06-26T09:12:20 DEBUG Run progress info set.
2019-06-26T09:12:20 DEBUG Displaying quadrant 0 resources
2019-06-26T09:15:26 DEBUG Loading resources from sharing protocols
2019-06-26T09:15:26 INFO Resource window is foreground
2019-06-26T09:15:33 INFO Unload is called.
2019-06-26T09:15:33 DEBUG ProgressBar set 1 steps
2019-06-26T09:15:33 DEBUG Cancel button clicked
2019-06-26T09:15:39 INFO Removing protocol at quadrant 1
---------AtProtocolConsumablesUpdate: given 'consumables' are null.
---------AtProtocolConsumablesUpdate: remove any previous consumables information for quadrant=Quadrant1.
---------AtProtocolConsumablesUpdate: remove any previous consumables information for quadrant=Quadrant2.
---------AtProtocolConsumablesUpdate: update the protocol table (using the newly received sample volumes).
2019-06-26T09:15:39 INFO Quadrant info Cleared
---------Now update the display
2019-06-26T09:15:39 INFO Estimated run completion = 01:00
2019-06-26T09:15:39 INFO Quadrant info Cleared
--------- SeparatorGateway: AtSeparatorStateUpdate - SeparatorState=Configured. 
2019-06-26T09:15:39 INFO Quadrant info Cleared
2019-06-26T09:15:39 INFO Estimated run completion = 01:00
--------- SeparatorGateway: AtSeparatorStateUpdate - SeparatorState=SeparatorUnloaded. 
------------------------------ SetGuiState:  SeparatorState.SeparatorUnloaded -------------------------
2019-06-26T09:15:39 INFO SetGuiState:  SeparatorState.SeparatorUnloaded -------------------------
---------Now update the display
------------------------------ SetGuiState:  SeparatorState.SeparatorUnloaded -------------------------
2019-06-26T09:15:39 INFO SetGuiState:  SeparatorState.SeparatorUnloaded -------------------------
2019-06-26T09:15:40 INFO New Protocol Select user control generated
2019-06-26T09:15:40 DEBUG Loaded 12 protocol from User SAP
2019-06-26T09:15:40 INFO output: C:\Program Files\STI\RoboSep\protocols\
2019-06-26T09:15:40 DEBUG Loaded Robosep User
2019-06-26T09:15:40 INFO Opening protocol selection for quadrant 2
2019-06-26T09:15:46 INFO Protocol Selection play button clicked
---------No reloading of user protocols is required.
---------No need to reload my protocol list.
---------Select the protocol Human Resting CD4+ T Cell Isolation 17962 before exiting.
---------Protocol Select: SelectProtocol called.
----------Protocol Select: Called RoboSep_RunSamples.getInstance().addToRun
---------Called SelectProtocol
2019-06-26T09:15:46 DEBUG Adding protocol 'Human Resting CD4+ T Cell Isolation 17962' to run at quadrant1
2019-06-26T09:15:46 DEBUG Opening New Number Pad window
2019-06-26T09:15:48 DEBUG Volume: 2.000
2019-06-26T09:15:48 INFO Estimated run completion = 01:00
--------- SeparatorGateway: AtSeparatorStateUpdate - SeparatorState=Selected. 
------------------SeparatorGateway AtSeparatorStateUpdate Selected undefined???
----------Protocol Select: After RoboSep_RunSamples.getInstance().addToRun
2019-06-26T09:15:48 INFO Adding protocol to current run
2019-06-26T09:15:48 INFO Protocol Selection home button exit after sTime seconds.
------------------------------ SetGuiState:  SeparatorState.Selected -------------------------
2019-06-26T09:15:48 INFO SetGuiState:  SeparatorState.Selected -------------------------
2019-06-26T09:15:48 INFO Estimated run completion = 01:00
2019-06-26T09:15:48 INFO Estimated run completion = 01:00
---------Now update the display
------------------------------ SetGuiState:  SeparatorState.Selected -------------------------
2019-06-26T09:15:48 INFO SetGuiState:  SeparatorState.Selected -------------------------
RunSamples 32 : setSampleVolume QuadrantId=Quadrant2, Volume=2
2019-06-26T09:15:48 INFO Quad: 2 Sample Vol 0.002
RunSamples 33 : setSampleVolume QuadrantId=Quadrant2 completed.
---------AtProtocolConsumablesUpdate: given 'consumables' are not null.
---------AtProtocolConsumablesUpdate: update the protocol table (using the newly received sample volumes).
---------Now update the display
2019-06-26T09:15:49 DEBUG >> Enter to (ScheduleRun)
2019-06-26T09:15:49 DEBUG Requesting ETC update (ScheduleRun)
2019-06-26T09:15:49 INFO Sample 0: Protocol ID:782776077, Volume:2000.000[uL]
2019-06-26T09:15:49 DEBUG ETC update: 2019-06-26T09:52:41
2019-06-26T09:15:50 DEBUG >> Leave (ScheduleRun)
2019-06-26T09:15:50 DEBUG Time remaining (ScheduleRun ETC):	0.0255953739178241
2019-06-26T09:15:50 INFO Estimated run completion = 37:00
--------- SeparatorGateway: AtSeparatorStateUpdate - SeparatorState=Ready. 
------------------------------ SetGuiState:  SeparatorState.Ready -------------------------
2019-06-26T09:15:50 INFO SetGuiState:  SeparatorState.Ready -------------------------
2019-06-26T09:16:00 INFO Run Samples button clicked
2019-06-26T09:16:00 INFO Scheduling Run
---------Run Samples: getConsumables called : iProtocolSelectCount = 1
GetProtocolConsumables called. selectedProtocolIndexNumber = 0.
myChosenProtocols.GetKey returns QuadrantId = Quadrant2.
protocolName=Human Resting CD4+ T Cell Isolation 17962. initialQuadrant=Quadrant2.
2019-06-26T09:16:00 DEBUG Getting Consumables for 1 quadrants
.............................Human Resting CD4+ T Cell Isolation 17962 0 0
                                         0 0
2019-06-26T09:16:00 DEBUG QuadrantManager::StartRun
2019-06-26T09:16:00 DEBUG protocol: Human Resting CD4+ T Cell Isolation 17962.xml is acquired.
2019-06-26T09:16:00 DEBUG >> Starting acquiring protocol command list[0]
2019-06-26T09:16:00 DEBUG >>>> Entering to getProtocolCommandList[0]
2019-06-26T09:16:00 DEBUG ++++++getProtocolCommandList() before lock
2019-06-26T09:16:00 DEBUG ------Entering to getProtocolCommandList at ControlProxy
2019-06-26T09:16:00 DEBUG >>>>>>> Entering to getProtocolCommandList at XMLRpcProxy
2019-06-26T09:16:00 DEBUG >>>>>>> Leaving getProtocolCommandList at XMLRpcProxy
2019-06-26T09:16:00 DEBUG ------Leaving getProtocolCommandList at ControlProxy
2019-06-26T09:16:00 DEBUG ++++++getProtocolCommandList() After lock
2019-06-26T09:16:00 DEBUG >>>> Leaving getProtocolCommandList[0]
2019-06-26T09:16:00 DEBUG >>>> Entering to ConvertCmdStringListToIntList
2019-06-26T09:16:00 DEBUG >>>> Leaving ConvertCmdStringListToIntList
2019-06-26T09:16:00 DEBUG >> finishing acquiring protocol command list[0]
2019-06-26T09:16:00 DEBUG protocol: Human Resting CD4+ T Cell Isolation 17962.xml commands: 13
2019-06-26T09:16:00 DEBUG ProgressBar set 13 steps
2019-06-26T09:16:00 DEBUG Run progress info set.
2019-06-26T09:16:00 DEBUG Displaying quadrant 1 resources
2019-06-26T09:18:49 DEBUG Loading resources from sharing protocols
2019-06-26T09:18:49 INFO Resource window is foreground
2019-06-26T09:19:01 INFO Unload is called.
2019-06-26T09:19:01 DEBUG ProgressBar set 1 steps
2019-06-26T09:19:01 DEBUG Cancel button clicked
2019-06-26T09:19:05 INFO Removing protocol at quadrant 2
---------AtProtocolConsumablesUpdate: given 'consumables' are null.
---------AtProtocolConsumablesUpdate: remove any previous consumables information for quadrant=Quadrant2.
---------AtProtocolConsumablesUpdate: remove any previous consumables information for quadrant=Quadrant3.
---------AtProtocolConsumablesUpdate: update the protocol table (using the newly received sample volumes).
2019-06-26T09:19:05 INFO Quadrant info Cleared
---------Now update the display
2019-06-26T09:19:05 INFO Quadrant info Cleared
2019-06-26T09:19:05 INFO Estimated run completion = 01:00
--------- SeparatorGateway: AtSeparatorStateUpdate - SeparatorState=Configured. 
2019-06-26T09:19:05 INFO Quadrant info Cleared
2019-06-26T09:19:05 INFO Estimated run completion = 01:00
--------- SeparatorGateway: AtSeparatorStateUpdate - SeparatorState=SeparatorUnloaded. 
------------------------------ SetGuiState:  SeparatorState.SeparatorUnloaded -------------------------
2019-06-26T09:19:05 INFO SetGuiState:  SeparatorState.SeparatorUnloaded -------------------------
---------Now update the display
------------------------------ SetGuiState:  SeparatorState.SeparatorUnloaded -------------------------
2019-06-26T09:19:05 INFO SetGuiState:  SeparatorState.SeparatorUnloaded -------------------------
2019-06-26T09:19:07 INFO New Protocol Select user control generated
2019-06-26T09:19:07 DEBUG Loaded 12 protocol from User SAP
2019-06-26T09:19:07 INFO output: C:\Program Files\STI\RoboSep\protocols\
2019-06-26T09:19:07 DEBUG Loaded Robosep User
2019-06-26T09:19:07 INFO Opening protocol selection for quadrant 3
2019-06-26T09:19:10 INFO Protocol Selection play button clicked
---------No reloading of user protocols is required.
---------No need to reload my protocol list.
---------Select the protocol Human Resting CD4+ T Cell Isolation 17962 before exiting.
---------Protocol Select: SelectProtocol called.
----------Protocol Select: Called RoboSep_RunSamples.getInstance().addToRun
---------Called SelectProtocol
2019-06-26T09:19:10 DEBUG Adding protocol 'Human Resting CD4+ T Cell Isolation 17962' to run at quadrant2
2019-06-26T09:19:10 DEBUG Opening New Number Pad window
2019-06-26T09:19:12 DEBUG Volume: 5.000
2019-06-26T09:19:12 INFO Estimated run completion = 01:00
--------- SeparatorGateway: AtSeparatorStateUpdate - SeparatorState=Selected. 
------------------SeparatorGateway AtSeparatorStateUpdate Selected undefined???
----------Protocol Select: After RoboSep_RunSamples.getInstance().addToRun
2019-06-26T09:19:12 INFO Adding protocol to current run
2019-06-26T09:19:12 INFO Protocol Selection home button exit after sTime seconds.
------------------------------ SetGuiState:  SeparatorState.Selected -------------------------
2019-06-26T09:19:12 INFO SetGuiState:  SeparatorState.Selected -------------------------
2019-06-26T09:19:12 INFO Estimated run completion = 01:00
2019-06-26T09:19:12 INFO Estimated run completion = 01:00
---------Now update the display
------------------------------ SetGuiState:  SeparatorState.Selected -------------------------
2019-06-26T09:19:12 INFO SetGuiState:  SeparatorState.Selected -------------------------
RunSamples 32 : setSampleVolume QuadrantId=Quadrant3, Volume=5
2019-06-26T09:19:12 INFO Quad: 3 Sample Vol 0.005
RunSamples 33 : setSampleVolume QuadrantId=Quadrant3 completed.
---------AtProtocolConsumablesUpdate: given 'consumables' are not null.
---------AtProtocolConsumablesUpdate: update the protocol table (using the newly received sample volumes).
---------Now update the display
2019-06-26T09:19:13 DEBUG >> Enter to (ScheduleRun)
2019-06-26T09:19:13 DEBUG Requesting ETC update (ScheduleRun)
2019-06-26T09:19:13 INFO Sample 0: Protocol ID:782776077, Volume:5000.000[uL]
2019-06-26T09:19:13 DEBUG ETC update: 2019-06-26T09:56:09
2019-06-26T09:19:14 DEBUG >> Leave (ScheduleRun)
2019-06-26T09:19:14 DEBUG Time remaining (ScheduleRun ETC):	0.02564516278125
2019-06-26T09:19:14 INFO Estimated run completion = 37:00
--------- SeparatorGateway: AtSeparatorStateUpdate - SeparatorState=Ready. 
------------------------------ SetGuiState:  SeparatorState.Ready -------------------------
2019-06-26T09:19:14 INFO SetGuiState:  SeparatorState.Ready -------------------------
2019-06-26T09:19:19 INFO Run Samples button clicked
2019-06-26T09:19:19 INFO Scheduling Run
---------Run Samples: getConsumables called : iProtocolSelectCount = 1
GetProtocolConsumables called. selectedProtocolIndexNumber = 0.
myChosenProtocols.GetKey returns QuadrantId = Quadrant3.
protocolName=Human Resting CD4+ T Cell Isolation 17962. initialQuadrant=Quadrant3.
2019-06-26T09:19:19 DEBUG Getting Consumables for 1 quadrants
.............................Human Resting CD4+ T Cell Isolation 17962 0 0
                                         0 0
2019-06-26T09:19:19 DEBUG QuadrantManager::StartRun
2019-06-26T09:19:20 DEBUG protocol: Human Resting CD4+ T Cell Isolation 17962.xml is acquired.
2019-06-26T09:19:20 DEBUG >> Starting acquiring protocol command list[0]
2019-06-26T09:19:20 DEBUG >>>> Entering to getProtocolCommandList[0]
2019-06-26T09:19:20 DEBUG ++++++getProtocolCommandList() before lock
2019-06-26T09:19:20 DEBUG ------Entering to getProtocolCommandList at ControlProxy
2019-06-26T09:19:20 DEBUG >>>>>>> Entering to getProtocolCommandList at XMLRpcProxy
2019-06-26T09:19:20 DEBUG >>>>>>> Leaving getProtocolCommandList at XMLRpcProxy
2019-06-26T09:19:20 DEBUG ------Leaving getProtocolCommandList at ControlProxy
2019-06-26T09:19:20 DEBUG ++++++getProtocolCommandList() After lock
2019-06-26T09:19:20 DEBUG >>>> Leaving getProtocolCommandList[0]
2019-06-26T09:19:20 DEBUG >>>> Entering to ConvertCmdStringListToIntList
2019-06-26T09:19:20 DEBUG >>>> Leaving ConvertCmdStringListToIntList
2019-06-26T09:19:20 DEBUG >> finishing acquiring protocol command list[0]
2019-06-26T09:19:20 DEBUG protocol: Human Resting CD4+ T Cell Isolation 17962.xml commands: 13
2019-06-26T09:19:20 DEBUG ProgressBar set 13 steps
2019-06-26T09:19:20 DEBUG Run progress info set.
2019-06-26T09:19:20 DEBUG Displaying quadrant 2 resources
2019-06-26T09:20:25 DEBUG Loading resources from sharing protocols
2019-06-26T09:20:25 INFO Resource window is foreground
2019-06-26T09:20:30 INFO Unload is called.
2019-06-26T09:20:30 DEBUG ProgressBar set 1 steps
2019-06-26T09:20:30 DEBUG Cancel button clicked
2019-06-26T09:20:32 INFO Removing protocol at quadrant 3
---------AtProtocolConsumablesUpdate: given 'consumables' are null.
---------AtProtocolConsumablesUpdate: remove any previous consumables information for quadrant=Quadrant3.
---------AtProtocolConsumablesUpdate: remove any previous consumables information for quadrant=Quadrant4.
---------AtProtocolConsumablesUpdate: update the protocol table (using the newly received sample volumes).
2019-06-26T09:20:32 INFO Quadrant info Cleared
---------Now update the display
2019-06-26T09:20:32 INFO Estimated run completion = 01:00
--------- SeparatorGateway: AtSeparatorStateUpdate - SeparatorState=Configured. 
2019-06-26T09:20:32 INFO Quadrant info Cleared
2019-06-26T09:20:32 INFO Quadrant info Cleared
2019-06-26T09:20:32 INFO Estimated run completion = 01:00
--------- SeparatorGateway: AtSeparatorStateUpdate - SeparatorState=SeparatorUnloaded. 
------------------------------ SetGuiState:  SeparatorState.SeparatorUnloaded -------------------------
2019-06-26T09:20:32 INFO SetGuiState:  SeparatorState.SeparatorUnloaded -------------------------
---------Now update the display
------------------------------ SetGuiState:  SeparatorState.SeparatorUnloaded -------------------------
2019-06-26T09:20:32 INFO SetGuiState:  SeparatorState.SeparatorUnloaded -------------------------
2019-06-26T09:20:36 INFO New Protocol Select user control generated
2019-06-26T09:20:36 DEBUG Loaded 12 protocol from User SAP
2019-06-26T09:20:36 INFO output: C:\Program Files\STI\RoboSep\protocols\
2019-06-26T09:20:36 DEBUG Loaded Robosep User
2019-06-26T09:20:36 INFO Opening protocol selection for quadrant 3
2019-06-26T09:20:38 INFO Protocol Selection home button clicked
---------No reloading of user protocols is required.
2019-06-26T09:20:38 INFO Protocol Selection home button exit
2019-06-26T09:20:39 INFO New Protocol Select user control generated
2019-06-26T09:20:39 DEBUG Loaded 12 protocol from User SAP
2019-06-26T09:20:39 INFO output: C:\Program Files\STI\RoboSep\protocols\
2019-06-26T09:20:39 DEBUG Loaded Robosep User
2019-06-26T09:20:39 INFO Opening protocol selection for quadrant 1
2019-06-26T09:20:44 INFO Protocol Selection play button clicked
---------No reloading of user protocols is required.
---------No need to reload my protocol list.
---------Select the protocol 2 Quad Sequential Protocol v1_2 (barcoded) before exiting.
---------Protocol Select: SelectProtocol called.
----------Protocol Select: Called RoboSep_RunSamples.getInstance().addToRun
---------Called SelectProtocol
2019-06-26T09:20:44 DEBUG Adding protocol '2 Quad Sequential Protocol v1_2 (barcoded)' to run at quadrant0
2019-06-26T09:20:44 DEBUG Opening New Number Pad window
2019-06-26T09:20:48 DEBUG Volume: 2.000
2019-06-26T09:20:48 INFO Estimated run completion = 01:00
--------- SeparatorGateway: AtSeparatorStateUpdate - SeparatorState=Selected. 
------------------SeparatorGateway AtSeparatorStateUpdate Selected undefined???
----------Protocol Select: After RoboSep_RunSamples.getInstance().addToRun
2019-06-26T09:20:48 INFO Adding protocol to current run
2019-06-26T09:20:48 INFO Protocol Selection home button exit after sTime seconds.
------------------------------ SetGuiState:  SeparatorState.Selected -------------------------
2019-06-26T09:20:48 INFO SetGuiState:  SeparatorState.Selected -------------------------
2019-06-26T09:20:48 INFO Estimated run completion = 01:00
2019-06-26T09:20:48 INFO Estimated run completion = 01:00
---------Now update the display
------------------------------ SetGuiState:  SeparatorState.Selected -------------------------
2019-06-26T09:20:48 INFO SetGuiState:  SeparatorState.Selected -------------------------
RunSamples 32 : setSampleVolume QuadrantId=Quadrant1, Volume=2
2019-06-26T09:20:48 INFO Quad: 1 Sample Vol 0.002
RunSamples 33 : setSampleVolume QuadrantId=Quadrant1 completed.
---------AtProtocolConsumablesUpdate: given 'consumables' are not null.
---------AtProtocolConsumablesUpdate: update the protocol table (using the newly received sample volumes).
---------Now update the display
2019-06-26T09:20:48 DEBUG >> Enter to (ScheduleRun)
2019-06-26T09:20:48 DEBUG Requesting ETC update (ScheduleRun)
2019-06-26T09:20:48 INFO Sample 0: Protocol ID:1403791069, Volume:2000.000[uL]
2019-06-26T09:20:48 DEBUG ETC update: 2019-06-26T09:25:07
2019-06-26T09:20:49 DEBUG >> Leave (ScheduleRun)
2019-06-26T09:20:49 DEBUG Time remaining (ScheduleRun ETC):	0.00298818940162037
2019-06-26T09:20:49 INFO Estimated run completion = 05:00
--------- SeparatorGateway: AtSeparatorStateUpdate - SeparatorState=Ready. 
------------------------------ SetGuiState:  SeparatorState.Ready -------------------------
2019-06-26T09:20:49 INFO SetGuiState:  SeparatorState.Ready -------------------------
2019-06-26T09:20:55 INFO Run Samples button clicked
2019-06-26T09:20:55 INFO Scheduling Run
---------Run Samples: getConsumables called : iProtocolSelectCount = 1
GetProtocolConsumables called. selectedProtocolIndexNumber = 0.
myChosenProtocols.GetKey returns QuadrantId = Quadrant1.
protocolName=2 Quad Sequential Protocol v1_2 (barcoded). initialQuadrant=Quadrant1.
2019-06-26T09:20:55 DEBUG Getting Consumables for 1 quadrants
.............................2 Quad Sequential Protocol v1_2 (barcoded) 0 0
                                         0 0
2019-06-26T09:20:55 DEBUG QuadrantManager::StartRun
2019-06-26T09:20:55 DEBUG protocol: 2 Quad Sequential Protocol v1_2 (barcoded).xml is acquired.
2019-06-26T09:20:55 DEBUG >> Starting acquiring protocol command list[0]
2019-06-26T09:20:55 DEBUG >>>> Entering to getProtocolCommandList[0]
2019-06-26T09:20:55 DEBUG ++++++getProtocolCommandList() before lock
2019-06-26T09:20:55 DEBUG ------Entering to getProtocolCommandList at ControlProxy
2019-06-26T09:20:55 DEBUG >>>>>>> Entering to getProtocolCommandList at XMLRpcProxy
2019-06-26T09:20:55 DEBUG >>>>>>> Leaving getProtocolCommandList at XMLRpcProxy
2019-06-26T09:20:55 DEBUG ------Leaving getProtocolCommandList at ControlProxy
2019-06-26T09:20:55 DEBUG ++++++getProtocolCommandList() After lock
2019-06-26T09:20:55 DEBUG >>>> Leaving getProtocolCommandList[0]
2019-06-26T09:20:55 DEBUG >>>> Entering to ConvertCmdStringListToIntList
2019-06-26T09:20:55 DEBUG >>>> Leaving ConvertCmdStringListToIntList
2019-06-26T09:20:55 DEBUG >> finishing acquiring protocol command list[0]
2019-06-26T09:20:55 DEBUG protocol: 2 Quad Sequential Protocol v1_2 (barcoded).xml commands: 8
2019-06-26T09:20:55 DEBUG ProgressBar set 8 steps
2019-06-26T09:20:55 DEBUG Run progress info set.
2019-06-26T09:20:55 DEBUG Displaying quadrant 0 resources
2019-06-26T09:21:14 DEBUG Loading resources from sharing protocols
2019-06-26T09:21:14 INFO Resource window is foreground
2019-06-26T09:21:18 INFO Unload is called.
2019-06-26T09:21:18 DEBUG ProgressBar set 1 steps
2019-06-26T09:21:18 DEBUG Cancel button clicked
2019-06-26T09:21:20 INFO Removing protocol at quadrant 1
---------AtProtocolConsumablesUpdate: given 'consumables' are null.
---------AtProtocolConsumablesUpdate: remove any previous consumables information for quadrant=Quadrant1.
---------AtProtocolConsumablesUpdate: remove any previous consumables information for quadrant=Quadrant2.
---------AtProtocolConsumablesUpdate: update the protocol table (using the newly received sample volumes).
---------Now update the display
2019-06-26T09:21:20 INFO Estimated run completion = 01:00
2019-06-26T09:21:20 INFO Quadrant info Cleared
--------- SeparatorGateway: AtSeparatorStateUpdate - SeparatorState=Configured. 
2019-06-26T09:21:20 INFO Quadrant info Cleared
2019-06-26T09:21:20 INFO Quadrant info Cleared
2019-06-26T09:21:20 INFO Estimated run completion = 01:00
--------- SeparatorGateway: AtSeparatorStateUpdate - SeparatorState=SeparatorUnloaded. 
------------------------------ SetGuiState:  SeparatorState.SeparatorUnloaded -------------------------
2019-06-26T09:21:20 INFO SetGuiState:  SeparatorState.SeparatorUnloaded -------------------------
---------Now update the display
------------------------------ SetGuiState:  SeparatorState.SeparatorUnloaded -------------------------
2019-06-26T09:21:20 INFO SetGuiState:  SeparatorState.SeparatorUnloaded -------------------------
2019-06-26T09:21:21 INFO New Protocol Select user control generated
2019-06-26T09:21:21 DEBUG Loaded 12 protocol from User SAP
2019-06-26T09:21:21 INFO output: C:\Program Files\STI\RoboSep\protocols\
2019-06-26T09:21:21 DEBUG Loaded Robosep User
2019-06-26T09:21:21 INFO Opening protocol selection for quadrant 3
2019-06-26T09:21:23 INFO Protocol Selection play button clicked
---------No reloading of user protocols is required.
---------No need to reload my protocol list.
---------Select the protocol 2 Quad Sequential Protocol v1_2 (barcoded) before exiting.
---------Protocol Select: SelectProtocol called.
----------Protocol Select: Called RoboSep_RunSamples.getInstance().addToRun
---------Called SelectProtocol
2019-06-26T09:21:23 DEBUG Adding protocol '2 Quad Sequential Protocol v1_2 (barcoded)' to run at quadrant2
2019-06-26T09:21:23 DEBUG Opening New Number Pad window
2019-06-26T09:21:25 DEBUG Volume: 2.000
2019-06-26T09:21:25 INFO Estimated run completion = 01:00
--------- SeparatorGateway: AtSeparatorStateUpdate - SeparatorState=Selected. 
------------------SeparatorGateway AtSeparatorStateUpdate Selected undefined???
----------Protocol Select: After RoboSep_RunSamples.getInstance().addToRun
2019-06-26T09:21:25 INFO Adding protocol to current run
2019-06-26T09:21:25 INFO Protocol Selection home button exit after sTime seconds.
------------------------------ SetGuiState:  SeparatorState.Selected -------------------------
2019-06-26T09:21:25 INFO SetGuiState:  SeparatorState.Selected -------------------------
2019-06-26T09:21:25 INFO Estimated run completion = 01:00
2019-06-26T09:21:25 INFO Estimated run completion = 01:00
---------Now update the display
------------------------------ SetGuiState:  SeparatorState.Selected -------------------------
2019-06-26T09:21:25 INFO SetGuiState:  SeparatorState.Selected -------------------------
RunSamples 32 : setSampleVolume QuadrantId=Quadrant3, Volume=2
2019-06-26T09:21:25 INFO Quad: 3 Sample Vol 0.002
RunSamples 33 : setSampleVolume QuadrantId=Quadrant3 completed.
---------AtProtocolConsumablesUpdate: given 'consumables' are not null.
---------AtProtocolConsumablesUpdate: update the protocol table (using the newly received sample volumes).
---------Now update the display
2019-06-26T09:21:25 DEBUG >> Enter to (ScheduleRun)
2019-06-26T09:21:25 DEBUG Requesting ETC update (ScheduleRun)
2019-06-26T09:21:25 INFO Sample 0: Protocol ID:1403791069, Volume:2000.000[uL]
2019-06-26T09:21:25 DEBUG ETC update: 2019-06-26T09:25:43
2019-06-26T09:21:26 DEBUG >> Leave (ScheduleRun)
2019-06-26T09:21:26 DEBUG Time remaining (ScheduleRun ETC):	0.00297643448263889
2019-06-26T09:21:26 INFO Estimated run completion = 05:00
--------- SeparatorGateway: AtSeparatorStateUpdate - SeparatorState=Ready. 
------------------------------ SetGuiState:  SeparatorState.Ready -------------------------
2019-06-26T09:21:26 INFO SetGuiState:  SeparatorState.Ready -------------------------
2019-06-26T09:21:31 INFO Run Samples button clicked
2019-06-26T09:21:31 INFO Scheduling Run
---------Run Samples: getConsumables called : iProtocolSelectCount = 1
GetProtocolConsumables called. selectedProtocolIndexNumber = 0.
myChosenProtocols.GetKey returns QuadrantId = Quadrant3.
protocolName=2 Quad Sequential Protocol v1_2 (barcoded). initialQuadrant=Quadrant3.
2019-06-26T09:21:31 DEBUG Getting Consumables for 1 quadrants
.............................2 Quad Sequential Protocol v1_2 (barcoded) 0 0
                                         0 0
2019-06-26T09:21:31 DEBUG QuadrantManager::StartRun
2019-06-26T09:21:31 DEBUG protocol: 2 Quad Sequential Protocol v1_2 (barcoded).xml is acquired.
2019-06-26T09:21:31 DEBUG >> Starting acquiring protocol command list[0]
2019-06-26T09:21:31 DEBUG >>>> Entering to getProtocolCommandList[0]
2019-06-26T09:21:31 DEBUG ++++++getProtocolCommandList() before lock
2019-06-26T09:21:31 DEBUG ------Entering to getProtocolCommandList at ControlProxy
2019-06-26T09:21:31 DEBUG >>>>>>> Entering to getProtocolCommandList at XMLRpcProxy
2019-06-26T09:21:31 DEBUG >>>>>>> Leaving getProtocolCommandList at XMLRpcProxy
2019-06-26T09:21:31 DEBUG ------Leaving getProtocolCommandList at ControlProxy
2019-06-26T09:21:31 DEBUG ++++++getProtocolCommandList() After lock
2019-06-26T09:21:31 DEBUG >>>> Leaving getProtocolCommandList[0]
2019-06-26T09:21:31 DEBUG >>>> Entering to ConvertCmdStringListToIntList
2019-06-26T09:21:31 DEBUG >>>> Leaving ConvertCmdStringListToIntList
2019-06-26T09:21:31 DEBUG >> finishing acquiring protocol command list[0]
2019-06-26T09:21:31 DEBUG protocol: 2 Quad Sequential Protocol v1_2 (barcoded).xml commands: 8
2019-06-26T09:21:31 DEBUG ProgressBar set 8 steps
2019-06-26T09:21:31 DEBUG Run progress info set.
2019-06-26T09:21:31 DEBUG Displaying quadrant 2 resources
2019-06-26T09:22:42 DEBUG Loading resources from sharing protocols
2019-06-26T09:22:42 INFO Resource window is foreground
2019-06-26T09:22:49 DEBUG Displaying quadrant 3 resources
2019-06-26T09:22:51 DEBUG Displaying quadrant 2 resources
2019-06-26T09:22:52 INFO Unload is called.
2019-06-26T09:22:52 DEBUG ProgressBar set 1 steps
2019-06-26T09:22:52 DEBUG Cancel button clicked
2019-06-26T09:22:54 INFO Removing protocol at quadrant 3
---------AtProtocolConsumablesUpdate: given 'consumables' are null.
---------AtProtocolConsumablesUpdate: remove any previous consumables information for quadrant=Quadrant3.
---------AtProtocolConsumablesUpdate: remove any previous consumables information for quadrant=Quadrant4.
---------AtProtocolConsumablesUpdate: update the protocol table (using the newly received sample volumes).
---------Now update the display
2019-06-26T09:22:54 INFO Quadrant info Cleared
2019-06-26T09:22:54 INFO Estimated run completion = 01:00
--------- SeparatorGateway: AtSeparatorStateUpdate - SeparatorState=Configured. 
2019-06-26T09:22:54 INFO Quadrant info Cleared
2019-06-26T09:22:54 INFO Quadrant info Cleared
2019-06-26T09:22:54 INFO Estimated run completion = 01:00
--------- SeparatorGateway: AtSeparatorStateUpdate - SeparatorState=SeparatorUnloaded. 
------------------------------ SetGuiState:  SeparatorState.SeparatorUnloaded -------------------------
2019-06-26T09:22:54 INFO SetGuiState:  SeparatorState.SeparatorUnloaded -------------------------
---------Now update the display
------------------------------ SetGuiState:  SeparatorState.SeparatorUnloaded -------------------------
2019-06-26T09:22:54 INFO SetGuiState:  SeparatorState.SeparatorUnloaded -------------------------
2019-06-26T09:22:56 INFO New Protocol Select user control generated
2019-06-26T09:22:56 DEBUG Loaded 12 protocol from User SAP
2019-06-26T09:22:56 INFO output: C:\Program Files\STI\RoboSep\protocols\
2019-06-26T09:22:56 DEBUG Loaded Robosep User
2019-06-26T09:22:56 INFO Opening protocol selection for quadrant 1
2019-06-26T09:22:58 INFO Protocol Selection play button clicked
---------No reloading of user protocols is required.
---------No need to reload my protocol list.
---------Select the protocol 2 Quad Sequential Protocol v1_2 (barcoded) before exiting.
---------Protocol Select: SelectProtocol called.
----------Protocol Select: Called RoboSep_RunSamples.getInstance().addToRun
---------Called SelectProtocol
2019-06-26T09:22:58 DEBUG Adding protocol '2 Quad Sequential Protocol v1_2 (barcoded)' to run at quadrant0
2019-06-26T09:22:58 DEBUG Opening New Number Pad window
2019-06-26T09:22:59 DEBUG Volume: 2.000
2019-06-26T09:22:59 INFO Estimated run completion = 01:00
--------- SeparatorGateway: AtSeparatorStateUpdate - SeparatorState=Selected. 
------------------SeparatorGateway AtSeparatorStateUpdate Selected undefined???
----------Protocol Select: After RoboSep_RunSamples.getInstance().addToRun
2019-06-26T09:22:59 INFO Adding protocol to current run
2019-06-26T09:22:59 INFO Protocol Selection home button exit after sTime seconds.
------------------------------ SetGuiState:  SeparatorState.Selected -------------------------
2019-06-26T09:22:59 INFO SetGuiState:  SeparatorState.Selected -------------------------
2019-06-26T09:22:59 INFO Estimated run completion = 01:00
2019-06-26T09:22:59 INFO Estimated run completion = 01:00
---------Now update the display
------------------------------ SetGuiState:  SeparatorState.Selected -------------------------
2019-06-26T09:22:59 INFO SetGuiState:  SeparatorState.Selected -------------------------
RunSamples 32 : setSampleVolume QuadrantId=Quadrant1, Volume=2
2019-06-26T09:23:00 INFO Quad: 1 Sample Vol 0.002
RunSamples 33 : setSampleVolume QuadrantId=Quadrant1 completed.
---------AtProtocolConsumablesUpdate: given 'consumables' are not null.
---------AtProtocolConsumablesUpdate: update the protocol table (using the newly received sample volumes).
---------Now update the display
2019-06-26T09:23:00 DEBUG >> Enter to (ScheduleRun)
2019-06-26T09:23:00 DEBUG Requesting ETC update (ScheduleRun)
2019-06-26T09:23:00 INFO Sample 0: Protocol ID:1403791069, Volume:2000.000[uL]
2019-06-26T09:23:00 DEBUG ETC update: 2019-06-26T09:27:19
2019-06-26T09:23:00 INFO New Protocol Select user control generated
2019-06-26T09:23:00 DEBUG Loaded 12 protocol from User SAP
2019-06-26T09:23:00 INFO output: C:\Program Files\STI\RoboSep\protocols\
2019-06-26T09:23:00 DEBUG Loaded Robosep User
2019-06-26T09:23:00 INFO Opening protocol selection for quadrant 3
2019-06-26T09:23:01 DEBUG >> Leave (ScheduleRun)
2019-06-26T09:23:01 DEBUG Time remaining (ScheduleRun ETC):	0.00299100380092593
2019-06-26T09:23:01 INFO Estimated run completion = 05:00
--------- SeparatorGateway: AtSeparatorStateUpdate - SeparatorState=Ready. 
------------------------------ SetGuiState:  SeparatorState.Ready -------------------------
2019-06-26T09:23:01 INFO SetGuiState:  SeparatorState.Ready -------------------------
2019-06-26T09:23:04 INFO Protocol Selection play button clicked
---------No reloading of user protocols is required.
---------No need to reload my protocol list.
---------Select the protocol 2 Quad Sequential Protocol v1_2 (barcoded) before exiting.
---------Protocol Select: SelectProtocol called.
----------Protocol Select: Called RoboSep_RunSamples.getInstance().addToRun
---------Called SelectProtocol
2019-06-26T09:23:04 DEBUG Adding protocol '2 Quad Sequential Protocol v1_2 (barcoded)' to run at quadrant2
2019-06-26T09:23:04 DEBUG Opening New Number Pad window
2019-06-26T09:23:06 DEBUG Volume: 2.000
2019-06-26T09:23:06 INFO Estimated run completion = 01:00
--------- SeparatorGateway: AtSeparatorStateUpdate - SeparatorState=Selected. 
------------------SeparatorGateway AtSeparatorStateUpdate Selected undefined???
----------Protocol Select: After RoboSep_RunSamples.getInstance().addToRun
2019-06-26T09:23:06 INFO Adding protocol to current run
2019-06-26T09:23:06 INFO Protocol Selection home button exit after sTime seconds.
------------------------------ SetGuiState:  SeparatorState.Selected -------------------------
2019-06-26T09:23:06 INFO SetGuiState:  SeparatorState.Selected -------------------------
2019-06-26T09:23:06 INFO Estimated run completion = 01:00
2019-06-26T09:23:06 INFO Estimated run completion = 01:00
---------Now update the display
------------------------------ SetGuiState:  SeparatorState.Selected -------------------------
2019-06-26T09:23:06 INFO SetGuiState:  SeparatorState.Selected -------------------------
RunSamples 32 : setSampleVolume QuadrantId=Quadrant3, Volume=2
2019-06-26T09:23:06 INFO Quad: 3 Sample Vol 0.002
RunSamples 33 : setSampleVolume QuadrantId=Quadrant3 completed.
---------AtProtocolConsumablesUpdate: given 'consumables' are not null.
---------AtProtocolConsumablesUpdate: update the protocol table (using the newly received sample volumes).
---------Now update the display
2019-06-26T09:23:06 DEBUG >> Enter to (ScheduleRun)
2019-06-26T09:23:06 DEBUG Requesting ETC update (ScheduleRun)
2019-06-26T09:23:06 INFO Sample 0: Protocol ID:1403791069, Volume:2000.000[uL], Sample 1: Protocol ID:1403791069, Volume:2000.000[uL]
2019-06-26T09:23:06 DEBUG ETC update: 2019-06-26T09:31:43
2019-06-26T09:23:07 INFO Run Samples button clicked
2019-06-26T09:23:07 DEBUG >>Scheduler in progress
2019-06-26T09:23:07 DEBUG >> Leave (ScheduleRun)
2019-06-26T09:23:07 DEBUG Time remaining (ScheduleRun ETC):	0.00597404054861111
2019-06-26T09:23:07 INFO Estimated run completion = 09:00
--------- SeparatorGateway: AtSeparatorStateUpdate - SeparatorState=Ready. 
------------------------------ SetGuiState:  SeparatorState.Ready -------------------------
2019-06-26T09:23:07 INFO SetGuiState:  SeparatorState.Ready -------------------------
2019-06-26T09:23:07 INFO ---->> ISeparator busy
2019-06-26T09:23:07 INFO ---->> ISeparator busy
2019-06-26T09:23:07 INFO Scheduling Run
---------Run Samples: getConsumables called : iProtocolSelectCount = 2
GetProtocolConsumables called. selectedProtocolIndexNumber = 0.
myChosenProtocols.GetKey returns QuadrantId = Quadrant1.
protocolName=2 Quad Sequential Protocol v1_2 (barcoded). initialQuadrant=Quadrant1.
GetProtocolConsumables called. selectedProtocolIndexNumber = 1.
myChosenProtocols.GetKey returns QuadrantId = Quadrant3.
protocolName=2 Quad Sequential Protocol v1_2 (barcoded). initialQuadrant=Quadrant3.
2019-06-26T09:23:07 DEBUG Getting Consumables for 2 quadrants
.............................2 Quad Sequential Protocol v1_2 (barcoded) 0 0
                                         0 0
.............................2 Quad Sequential Protocol v1_2 (barcoded) 0 1
                                         0 1
2019-06-26T09:23:09 DEBUG QuadrantManager::StartRun
2019-06-26T09:23:09 DEBUG protocol: 2 Quad Sequential Protocol v1_2 (barcoded).xml is acquired.
2019-06-26T09:23:09 DEBUG >> Starting acquiring protocol command list[0]
2019-06-26T09:23:09 DEBUG >>>> Entering to getProtocolCommandList[0]
2019-06-26T09:23:09 DEBUG ++++++getProtocolCommandList() before lock
2019-06-26T09:23:09 DEBUG ------Entering to getProtocolCommandList at ControlProxy
2019-06-26T09:23:09 DEBUG >>>>>>> Entering to getProtocolCommandList at XMLRpcProxy
2019-06-26T09:23:09 DEBUG >>>>>>> Leaving getProtocolCommandList at XMLRpcProxy
2019-06-26T09:23:09 DEBUG ------Leaving getProtocolCommandList at ControlProxy
2019-06-26T09:23:09 DEBUG ++++++getProtocolCommandList() After lock
2019-06-26T09:23:09 DEBUG >>>> Leaving getProtocolCommandList[0]
2019-06-26T09:23:09 DEBUG >>>> Entering to ConvertCmdStringListToIntList
2019-06-26T09:23:09 DEBUG >>>> Leaving ConvertCmdStringListToIntList
2019-06-26T09:23:09 DEBUG >> finishing acquiring protocol command list[0]
2019-06-26T09:23:09 DEBUG protocol: 2 Quad Sequential Protocol v1_2 (barcoded).xml commands: 8
2019-06-26T09:23:09 DEBUG ProgressBar set 8 steps
2019-06-26T09:23:09 DEBUG Run progress info set.
2019-06-26T09:23:09 DEBUG protocol: 2 Quad Sequential Protocol v1_2 (barcoded).xml is acquired.
2019-06-26T09:23:09 DEBUG >> Starting acquiring protocol command list[1]
2019-06-26T09:23:09 DEBUG >>>> Entering to getProtocolCommandList[1]
2019-06-26T09:23:09 DEBUG ++++++getProtocolCommandList() before lock
2019-06-26T09:23:09 DEBUG ------Entering to getProtocolCommandList at ControlProxy
2019-06-26T09:23:09 DEBUG >>>>>>> Entering to getProtocolCommandList at XMLRpcProxy
2019-06-26T09:23:09 DEBUG >>>>>>> Leaving getProtocolCommandList at XMLRpcProxy
2019-06-26T09:23:09 DEBUG ------Leaving getProtocolCommandList at ControlProxy
2019-06-26T09:23:09 DEBUG ++++++getProtocolCommandList() After lock
2019-06-26T09:23:09 DEBUG >>>> Leaving getProtocolCommandList[1]
2019-06-26T09:23:09 DEBUG >>>> Entering to ConvertCmdStringListToIntList
2019-06-26T09:23:09 DEBUG >>>> Leaving ConvertCmdStringListToIntList
2019-06-26T09:23:09 DEBUG >> finishing acquiring protocol command list[1]
2019-06-26T09:23:09 DEBUG protocol: 2 Quad Sequential Protocol v1_2 (barcoded).xml commands: 8
2019-06-26T09:23:09 DEBUG ProgressBar set 8 steps
2019-06-26T09:23:09 DEBUG Run progress info set.
2019-06-26T09:23:09 DEBUG Displaying quadrant 0 resources
2019-06-26T09:23:09 DEBUG Loading resources from sharing protocols
2019-06-26T09:23:09 INFO Resource window is foreground
2019-06-26T09:23:15 DEBUG Displaying quadrant 1 resources
