2019-06-26T11:15:01 INFO Application log initialised
2019-06-26T11:15:01 DEBUG Remoting Address = 127.0.0.1
2019-06-26T11:15:01 DEBUG ICS Server URL       = http://127.0.0.1:8000
2019-06-26T11:15:01 DEBUG ICS EventSink URL    = http://127.0.0.1:8001/InstrumentControlEventSink
2019-06-26T11:15:01 DEBUG Separator Server URL =  tcp://127.0.0.1:3149/Separator
2019-06-26T11:15:01 DEBUG Configured address = 127.0.0.1
2019-06-26T11:15:01 INFO Initializing User Console
2019-06-26T11:15:01 DEBUG Initializing UserDB
2019-06-26T11:15:01 INFO Application config path: C:\Program Files\STI\RoboSep\config\
2019-06-26T11:15:01 INFO output: C:\Program Files\STI\RoboSep\protocols\
2019-06-26T11:15:01 INFO XSD Path : c:\Program Files\STI\RoboSep\
2019-06-26T11:15:02 DEBUG 241protocols loaded
2019-06-26T11:15:02 ERROR Failed to convert variable '00/00/0000' to valid date.
2019-06-26T11:15:02 ERROR WarrantyExpireDate in GUI.ini file is invalid.
2019-06-26T11:15:02 DEBUG Creating new Form_Home
2019-06-26T11:15:02 INFO Command to launch service 'dns-sd.exe -R "Orca1" _robosep._tcp . 5899' for Network ORCA.
2019-06-26T11:15:02 INFO Service 'dns-sd.exe' for network ORCA has been launched. ProcessID='1068'. Path='C:\Windows\system32'
2019-06-26T11:15:02 INFO Loading User Console
2019-06-26T11:15:02 ERROR Starting GUI Thread
2019-06-26T11:15:02 INFO Connecting...
2019-06-26T11:15:02 INFO set user.db file to : User1.udb
2019-06-26T11:15:02 INFO <<<<<<<<<<<<<<<<<<<<<<<,,, 1 tcp://127.0.0.1:3149/Separator
2019-06-26T11:15:02 INFO <<<<<<<<<<<<<<<<<<<<<<<,,, 2
2019-06-26T11:15:02 INFO output: C:\Program Files\STI\RoboSep\protocols\
2019-06-26T11:15:02 DEBUG Loaded Robosep User
2019-06-26T11:15:02 INFO Current user ID : 'SAP'.
2019-06-26T11:15:02 DEBUG Instrument Control API Ping() returned True
2019-06-26T11:15:02 INFO <<<<<<<<<<<<<<<<<<<<<<<,,, 3
2019-06-26T11:15:03 INFO Get system information for About menu
--------- SeparatorGateway: AtSeparatorStateUpdate - SeparatorState=Initialising. 
2019-06-26T11:15:03 INFO Estimated run completion = 01:00
---------Now update the display
2019-06-26T11:15:27 DEBUG Carousel state changed to: SeparatorUnloaded
--------- SeparatorGateway: AtSeparatorStateUpdate - SeparatorState=SeparatorUnloaded. 
------------------------------ SetGuiState:  SeparatorState.SeparatorUnloaded -------------------------
2019-06-26T11:15:27 INFO SetGuiState:  SeparatorState.SeparatorUnloaded -------------------------
2019-06-26T11:15:28 INFO Stopping Splash page
2019-06-26T11:15:28 ERROR Failed to convert variable '00/0/0000' to valid date.
2019-06-26T11:15:28 ERROR Failed to convert variable '00/0/0000' to valid date.
2019-06-26T11:15:28 ERROR Failed to convert variable '00/0/0000' to valid date.
2019-06-26T11:15:28 ERROR Failed to convert variable '00/00/0000' to valid date.
2019-06-26T11:15:28 ERROR Failed to convert variable '00/00/0000' to valid date.
2019-06-26T11:15:28 INFO Initializing About user control
2019-06-26T11:15:28 INFO Generating Robosep Resources user control
2019-06-26T11:15:28 INFO Initializing Run Samples user control
2019-06-26T11:15:28 INFO PauseResumeDialog form created
2019-06-26T11:15:37 INFO New Protocol Select user control generated
2019-06-26T11:15:38 DEBUG Loaded 6 protocol from User SAP
2019-06-26T11:15:38 INFO output: C:\Program Files\STI\RoboSep\protocols\
2019-06-26T11:15:38 DEBUG Loaded Robosep User
2019-06-26T11:15:38 INFO Opening protocol selection for quadrant 1
2019-06-26T11:15:40 INFO Protocol Selection play button clicked
---------No reloading of user protocols is required.
---------No need to reload my protocol list.
---------Select the protocol 2 Quad Sequential Protocol v1_2 (barcoded) before exiting.
---------Protocol Select: SelectProtocol called.
----------Protocol Select: Called RoboSep_RunSamples.getInstance().addToRun
---------Called SelectProtocol
2019-06-26T11:15:40 DEBUG Adding protocol '2 Quad Sequential Protocol v1_2 (barcoded)' to run at quadrant0
2019-06-26T11:15:40 DEBUG Opening New Number Pad window
2019-06-26T11:15:42 DEBUG Volume: 5.000
2019-06-26T11:15:42 INFO Estimated run completion = 01:00
--------- SeparatorGateway: AtSeparatorStateUpdate - SeparatorState=Selected. 
------------------SeparatorGateway AtSeparatorStateUpdate Selected undefined???
----------Protocol Select: After RoboSep_RunSamples.getInstance().addToRun
2019-06-26T11:15:42 INFO Adding protocol to current run
2019-06-26T11:15:42 INFO Protocol Selection home button exit after sTime seconds.
------------------------------ SetGuiState:  SeparatorState.Selected -------------------------
2019-06-26T11:15:42 INFO SetGuiState:  SeparatorState.Selected -------------------------
2019-06-26T11:15:42 INFO Estimated run completion = 01:00
2019-06-26T11:15:42 INFO Estimated run completion = 01:00
---------Now update the display
------------------------------ SetGuiState:  SeparatorState.Selected -------------------------
2019-06-26T11:15:42 INFO SetGuiState:  SeparatorState.Selected -------------------------
RunSamples 32 : setSampleVolume QuadrantId=Quadrant1, Volume=5
2019-06-26T11:15:42 INFO Quad: 1 Sample Vol 0.005
RunSamples 33 : setSampleVolume QuadrantId=Quadrant1 completed.
---------AtProtocolConsumablesUpdate: given 'consumables' are not null.
---------AtProtocolConsumablesUpdate: update the protocol table (using the newly received sample volumes).
---------Now update the display
2019-06-26T11:15:43 DEBUG >> Enter to (ScheduleRun)
2019-06-26T11:15:43 DEBUG Requesting ETC update (ScheduleRun)
2019-06-26T11:15:43 INFO Sample 0: Protocol ID:1403791069, Volume:5000.000[uL]
2019-06-26T11:15:43 DEBUG ETC update: 2019-06-26T11:19:48
2019-06-26T11:15:44 INFO Run Samples button clicked
2019-06-26T11:15:44 DEBUG >>Scheduler in progress
2019-06-26T11:15:44 DEBUG >> Leave (ScheduleRun)
2019-06-26T11:15:44 DEBUG Time remaining (ScheduleRun ETC):	0.00283434125347222
2019-06-26T11:15:44 INFO Estimated run completion = 05:00
--------- SeparatorGateway: AtSeparatorStateUpdate - SeparatorState=Ready. 
------------------------------ SetGuiState:  SeparatorState.Ready -------------------------
2019-06-26T11:15:44 INFO SetGuiState:  SeparatorState.Ready -------------------------
2019-06-26T11:15:44 INFO ---->> ISeparator busy
2019-06-26T11:15:44 INFO Scheduling Run
---------Run Samples: getConsumables called : iProtocolSelectCount = 1
GetProtocolConsumables called. selectedProtocolIndexNumber = 0.
myChosenProtocols.GetKey returns QuadrantId = Quadrant1.
protocolName=2 Quad Sequential Protocol v1_2 (barcoded). initialQuadrant=Quadrant1.
2019-06-26T11:15:44 DEBUG Getting Consumables for 1 quadrants
.............................2 Quad Sequential Protocol v1_2 (barcoded) 0 0
                                         0 0
2019-06-26T11:15:44 DEBUG QuadrantManager::StartRun
2019-06-26T11:15:44 DEBUG protocol: 2 Quad Sequential Protocol v1_2 (barcoded).xml is acquired.
2019-06-26T11:15:44 DEBUG >> Starting acquiring protocol command list[0]
2019-06-26T11:15:44 DEBUG >>>> Entering to getProtocolCommandList[0]
2019-06-26T11:15:44 DEBUG ++++++getProtocolCommandList() before lock
2019-06-26T11:15:44 DEBUG ------Entering to getProtocolCommandList at ControlProxy
2019-06-26T11:15:44 DEBUG >>>>>>> Entering to getProtocolCommandList at XMLRpcProxy
2019-06-26T11:15:44 DEBUG >>>>>>> Leaving getProtocolCommandList at XMLRpcProxy
2019-06-26T11:15:44 DEBUG ------Leaving getProtocolCommandList at ControlProxy
2019-06-26T11:15:44 DEBUG ++++++getProtocolCommandList() After lock
2019-06-26T11:15:44 DEBUG >>>> Leaving getProtocolCommandList[0]
2019-06-26T11:15:44 DEBUG >>>> Entering to ConvertCmdStringListToIntList
2019-06-26T11:15:44 DEBUG >>>> Leaving ConvertCmdStringListToIntList
2019-06-26T11:15:44 DEBUG >> finishing acquiring protocol command list[0]
2019-06-26T11:15:44 DEBUG protocol: 2 Quad Sequential Protocol v1_2 (barcoded).xml commands: 8
2019-06-26T11:15:44 DEBUG ProgressBar set 1 steps
2019-06-26T11:15:44 DEBUG ProgressBar set 8 steps
2019-06-26T11:15:44 DEBUG Run progress info set.
2019-06-26T11:15:44 DEBUG Displaying quadrant 0 resources
2019-06-26T11:15:44 DEBUG Loading resources from sharing protocols
2019-06-26T11:15:44 INFO Resource window is foreground
2019-06-26T11:15:48 DEBUG Displaying quadrant 1 resources
2019-06-26T11:15:50 INFO Unload is called.
2019-06-26T11:15:50 DEBUG ProgressBar set 1 steps
2019-06-26T11:15:50 DEBUG Cancel button clicked
2019-06-26T11:15:51 INFO New Protocol Select user control generated
2019-06-26T11:15:51 DEBUG Loaded 6 protocol from User SAP
2019-06-26T11:15:51 INFO output: C:\Program Files\STI\RoboSep\protocols\
2019-06-26T11:15:51 DEBUG Loaded Robosep User
2019-06-26T11:15:51 INFO Opening protocol selection for quadrant 3
2019-06-26T11:15:53 INFO Protocol Selection play button clicked
---------No reloading of user protocols is required.
---------No need to reload my protocol list.
---------Select the protocol 2 Quad Sequential Protocol v1_2 (barcoded) before exiting.
---------Protocol Select: SelectProtocol called.
----------Protocol Select: Called RoboSep_RunSamples.getInstance().addToRun
---------Called SelectProtocol
2019-06-26T11:15:53 DEBUG Adding protocol '2 Quad Sequential Protocol v1_2 (barcoded)' to run at quadrant2
2019-06-26T11:15:53 DEBUG Opening New Number Pad window
2019-06-26T11:15:55 DEBUG Volume: 5.000
2019-06-26T11:15:55 INFO Estimated run completion = 01:00
--------- SeparatorGateway: AtSeparatorStateUpdate - SeparatorState=Selected. 
------------------SeparatorGateway AtSeparatorStateUpdate Selected undefined???
----------Protocol Select: After RoboSep_RunSamples.getInstance().addToRun
2019-06-26T11:15:55 INFO Adding protocol to current run
2019-06-26T11:15:55 INFO Protocol Selection home button exit after sTime seconds.
------------------------------ SetGuiState:  SeparatorState.Selected -------------------------
2019-06-26T11:15:55 INFO SetGuiState:  SeparatorState.Selected -------------------------
2019-06-26T11:15:55 INFO Estimated run completion = 01:00
2019-06-26T11:15:55 INFO Estimated run completion = 01:00
---------Now update the display
------------------------------ SetGuiState:  SeparatorState.Selected -------------------------
2019-06-26T11:15:55 INFO SetGuiState:  SeparatorState.Selected -------------------------
RunSamples 32 : setSampleVolume QuadrantId=Quadrant3, Volume=5
2019-06-26T11:15:56 INFO Quad: 3 Sample Vol 0.005
RunSamples 33 : setSampleVolume QuadrantId=Quadrant3 completed.
---------AtProtocolConsumablesUpdate: given 'consumables' are not null.
---------AtProtocolConsumablesUpdate: update the protocol table (using the newly received sample volumes).
---------Now update the display
2019-06-26T11:15:56 DEBUG >> Enter to (ScheduleRun)
2019-06-26T11:15:56 DEBUG Requesting ETC update (ScheduleRun)
2019-06-26T11:15:56 INFO Sample 0: Protocol ID:1403791069, Volume:5000.000[uL], Sample 1: Protocol ID:1403791069, Volume:5000.000[uL]
2019-06-26T11:15:56 DEBUG ETC update: 2019-06-26T11:23:59
2019-06-26T11:15:57 DEBUG >> Leave (ScheduleRun)
2019-06-26T11:15:57 DEBUG Time remaining (ScheduleRun ETC):	0.00558610738078704
2019-06-26T11:15:57 INFO Estimated run completion = 09:00
--------- SeparatorGateway: AtSeparatorStateUpdate - SeparatorState=Ready. 
------------------------------ SetGuiState:  SeparatorState.Ready -------------------------
2019-06-26T11:15:57 INFO SetGuiState:  SeparatorState.Ready -------------------------
2019-06-26T11:15:57 INFO Run Samples button clicked
2019-06-26T11:15:57 INFO Scheduling Run
---------Run Samples: getConsumables called : iProtocolSelectCount = 2
GetProtocolConsumables called. selectedProtocolIndexNumber = 0.
myChosenProtocols.GetKey returns QuadrantId = Quadrant1.
protocolName=2 Quad Sequential Protocol v1_2 (barcoded). initialQuadrant=Quadrant1.
GetProtocolConsumables called. selectedProtocolIndexNumber = 1.
myChosenProtocols.GetKey returns QuadrantId = Quadrant3.
protocolName=2 Quad Sequential Protocol v1_2 (barcoded). initialQuadrant=Quadrant3.
2019-06-26T11:15:57 DEBUG Getting Consumables for 2 quadrants
.............................2 Quad Sequential Protocol v1_2 (barcoded) 0 0
                                         0 0
.............................2 Quad Sequential Protocol v1_2 (barcoded) 0 1
                                         0 1
2019-06-26T11:15:58 DEBUG QuadrantManager::StartRun
2019-06-26T11:15:58 DEBUG protocol: 2 Quad Sequential Protocol v1_2 (barcoded).xml is acquired.
2019-06-26T11:15:58 DEBUG >> Starting acquiring protocol command list[0]
2019-06-26T11:15:58 DEBUG >>>> Entering to getProtocolCommandList[0]
2019-06-26T11:15:58 DEBUG ++++++getProtocolCommandList() before lock
2019-06-26T11:15:58 DEBUG ------Entering to getProtocolCommandList at ControlProxy
2019-06-26T11:15:58 DEBUG >>>>>>> Entering to getProtocolCommandList at XMLRpcProxy
2019-06-26T11:15:58 DEBUG >>>>>>> Leaving getProtocolCommandList at XMLRpcProxy
2019-06-26T11:15:58 DEBUG ------Leaving getProtocolCommandList at ControlProxy
2019-06-26T11:15:58 DEBUG ++++++getProtocolCommandList() After lock
2019-06-26T11:15:58 DEBUG >>>> Leaving getProtocolCommandList[0]
2019-06-26T11:15:58 DEBUG >>>> Entering to ConvertCmdStringListToIntList
2019-06-26T11:15:58 DEBUG >>>> Leaving ConvertCmdStringListToIntList
2019-06-26T11:15:58 DEBUG >> finishing acquiring protocol command list[0]
2019-06-26T11:15:58 DEBUG protocol: 2 Quad Sequential Protocol v1_2 (barcoded).xml commands: 8
2019-06-26T11:15:58 DEBUG ProgressBar set 8 steps
2019-06-26T11:15:58 DEBUG Run progress info set.
2019-06-26T11:15:58 DEBUG protocol: 2 Quad Sequential Protocol v1_2 (barcoded).xml is acquired.
2019-06-26T11:15:58 DEBUG >> Starting acquiring protocol command list[1]
2019-06-26T11:15:58 DEBUG >>>> Entering to getProtocolCommandList[1]
2019-06-26T11:15:58 DEBUG ++++++getProtocolCommandList() before lock
2019-06-26T11:15:58 DEBUG ------Entering to getProtocolCommandList at ControlProxy
2019-06-26T11:15:58 DEBUG >>>>>>> Entering to getProtocolCommandList at XMLRpcProxy
2019-06-26T11:15:58 DEBUG >>>>>>> Leaving getProtocolCommandList at XMLRpcProxy
2019-06-26T11:15:58 DEBUG ------Leaving getProtocolCommandList at ControlProxy
2019-06-26T11:15:58 DEBUG ++++++getProtocolCommandList() After lock
2019-06-26T11:15:58 DEBUG >>>> Leaving getProtocolCommandList[1]
2019-06-26T11:15:58 DEBUG >>>> Entering to ConvertCmdStringListToIntList
2019-06-26T11:15:58 DEBUG >>>> Leaving ConvertCmdStringListToIntList
2019-06-26T11:15:58 DEBUG >> finishing acquiring protocol command list[1]
2019-06-26T11:15:58 DEBUG protocol: 2 Quad Sequential Protocol v1_2 (barcoded).xml commands: 8
2019-06-26T11:15:58 DEBUG ProgressBar set 8 steps
2019-06-26T11:15:58 DEBUG Run progress info set.
2019-06-26T11:15:58 DEBUG Displaying quadrant 0 resources
2019-06-26T11:15:58 DEBUG Loading resources from sharing protocols
2019-06-26T11:15:58 INFO Resource window is foreground
2019-06-26T11:16:00 DEBUG Displaying quadrant 2 resources
2019-06-26T11:16:01 DEBUG Displaying quadrant 3 resources
2019-06-26T11:16:16 DEBUG Displaying quadrant 0 resources
2019-06-26T11:16:28 INFO Unload is called.
2019-06-26T11:16:28 DEBUG ProgressBar set 1 steps
2019-06-26T11:16:28 DEBUG Cancel button clicked
2019-06-26T11:16:29 DEBUG Home button clicked
2019-06-26T11:16:30 INFO Initializing System user control
2019-06-26T11:16:30 DEBUG Hiding Home window
2019-06-26T11:16:30 INFO System button clicked
2019-06-26T11:16:31 WARNING Shutdown Software clicked
2019-06-26T11:16:34 INFO Application log finalised
