RoboSep UI Log File
Created: 20130730_181426.517

20130730_181426.577	clt	ServiceLogin.ServiceLogin()	Info	ServiceLogin	Creating new ServiceLogin
20130730_181426.587	clt	ServiceLogin.ServiceLogin()	Info	ServiceLogin	Service Login Form loaded
20130730_181434.859	clt	RoboSep_UserConsole.RoboSep_UserConsole()	General	RoboSep_UserConsole	Initializing User Console
20130730_181434.969	clt	Form_Home.Form_Home()	Info	Form_Home	Creating new Form_Home
20130730_181436.772	clt	RoboSep_UserConsole.grabSystemOptions()	Info	RoboSep_UserConsole	Get Sys Options: Lid Sensor = TrueLiquid Sensor = True
20130730_181436.992	clt	Keyboard.Keyboard()	Info	Keyboard	New Touch Keyboard generated
20130730_181438.945	clt	Keyboard.textbox_input_KeyDown()	Info	Keyboard	Keboard output: ''
20130730_181440.367	clt	Keyboard.Keyboard()	Info	Keyboard	New Touch Keyboard generated
20130730_181442.650	clt	Keyboard.textbox_input_KeyDown()	Info	Keyboard	Keboard output: ''
20130730_181444.473	clt	ServiceLogin.ServiceLogin()	Info	ServiceLogin	Attempt login
20130730_181444.493	clt	ServiceLogin.ServiceLogin()	Info	ServiceLogin	Login as SuperUser
20130730_181444.573	clt	ServiceLogin.ServiceLogin()	Info	ServiceLogin	Login successful
20130730_181444.703	clt	RoboSepServiceManualStepControl.RoboSepServiceManualStepControl()	Info	RoboSepServiceManualStepControl	Creating new RoboSepServiceManualStepControl
20130730_181444.824	clt	RoboSepServiceManualStepControl.RoboSepServiceManualStepControl()	Info	RoboSepServiceManualStepControl	Service Manual Step Control generated
20130730_181444.884	clt	ServiceDialog.ServiceDialog()	Info	ServiceDialog	Creating new ServiceDialog
20130730_181445.404	clt	ServiceDialog.btnServiceMenu_Click()	Info	ServiceDialog	clicked
20130730_181446.236	clt	ServiceMenu.ServiceMenu()	Info	ServiceMenu	Creating new ServiceMenu
20130730_181454.277	clt	ServiceMenu.ServiceMenu()	Info	ServiceMenu	Closing ServiceMenu
