RoboSep UI Log File
Created: 20130730_182448.205

20130730_182448.215	clt	ServiceLogin.ServiceLogin()	Info	ServiceLogin	Creating new ServiceLogin
20130730_182448.255	clt	ServiceLogin.ServiceLogin()	Info	ServiceLogin	Service Login Form loaded
20130730_182455.745	clt	RoboSep_UserConsole.RoboSep_UserConsole()	General	RoboSep_UserConsole	Initializing User Console
20130730_182455.916	clt	Form_Home.Form_Home()	Info	Form_Home	Creating new Form_Home
20130730_182458.910	clt	RoboSep_UserConsole.grabSystemOptions()	Info	RoboSep_UserConsole	Get Sys Options: Lid Sensor = TrueLiquid Sensor = True
20130730_182459.090	clt	Keyboard.Keyboard()	Info	Keyboard	New Touch Keyboard generated
20130730_182501.734	clt	Keyboard.textbox_input_KeyDown()	Info	Keyboard	Keboard output: ''
20130730_182503.136	clt	Keyboard.Keyboard()	Info	Keyboard	New Touch Keyboard generated
20130730_182505.790	clt	Keyboard.textbox_input_KeyDown()	Info	Keyboard	Keboard output: ''
20130730_182506.982	clt	ServiceLogin.ServiceLogin()	Info	ServiceLogin	Attempt login
20130730_182506.992	clt	ServiceLogin.ServiceLogin()	Info	ServiceLogin	Login as SuperUser
20130730_182507.072	clt	ServiceLogin.ServiceLogin()	Info	ServiceLogin	Login successful
20130730_182507.282	clt	RoboSepServiceManualStepControl.RoboSepServiceManualStepControl()	Info	RoboSepServiceManualStepControl	Creating new RoboSepServiceManualStepControl
20130730_182507.432	clt	RoboSepServiceManualStepControl.RoboSepServiceManualStepControl()	Info	RoboSepServiceManualStepControl	Service Manual Step Control generated
20130730_182507.482	clt	ServiceDialog.ServiceDialog()	Info	ServiceDialog	Creating new ServiceDialog
20130730_182508.003	clt	ServiceDialog.btnServiceMenu_Click()	Info	ServiceDialog	clicked
20130730_182508.884	clt	ServiceMenu.ServiceMenu()	Info	ServiceMenu	Creating new ServiceMenu
20130730_182512.289	clt	ServiceMenu.btnConnect_Click()	Info	ServiceMenu	Connecting
20130730_182516.525	clt	ServiceMenu.listboxSubMenu_SelectedIndexChanged()	Info	ServiceMenu	Prepare to start script: 1. Theta Axis
20130730_182516.595	clt	RoboSepServiceManualStepControl.setAxisEnable()	General	RoboSepServiceManualStepControl	None
20130730_182546.889	clt	InstrumentComms.ReportCommandCompleteHandler()	Debug	InstrumentComms	Command Complete : commandSucceeded = True, sequenceComplete = True, Return value/Error = True

20130730_182546.689	clt	InstrumentComms.executeCommandSequence()	Debug	InstrumentComms	Subsystem: TeslaPlatform powerDownCarousel;
20130730_182546.669	clt	InstrumentComms.ReportCommandCompleteHandler()	Debug	InstrumentComms	Command Complete : commandSucceeded = True, sequenceComplete = True, Return value/Error = 

20130730_182544.536	clt	InstrumentComms.executeCommandSequence()	Debug	InstrumentComms	Subsystem: TeslaPlatform MoveTo 1 'antibodyvial_degrees' 135;
20130730_182544.526	clt	InstrumentComms.ReportCommandCompleteHandler()	Debug	InstrumentComms	Command Complete : commandSucceeded = True, sequenceComplete = True, Return value/Error = 

20130730_182526.590	clt	InstrumentComms.executeCommandSequence()	Debug	InstrumentComms	Subsystem: Instrument HomeAll 0;
20130730_182526.409	clt	ServiceDialog.btnServiceMenu_Click()	Info	ServiceDialog	Running script: 1. Theta Axis
20130730_182526.409	clt	InstrumentComms.ReportCommandCompleteHandler()	Debug	InstrumentComms	Command Complete : commandSucceeded = True, sequenceComplete = True, Return value/Error = 

20130730_182526.399	clt	InstrumentComms.executeCommandSequence()	Debug	InstrumentComms	Subsystem: Calibration startCalibration;
20130730_182517.216	clt	ProgressBar.ResetProgress()	Debug	ProgressBar	Reset Progress on ProgressBar
20130730_182546.889	clt	InstrumentComms.ReportCommandCompleteHandler()	Error	InstrumentComms	Received response:
True
20130730_182553.068	clt	Keyboard.Keyboard()	Info	Keyboard	New Touch Keyboard generated
20130730_182555.641	clt	Keyboard.textbox_input_KeyDown()	Info	Keyboard	Keboard output: ''
20130730_182557.735	clt	RoboSepServiceManualStepControl.setAxisEnable()	General	RoboSepServiceManualStepControl	Carousel
20130730_182600.959	clt	Keyboard.Keyboard()	Info	Keyboard	New Touch Keyboard generated
20130730_182603.723	clt	Keyboard.textbox_input_KeyDown()	Info	Keyboard	Keboard output: ''
20130730_182606.587	clt	Keyboard.Keyboard()	Info	Keyboard	New Touch Keyboard generated
20130730_182610.072	clt	Keyboard.buttonEnter_Click()	Info	Keyboard	Keboard output: ''
20130730_182611.695	clt	Keyboard.Keyboard()	Info	Keyboard	New Touch Keyboard generated
20130730_182615.730	clt	Keyboard.buttonEnter_Click()	Info	Keyboard	Keboard output: ''
20130730_182625.344	clt	Keyboard.Keyboard()	Info	Keyboard	New Touch Keyboard generated
20130730_182627.978	clt	Keyboard.textbox_input_KeyDown()	Info	Keyboard	Keboard output: ''
20130730_182629.951	clt	RoboSepServiceManualStepControl.btnCarouselInc_Click()	Info	RoboSepServiceManualStepControl	moveAxis Carousel 40
20130730_182632.615	clt	Keyboard.Keyboard()	Info	Keyboard	New Touch Keyboard generated
20130730_182635.529	clt	Keyboard.buttonEnter_Click()	Info	Keyboard	Keboard output: ''
