RoboSep UI Log File
Created: 20130730_192330.911

20130730_192330.911	clt	ServiceLogin.ServiceLogin()	Info	ServiceLogin	Creating new ServiceLogin
20130730_192330.931	clt	ServiceLogin.ServiceLogin()	Info	ServiceLogin	Service Login Form loaded
20130730_192334.616	clt	RoboSep_UserConsole.RoboSep_UserConsole()	General	RoboSep_UserConsole	Initializing User Console
20130730_192334.846	clt	Form_Home.Form_Home()	Info	Form_Home	Creating new Form_Home
20130730_192336.449	clt	RoboSep_UserConsole.grabSystemOptions()	Info	RoboSep_UserConsole	Get Sys Options: Lid Sensor = TrueLiquid Sensor = True
20130730_192336.629	clt	Keyboard.Keyboard()	Info	Keyboard	New Touch Keyboard generated
20130730_192339.033	clt	Keyboard.textbox_input_KeyDown()	Info	Keyboard	Keboard output: ''
20130730_192340.425	clt	Keyboard.Keyboard()	Info	Keyboard	New Touch Keyboard generated
20130730_192343.299	clt	Keyboard.textbox_input_KeyDown()	Info	Keyboard	Keboard output: ''
20130730_192344.611	clt	ServiceLogin.ServiceLogin()	Info	ServiceLogin	Attempt login
20130730_192344.611	clt	ServiceLogin.ServiceLogin()	Info	ServiceLogin	Login as SuperUser
20130730_192344.661	clt	ServiceLogin.ServiceLogin()	Info	ServiceLogin	Login successful
20130730_192344.761	clt	RoboSepServiceManualStepControl.RoboSepServiceManualStepControl()	Info	RoboSepServiceManualStepControl	Creating new RoboSepServiceManualStepControl
20130730_192344.801	clt	RoboSepServiceManualStepControl.RoboSepServiceManualStepControl()	Info	RoboSepServiceManualStepControl	Service Manual Step Control generated
20130730_192344.851	clt	ServiceDialog.ServiceDialog()	Info	ServiceDialog	Creating new ServiceDialog
20130730_192345.191	clt	ServiceDialog.btnServiceMenu_Click()	Info	ServiceDialog	clicked
20130730_192345.993	clt	ServiceMenu.ServiceMenu()	Info	ServiceMenu	Creating new ServiceMenu
20130730_192351.681	clt	ServiceMenu.btnConnect_Click()	Info	ServiceMenu	Connecting
20130730_192355.236	clt	ServiceMenu.listboxTeachingSubMenu_SelectedIndexChanged()	Info	ServiceMenu	Prepare to start script: 6. Barcode Reader
20130730_192355.306	clt	RoboSepServiceManualStepControl.setAxisEnable()	General	RoboSepServiceManualStepControl	None
20130730_192419.010	clt	InstrumentComms.ReportCommandCompleteHandler()	Debug	InstrumentComms	Command Complete : commandSucceeded = False, sequenceComplete = True, Return value/Error = Execute(Subsystem: Carousel, SetTheta, barcode_offset_degrees) threw an exception: Server returned a fault exception.
    FaultCode: 1,
    FaultString: exceptions.NameError:name 'barcode_offset_degrees' is not defined

20130730_192418.980	clt	InstrumentComms.executeCommandSequence()	Debug	InstrumentComms	Subsystem: Carousel SetTheta barcode_offset_degrees;
20130730_192418.960	clt	InstrumentComms.ReportCommandCompleteHandler()	Debug	InstrumentComms	Command Complete : commandSucceeded = True, sequenceComplete = True, Return value/Error = 

20130730_192358.130	clt	InstrumentComms.executeCommandSequence()	Debug	InstrumentComms	Subsystem: Instrument HomeAll 0;
20130730_192357.940	clt	ServiceDialog.btnServiceMenu_Click()	Info	ServiceDialog	Running script: 6. Barcode Reader
20130730_192357.940	clt	InstrumentComms.ReportCommandCompleteHandler()	Debug	InstrumentComms	Command Complete : commandSucceeded = True, sequenceComplete = True, Return value/Error = 

20130730_192357.930	clt	InstrumentComms.executeCommandSequence()	Debug	InstrumentComms	Subsystem: Calibration startCalibration;
20130730_192355.847	clt	ProgressBar.ResetProgress()	Debug	ProgressBar	Reset Progress on ProgressBar
20130730_192355.306	clt	RoboSepServiceManualStepControl.setAxisEnable()	General	RoboSepServiceManualStepControl	None
20130730_192355.236	clt	ServiceMenu.listboxTeachingSubMenu_SelectedIndexChanged()	Info	ServiceMenu	Prepare to start script: 6. Barcode Reader
20130730_192419.010	clt	InstrumentComms.ReportCommandCompleteHandler()	Error	InstrumentComms	Command failed to execute. Command sequence aborted.
Execute(Subsystem: Carousel, SetTheta, barcode_offset_degrees) threw an exception: Server returned a fault exception.
    FaultCode: 1,
    FaultString: exceptions.NameError:name 'barcode_offset_degrees' is not defined
20130730_192458.817	clt	ServiceDialog.btnServiceMenu_Click()	Info	ServiceDialog	clicked
20130730_192458.877	clt	ServiceMenu.ServiceMenu()	Info	ServiceMenu	Creating new ServiceMenu
20130730_192501.832	clt	ServiceMenu.listboxSubMenu_SelectedIndexChanged()	Info	ServiceMenu	Prepare to start script: 1. Theta Axis
20130730_192501.912	clt	RoboSepServiceManualStepControl.setAxisEnable()	General	RoboSepServiceManualStepControl	None
20130730_192527.238	clt	InstrumentComms.ReportCommandCompleteHandler()	Debug	InstrumentComms	Command Complete : commandSucceeded = True, sequenceComplete = True, Return value/Error = True

20130730_192527.038	clt	InstrumentComms.executeCommandSequence()	Debug	InstrumentComms	Subsystem: TeslaPlatform powerDownCarousel;
20130730_192527.018	clt	InstrumentComms.ReportCommandCompleteHandler()	Debug	InstrumentComms	Command Complete : commandSucceeded = True, sequenceComplete = True, Return value/Error = 

20130730_192525.185	clt	InstrumentComms.executeCommandSequence()	Debug	InstrumentComms	Subsystem: TeslaPlatform MoveTo 1 'antibodyvial_degrees' 135;
20130730_192525.165	clt	InstrumentComms.ReportCommandCompleteHandler()	Debug	InstrumentComms	Command Complete : commandSucceeded = True, sequenceComplete = True, Return value/Error = 

20130730_192504.385	clt	InstrumentComms.executeCommandSequence()	Debug	InstrumentComms	Subsystem: Instrument HomeAll 0;
20130730_192504.375	clt	ServiceDialog.btnServiceMenu_Click()	Info	ServiceDialog	Running script: 1. Theta Axis
20130730_192504.355	clt	InstrumentComms.ReportCommandCompleteHandler()	Debug	InstrumentComms	Command Complete : commandSucceeded = True, sequenceComplete = True, Return value/Error = 

20130730_192504.325	clt	InstrumentComms.executeCommandSequence()	Debug	InstrumentComms	Subsystem: Calibration startCalibration;
20130730_192502.202	clt	ProgressBar.ResetProgress()	Debug	ProgressBar	Reset Progress on ProgressBar
20130730_192527.238	clt	InstrumentComms.ReportCommandCompleteHandler()	Error	InstrumentComms	Received response:
True
