RoboSep UI Log File
Created: 20130730_190404.554

20130730_190404.564	clt	ServiceLogin.ServiceLogin()	Info	ServiceLogin	Creating new ServiceLogin
20130730_190404.584	clt	ServiceLogin.ServiceLogin()	Info	ServiceLogin	Service Login Form loaded
20130730_190507.705	clt	RoboSep_UserConsole.RoboSep_UserConsole()	General	RoboSep_UserConsole	Initializing User Console
20130730_190507.815	clt	Form_Home.Form_Home()	Info	Form_Home	Creating new Form_Home
20130730_190509.567	clt	RoboSep_UserConsole.grabSystemOptions()	Info	RoboSep_UserConsole	Get Sys Options: Lid Sensor = TrueLiquid Sensor = True
20130730_190509.757	clt	Keyboard.Keyboard()	Info	Keyboard	New Touch Keyboard generated
20130730_190511.510	clt	Keyboard.textbox_input_KeyDown()	Info	Keyboard	Keboard output: ''
20130730_190512.782	clt	Keyboard.Keyboard()	Info	Keyboard	New Touch Keyboard generated
20130730_190514.524	clt	Keyboard.textbox_input_KeyDown()	Info	Keyboard	Keboard output: ''
20130730_190516.157	clt	ServiceLogin.ServiceLogin()	Info	ServiceLogin	Attempt login
20130730_190516.167	clt	ServiceLogin.ServiceLogin()	Info	ServiceLogin	Login as SuperUser
20130730_190516.257	clt	ServiceLogin.ServiceLogin()	Info	ServiceLogin	Login successful
20130730_190516.407	clt	RoboSepServiceManualStepControl.RoboSepServiceManualStepControl()	Info	RoboSepServiceManualStepControl	Creating new RoboSepServiceManualStepControl
20130730_190516.487	clt	RoboSepServiceManualStepControl.RoboSepServiceManualStepControl()	Info	RoboSepServiceManualStepControl	Service Manual Step Control generated
20130730_190516.537	clt	ServiceDialog.ServiceDialog()	Info	ServiceDialog	Creating new ServiceDialog
20130730_190516.928	clt	ServiceDialog.btnServiceMenu_Click()	Info	ServiceDialog	clicked
20130730_190517.869	clt	ServiceMenu.ServiceMenu()	Info	ServiceMenu	Creating new ServiceMenu
20130730_190521.504	clt	ServiceMenu.btnConnect_Click()	Info	ServiceMenu	Connecting
20130730_190526.492	clt	ServiceMenu.listboxTeachingSubMenu_SelectedIndexChanged()	Info	ServiceMenu	Prepare to start script: 6. Barcode Reader
20130730_190526.592	clt	RoboSepServiceManualStepControl.setAxisEnable()	General	RoboSepServiceManualStepControl	None
20130730_190547.131	clt	InstrumentComms.ReportCommandCompleteHandler()	Debug	InstrumentComms	Command Complete : commandSucceeded = False, sequenceComplete = True, Return value/Error = Execute(Subsystem: Carousel, SetTheta, barcode_offset_degrees) threw an exception: Server returned a fault exception.
    FaultCode: 1,
    FaultString: exceptions.NameError:name 'barcode_offset_degrees' is not defined

20130730_190547.061	clt	InstrumentComms.executeCommandSequence()	Debug	InstrumentComms	Subsystem: Carousel SetTheta barcode_offset_degrees;
20130730_190547.041	clt	InstrumentComms.ReportCommandCompleteHandler()	Debug	InstrumentComms	Command Complete : commandSucceeded = True, sequenceComplete = True, Return value/Error = 

20130730_190529.085	clt	InstrumentComms.executeCommandSequence()	Debug	InstrumentComms	Subsystem: Instrument HomeAll 0;
20130730_190528.825	clt	ServiceDialog.btnServiceMenu_Click()	Info	ServiceDialog	Running script: 6. Barcode Reader
20130730_190528.825	clt	InstrumentComms.ReportCommandCompleteHandler()	Debug	InstrumentComms	Command Complete : commandSucceeded = True, sequenceComplete = True, Return value/Error = 

20130730_190528.815	clt	InstrumentComms.executeCommandSequence()	Debug	InstrumentComms	Subsystem: Calibration startCalibration;
20130730_190527.213	clt	ProgressBar.ResetProgress()	Debug	ProgressBar	Reset Progress on ProgressBar
20130730_190526.592	clt	RoboSepServiceManualStepControl.setAxisEnable()	General	RoboSepServiceManualStepControl	None
20130730_190526.492	clt	ServiceMenu.listboxTeachingSubMenu_SelectedIndexChanged()	Info	ServiceMenu	Prepare to start script: 6. Barcode Reader
20130730_190547.131	clt	InstrumentComms.ReportCommandCompleteHandler()	Error	InstrumentComms	Command failed to execute. Command sequence aborted.
Execute(Subsystem: Carousel, SetTheta, barcode_offset_degrees) threw an exception: Server returned a fault exception.
    FaultCode: 1,
    FaultString: exceptions.NameError:name 'barcode_offset_degrees' is not defined
