RoboSep UI Log File
Created: 20130803_101751.721

20130803_101751.831	clt	ServiceLogin.ServiceLogin()	Info	ServiceLogin	Creating new ServiceLogin
20130803_101751.991	clt	ServiceLogin.ServiceLogin()	Info	ServiceLogin	Service Login Form loaded
20130803_101812.270	clt	RoboSep_UserConsole.RoboSep_UserConsole()	General	RoboSep_UserConsole	Initializing User Console
20130803_101812.561	clt	Form_Home.Form_Home()	Info	Form_Home	Creating new Form_Home
20130803_101818.319	clt	RoboSep_UserConsole.grabSystemOptions()	Info	RoboSep_UserConsole	Get Sys Options: Lid Sensor = TrueLiquid Sensor = True
20130803_101818.549	clt	Keyboard.Keyboard()	Info	Keyboard	New Touch Keyboard generated
20130803_101826.230	clt	Keyboard.textbox_input_KeyDown()	Info	Keyboard	Keboard output: ''
20130803_101828.123	clt	Keyboard.Keyboard()	Info	Keyboard	New Touch Keyboard generated
20130803_101831.187	clt	Keyboard.textbox_input_KeyDown()	Info	Keyboard	Keboard output: ''
20130803_101832.559	clt	ServiceLogin.ServiceLogin()	Info	ServiceLogin	Attempt login
20130803_101832.569	clt	ServiceLogin.ServiceLogin()	Info	ServiceLogin	Login as SuperUser
20130803_101832.750	clt	ServiceLogin.ServiceLogin()	Info	ServiceLogin	Login successful
20130803_101832.980	clt	RoboSepServiceManualStepControl.RoboSepServiceManualStepControl()	Info	RoboSepServiceManualStepControl	Creating new RoboSepServiceManualStepControl
20130803_101833.050	clt	RoboSepServiceManualStepControl.RoboSepServiceManualStepControl()	Info	RoboSepServiceManualStepControl	Service Manual Step Control generated
20130803_101833.120	clt	ServiceDialog.ServiceDialog()	Info	ServiceDialog	Creating new ServiceDialog
20130803_101833.971	clt	ServiceDialog.btnServiceMenu_Click()	Info	ServiceDialog	clicked
20130803_101835.534	clt	ServiceMenu.ServiceMenu()	Info	ServiceMenu	Creating new ServiceMenu
20130803_101934.929	clt	ServiceMenu.btnConnect_Click()	Info	ServiceMenu	Connecting
20130803_101943.561	clt	ServiceMenu.ServiceMenu()	Info	ServiceMenu	Closing ServiceMenu
20130803_101945.304	clt	ServiceDialog.btnServiceMenu_Click()	Info	ServiceDialog	clicked
20130803_101945.404	clt	ServiceMenu.ServiceMenu()	Info	ServiceMenu	Creating new ServiceMenu
20130803_101946.666	clt	ServiceMenu.ServiceMenu()	Info	ServiceMenu	Closing ServiceMenu
20130803_101951.863	clt	ServiceDialog.btnServiceMenu_Click()	Info	ServiceDialog	clicked
20130803_101951.954	clt	ServiceMenu.ServiceMenu()	Info	ServiceMenu	Creating new ServiceMenu
20130803_102002.969	clt	ServiceMenu.listboxSubMenu_SelectedIndexChanged()	Info	ServiceMenu	Prepare to start script: 1. Theta Axis
20130803_102003.039	clt	RoboSepServiceManualStepControl.setAxisEnable()	General	RoboSepServiceManualStepControl	None
20130803_102026.053	clt	InstrumentComms.ReportCommandCompleteHandler()	Debug	InstrumentComms	Command Complete : commandSucceeded = True, sequenceComplete = True, Return value/Error = True

20130803_102025.842	clt	InstrumentComms.executeCommandSequence()	Debug	InstrumentComms	Subsystem: TeslaPlatform powerDownCarousel;
20130803_102025.832	clt	InstrumentComms.ReportCommandCompleteHandler()	Debug	InstrumentComms	Command Complete : commandSucceeded = True, sequenceComplete = True, Return value/Error = 

20130803_102024.020	clt	InstrumentComms.executeCommandSequence()	Debug	InstrumentComms	Subsystem: TeslaPlatform MoveTo 1 'antibodyvial_degrees' 135;
20130803_102024.000	clt	InstrumentComms.ReportCommandCompleteHandler()	Debug	InstrumentComms	Command Complete : commandSucceeded = True, sequenceComplete = True, Return value/Error = 

20130803_102006.094	clt	InstrumentComms.executeCommandSequence()	Debug	InstrumentComms	Subsystem: Instrument HomeAll 0;
20130803_102005.924	clt	InstrumentComms.ReportCommandCompleteHandler()	Debug	InstrumentComms	Command Complete : commandSucceeded = True, sequenceComplete = True, Return value/Error = 

20130803_102005.924	clt	ServiceDialog.btnServiceMenu_Click()	Info	ServiceDialog	Running script: 1. Theta Axis
20130803_102005.914	clt	InstrumentComms.executeCommandSequence()	Debug	InstrumentComms	Subsystem: Calibration startCalibration;
20130803_102003.871	clt	ProgressBar.ResetProgress()	Debug	ProgressBar	Reset Progress on ProgressBar
20130803_102026.063	clt	InstrumentComms.ReportCommandCompleteHandler()	Error	InstrumentComms	Received response:
True
