RoboSep UI Log File
Created: 20130804_153212.653

20130804_153212.708	clt	ServiceLogin.ServiceLogin()	Info	ServiceLogin	Creating new ServiceLogin
20130804_153212.730	clt	ServiceLogin.ServiceLogin()	Info	ServiceLogin	Service Login Form loaded
20130804_153237.918	clt	RoboSep_UserConsole.RoboSep_UserConsole()	General	RoboSep_UserConsole	Initializing User Console
20130804_153238.096	clt	Form_Home.Form_Home()	Info	Form_Home	Creating new Form_Home
20130804_153242.548	clt	RoboSep_UserConsole.grabSystemOptions()	Info	RoboSep_UserConsole	Get Sys Options: Lid Sensor = TrueLiquid Sensor = True
20130804_153243.049	clt	Keyboard.Keyboard()	Info	Keyboard	New Touch Keyboard generated
20130804_153246.337	clt	Keyboard.textbox_input_KeyDown()	Info	Keyboard	Keboard output: ''
20130804_153247.573	clt	Keyboard.Keyboard()	Info	Keyboard	New Touch Keyboard generated
20130804_153249.370	clt	Keyboard.textbox_input_KeyDown()	Info	Keyboard	Keboard output: ''
20130804_153309.611	clt	ServiceLogin.ServiceLogin()	Info	ServiceLogin	Attempt login
20130804_153309.620	clt	ServiceLogin.ServiceLogin()	Info	ServiceLogin	Login as SuperUser
20130804_153309.747	clt	ServiceLogin.ServiceLogin()	Info	ServiceLogin	Login successful
20130804_153309.863	clt	RoboSepServiceManualStepControl.RoboSepServiceManualStepControl()	Info	RoboSepServiceManualStepControl	Creating new RoboSepServiceManualStepControl
20130804_153309.912	clt	RoboSepServiceManualStepControl.RoboSepServiceManualStepControl()	Info	RoboSepServiceManualStepControl	Service Manual Step Control generated
20130804_153309.999	clt	ServiceDialog.ServiceDialog()	Info	ServiceDialog	Creating new ServiceDialog
20130804_153310.602	clt	ServiceDialog.btnServiceMenu_Click()	Info	ServiceDialog	clicked
20130804_153311.845	clt	ServiceMenu.ServiceMenu()	Info	ServiceMenu	Creating new ServiceMenu
20130804_153313.237	clt	ServiceMenu.btnConnect_Click()	Info	ServiceMenu	Connecting
20130804_153413.133	clt	ServiceMenu.listboxSubMenu_SelectedIndexChanged()	Info	ServiceMenu	Prepare to start script: 1. Theta Axis
20130804_153413.223	clt	RoboSepServiceManualStepControl.setAxisEnable()	General	RoboSepServiceManualStepControl	Z
20130804_153436.827	clt	InstrumentComms.ReportCommandCompleteHandler()	Debug	InstrumentComms	Command Complete : commandSucceeded = True, sequenceComplete = True, Return value/Error = True

20130804_153436.617	clt	InstrumentComms.executeCommandSequence()	Debug	InstrumentComms	Subsystem: TeslaPlatform powerDownCarousel;
20130804_153436.617	clt	InstrumentComms.ReportCommandCompleteHandler()	Debug	InstrumentComms	Command Complete : commandSucceeded = True, sequenceComplete = True, Return value/Error = 

20130804_153434.764	clt	InstrumentComms.executeCommandSequence()	Debug	InstrumentComms	Subsystem: TeslaPlatform MoveTo 1 'antibodyvial_degrees' 135;
20130804_153434.734	clt	InstrumentComms.ReportCommandCompleteHandler()	Debug	InstrumentComms	Command Complete : commandSucceeded = True, sequenceComplete = True, Return value/Error = 

20130804_153416.568	clt	InstrumentComms.executeCommandSequence()	Debug	InstrumentComms	Subsystem: Instrument HomeAll 0;
20130804_153416.268	clt	InstrumentComms.ReportCommandCompleteHandler()	Debug	InstrumentComms	Command Complete : commandSucceeded = True, sequenceComplete = True, Return value/Error = 

20130804_153416.217	clt	ServiceDialog.btnServiceMenu_Click()	Info	ServiceDialog	Running script: 1. Theta Axis
20130804_153416.207	clt	InstrumentComms.executeCommandSequence()	Debug	InstrumentComms	Subsystem: Calibration startCalibration;
20130804_153414.215	clt	ProgressBar.ResetProgress()	Debug	ProgressBar	Reset Progress on ProgressBar
20130804_153436.827	clt	InstrumentComms.ReportCommandCompleteHandler()	Error	InstrumentComms	Received response:
True
20130804_153535.759	clt	RoboSepServiceManualStepControl.btnThetaDec_Click()	Info	RoboSepServiceManualStepControl	moveAxis Robot_ThetaAxis -2
20130804_153537.245	clt	RoboSepServiceManualStepControl.btnThetaDec_Click()	Info	RoboSepServiceManualStepControl	moveAxis Robot_ThetaAxis -2
