RoboSep UI Log File
Created: 20130803_112355.751

20130803_112355.811	clt	ServiceLogin.ServiceLogin()	Info	ServiceLogin	Creating new ServiceLogin
20130803_112355.831	clt	ServiceLogin.ServiceLogin()	Info	ServiceLogin	Service Login Form loaded
20130803_112510.088	clt	RoboSep_UserConsole.RoboSep_UserConsole()	General	RoboSep_UserConsole	Initializing User Console
20130803_112510.268	clt	Form_Home.Form_Home()	Info	Form_Home	Creating new Form_Home
20130803_112512.591	clt	RoboSep_UserConsole.grabSystemOptions()	Info	RoboSep_UserConsole	Get Sys Options: Lid Sensor = TrueLiquid Sensor = True
20130803_112512.902	clt	Keyboard.Keyboard()	Info	Keyboard	New Touch Keyboard generated
20130803_112517.178	clt	Keyboard.textbox_input_KeyDown()	Info	Keyboard	Keboard output: ''
20130803_112518.940	clt	Keyboard.Keyboard()	Info	Keyboard	New Touch Keyboard generated
20130803_112522.976	clt	Keyboard.textbox_input_KeyDown()	Info	Keyboard	Keboard output: ''
20130803_112524.779	clt	ServiceLogin.ServiceLogin()	Info	ServiceLogin	Attempt login
20130803_112524.779	clt	ServiceLogin.ServiceLogin()	Info	ServiceLogin	Login as SuperUser
20130803_112524.919	clt	ServiceLogin.ServiceLogin()	Info	ServiceLogin	Login successful
20130803_112525.049	clt	RoboSepServiceManualStepControl.RoboSepServiceManualStepControl()	Info	RoboSepServiceManualStepControl	Creating new RoboSepServiceManualStepControl
20130803_112525.259	clt	RoboSepServiceManualStepControl.RoboSepServiceManualStepControl()	Info	RoboSepServiceManualStepControl	Service Manual Step Control generated
20130803_112525.330	clt	ServiceDialog.ServiceDialog()	Info	ServiceDialog	Creating new ServiceDialog
20130803_112525.770	clt	ServiceDialog.btnServiceMenu_Click()	Info	ServiceDialog	clicked
20130803_112527.533	clt	ServiceMenu.ServiceMenu()	Info	ServiceMenu	Creating new ServiceMenu
20130803_112529.816	clt	ServiceMenu.btnConnect_Click()	Info	ServiceMenu	Connecting
20130803_112533.692	clt	ServiceMenu.listboxSubMenu_SelectedIndexChanged()	Info	ServiceMenu	Prepare to start script: 1. Theta Axis
20130803_112533.762	clt	RoboSepServiceManualStepControl.setAxisEnable()	General	RoboSepServiceManualStepControl	None
20130803_112557.075	clt	InstrumentComms.ReportCommandCompleteHandler()	Debug	InstrumentComms	Command Complete : commandSucceeded = True, sequenceComplete = True, Return value/Error = True

20130803_112556.865	clt	InstrumentComms.executeCommandSequence()	Debug	InstrumentComms	Subsystem: TeslaPlatform powerDownCarousel;
20130803_112556.845	clt	InstrumentComms.ReportCommandCompleteHandler()	Debug	InstrumentComms	Command Complete : commandSucceeded = True, sequenceComplete = True, Return value/Error = 

20130803_112554.972	clt	InstrumentComms.executeCommandSequence()	Debug	InstrumentComms	Subsystem: TeslaPlatform MoveTo 1 'antibodyvial_degrees' 135;
20130803_112554.942	clt	InstrumentComms.ReportCommandCompleteHandler()	Debug	InstrumentComms	Command Complete : commandSucceeded = True, sequenceComplete = True, Return value/Error = 

20130803_112536.966	clt	InstrumentComms.executeCommandSequence()	Debug	InstrumentComms	Subsystem: Instrument HomeAll 0;
20130803_112536.736	clt	InstrumentComms.ReportCommandCompleteHandler()	Debug	InstrumentComms	Command Complete : commandSucceeded = True, sequenceComplete = True, Return value/Error = 

20130803_112536.726	clt	ServiceDialog.btnServiceMenu_Click()	Info	ServiceDialog	Running script: 1. Theta Axis
20130803_112536.726	clt	InstrumentComms.executeCommandSequence()	Debug	InstrumentComms	Subsystem: Calibration startCalibration;
20130803_112534.322	clt	ProgressBar.ResetProgress()	Debug	ProgressBar	Reset Progress on ProgressBar
20130803_112557.075	clt	InstrumentComms.ReportCommandCompleteHandler()	Error	InstrumentComms	Received response:
True
20130803_112559.148	clt	RoboSepServiceManualStepControl.setAxisEnable()	General	RoboSepServiceManualStepControl	Z
20130803_112601.111	clt	RoboSepServiceManualStepControl.setAxisEnable()	General	RoboSepServiceManualStepControl	Theta
20130803_112602.483	clt	RoboSepServiceManualStepControl.setAxisEnable()	General	RoboSepServiceManualStepControl	Carousel
20130803_112603.945	clt	RoboSepServiceManualStepControl.setAxisEnable()	General	RoboSepServiceManualStepControl	Z
20130803_112615.852	clt	RoboSepServiceManualStepControl.setAxisEnable()	General	RoboSepServiceManualStepControl	Theta
20130803_112616.854	clt	RoboSepServiceManualStepControl.setAxisEnable()	General	RoboSepServiceManualStepControl	Carousel
20130803_112638.685	clt	ServiceDialog.btnServiceMenu_Click()	Info	ServiceDialog	clicked
20130803_112638.765	clt	ServiceMenu.ServiceMenu()	Info	ServiceMenu	Creating new ServiceMenu
