RoboSep UI Log File
Created: 20130804_144903.649

20130804_144903.754	clt	ServiceLogin.ServiceLogin()	Info	ServiceLogin	Creating new ServiceLogin
20130804_144903.829	clt	ServiceLogin.ServiceLogin()	Info	ServiceLogin	Service Login Form loaded
20130804_145009.729	clt	RoboSep_UserConsole.RoboSep_UserConsole()	General	RoboSep_UserConsole	Initializing User Console
20130804_145009.909	clt	Form_Home.Form_Home()	Info	Form_Home	Creating new Form_Home
20130804_145013.139	clt	RoboSep_UserConsole.grabSystemOptions()	Info	RoboSep_UserConsole	Get Sys Options: Lid Sensor = TrueLiquid Sensor = True
20130804_145013.424	clt	Keyboard.Keyboard()	Info	Keyboard	New Touch Keyboard generated
20130804_145017.525	clt	Keyboard.textbox_input_KeyDown()	Info	Keyboard	Keboard output: ''
20130804_145019.268	clt	Keyboard.Keyboard()	Info	Keyboard	New Touch Keyboard generated
20130804_145022.407	clt	Keyboard.textbox_input_KeyDown()	Info	Keyboard	Keboard output: ''
20130804_145024.661	clt	ServiceLogin.ServiceLogin()	Info	ServiceLogin	Attempt login
20130804_145024.676	clt	ServiceLogin.ServiceLogin()	Info	ServiceLogin	Login as SuperUser
20130804_145024.931	clt	ServiceLogin.ServiceLogin()	Info	ServiceLogin	Login successful
20130804_145025.141	clt	RoboSepServiceManualStepControl.RoboSepServiceManualStepControl()	Info	RoboSepServiceManualStepControl	Creating new RoboSepServiceManualStepControl
20130804_145025.231	clt	RoboSepServiceManualStepControl.RoboSepServiceManualStepControl()	Info	RoboSepServiceManualStepControl	Service Manual Step Control generated
20130804_145025.367	clt	ServiceDialog.ServiceDialog()	Info	ServiceDialog	Creating new ServiceDialog
20130804_145026.043	clt	ServiceDialog.btnServiceMenu_Click()	Info	ServiceDialog	clicked
20130804_145027.875	clt	ServiceMenu.ServiceMenu()	Info	ServiceMenu	Creating new ServiceMenu
20130804_145123.981	clt	ServiceMenu.ServiceMenu()	Info	ServiceMenu	Closing ServiceMenu
20130804_145135.683	clt	ServiceDialog.btnServiceMenu_Click()	Info	ServiceDialog	clicked
20130804_145135.863	clt	ServiceMenu.ServiceMenu()	Info	ServiceMenu	Creating new ServiceMenu
20130804_145138.311	clt	ServiceMenu.btnConnect_Click()	Info	ServiceMenu	Connecting
20130804_145146.979	clt	ServiceMenu.listboxSubMenu_SelectedIndexChanged()	Info	ServiceMenu	Prepare to start script: 1. Theta Axis
20130804_145147.084	clt	RoboSepServiceManualStepControl.setAxisEnable()	General	RoboSepServiceManualStepControl	None
20130804_145220.072	clt	InstrumentComms.ReportCommandCompleteHandler()	Debug	InstrumentComms	Command Complete : commandSucceeded = True, sequenceComplete = True, Return value/Error = True

20130804_145219.771	clt	InstrumentComms.executeCommandSequence()	Debug	InstrumentComms	Subsystem: TeslaPlatform powerDownCarousel;
20130804_145219.741	clt	InstrumentComms.ReportCommandCompleteHandler()	Debug	InstrumentComms	Command Complete : commandSucceeded = True, sequenceComplete = True, Return value/Error = 

20130804_145217.007	clt	InstrumentComms.executeCommandSequence()	Debug	InstrumentComms	Subsystem: TeslaPlatform MoveTo 1 'antibodyvial_degrees' 135;
20130804_145216.977	clt	InstrumentComms.ReportCommandCompleteHandler()	Debug	InstrumentComms	Command Complete : commandSucceeded = True, sequenceComplete = True, Return value/Error = 

20130804_145150.118	clt	InstrumentComms.executeCommandSequence()	Debug	InstrumentComms	Subsystem: Instrument HomeAll 0;
20130804_145149.938	clt	ServiceDialog.btnServiceMenu_Click()	Info	ServiceDialog	Running script: 1. Theta Axis
20130804_145149.938	clt	InstrumentComms.ReportCommandCompleteHandler()	Debug	InstrumentComms	Command Complete : commandSucceeded = True, sequenceComplete = True, Return value/Error = 

20130804_145149.923	clt	InstrumentComms.executeCommandSequence()	Debug	InstrumentComms	Subsystem: Calibration startCalibration;
20130804_145147.910	clt	ProgressBar.ResetProgress()	Debug	ProgressBar	Reset Progress on ProgressBar
20130804_145220.072	clt	InstrumentComms.ReportCommandCompleteHandler()	Error	InstrumentComms	Received response:
True
20130804_145224.593	clt	RoboSepServiceManualStepControl.setAxisEnable()	General	RoboSepServiceManualStepControl	TipStripper
20130804_145230.692	clt	RoboSepServiceManualStepControl.setAxisEnable()	General	RoboSepServiceManualStepControl	Theta
20130804_145232.765	clt	RoboSepServiceManualStepControl.setAxisEnable()	General	RoboSepServiceManualStepControl	Carousel
20130804_145234.943	clt	RoboSepServiceManualStepControl.setAxisEnable()	General	RoboSepServiceManualStepControl	TipStripper
20130804_145237.271	clt	RoboSepServiceManualStepControl.btnTipStripperEngage_Click()	Info	RoboSepServiceManualStepControl	moveAxis engage
20130804_145240.215	clt	RoboSepServiceManualStepControl.btnTipStripperDisengage_Click()	Info	RoboSepServiceManualStepControl	moveAxis disengage
20130804_145244.211	clt	RoboSepServiceManualStepControl.setAxisEnable()	General	RoboSepServiceManualStepControl	Theta
20130804_145248.537	clt	RoboSepServiceManualStepControl.setAxisEnable()	General	RoboSepServiceManualStepControl	TipStripper
