RoboSep UI Log File
Created: 20130803_205817.357

20130803_205817.437	clt	ServiceLogin.ServiceLogin()	Info	ServiceLogin	Creating new ServiceLogin
20130803_205817.467	clt	ServiceLogin.ServiceLogin()	Info	ServiceLogin	Service Login Form loaded
20130804_132319.395	clt	RoboSep_UserConsole.RoboSep_UserConsole()	General	RoboSep_UserConsole	Initializing User Console
20130804_132320.233	clt	Form_Home.Form_Home()	Info	Form_Home	Creating new Form_Home
20130804_132323.271	clt	RoboSep_UserConsole.grabSystemOptions()	Info	RoboSep_UserConsole	Get Sys Options: Lid Sensor = TrueLiquid Sensor = True
20130804_132323.528	clt	Keyboard.Keyboard()	Info	Keyboard	New Touch Keyboard generated
20130804_132325.717	clt	Keyboard.textbox_input_KeyDown()	Info	Keyboard	Keboard output: ''
20130804_132327.259	clt	Keyboard.Keyboard()	Info	Keyboard	New Touch Keyboard generated
20130804_132329.824	clt	Keyboard.textbox_input_KeyDown()	Info	Keyboard	Keboard output: ''
20130804_132331.614	clt	ServiceLogin.ServiceLogin()	Info	ServiceLogin	Attempt login
20130804_132331.644	clt	ServiceLogin.ServiceLogin()	Info	ServiceLogin	Login as SuperUser
20130804_132331.925	clt	ServiceLogin.ServiceLogin()	Info	ServiceLogin	Login successful
20130804_132332.197	clt	RoboSepServiceManualStepControl.RoboSepServiceManualStepControl()	Info	RoboSepServiceManualStepControl	Creating new RoboSepServiceManualStepControl
20130804_132332.227	clt	RoboSepServiceManualStepControl.RoboSepServiceManualStepControl()	Info	RoboSepServiceManualStepControl	Service Manual Step Control generated
20130804_132332.327	clt	ServiceDialog.ServiceDialog()	Info	ServiceDialog	Creating new ServiceDialog
20130804_132332.971	clt	ServiceDialog.btnServiceMenu_Click()	Info	ServiceDialog	clicked
20130804_132334.680	clt	ServiceMenu.ServiceMenu()	Info	ServiceMenu	Creating new ServiceMenu
20130804_132337.022	clt	ServiceMenu.btnConnect_Click()	Info	ServiceMenu	Connecting
20130804_132345.269	clt	ServiceMenu.listboxSubMenu_SelectedIndexChanged()	Info	ServiceMenu	Prepare to start script: 1. Theta Axis
20130804_132345.341	clt	RoboSepServiceManualStepControl.setAxisEnable()	General	RoboSepServiceManualStepControl	None
20130804_132354.063	clt	ServiceDialog.btnServiceMenu_Click()	Info	ServiceDialog	Running script: 1. Theta Axis
