RoboSep UI Log File
Created: 20130804_133554.189

20130804_133554.249	clt	ServiceLogin.ServiceLogin()	Info	ServiceLogin	Creating new ServiceLogin
20130804_133554.299	clt	ServiceLogin.ServiceLogin()	Info	ServiceLogin	Service Login Form loaded
20130804_133558.686	clt	RoboSep_UserConsole.RoboSep_UserConsole()	General	RoboSep_UserConsole	Initializing User Console
20130804_133559.066	clt	Form_Home.Form_Home()	Info	Form_Home	Creating new Form_Home
20130804_133601.259	clt	RoboSep_UserConsole.grabSystemOptions()	Info	RoboSep_UserConsole	Get Sys Options: Lid Sensor = TrueLiquid Sensor = True
20130804_133601.480	clt	Keyboard.Keyboard()	Info	Keyboard	New Touch Keyboard generated
20130804_133607.508	clt	Keyboard.textbox_input_KeyDown()	Info	Keyboard	Keboard output: ''
20130804_133609.020	clt	Keyboard.Keyboard()	Info	Keyboard	New Touch Keyboard generated
20130804_133612.125	clt	Keyboard.textbox_input_KeyDown()	Info	Keyboard	Keboard output: ''
20130804_133614.358	clt	ServiceLogin.ServiceLogin()	Info	ServiceLogin	Attempt login
20130804_133614.368	clt	ServiceLogin.ServiceLogin()	Info	ServiceLogin	Login as SuperUser
20130804_133614.498	clt	ServiceLogin.ServiceLogin()	Info	ServiceLogin	Login successful
20130804_133614.789	clt	RoboSepServiceManualStepControl.RoboSepServiceManualStepControl()	Info	RoboSepServiceManualStepControl	Creating new RoboSepServiceManualStepControl
20130804_133614.819	clt	RoboSepServiceManualStepControl.RoboSepServiceManualStepControl()	Info	RoboSepServiceManualStepControl	Service Manual Step Control generated
20130804_133614.939	clt	ServiceDialog.ServiceDialog()	Info	ServiceDialog	Creating new ServiceDialog
20130804_133615.540	clt	ServiceDialog.btnServiceMenu_Click()	Info	ServiceDialog	clicked
20130804_133616.802	clt	ServiceMenu.ServiceMenu()	Info	ServiceMenu	Creating new ServiceMenu
20130804_133624.212	clt	ServiceMenu.btnConnect_Click()	Info	ServiceMenu	Connecting
20130804_133635.799	clt	ServiceMenu.listboxSubMenu_SelectedIndexChanged()	Info	ServiceMenu	Prepare to start script: 1. Theta Axis
20130804_133635.889	clt	RoboSepServiceManualStepControl.setAxisEnable()	General	RoboSepServiceManualStepControl	None
20130804_133638.994	clt	ServiceDialog.btnServiceMenu_Click()	Info	ServiceDialog	clicked
20130804_133639.084	clt	ServiceMenu.ServiceMenu()	Info	ServiceMenu	Creating new ServiceMenu
20130804_133641.367	clt	ServiceMenu.listboxSubMenu_SelectedIndexChanged()	Info	ServiceMenu	Prepare to start script: 1. Theta Axis
20130804_133641.437	clt	RoboSepServiceManualStepControl.setAxisEnable()	General	RoboSepServiceManualStepControl	None
20130804_133643.660	clt	ServiceDialog.btnServiceMenu_Click()	Info	ServiceDialog	Running script: 1. Theta Axis
20130804_133643.660	clt	ServiceDialog.btnServiceMenu_Click()	Info	ServiceDialog	Running script: 1. Theta Axis
20130804_133700.254	clt	RoboSepServiceManualStepControl.btnAbort_Click()	Info	RoboSepServiceManualStepControl	clicked
20130804_133700.454	clt	ServiceDialog.SetScriptDoneText()	Info	ServiceDialog	reset text
20130804_133702.658	clt	ServiceDialog.btnServiceMenu_Click()	Info	ServiceDialog	clicked
20130804_133702.748	clt	ServiceMenu.ServiceMenu()	Info	ServiceMenu	Creating new ServiceMenu
