RoboSep UI Log File
Created: 20130803_112042.202

20130803_112042.252	clt	ServiceLogin.ServiceLogin()	Info	ServiceLogin	Creating new ServiceLogin
20130803_112042.272	clt	ServiceLogin.ServiceLogin()	Info	ServiceLogin	Service Login Form loaded
20130803_112131.303	clt	RoboSep_UserConsole.RoboSep_UserConsole()	General	RoboSep_UserConsole	Initializing User Console
20130803_112131.473	clt	Form_Home.Form_Home()	Info	Form_Home	Creating new Form_Home
20130803_112134.397	clt	RoboSep_UserConsole.grabSystemOptions()	Info	RoboSep_UserConsole	Get Sys Options: Lid Sensor = TrueLiquid Sensor = True
20130803_112134.618	clt	Keyboard.Keyboard()	Info	Keyboard	New Touch Keyboard generated
20130803_112136.841	clt	Keyboard.textbox_input_KeyDown()	Info	Keyboard	Keboard output: ''
20130803_112138.153	clt	Keyboard.Keyboard()	Info	Keyboard	New Touch Keyboard generated
20130803_112140.076	clt	Keyboard.textbox_input_KeyDown()	Info	Keyboard	Keboard output: ''
20130803_112141.237	clt	ServiceLogin.ServiceLogin()	Info	ServiceLogin	Attempt login
20130803_112141.247	clt	ServiceLogin.ServiceLogin()	Info	ServiceLogin	Login as SuperUser
20130803_112141.408	clt	ServiceLogin.ServiceLogin()	Info	ServiceLogin	Login successful
20130803_112141.608	clt	RoboSepServiceManualStepControl.RoboSepServiceManualStepControl()	Info	RoboSepServiceManualStepControl	Creating new RoboSepServiceManualStepControl
20130803_112141.708	clt	RoboSepServiceManualStepControl.RoboSepServiceManualStepControl()	Info	RoboSepServiceManualStepControl	Service Manual Step Control generated
20130803_112141.798	clt	ServiceDialog.ServiceDialog()	Info	ServiceDialog	Creating new ServiceDialog
20130803_112142.319	clt	ServiceDialog.btnServiceMenu_Click()	Info	ServiceDialog	clicked
20130803_112144.031	clt	ServiceMenu.ServiceMenu()	Info	ServiceMenu	Creating new ServiceMenu
20130803_112146.034	clt	ServiceMenu.btnConnect_Click()	Info	ServiceMenu	Connecting
20130803_112150.641	clt	ServiceMenu.listboxSubMenu_SelectedIndexChanged()	Info	ServiceMenu	Prepare to start script: 1. Theta Axis
20130803_112150.711	clt	RoboSepServiceManualStepControl.setAxisEnable()	General	RoboSepServiceManualStepControl	None
20130803_112213.003	clt	InstrumentComms.ReportCommandCompleteHandler()	Debug	InstrumentComms	Command Complete : commandSucceeded = True, sequenceComplete = True, Return value/Error = True

20130803_112212.793	clt	InstrumentComms.executeCommandSequence()	Debug	InstrumentComms	Subsystem: TeslaPlatform powerDownCarousel;
20130803_112212.773	clt	InstrumentComms.ReportCommandCompleteHandler()	Debug	InstrumentComms	Command Complete : commandSucceeded = True, sequenceComplete = True, Return value/Error = 

20130803_112210.920	clt	InstrumentComms.executeCommandSequence()	Debug	InstrumentComms	Subsystem: TeslaPlatform MoveTo 1 'antibodyvial_degrees' 135;
20130803_112210.900	clt	InstrumentComms.ReportCommandCompleteHandler()	Debug	InstrumentComms	Command Complete : commandSucceeded = True, sequenceComplete = True, Return value/Error = 

20130803_112152.954	clt	InstrumentComms.executeCommandSequence()	Debug	InstrumentComms	Subsystem: Instrument HomeAll 0;
20130803_112152.814	clt	InstrumentComms.ReportCommandCompleteHandler()	Debug	InstrumentComms	Command Complete : commandSucceeded = True, sequenceComplete = True, Return value/Error = 

20130803_112152.774	clt	ServiceDialog.btnServiceMenu_Click()	Info	ServiceDialog	Running script: 1. Theta Axis
20130803_112152.764	clt	InstrumentComms.executeCommandSequence()	Debug	InstrumentComms	Subsystem: Calibration startCalibration;
20130803_112151.292	clt	ProgressBar.ResetProgress()	Debug	ProgressBar	Reset Progress on ProgressBar
20130803_112213.003	clt	InstrumentComms.ReportCommandCompleteHandler()	Error	InstrumentComms	Received response:
True
20130803_112216.167	clt	RoboSepServiceManualStepControl.setAxisEnable()	General	RoboSepServiceManualStepControl	Z
20130803_112217.509	clt	RoboSepServiceManualStepControl.setAxisEnable()	General	RoboSepServiceManualStepControl	Carousel
20130803_112219.933	clt	RoboSepServiceManualStepControl.setAxisEnable()	General	RoboSepServiceManualStepControl	Z
20130803_112222.166	clt	RoboSepServiceManualStepControl.setAxisEnable()	General	RoboSepServiceManualStepControl	Theta
