RoboSep UI Log File
Created: 20130909_141016.435

20130909_141016.455	clt	ServiceLogin.ServiceLogin()	Info	ServiceLogin	Creating new ServiceLogin
20130909_141016.475	clt	ServiceLogin.ServiceLogin()	Info	ServiceLogin	Service Login Form loaded
20130909_141101.880	clt	RoboSep_UserConsole.RoboSep_UserConsole()	General	RoboSep_UserConsole	Initializing User Console
20130909_141101.970	clt	Form_Home.Form_Home()	Info	Form_Home	Creating new Form_Home
20130909_141103.733	clt	RoboSep_UserConsole.grabSystemOptions()	Info	RoboSep_UserConsole	Get Sys Options: Lid Sensor = TrueLiquid Sensor = True
20130909_141103.933	clt	Keyboard.Keyboard()	Info	Keyboard	New Touch Keyboard generated
20130909_141106.186	clt	Keyboard.textbox_input_KeyDown()	Info	Keyboard	Keboard output: ''
20130909_141109.231	clt	Keyboard.Keyboard()	Info	Keyboard	New Touch Keyboard generated
20130909_141111.324	clt	Keyboard.textbox_input_KeyDown()	Info	Keyboard	Keboard output: ''
20130909_141112.926	clt	ServiceLogin.ServiceLogin()	Info	ServiceLogin	Attempt login
20130909_141112.936	clt	ServiceLogin.ServiceLogin()	Info	ServiceLogin	Login as SuperUser
20130909_141113.056	clt	ServiceLogin.ServiceLogin()	Info	ServiceLogin	Login successful
20130909_141113.237	clt	RoboSepServiceManualStepControl.RoboSepServiceManualStepControl()	Info	RoboSepServiceManualStepControl	Creating new RoboSepServiceManualStepControl
20130909_141113.267	clt	RoboSepServiceManualStepControl.RoboSepServiceManualStepControl()	Info	RoboSepServiceManualStepControl	Service Manual Step Control generated
20130909_141113.387	clt	ServiceDialog.ServiceDialog()	Info	ServiceDialog	Creating new ServiceDialog
20130909_141113.958	clt	ServiceDialog.btnServiceMenu_Click()	Info	ServiceDialog	clicked
20130909_141119.576	clt	ServiceMenu.ServiceMenu()	Info	ServiceMenu	Creating new ServiceMenu
20130909_141122.700	clt	ServiceMenu.btnConnect_Click()	Info	ServiceMenu	Connecting
20130909_141127.347	clt	ServiceMenu.listboxTeachingSubMenu_SelectedIndexChanged()	Info	ServiceMenu	Prepare to start script: 5. Buffer Position
20130909_141127.367	clt	RoboSepServiceManualStepControl.setAxisEnable()	General	RoboSepServiceManualStepControl	Z
20130909_141128.749	clt	ServiceDialog.btnServiceMenu_Click()	Info	ServiceDialog	Running script: 5. Buffer Position
20130909_141202.077	clt	RoboSepServiceManualStepControl.btnAccept_Click()	Info	RoboSepServiceManualStepControl	clicked
20130909_141247.973	clt	ServiceDialog.SetScriptDoneText()	Info	ServiceDialog	reset text
20130909_141301.953	clt	ServiceDialog.btnServiceMenu_Click()	Info	ServiceDialog	clicked
20130909_141307.351	clt	ServiceMenu.ServiceMenu()	Info	ServiceMenu	Creating new ServiceMenu
20130909_141316.544	clt	ServiceMenu.listboxTeachingSubMenu_SelectedIndexChanged()	Info	ServiceMenu	Prepare to start script: 4. Vial Positions
20130909_141318.336	clt	ServiceDialog.btnServiceMenu_Click()	Info	ServiceDialog	clicked
