RoboSep UI Log File
Created: 20130909_133837.513

20130909_133837.592	clt	ServiceLogin.ServiceLogin()	Info	ServiceLogin	Creating new ServiceLogin
20130909_133837.621	clt	ServiceLogin.ServiceLogin()	Info	ServiceLogin	Service Login Form loaded
20130909_133841.370	clt	RoboSep_UserConsole.RoboSep_UserConsole()	General	RoboSep_UserConsole	Initializing User Console
20130909_133841.528	clt	Form_Home.Form_Home()	Info	Form_Home	Creating new Form_Home
20130909_133843.922	clt	RoboSep_UserConsole.grabSystemOptions()	Info	RoboSep_UserConsole	Get Sys Options: Lid Sensor = TrueLiquid Sensor = True
20130909_133844.119	clt	Keyboard.Keyboard()	Info	Keyboard	New Touch Keyboard generated
20130909_133847.355	clt	Keyboard.textbox_input_KeyDown()	Info	Keyboard	Keboard output: ''
20130909_133848.953	clt	Keyboard.Keyboard()	Info	Keyboard	New Touch Keyboard generated
20130909_133851.814	clt	Keyboard.textbox_input_KeyDown()	Info	Keyboard	Keboard output: ''
20130909_133853.563	clt	ServiceLogin.ServiceLogin()	Info	ServiceLogin	Attempt login
20130909_133853.563	clt	ServiceLogin.ServiceLogin()	Info	ServiceLogin	Login as SuperUser
20130909_133853.736	clt	ServiceLogin.ServiceLogin()	Info	ServiceLogin	Login successful
20130909_133853.941	clt	RoboSepServiceManualStepControl.RoboSepServiceManualStepControl()	Info	RoboSepServiceManualStepControl	Creating new RoboSepServiceManualStepControl
20130909_133853.984	clt	RoboSepServiceManualStepControl.RoboSepServiceManualStepControl()	Info	RoboSepServiceManualStepControl	Service Manual Step Control generated
20130909_133854.146	clt	ServiceDialog.ServiceDialog()	Info	ServiceDialog	Creating new ServiceDialog
20130909_133854.740	clt	ServiceDialog.btnServiceMenu_Click()	Info	ServiceDialog	clicked
20130909_133856.143	clt	ServiceMenu.ServiceMenu()	Info	ServiceMenu	Creating new ServiceMenu
20130909_133905.490	clt	ServiceMenu.btnConnect_Click()	Info	ServiceMenu	Connecting
20130909_133911.395	clt	ServiceMenu.listboxTeachingSubMenu_SelectedIndexChanged()	Info	ServiceMenu	Prepare to start script: 5. Buffer Position
20130909_133911.425	clt	RoboSepServiceManualStepControl.setAxisEnable()	General	RoboSepServiceManualStepControl	Z
20130909_133921.419	clt	ServiceDialog.btnServiceMenu_Click()	Info	ServiceDialog	Running script: 5. Buffer Position
20130909_134011.862	clt	RoboSepServiceManualStepControl.btnAccept_Click()	Info	RoboSepServiceManualStepControl	clicked
20130909_134057.978	clt	ServiceDialog.SetScriptDoneText()	Info	ServiceDialog	reset text
20130909_134101.343	clt	ServiceDialog.btnServiceMenu_Click()	Info	ServiceDialog	clicked
