RoboSep UI Log File
Created: 20130909_133229.262

20130909_133229.342	clt	ServiceLogin.ServiceLogin()	Info	ServiceLogin	Creating new ServiceLogin
20130909_133229.412	clt	ServiceLogin.ServiceLogin()	Info	ServiceLogin	Service Login Form loaded
20130909_133314.126	clt	RoboSep_UserConsole.RoboSep_UserConsole()	General	RoboSep_UserConsole	Initializing User Console
20130909_133314.286	clt	Form_Home.Form_Home()	Info	Form_Home	Creating new Form_Home
20130909_133316.760	clt	RoboSep_UserConsole.grabSystemOptions()	Info	RoboSep_UserConsole	Get Sys Options: Lid Sensor = TrueLiquid Sensor = True
20130909_133316.980	clt	Keyboard.Keyboard()	Info	Keyboard	New Touch Keyboard generated
20130909_133320.305	clt	Keyboard.textbox_input_KeyDown()	Info	Keyboard	Keboard output: ''
20130909_133321.557	clt	Keyboard.Keyboard()	Info	Keyboard	New Touch Keyboard generated
20130909_133325.412	clt	Keyboard.textbox_input_KeyDown()	Info	Keyboard	Keboard output: ''
20130909_133326.754	clt	ServiceLogin.ServiceLogin()	Info	ServiceLogin	Attempt login
20130909_133326.764	clt	ServiceLogin.ServiceLogin()	Info	ServiceLogin	Login as SuperUser
20130909_133326.884	clt	ServiceLogin.ServiceLogin()	Info	ServiceLogin	Login successful
20130909_133327.075	clt	RoboSepServiceManualStepControl.RoboSepServiceManualStepControl()	Info	RoboSepServiceManualStepControl	Creating new RoboSepServiceManualStepControl
20130909_133327.115	clt	RoboSepServiceManualStepControl.RoboSepServiceManualStepControl()	Info	RoboSepServiceManualStepControl	Service Manual Step Control generated
20130909_133327.195	clt	ServiceDialog.ServiceDialog()	Info	ServiceDialog	Creating new ServiceDialog
20130909_133327.766	clt	ServiceDialog.btnServiceMenu_Click()	Info	ServiceDialog	clicked
20130909_133329.288	clt	ServiceMenu.ServiceMenu()	Info	ServiceMenu	Creating new ServiceMenu
20130909_133338.578	clt	ServiceMenu.btnConnect_Click()	Info	ServiceMenu	Connecting
20130909_133344.450	clt	ServiceMenu.listboxTeachingSubMenu_SelectedIndexChanged()	Info	ServiceMenu	Prepare to start script: 5. Buffer Position
20130909_133344.516	clt	RoboSepServiceManualStepControl.setAxisEnable()	General	RoboSepServiceManualStepControl	Z
20130909_133445.820	clt	ServiceDialog.btnServiceMenu_Click()	Info	ServiceDialog	Running script: 5. Buffer Position
20130909_133517.065	clt	RoboSepServiceManualStepControl.btnAccept_Click()	Info	RoboSepServiceManualStepControl	clicked
20130909_133602.991	clt	ServiceDialog.SetScriptDoneText()	Info	ServiceDialog	reset text
20130909_133607.487	clt	ServiceDialog.btnServiceMenu_Click()	Info	ServiceDialog	clicked
