RoboSep UI Log File
Created: 20131022_093811.231

20131022_093811.242	clt	ServiceLogin.ServiceLogin()	Info	ServiceLogin	Creating new ServiceLogin
20131022_093811.274	clt	ServiceLogin.ServiceLogin()	Info	ServiceLogin	Service Login Form loaded
20131022_100225.391	clt	RoboSep_UserConsole.RoboSep_UserConsole()	General	RoboSep_UserConsole	Initializing User Console
20131022_100225.511	clt	Form_Home.Form_Home()	Info	Form_Home	Creating new Form_Home
20131022_100227.154	clt	RoboSep_UserConsole.grabSystemOptions()	Info	RoboSep_UserConsole	Get Sys Options: Lid Sensor = TrueLiquid Sensor = True
20131022_100227.775	clt	Keyboard.Keyboard()	Info	Keyboard	New Touch Keyboard generated w/ Autocomplete
20131022_100229.918	clt	Keyboard.textbox_input_KeyDown()	Info	Keyboard	Keboard output: ''
20131022_100231.320	clt	Keyboard.Keyboard()	Info	Keyboard	New Touch Keyboard generated w/ Autocomplete
20131022_100233.092	clt	Keyboard.textbox_input_KeyDown()	Info	Keyboard	Keboard output: ''
20131022_100236.227	clt	ServiceLogin.ServiceLogin()	Info	ServiceLogin	Attempt login
20131022_100236.227	clt	ServiceLogin.ServiceLogin()	Info	ServiceLogin	Login as SuperUser
20131022_100236.327	clt	ProgressBar.ResetProgress()	Debug	ProgressBar	Reset Progress on ProgressBar
20131022_100238.550	clt	Keyboard.Keyboard()	Info	Keyboard	New Touch Keyboard generated w/ Autocomplete
20131022_100240.873	clt	Keyboard.textbox_input_KeyDown()	Info	Keyboard	Keboard output: ''
20131022_100242.135	clt	ServiceLogin.ServiceLogin()	Info	ServiceLogin	Attempt login
20131022_100242.195	clt	ServiceLogin.ServiceLogin()	Info	ServiceLogin	Login as SuperUser
20131022_100242.305	clt	ServiceLogin.ServiceLogin()	Info	ServiceLogin	Login successful
20131022_100242.566	clt	RoboSepServiceManualStepControl.RoboSepServiceManualStepControl()	Info	RoboSepServiceManualStepControl	Creating new RoboSepServiceManualStepControl
20131022_100242.666	clt	RoboSepServiceManualStepControl.RoboSepServiceManualStepControl()	Info	RoboSepServiceManualStepControl	Service Manual Step Control generated
20131022_100242.736	clt	ServiceDialog.ServiceDialog()	Info	ServiceDialog	Creating new ServiceDialog
20131022_100243.487	clt	ServiceDialog.btnServiceMenu_Click()	Info	ServiceDialog	clicked
20131022_100244.609	clt	ServiceMenu.ServiceMenu()	Info	ServiceMenu	Creating new ServiceMenu
20131022_100427.002	clt	ServiceMenu.ServiceMenu()	Info	ServiceMenu	Closing ServiceMenu
20131022_100430.828	clt	RoboSepServiceManualStepControl.setAxisEnable()	General	RoboSepServiceManualStepControl	Theta
20131022_100431.729	clt	RoboSepServiceManualStepControl.setAxisEnable()	General	RoboSepServiceManualStepControl	Z
20131022_100432.330	clt	RoboSepServiceManualStepControl.setAxisEnable()	General	RoboSepServiceManualStepControl	Carousel
20131022_100433.412	clt	RoboSepServiceManualStepControl.setAxisEnable()	General	RoboSepServiceManualStepControl	TipStripper
