RoboSep UI Log File
Created: 20131119_001450.002

20131119_001450.013	clt	ServiceLogin.ServiceLogin()	Info	ServiceLogin	Creating new ServiceLogin
20131119_001450.035	clt	ServiceLogin.ServiceLogin()	Info	ServiceLogin	Service Login Form loaded
20131119_001454.419	clt	RoboSep_UserConsole.RoboSep_UserConsole()	General	RoboSep_UserConsole	Initializing User Console
20131119_001454.518	clt	Form_Home.Form_Home()	Info	Form_Home	Creating new Form_Home
20131119_001456.149	clt	RoboSep_UserConsole.grabSystemOptions()	Info	RoboSep_UserConsole	Get Sys Options: Lid Sensor = TrueLiquid Sensor = True
20131119_001456.545	clt	Keyboard.Keyboard()	Info	Keyboard	New Touch Keyboard generated w/ Autocomplete
20131119_001500.792	clt	Keyboard.textbox_input_KeyDown()	Info	Keyboard	Keboard output: ''
20131119_001504.748	clt	ServiceLogin.ServiceLogin()	Info	ServiceLogin	Attempt login
20131119_001504.758	clt	ServiceLogin.ServiceLogin()	Info	ServiceLogin	Login as SuperUser
20131119_001504.807	clt	ServiceLogin.ServiceLogin()	Info	ServiceLogin	Login successful
20131119_001504.966	clt	RoboSepServiceManualStepControl.RoboSepServiceManualStepControl()	Info	RoboSepServiceManualStepControl	Creating new RoboSepServiceManualStepControl
20131119_001505.015	clt	RoboSepServiceManualStepControl.RoboSepServiceManualStepControl()	Info	RoboSepServiceManualStepControl	Service Manual Step Control generated
20131119_001505.055	clt	ServiceDialog.ServiceDialog()	Info	ServiceDialog	Creating new ServiceDialog
20131119_001505.680	clt	ServiceDialog.btnServiceMenu_Click()	Info	ServiceDialog	clicked
20131119_001506.572	clt	ServiceMenu.ServiceMenu()	Info	ServiceMenu	Creating new ServiceMenu
20131119_001510.877	clt	ServiceMenu.btnConnect_Click()	Info	ServiceMenu	Connecting
20131119_001516.900	clt	ServiceMenu.ServiceMenu()	Info	ServiceMenu	Closing ServiceMenu
20131119_001520.284	clt	ServiceDialog.btnServiceMenu_Click()	Info	ServiceDialog	clicked
20131119_001520.372	clt	ServiceMenu.ServiceMenu()	Info	ServiceMenu	Creating new ServiceMenu
20131119_001525.054	clt	ServiceMenu.listboxSubMenu_SelectedIndexChanged()	Info	ServiceMenu	Prepare to start script: 1. Theta Axis
20131119_001525.152	clt	RoboSepServiceManualStepControl.setAxisEnable()	General	RoboSepServiceManualStepControl	Z
20131119_001554.012	clt	InstrumentComms.ReportCommandCompleteHandler()	Debug	InstrumentComms	Command Complete : commandSucceeded = True, sequenceComplete = True, Return value/Error = True

20131119_001553.802	clt	InstrumentComms.executeCommandSequence()	Debug	InstrumentComms	Subsystem: TeslaPlatform powerDownCarousel;
20131119_001553.792	clt	InstrumentComms.ReportCommandCompleteHandler()	Debug	InstrumentComms	Command Complete : commandSucceeded = True, sequenceComplete = True, Return value/Error = 

20131119_001551.849	clt	InstrumentComms.executeCommandSequence()	Debug	InstrumentComms	Subsystem: TeslaPlatform MoveTo 1 'antibodyvial_degrees' 135;
20131119_001551.749	clt	InstrumentComms.ReportCommandCompleteHandler()	Debug	InstrumentComms	Command Complete : commandSucceeded = True, sequenceComplete = True, Return value/Error = 

20131119_001530.250	clt	InstrumentComms.executeCommandSequence()	Debug	InstrumentComms	Subsystem: Instrument HomeAll 0;
20131119_001530.110	clt	InstrumentComms.ReportCommandCompleteHandler()	Debug	InstrumentComms	Command Complete : commandSucceeded = True, sequenceComplete = True, Return value/Error = 

20131119_001530.034	clt	InstrumentComms.executeCommandSequence()	Debug	InstrumentComms	Subsystem: Calibration startCalibration;
20131119_001525.457	clt	ProgressBar.ResetProgress()	Debug	ProgressBar	Reset Progress on ProgressBar
20131119_001525.162	clt	ServiceDialog.btnServiceMenu_Click()	Info	ServiceDialog	Running script: 1. Theta Axis
20131119_001554.042	clt	InstrumentComms.ReportCommandCompleteHandler()	Error	InstrumentComms	Received response:
True
