RoboSep UI Log File
Created: 20111130_133532.066

20111130_133532.069	clt	RoboSep_UserConsole.RoboSep_UserConsole()	General	RoboSep_UserConsole	Initializing User Console
20111130_133532.119	clt	Form_Home.Form_Home()	Info	Form_Home	Creating new Form_Home
20111130_133533.723	clt	RoboSep_UserConsole.grabSystemOptions()	Info	RoboSep_UserConsole	Get Sys Options: Lid Sensor = FalseLiquid Sensor = False
20111130_133533.740	clt	RoboSep_UserConsole.RoboSep_UserConsole_Load()	Info	RoboSep_UserConsole	Loading User Console
20111130_133533.762	clt	RoboSep_Splash.RoboSep_Splash()	Info	RoboSep_Splash	Initializing Splash Page
20111130_133533.833	clt	RoboSep_UserConsole.RoboSep_UserConsole_Load()	General	RoboSep_UserConsole	Starting GUI Thread
20111130_133534.086	clt	RoboSep_UserConsole.AttemptSeparatorConnection()	Info	RoboSep_UserConsole	Connecting...
20111130_133534.570	clt	RoboSep_UserDB.Robosep_UserDB()()	Debug	RoboSep_UserDB	Initializing UserDB
20111130_133534.636	clt	RoboSep_UserDB.GetProtocolsPath()	Debug	RoboSep_UserDB	output: C:\Program Files (x86)\STI\RoboSep\protocols\
20111130_133534.689	clt	RoboSep_UserDB.LoadAllProtocols()	Debug	RoboSep_UserDB	160protocols loaded
20111130_133534.700	clt	RoboSep_UserDB.XML_SaveUserConfig()	Info	RoboSep_UserDB	set user.db file to : User1.udb
20111130_133535.119	clt	RoboSep_UserDB.GetProtocolsPath()	Debug	RoboSep_UserDB	output: C:\Program Files (x86)\STI\RoboSep\protocols\
20111130_133535.159	clt	RoboSep_UserDB.XML_LoadRoboSepUserObject()	Debug	RoboSep_UserDB	Loaded Robosep User
20111130_133536.101	clt	RoboSep_UserConsole.AtReportInstrumentInformation()	Info	RoboSep_UserConsole	Get system information for About menu
20111130_133536.112	clt	RoboSep_UserConsole.AtBatchDurationUpdate()	Info	RoboSep_UserConsole	Estimated run completion = 01:00
20111130_133605.805	clt	RoboSep_UserConsole.ProgressSplash()	Info	RoboSep_UserConsole	Stopping Splash page
20111130_133605.869	clt	RoboSep_About.RoboSep_About()	Info	RoboSep_About	Initializing About user control
20111130_133605.965	clt	RoboSep_RunSamples.RoboSep_RunSamples()	Info	RoboSep_RunSamples	Initializing Run Samples user control
20111130_133606.049	clt	RoboSep_Splash.close()	Info	RoboSep_Splash	Closing Splash Page
20111130_133658.210	clt	RoboSep_ProtocolSelect.RoboSep_ProtocolSelect()	Info	RoboSep_ProtocolSelect	New Protocol Select user control generated
20111130_133658.311	clt	RoboSep_RunSamples.Protocol_Selection()	Info	RoboSep_RunSamples	Opening protocol selection for quadrant 1
20111130_133700.518	clt	RoboSep_ProtocolSelect.button_Cancel1_Click()	Info	RoboSep_ProtocolSelect	Protocol Selection cancel clicked
20111130_133706.161	clt	RoboSep_ProtocolSelect.RoboSep_ProtocolSelect()	Info	RoboSep_ProtocolSelect	New Protocol Select user control generated
20111130_133706.233	clt	RoboSep_RunSamples.Protocol_Selection()	Info	RoboSep_RunSamples	Opening protocol selection for quadrant 2
20111130_133712.131	clt	RoboSep_ProtocolSelect.RoboSep_ProtocolSelect()	Info	RoboSep_ProtocolSelect	New Protocol Select user control generated
20111130_133712.342	clt	RoboSep_RunSamples.Protocol_Selection()	Info	RoboSep_RunSamples	Opening protocol selection for quadrant 2
20111130_133712.413	clt	RoboSep_ProtocolSelect.button_Cancel1_Click()	Info	RoboSep_ProtocolSelect	Protocol Selection cancel clicked
