RoboSep UI Log File
Created: 20111201_113456.045

20111201_113456.048	clt	RoboSep_UserConsole.RoboSep_UserConsole()	General	RoboSep_UserConsole	Initializing User Console
20111201_113456.111	clt	Form_Home.Form_Home()	Info	Form_Home	Creating new Form_Home
20111201_113457.979	clt	RoboSep_UserConsole.grabSystemOptions()	Info	RoboSep_UserConsole	Get Sys Options: Lid Sensor = FalseLiquid Sensor = False
20111201_113457.998	clt	RoboSep_UserConsole.RoboSep_UserConsole_Load()	Info	RoboSep_UserConsole	Loading User Console
20111201_113458.027	clt	RoboSep_Splash.RoboSep_Splash()	Info	RoboSep_Splash	Initializing Splash Page
20111201_113458.102	clt	RoboSep_UserConsole.RoboSep_UserConsole_Load()	General	RoboSep_UserConsole	Starting GUI Thread
20111201_113458.105	clt	RoboSep_UserConsole.AttemptSeparatorConnection()	Info	RoboSep_UserConsole	Connecting...
20111201_113459.302	clt	RoboSep_UserDB.Robosep_UserDB()()	Debug	RoboSep_UserDB	Initializing UserDB
20111201_113459.465	clt	RoboSep_UserDB.GetProtocolsPath()	Debug	RoboSep_UserDB	output: C:\Program Files (x86)\STI\RoboSep\protocols\
20111201_113459.472	clt	RoboSep_UserConsole.AtReportInstrumentInformation()	Info	RoboSep_UserConsole	Get system information for About menu
20111201_113459.483	clt	RoboSep_UserConsole.AtBatchDurationUpdate()	Info	RoboSep_UserConsole	Estimated run completion = 01:00
20111201_113459.524	clt	RoboSep_UserDB.LoadAllProtocols()	Debug	RoboSep_UserDB	160protocols loaded
20111201_113459.530	clt	RoboSep_UserDB.XML_SaveUserConfig()	Info	RoboSep_UserDB	set user.db file to : User1.udb
20111201_113459.862	clt	RoboSep_UserDB.GetProtocolsPath()	Debug	RoboSep_UserDB	output: C:\Program Files (x86)\STI\RoboSep\protocols\
20111201_113459.874	clt	RoboSep_UserDB.XML_LoadRoboSepUserObject()	Debug	RoboSep_UserDB	Loaded Robosep User
20111201_113529.063	clt	RoboSep_UserConsole.ProgressSplash()	Info	RoboSep_UserConsole	Stopping Splash page
20111201_113529.128	clt	RoboSep_About.RoboSep_About()	Info	RoboSep_About	Initializing About user control
20111201_113529.220	clt	RoboSep_RunSamples.RoboSep_RunSamples()	Info	RoboSep_RunSamples	Initializing Run Samples user control
20111201_113529.308	clt	RoboSep_Splash.close()	Info	RoboSep_Splash	Closing Splash Page
20111201_113741.668	clt	RoboSep_ProtocolSelect.RoboSep_ProtocolSelect()	Info	RoboSep_ProtocolSelect	New Protocol Select user control generated
20111201_113741.943	clt	RoboSep_RunSamples.Protocol_Selection()	Info	RoboSep_RunSamples	Opening protocol selection for quadrant 1
20111201_113741.975	clt	RoboSep_ProtocolSelect.RoboSep_ProtocolSelect()	Info	RoboSep_ProtocolSelect	New Protocol Select user control generated
20111201_113742.017	clt	RoboSep_RunSamples.Protocol_Selection()	Info	RoboSep_RunSamples	Opening protocol selection for quadrant 1
20111201_113743.688	clt	RoboSep_RunSamples.addToRun()	Debug	RoboSep_RunSamples	Adding protocol 'Human CD4+ T Cell Negative Selection 19052' to run at quadrant0
20111201_113743.766	clt	NumberPad.NumberPad()	Debug	NumberPad	Opening New Number Pad window
20111201_113744.808	clt	NumberPad.validateEntry()	Debug	NumberPad	Volume: 3.000
20111201_113744.845	clt	RoboSep_UserConsole.AtBatchDurationUpdate()	Info	RoboSep_UserConsole	Estimated run completion = 01:00
20111201_113745.002	clt	RoboSep_ProtocolSelect.SelectProtocol()	Info	RoboSep_ProtocolSelect	Adding protocol to current run
20111201_113745.008	clt	RoboSep_ProtocolSelect.button_Accept_Click()	Info	RoboSep_ProtocolSelect	Protocol Selected from User list
20111201_113745.360	clt	RoboSep_UserConsole.AtBatchDurationUpdate()	Info	RoboSep_UserConsole	Estimated run completion = 33:00
20111201_113745.798	clt	RoboSep_ProtocolSelect.RoboSep_ProtocolSelect()	Info	RoboSep_ProtocolSelect	New Protocol Select user control generated
20111201_113745.881	clt	RoboSep_RunSamples.Protocol_Selection()	Info	RoboSep_RunSamples	Opening protocol selection for quadrant 3
20111201_113745.916	clt	RoboSep_ProtocolSelect.RoboSep_ProtocolSelect()	Info	RoboSep_ProtocolSelect	New Protocol Select user control generated
20111201_113745.961	clt	RoboSep_RunSamples.Protocol_Selection()	Info	RoboSep_RunSamples	Opening protocol selection for quadrant 3
20111201_113749.613	clt	RoboSep_RunSamples.addToRun()	Debug	RoboSep_RunSamples	Adding protocol 'Human CD4+ T Cell Negative Selection 19052' to run at quadrant2
20111201_113749.678	clt	NumberPad.NumberPad()	Debug	NumberPad	Opening New Number Pad window
20111201_113750.407	clt	NumberPad.validateEntry()	Debug	NumberPad	Volume: 1.000
20111201_113750.425	clt	RoboSep_UserConsole.SetSampleVolume()	Info	RoboSep_UserConsole	Quad: 3 Sample Vol 0.001
20111201_113750.531	clt	RoboSep_ProtocolSelect.SelectProtocol()	Info	RoboSep_ProtocolSelect	Adding protocol to current run
20111201_113750.539	clt	RoboSep_ProtocolSelect.button_Accept_Click()	Info	RoboSep_ProtocolSelect	Protocol Selected from User list
20111201_113750.573	clt	RoboSep_UserConsole.AtBatchDurationUpdate()	Info	RoboSep_UserConsole	Estimated run completion = 36:00
20111201_113751.295	clt	RoboSep_ProtocolSelect.RoboSep_ProtocolSelect()	Info	RoboSep_ProtocolSelect	New Protocol Select user control generated
20111201_113751.386	clt	RoboSep_RunSamples.Protocol_Selection()	Info	RoboSep_RunSamples	Opening protocol selection for quadrant 4
20111201_113751.427	clt	RoboSep_ProtocolSelect.RoboSep_ProtocolSelect()	Info	RoboSep_ProtocolSelect	New Protocol Select user control generated
20111201_113751.470	clt	RoboSep_RunSamples.Protocol_Selection()	Info	RoboSep_RunSamples	Opening protocol selection for quadrant 4
20111201_113753.069	clt	RoboSep_RunSamples.addToRun()	Debug	RoboSep_RunSamples	Adding protocol 'Human CD4+ T Cell Negative Selection 19052' to run at quadrant3
20111201_113753.133	clt	NumberPad.NumberPad()	Debug	NumberPad	Opening New Number Pad window
20111201_113753.895	clt	NumberPad.validateEntry()	Debug	NumberPad	Volume: 1.000
20111201_113753.913	clt	RoboSep_UserConsole.SetSampleVolume()	Info	RoboSep_UserConsole	Quad: 4 Sample Vol 0.001
20111201_113753.914	clt	RoboSep_UserConsole.AtBatchDurationUpdate()	Info	RoboSep_UserConsole	Estimated run completion = 01:00
20111201_113754.000	clt	RoboSep_ProtocolSelect.SelectProtocol()	Info	RoboSep_ProtocolSelect	Adding protocol to current run
20111201_113754.009	clt	RoboSep_ProtocolSelect.button_Accept_Click()	Info	RoboSep_ProtocolSelect	Protocol Selected from User list
20111201_113754.036	clt	RoboSep_UserConsole.AtBatchDurationUpdate()	Info	RoboSep_UserConsole	Estimated run completion = 39:00
20111201_113754.840	clt	RoboSep_RunSamples.button_RunSamples_Click()	Info	RoboSep_RunSamples	Run Samples button clicked
20111201_113754.866	clt	ProgressBar.ResetProgress()	Debug	ProgressBar	Reset Progress on ProgressBar
20111201_113757.489	clt	ProgressBar.ResetProgress()	Debug	ProgressBar	Reset Progress on ProgressBar
20111201_113758.350	clt	RoboSep_RunSamples.button_RunSamples_Click()	Debug	RoboSep_RunSamples	Scheduling run
20111201_113758.361	clt	RoboSep_UserDB.GetProtocolsPath()	Debug	RoboSep_UserDB	output: C:\Program Files (x86)\STI\RoboSep\protocols\
20111201_113758.367	clt	RoboSep_UserDB.getProtocolCommandList()	Debug	RoboSep_UserDB	returned 12commands
20111201_113758.371	clt	RoboSep_RunSamples.button_RunSamples_Click()	Debug	RoboSep_RunSamples	protocol: Human CD4+ T Cell Negative Selection 19052.xml commands: 12
20111201_113758.403	clt	ProgressBar.ResetProgress()	Debug	ProgressBar	Reset Progress on ProgressBar
20111201_113758.435	clt	ProgressBar.ResetProgress()	Debug	ProgressBar	Reset Progress on ProgressBar
20111201_113758.465	clt	ProgressBar.ResetProgress()	Debug	ProgressBar	Reset Progress on ProgressBar
20111201_113758.656	clt	ProgressBar.ResetProgress()	Debug	ProgressBar	Reset Progress on ProgressBar
20111201_113758.686	clt	ProgressBar.ResetProgress()	Debug	ProgressBar	Reset Progress on ProgressBar
20111201_113758.839	clt	ProgressBar.ResetProgress()	Debug	ProgressBar	Reset Progress on ProgressBar
20111201_113758.850	clt	ProgressBar.setElements()	Debug	ProgressBar	ProgressBar set 1 steps
20111201_113758.857	clt	ProgressBar.ResetProgress()	Debug	ProgressBar	Reset Progress on ProgressBar
20111201_113758.883	clt	ProgressBar.setElements()	Debug	ProgressBar	ProgressBar set 12 steps
20111201_113758.890	clt	RoboSep_UserDB.GetProtocolsPath()	Debug	RoboSep_UserDB	output: C:\Program Files (x86)\STI\RoboSep\protocols\
20111201_113758.896	clt	RoboSep_UserDB.getProtocolCommandList()	Debug	RoboSep_UserDB	returned 12commands
20111201_113758.901	clt	RoboSep_RunSamples.button_RunSamples_Click()	Debug	RoboSep_RunSamples	protocol: Human CD4+ T Cell Negative Selection 19052.xml commands: 12
20111201_113758.908	clt	ProgressBar.ResetProgress()	Debug	ProgressBar	Reset Progress on ProgressBar
20111201_113758.934	clt	ProgressBar.setElements()	Debug	ProgressBar	ProgressBar set 12 steps
20111201_113758.941	clt	RoboSep_UserDB.GetProtocolsPath()	Debug	RoboSep_UserDB	output: C:\Program Files (x86)\STI\RoboSep\protocols\
20111201_113758.953	clt	RoboSep_UserDB.getProtocolCommandList()	Debug	RoboSep_UserDB	returned 12commands
20111201_113758.960	clt	RoboSep_RunSamples.button_RunSamples_Click()	Debug	RoboSep_RunSamples	protocol: Human CD4+ T Cell Negative Selection 19052.xml commands: 12
20111201_113758.966	clt	ProgressBar.ResetProgress()	Debug	ProgressBar	Reset Progress on ProgressBar
20111201_113758.992	clt	ProgressBar.setElements()	Debug	ProgressBar	ProgressBar set 12 steps
20111201_113759.061	clt	RoboSep_Resources.RoboSep_Resources()	Info	RoboSep_Resources	Generating Robosep Resources user control
20111201_113759.159	clt	RoboSep_Resources.grabQuadrantResources()	Debug	RoboSep_Resources	Displaying quadrant 0 resources
20111201_113759.180	clt	RoboSep_Resources.grabQuadrantResources()	Debug	RoboSep_Resources	Loading resources from sharing protocols
20111201_113759.723	clt	ProgressBar.ResetProgress()	Debug	ProgressBar	Reset Progress on ProgressBar
20111201_113800.618	clt	RoboSep_RunSamples.CheckHydraulicFluid()	General	RoboSep_RunSamples	Start Separation run
20111201_113800.780	clt	RoboSep_Resources.buttonRun_Click()	Debug	RoboSep_Resources	Run Protocols button clicked
20111201_113800.806	clt	RoboSep_RunProgress.Start()	Info	RoboSep_RunProgress	 **INITIALIZING RUN
20111201_113848.073	clt	RoboSep_UserConsole.AtBatchDurationUpdate()	Info	RoboSep_UserConsole	Estimated run completion = 40:00
20111201_113854.066	clt	RoboSep_RunProgress.CheckForStatusUpdate()	Info	RoboSep_RunProgress	Progress Update: Q = 2 Step = 1 ID = 2 CMD = Transport
20111201_113854.085	clt	ProgressBar.MoveToStep()	Debug	ProgressBar	Progress bar ProgressBar to step 1
20111201_113923.455	clt	RoboSep_RunProgress.CheckForStatusUpdate()	Info	RoboSep_RunProgress	Progress Update: Q = 2 Step = 2 ID = 2 CMD = Mix
20111201_113923.463	clt	QuadrantProgress.ProgressToNextStep()	Debug	QuadrantProgress	Progress to element:'1' from:'0' cmdGiven: 'Mix' elementCmdType: 'MixCommand'
20111201_113923.469	clt	ProgressBar.MoveToStep()	Debug	ProgressBar	Progress bar ProgressBar to step 2
20111201_114000.978	clt	RoboSep_RunProgress.CheckForStatusUpdate()	Info	RoboSep_RunProgress	Progress Update: Q = 2 Step = 3 ID = 2 CMD = Incubate
20111201_114000.994	clt	QuadrantProgress.ProgressToNextStep()	Debug	QuadrantProgress	Progress to element:'2' from:'1' cmdGiven: 'Incubate' elementCmdType: 'IncubateCommand'
20111201_114001.000	clt	ProgressBar.MoveToStep()	Debug	ProgressBar	Progress bar ProgressBar to step 3
20111201_114040.506	clt	RoboSep_RunProgress.CheckForStatusUpdate()	Info	RoboSep_RunProgress	Progress Update: Q = 0 Step = 1 ID = 1 CMD = Transport
20111201_114040.513	clt	ProgressBar.MoveToStep()	Debug	ProgressBar	Progress bar ProgressBar to step 1
20111201_114109.930	clt	RoboSep_RunProgress.CheckForStatusUpdate()	Info	RoboSep_RunProgress	Progress Update: Q = 0 Step = 2 ID = 1 CMD = Mix
20111201_114109.938	clt	QuadrantProgress.ProgressToNextStep()	Debug	QuadrantProgress	Progress to element:'1' from:'0' cmdGiven: 'Mix' elementCmdType: 'MixCommand'
20111201_114109.945	clt	ProgressBar.MoveToStep()	Debug	ProgressBar	Progress bar ProgressBar to step 2
20111201_114146.437	clt	RoboSep_RunProgress.CheckForStatusUpdate()	Info	RoboSep_RunProgress	Progress Update: Q = 0 Step = 3 ID = 1 CMD = Incubate
20111201_114146.446	clt	QuadrantProgress.ProgressToNextStep()	Debug	QuadrantProgress	Progress to element:'2' from:'1' cmdGiven: 'Incubate' elementCmdType: 'IncubateCommand'
20111201_114146.452	clt	ProgressBar.MoveToStep()	Debug	ProgressBar	Progress bar ProgressBar to step 3
20111201_114225.984	clt	RoboSep_RunProgress.CheckForStatusUpdate()	Info	RoboSep_RunProgress	Progress Update: Q = 3 Step = 1 ID = 3 CMD = Transport
20111201_114225.990	clt	ProgressBar.MoveToStep()	Debug	ProgressBar	Progress bar ProgressBar to step 1
20111201_114253.378	clt	RoboSep_RunProgress.CheckForStatusUpdate()	Info	RoboSep_RunProgress	Progress Update: Q = 3 Step = 2 ID = 3 CMD = Mix
20111201_114253.388	clt	QuadrantProgress.ProgressToNextStep()	Debug	QuadrantProgress	Progress to element:'1' from:'0' cmdGiven: 'Mix' elementCmdType: 'MixCommand'
20111201_114253.397	clt	ProgressBar.MoveToStep()	Debug	ProgressBar	Progress bar ProgressBar to step 2
20111201_114330.881	clt	RoboSep_RunProgress.CheckForStatusUpdate()	Info	RoboSep_RunProgress	Progress Update: Q = 3 Step = 3 ID = 3 CMD = Incubate
20111201_114330.890	clt	QuadrantProgress.ProgressToNextStep()	Debug	QuadrantProgress	Progress to element:'2' from:'1' cmdGiven: 'Incubate' elementCmdType: 'IncubateCommand'
20111201_114330.896	clt	ProgressBar.MoveToStep()	Debug	ProgressBar	Progress bar ProgressBar to step 3
20111201_115005.691	clt	RoboSep_RunProgress.CheckForStatusUpdate()	Info	RoboSep_RunProgress	Progress Update: Q = 2 Step = 4 ID = 2 CMD = Mix
20111201_115005.740	clt	QuadrantProgress.ProgressToNextStep()	Debug	QuadrantProgress	Progress to element:'3' from:'2' cmdGiven: 'Mix' elementCmdType: 'MixCommand'
20111201_115005.785	clt	ProgressBar.MoveToStep()	Debug	ProgressBar	Progress bar ProgressBar to step 4
20111201_115041.841	clt	RoboSep_RunProgress.CheckForStatusUpdate()	Info	RoboSep_RunProgress	Progress Update: Q = 2 Step = 5 ID = 2 CMD = Transport
20111201_115041.850	clt	QuadrantProgress.ProgressToNextStep()	Debug	QuadrantProgress	Progress to element:'4' from:'3' cmdGiven: 'Transport' elementCmdType: 'TransportCommand'
20111201_115041.856	clt	ProgressBar.MoveToStep()	Debug	ProgressBar	Progress bar ProgressBar to step 5
20111201_115111.268	clt	RoboSep_RunProgress.CheckForStatusUpdate()	Info	RoboSep_RunProgress	Progress Update: Q = 2 Step = 6 ID = 2 CMD = Mix
20111201_115111.279	clt	QuadrantProgress.ProgressToNextStep()	Debug	QuadrantProgress	Progress to element:'5' from:'4' cmdGiven: 'Mix' elementCmdType: 'MixCommand'
20111201_115111.285	clt	ProgressBar.MoveToStep()	Debug	ProgressBar	Progress bar ProgressBar to step 6
20111201_115148.764	clt	RoboSep_RunProgress.CheckForStatusUpdate()	Info	RoboSep_RunProgress	Progress Update: Q = 0 Step = 4 ID = 1 CMD = Mix
20111201_115148.773	clt	QuadrantProgress.ProgressToNextStep()	Debug	QuadrantProgress	Progress to element:'3' from:'2' cmdGiven: 'Mix' elementCmdType: 'MixCommand'
20111201_115148.780	clt	ProgressBar.MoveToStep()	Debug	ProgressBar	Progress bar ProgressBar to step 4
20111201_115226.285	clt	RoboSep_RunProgress.CheckForStatusUpdate()	Info	RoboSep_RunProgress	Progress Update: Q = 0 Step = 5 ID = 1 CMD = Transport
20111201_115226.295	clt	QuadrantProgress.ProgressToNextStep()	Debug	QuadrantProgress	Progress to element:'4' from:'3' cmdGiven: 'Transport' elementCmdType: 'TransportCommand'
20111201_115226.301	clt	ProgressBar.MoveToStep()	Debug	ProgressBar	Progress bar ProgressBar to step 5
20111201_115254.700	clt	RoboSep_RunProgress.CheckForStatusUpdate()	Info	RoboSep_RunProgress	Progress Update: Q = 0 Step = 6 ID = 1 CMD = Mix
20111201_115254.711	clt	QuadrantProgress.ProgressToNextStep()	Debug	QuadrantProgress	Progress to element:'5' from:'4' cmdGiven: 'Mix' elementCmdType: 'MixCommand'
20111201_115254.725	clt	ProgressBar.MoveToStep()	Debug	ProgressBar	Progress bar ProgressBar to step 6
20111201_115334.132	clt	RoboSep_RunProgress.CheckForStatusUpdate()	Info	RoboSep_RunProgress	Progress Update: Q = 0 Step = -3 ID = -1 CMD = Flush
20111201_115334.289	clt	QuadrantProgress.ProgressToNextStep()	Debug	QuadrantProgress	Progress to element: '5' cmdGiven: 'Flush' cmdExecuted: 'NONE'
20111201_115445.967	clt	RoboSep_RunProgress.CheckForStatusUpdate()	Info	RoboSep_RunProgress	Progress Update: Q = 0 Step = 4 ID = 3 CMD = Mix
20111201_115446.004	clt	QuadrantProgress.ProgressToNextStep()	Debug	QuadrantProgress	Progress to element:'3' from:'2' cmdGiven: 'Mix' elementCmdType: 'MixCommand'
20111201_115446.019	clt	ProgressBar.MoveToStep()	Debug	ProgressBar	Progress bar ProgressBar to step 4
20111201_115447.661	clt	RoboSep_RunProgress.CheckForStatusUpdate()	Info	RoboSep_RunProgress	Progress Update: Q = 3 Step = 5 ID = 3 CMD = Transport
20111201_115447.670	clt	QuadrantProgress.ProgressToNextStep()	Debug	QuadrantProgress	Progress to element:'4' from:'3' cmdGiven: 'Transport' elementCmdType: 'TransportCommand'
20111201_115447.678	clt	ProgressBar.MoveToStep()	Debug	ProgressBar	Progress bar ProgressBar to step 5
20111201_115517.677	clt	RoboSep_RunProgress.CheckForStatusUpdate()	Info	RoboSep_RunProgress	Progress Update: Q = 3 Step = 6 ID = 3 CMD = Mix
20111201_115517.687	clt	QuadrantProgress.ProgressToNextStep()	Debug	QuadrantProgress	Progress to element:'5' from:'4' cmdGiven: 'Mix' elementCmdType: 'MixCommand'
20111201_115517.708	clt	ProgressBar.MoveToStep()	Debug	ProgressBar	Progress bar ProgressBar to step 6
20111201_115555.195	clt	RoboSep_RunProgress.CheckForStatusUpdate()	Info	RoboSep_RunProgress	Progress Update: Q = 3 Step = 7 ID = 3 CMD = Incubate
20111201_115618.435	clt	QuadrantProgress.ProgressToNextStep()	Debug	QuadrantProgress	Progress to element:'6' from:'5' cmdGiven: 'Incubate' elementCmdType: 'IncubateCommand'
20111201_115618.443	clt	ProgressBar.MoveToStep()	Debug	ProgressBar	Progress bar ProgressBar to step 7
