RoboSep UI Log File
Created: 20111208_123032.237

20111208_123032.240	clt	RoboSep_UserConsole.RoboSep_UserConsole()	General	RoboSep_UserConsole	Initializing User Console
20111208_123032.289	clt	Form_Home.Form_Home()	Info	Form_Home	Creating new Form_Home
20111208_123034.279	clt	RoboSep_UserConsole.grabSystemOptions()	Info	RoboSep_UserConsole	Get Sys Options: Lid Sensor = TrueLiquid Sensor = True
20111208_123034.309	clt	RoboSep_UserConsole.RoboSep_UserConsole_Load()	Info	RoboSep_UserConsole	Loading User Console
20111208_123034.331	clt	RoboSep_Splash.RoboSep_Splash()	Info	RoboSep_Splash	Initializing Splash Page
20111208_123034.411	clt	RoboSep_UserConsole.RoboSep_UserConsole_Load()	General	RoboSep_UserConsole	Starting GUI Thread
20111208_123034.422	clt	RoboSep_UserConsole.AttemptSeparatorConnection()	Info	RoboSep_UserConsole	Connecting...
20111208_123035.344	clt	RoboSep_UserDB.Robosep_UserDB()()	Debug	RoboSep_UserDB	Initializing UserDB
20111208_123035.482	clt	RoboSep_UserDB.GetProtocolsPath()	Debug	RoboSep_UserDB	output: C:\Program Files (x86)\STI\RoboSep\protocols\
20111208_123036.222	clt	RoboSep_UserDB.LoadAllProtocols()	Debug	RoboSep_UserDB	160protocols loaded
20111208_123036.227	clt	RoboSep_UserDB.XML_SaveUserConfig()	Info	RoboSep_UserDB	set user.db file to : User1.udb
20111208_123036.655	clt	RoboSep_UserDB.GetProtocolsPath()	Debug	RoboSep_UserDB	output: C:\Program Files (x86)\STI\RoboSep\protocols\
20111208_123036.684	clt	RoboSep_UserDB.XML_LoadRoboSepUserObject()	Debug	RoboSep_UserDB	Loaded Robosep User
20111208_123036.971	clt	RoboSep_UserConsole.AtReportInstrumentInformation()	Info	RoboSep_UserConsole	Get system information for About menu
20111208_123036.983	clt	RoboSep_UserConsole.AtBatchDurationUpdate()	Info	RoboSep_UserConsole	Estimated run completion = 01:00
20111208_123106.351	clt	RoboSep_UserConsole.ProgressSplash()	Info	RoboSep_UserConsole	Stopping Splash page
20111208_123106.413	clt	RoboSep_About.RoboSep_About()	Info	RoboSep_About	Initializing About user control
20111208_123106.523	clt	RoboSep_RunSamples.RoboSep_RunSamples()	Info	RoboSep_RunSamples	Initializing Run Samples user control
20111208_123106.619	clt	RoboSep_Splash.close()	Info	RoboSep_Splash	Closing Splash Page
20111208_123117.520	clt	RoboSep_ProtocolSelect.RoboSep_ProtocolSelect()	Info	RoboSep_ProtocolSelect	New Protocol Select user control generated
20111208_123117.625	clt	RoboSep_RunSamples.Protocol_Selection()	Info	RoboSep_RunSamples	Opening protocol selection for quadrant 1
20111208_123117.655	clt	RoboSep_ProtocolSelect.RoboSep_ProtocolSelect()	Info	RoboSep_ProtocolSelect	New Protocol Select user control generated
20111208_123117.696	clt	RoboSep_RunSamples.Protocol_Selection()	Info	RoboSep_RunSamples	Opening protocol selection for quadrant 1
20111208_123119.107	clt	RoboSep_ProtocolSelect.button_SelectionMode_Click()	Info	RoboSep_ProtocolSelect	Change Protocol selection mode toAll Protocols
20111208_123122.910	clt	ProgressBar.ResetProgress()	Debug	ProgressBar	Reset Progress on ProgressBar
20111208_123122.984	clt	RoboSep_UserDB.XML_SaveUserConfig()	Info	RoboSep_UserDB	set user.db file to : User1.udb
20111208_123122.998	clt	RoboSep_UserDB.XML_SaveUserProfile()	Debug	RoboSep_UserDB	Saved User Profile Jason with 7protocols
20111208_123123.052	clt	RoboSep_ProtocolSelect.button_Accept_Click()	Info	RoboSep_ProtocolSelect	Protocol Selected from All Protocols list
20111208_123123.097	clt	RoboSep_UserConsole.AtReportInstrumentInformation()	Info	RoboSep_UserConsole	Get system information for About menu
20111208_123123.105	clt	RoboSep_UserConsole.AtBatchDurationUpdate()	Info	RoboSep_UserConsole	Estimated run completion = 01:00
20111208_123124.351	clt	RoboSep_UserDB.loadUserProtocols()	Debug	RoboSep_UserDB	Loaded 4 protocol from User Jason
20111208_123124.457	clt	RoboSep_UserDB.loadUserProtocols()	Debug	RoboSep_UserDB	Loaded 4 protocol from User Jason
20111208_123124.494	clt	RoboSep_UserConsole.AtReportInstrumentInformation()	Info	RoboSep_UserConsole	Get system information for About menu
20111208_123124.500	clt	RoboSep_UserConsole.AtBatchDurationUpdate()	Info	RoboSep_UserConsole	Estimated run completion = 01:00
20111208_123124.587	clt	RoboSep_UserDB.loadUserProtocols()	Debug	RoboSep_UserDB	Loaded 4 protocol from User Jason
20111208_123124.621	clt	RoboSep_UserConsole.AtReportInstrumentInformation()	Info	RoboSep_UserConsole	Get system information for About menu
20111208_123124.629	clt	RoboSep_UserConsole.AtBatchDurationUpdate()	Info	RoboSep_UserConsole	Estimated run completion = 01:00
20111208_123125.008	clt	RoboSep_RunSamples.addToRun()	Debug	RoboSep_RunSamples	Adding protocol 'Human CD20 WB Positive Selection 18685-high purity' to run at quadrant0
20111208_123125.106	clt	NumberPad.NumberPad()	Debug	NumberPad	Opening New Number Pad window
20111208_123126.625	clt	NumberPad.button_cancel_Click()	Info	NumberPad	Cancel button click
20111208_123126.695	clt	RoboSep_ProtocolSelect.SelectProtocol()	Info	RoboSep_ProtocolSelect	Adding protocol to current run
20111208_123130.283	clt	RoboSep_ProtocolSelect.RoboSep_ProtocolSelect()	Info	RoboSep_ProtocolSelect	New Protocol Select user control generated
20111208_123130.349	clt	RoboSep_RunSamples.Protocol_Selection()	Info	RoboSep_RunSamples	Opening protocol selection for quadrant 3
20111208_123130.387	clt	RoboSep_ProtocolSelect.RoboSep_ProtocolSelect()	Info	RoboSep_ProtocolSelect	New Protocol Select user control generated
20111208_123130.429	clt	RoboSep_RunSamples.Protocol_Selection()	Info	RoboSep_RunSamples	Opening protocol selection for quadrant 3
20111208_123132.001	clt	RoboSep_ProtocolSelect.button_SelectionMode_Click()	Info	RoboSep_ProtocolSelect	Change Protocol selection mode toAll Protocols
20111208_123134.423	clt	ProgressBar.ResetProgress()	Debug	ProgressBar	Reset Progress on ProgressBar
20111208_123134.481	clt	RoboSep_UserDB.XML_SaveUserConfig()	Info	RoboSep_UserDB	set user.db file to : User1.udb
20111208_123134.744	clt	RoboSep_UserDB.XML_SaveUserProfile()	Debug	RoboSep_UserDB	Saved User Profile Jason with 8protocols
20111208_123134.801	clt	RoboSep_ProtocolSelect.button_Accept_Click()	Info	RoboSep_ProtocolSelect	Protocol Selected from All Protocols list
20111208_123134.847	clt	RoboSep_UserConsole.AtReportInstrumentInformation()	Info	RoboSep_UserConsole	Get system information for About menu
20111208_123134.854	clt	RoboSep_UserConsole.AtBatchDurationUpdate()	Info	RoboSep_UserConsole	Estimated run completion = 01:00
20111208_123136.173	clt	RoboSep_UserDB.loadUserProtocols()	Debug	RoboSep_UserDB	Loaded 4 protocol from User Jason
20111208_123136.281	clt	RoboSep_UserDB.loadUserProtocols()	Debug	RoboSep_UserDB	Loaded 4 protocol from User Jason
20111208_123136.321	clt	RoboSep_UserConsole.AtReportInstrumentInformation()	Info	RoboSep_UserConsole	Get system information for About menu
20111208_123136.329	clt	RoboSep_UserConsole.AtBatchDurationUpdate()	Info	RoboSep_UserConsole	Estimated run completion = 01:00
20111208_123136.392	clt	RoboSep_UserDB.loadUserProtocols()	Debug	RoboSep_UserDB	Loaded 4 protocol from User Jason
20111208_123136.432	clt	RoboSep_UserConsole.AtReportInstrumentInformation()	Info	RoboSep_UserConsole	Get system information for About menu
20111208_123136.441	clt	RoboSep_UserConsole.AtBatchDurationUpdate()	Info	RoboSep_UserConsole	Estimated run completion = 01:00
20111208_123136.607	clt	RoboSep_RunSamples.addToRun()	Debug	RoboSep_RunSamples	Adding protocol 'Human Basophil Negative Selection 19069-high purity' to run at quadrant2
20111208_123136.687	clt	NumberPad.NumberPad()	Debug	NumberPad	Opening New Number Pad window
20111208_123138.600	clt	NumberPad.button_cancel_Click()	Info	NumberPad	Cancel button click
20111208_123138.665	clt	RoboSep_ProtocolSelect.SelectProtocol()	Info	RoboSep_ProtocolSelect	Adding protocol to current run
20111208_123140.580	clt	RoboSep_RunSamples.btn_home_Click()	Info	RoboSep_RunSamples	Home button clicked
20111208_123141.450	clt	RoboSep_Protocols.LoadUsers()	Info	RoboSep_Protocols	Reloading Auto Complete for User Textbox
20111208_123141.458	clt	RoboSep_Protocols.RoboSep_Protocols()	Info	RoboSep_Protocols	Initializing Protocols user control
20111208_123141.565	clt	Form_Home.hex_protocols_Click()	Info	Form_Home	Protocols button clicked
20111208_123144.431	clt	RoboSep_UserProtocolList.RoboSep_UserProtocolList()	Info	RoboSep_UserProtocolList	Generating New UserProtocol user control
20111208_123144.486	clt	RoboSep_ProtocolList.RoboSep_ProtocolList()	Info	RoboSep_ProtocolList	Initializing Protocol List user control
20111208_123144.492	clt	RoboSep_ProtocolList.resetForm()	Info	RoboSep_ProtocolList	
20111208_123144.498	clt	RoboSep_UserProtocolList.resetForm()	Info	RoboSep_UserProtocolList	Reset user protocol list
20111208_123144.505	clt	RoboSep_UserDB.loadUserProtocols()	Debug	RoboSep_UserDB	Loaded 4 protocol from User Jason
20111208_123144.511	clt	RoboSep_UserProtocolList.addProtocols()	Info	RoboSep_UserProtocolList	Adding protocol Any Species APC Positive Selection 18453-high purity to user list
20111208_123144.516	clt	RoboSep_UserProtocolList.addProtocols()	Info	RoboSep_UserProtocolList	Adding protocol Human CD4+ T Cell Negative Selection 19052 to user list
20111208_123144.521	clt	RoboSep_UserProtocolList.addProtocols()	Info	RoboSep_UserProtocolList	Adding protocol Human T Cell Negative Selection 19051 to user list
20111208_123144.527	clt	RoboSep_UserProtocolList.addProtocols()	Info	RoboSep_UserProtocolList	Adding protocol Human CD4+ T Cell Pre-Enrichment for Regulatory T Cells 18062-small volume to user list
20111208_123144.636	clt	RoboSep_Protocols.button_EditList_Click()	Info	RoboSep_Protocols	Edit list button clicked
20111208_123145.712	clt	RoboSep_UserDB.saveUserProtocols()	Info	RoboSep_UserDB	saving 4protocols to user Jason
20111208_123145.736	clt	RoboSep_UserDB.XML_SaveUserConfig()	Info	RoboSep_UserDB	set user.db file to : User1.udb
20111208_123145.746	clt	RoboSep_UserDB.XML_SaveUserProfile()	Debug	RoboSep_UserDB	Saved User Profile Jason with 4protocols
20111208_123145.752	clt	RoboSep_UserDB.GetProtocolsPath()	Debug	RoboSep_UserDB	output: C:\Program Files (x86)\STI\RoboSep\protocols\
20111208_123145.760	clt	RoboSep_UserDB.XML_LoadRoboSepUserObject()	Debug	RoboSep_UserDB	Loaded Robosep User
20111208_123145.850	clt	RoboSep_Protocols.LoadUsers()	Info	RoboSep_Protocols	Reloading Auto Complete for User Textbox
20111208_123146.056	clt	RoboSep_ProtocolList.button_SaveList_Click()	Info	RoboSep_ProtocolList	Save Protocol List
20111208_123146.487	clt	ProgressBar.ResetProgress()	Debug	ProgressBar	Reset Progress on ProgressBar
20111208_123146.526	clt	ProgressBar.ResetProgress()	Debug	ProgressBar	Reset Progress on ProgressBar
20111208_123146.535	clt	ProgressBar.setElements()	Debug	ProgressBar	ProgressBar set 1 steps
20111208_123146.556	clt	RoboSep_Protocols.LoadUserToServer()	Info	RoboSep_Protocols	Saving user profile
20111208_123146.562	clt	RoboSep_UserDB.loadUserProtocols()	Debug	RoboSep_UserDB	Loaded 4 protocol from User Jason
20111208_123146.783	clt	RoboSep_UserDB.XML_SaveUserConfig()	Info	RoboSep_UserDB	set user.db file to : User1.udb
20111208_123146.794	clt	RoboSep_UserDB.XML_SaveUserProfile()	Debug	RoboSep_UserDB	Saved User Profile Jason with 4protocols
20111208_123146.853	clt	RoboSep_UserConsole.AtReportInstrumentInformation()	Info	RoboSep_UserConsole	Get system information for About menu
20111208_123146.862	clt	RoboSep_UserConsole.AtBatchDurationUpdate()	Info	RoboSep_UserConsole	Estimated run completion = 01:00
20111208_123147.421	clt	RoboSep_UserDB.loadUserProtocols()	Debug	RoboSep_UserDB	Loaded 4 protocol from User Jason
20111208_123147.527	clt	RoboSep_Protocols.LoadUserToServer()	Info	RoboSep_Protocols	Saving user profile
20111208_123147.533	clt	RoboSep_UserDB.loadUserProtocols()	Debug	RoboSep_UserDB	Loaded 4 protocol from User Jason
20111208_123147.539	clt	RoboSep_UserDB.XML_SaveUserConfig()	Info	RoboSep_UserDB	set user.db file to : User1.udb
20111208_123147.550	clt	RoboSep_UserDB.XML_SaveUserProfile()	Debug	RoboSep_UserDB	Saved User Profile Jason with 4protocols
20111208_123147.566	clt	RoboSep_UserDB.loadUserProtocols()	Debug	RoboSep_UserDB	Loaded 4 protocol from User Jason
20111208_123147.592	clt	RoboSep_UserConsole.AtReportInstrumentInformation()	Info	RoboSep_UserConsole	Get system information for About menu
20111208_123147.600	clt	RoboSep_UserConsole.AtBatchDurationUpdate()	Info	RoboSep_UserConsole	Estimated run completion = 01:00
20111208_123147.701	clt	RoboSep_Protocols.btn_home_Click()	Info	RoboSep_Protocols	Home button clicked
20111208_123149.155	clt	Form_Home.hex_sampling_Click()	Info	Form_Home	Run Sample button clicked
20111208_123149.735	clt	RoboSep_ProtocolSelect.RoboSep_ProtocolSelect()	Info	RoboSep_ProtocolSelect	New Protocol Select user control generated
20111208_123149.801	clt	RoboSep_RunSamples.Protocol_Selection()	Info	RoboSep_RunSamples	Opening protocol selection for quadrant 2
20111208_123149.833	clt	RoboSep_ProtocolSelect.RoboSep_ProtocolSelect()	Info	RoboSep_ProtocolSelect	New Protocol Select user control generated
20111208_123149.874	clt	RoboSep_RunSamples.Protocol_Selection()	Info	RoboSep_RunSamples	Opening protocol selection for quadrant 2
20111208_123152.964	clt	RoboSep_ProtocolSelect.button_SelectionMode_Click()	Info	RoboSep_ProtocolSelect	Change Protocol selection mode toAll Protocols
20111208_123155.534	clt	ProgressBar.ResetProgress()	Debug	ProgressBar	Reset Progress on ProgressBar
20111208_123155.590	clt	RoboSep_UserDB.XML_SaveUserConfig()	Info	RoboSep_UserDB	set user.db file to : User1.udb
20111208_123156.143	clt	RoboSep_UserDB.XML_SaveUserProfile()	Debug	RoboSep_UserDB	Saved User Profile Jason with 5protocols
20111208_123156.199	clt	RoboSep_ProtocolSelect.button_Accept_Click()	Info	RoboSep_ProtocolSelect	Protocol Selected from All Protocols list
20111208_123156.237	clt	RoboSep_UserConsole.AtReportInstrumentInformation()	Info	RoboSep_UserConsole	Get system information for About menu
20111208_123156.246	clt	RoboSep_UserConsole.AtBatchDurationUpdate()	Info	RoboSep_UserConsole	Estimated run completion = 01:00
20111208_123157.185	clt	RoboSep_UserDB.loadUserProtocols()	Debug	RoboSep_UserDB	Loaded 4 protocol from User Jason
20111208_123227.449	clt	RoboSep_ProtocolSelect.button_Cancel1_Click()	Info	RoboSep_ProtocolSelect	Protocol Selection cancel clicked
20111208_123242.167	clt	RoboSep_ProtocolSelect.RoboSep_ProtocolSelect()	Info	RoboSep_ProtocolSelect	New Protocol Select user control generated
20111208_123246.814	clt	RoboSep_RunSamples.Protocol_Selection()	Info	RoboSep_RunSamples	Opening protocol selection for quadrant 2
20111208_123246.847	clt	RoboSep_ProtocolSelect.RoboSep_ProtocolSelect()	Info	RoboSep_ProtocolSelect	New Protocol Select user control generated
20111208_123246.896	clt	RoboSep_RunSamples.Protocol_Selection()	Info	RoboSep_RunSamples	Opening protocol selection for quadrant 2
20111208_123248.449	clt	RoboSep_ProtocolSelect.button_SelectionMode_Click()	Info	RoboSep_ProtocolSelect	Change Protocol selection mode toAll Protocols
20111208_123249.739	clt	ProgressBar.ResetProgress()	Debug	ProgressBar	Reset Progress on ProgressBar
20111208_123249.795	clt	RoboSep_UserDB.XML_SaveUserConfig()	Info	RoboSep_UserDB	set user.db file to : User1.udb
20111208_123249.806	clt	RoboSep_UserDB.XML_SaveUserProfile()	Debug	RoboSep_UserDB	Saved User Profile Jason with 5protocols
20111208_123249.862	clt	RoboSep_ProtocolSelect.button_Accept_Click()	Info	RoboSep_ProtocolSelect	Protocol Selected from All Protocols list
20111208_123249.904	clt	RoboSep_UserConsole.AtReportInstrumentInformation()	Info	RoboSep_UserConsole	Get system information for About menu
20111208_123249.916	clt	RoboSep_UserConsole.AtBatchDurationUpdate()	Info	RoboSep_UserConsole	Estimated run completion = 01:00
20111208_123250.785	clt	RoboSep_UserDB.loadUserProtocols()	Debug	RoboSep_UserDB	Loaded 4 protocol from User Jason
20111208_123250.895	clt	RoboSep_UserDB.loadUserProtocols()	Debug	RoboSep_UserDB	Loaded 4 protocol from User Jason
20111208_123250.929	clt	RoboSep_UserConsole.AtReportInstrumentInformation()	Info	RoboSep_UserConsole	Get system information for About menu
20111208_123250.939	clt	RoboSep_UserConsole.AtBatchDurationUpdate()	Info	RoboSep_UserConsole	Estimated run completion = 01:00
20111208_123251.004	clt	RoboSep_UserDB.loadUserProtocols()	Debug	RoboSep_UserDB	Loaded 4 protocol from User Jason
20111208_123251.037	clt	RoboSep_UserConsole.AtReportInstrumentInformation()	Info	RoboSep_UserConsole	Get system information for About menu
20111208_123251.045	clt	RoboSep_UserConsole.AtBatchDurationUpdate()	Info	RoboSep_UserConsole	Estimated run completion = 01:00
20111208_123251.218	clt	RoboSep_RunSamples.addToRun()	Debug	RoboSep_RunSamples	Adding protocol 'Human B Cell Negative Selection 19054HLA' to run at quadrant1
20111208_123251.285	clt	NumberPad.NumberPad()	Debug	NumberPad	Opening New Number Pad window
20111208_123252.475	clt	NumberPad.button_cancel_Click()	Info	NumberPad	Cancel button click
20111208_123252.543	clt	RoboSep_ProtocolSelect.SelectProtocol()	Info	RoboSep_ProtocolSelect	Adding protocol to current run
20111208_123253.697	clt	RoboSep_RunSamples.btn_home_Click()	Info	RoboSep_RunSamples	Home button clicked
20111208_123254.616	clt	Form_Home.hex_protocols_Click()	Info	Form_Home	Protocols button clicked
20111208_123255.868	clt	RoboSep_Protocols.dropDownMenu_Click()	Info	RoboSep_Protocols	Selecting User from Dropdown
20111208_123255.895	clt	Form_UserSelect.Form_UserSelect()	Info	Form_UserSelect	Creating new User Select window
20111208_123256.787	clt	Form_UserSelect.listView_users_Click()	Info	Form_UserSelect	User Julie Selected
20111208_123257.530	clt	ProgressBar.ResetProgress()	Debug	ProgressBar	Reset Progress on ProgressBar
20111208_123257.569	clt	ProgressBar.ResetProgress()	Debug	ProgressBar	Reset Progress on ProgressBar
20111208_123257.578	clt	ProgressBar.setElements()	Debug	ProgressBar	ProgressBar set 1 steps
20111208_123257.597	clt	RoboSep_Protocols.LoadUserToServer()	Info	RoboSep_Protocols	Saving user profile
20111208_123257.604	clt	RoboSep_UserDB.loadUserProtocols()	Debug	RoboSep_UserDB	Loaded 4 protocol from User Julie
20111208_123257.610	clt	RoboSep_UserDB.XML_SaveUserConfig()	Info	RoboSep_UserDB	set user.db file to : User1.udb
20111208_123257.624	clt	RoboSep_UserDB.XML_SaveUserProfile()	Debug	RoboSep_UserDB	Saved User Profile Julie with 4protocols
20111208_123257.674	clt	RoboSep_UserConsole.AtReportInstrumentInformation()	Info	RoboSep_UserConsole	Get system information for About menu
20111208_123257.684	clt	RoboSep_UserConsole.AtBatchDurationUpdate()	Info	RoboSep_UserConsole	Estimated run completion = 01:00
20111208_123258.359	clt	RoboSep_UserDB.loadUserProtocols()	Debug	RoboSep_UserDB	Loaded 4 protocol from User Julie
20111208_123258.553	clt	RoboSep_Protocols.LoadUserToServer()	Info	RoboSep_Protocols	Saving user profile
20111208_123258.561	clt	RoboSep_UserDB.loadUserProtocols()	Debug	RoboSep_UserDB	Loaded 4 protocol from User Julie
20111208_123258.567	clt	RoboSep_UserDB.XML_SaveUserConfig()	Info	RoboSep_UserDB	set user.db file to : User1.udb
20111208_123258.578	clt	RoboSep_UserDB.XML_SaveUserProfile()	Debug	RoboSep_UserDB	Saved User Profile Julie with 4protocols
20111208_123258.601	clt	RoboSep_UserDB.loadUserProtocols()	Debug	RoboSep_UserDB	Loaded 4 protocol from User Julie
20111208_123258.623	clt	RoboSep_UserConsole.AtReportInstrumentInformation()	Info	RoboSep_UserConsole	Get system information for About menu
20111208_123258.632	clt	RoboSep_UserConsole.AtBatchDurationUpdate()	Info	RoboSep_UserConsole	Estimated run completion = 01:00
20111208_123258.741	clt	RoboSep_Protocols.btn_home_Click()	Info	RoboSep_Protocols	Home button clicked
20111208_123259.847	clt	Form_Home.hex_sampling_Click()	Info	Form_Home	Run Sample button clicked
20111208_123300.699	clt	RoboSep_ProtocolSelect.RoboSep_ProtocolSelect()	Info	RoboSep_ProtocolSelect	New Protocol Select user control generated
20111208_123300.783	clt	RoboSep_RunSamples.Protocol_Selection()	Info	RoboSep_RunSamples	Opening protocol selection for quadrant 1
20111208_123300.865	clt	RoboSep_ProtocolSelect.RoboSep_ProtocolSelect()	Info	RoboSep_ProtocolSelect	New Protocol Select user control generated
20111208_123300.906	clt	RoboSep_RunSamples.Protocol_Selection()	Info	RoboSep_RunSamples	Opening protocol selection for quadrant 1
20111208_123302.512	clt	RoboSep_ProtocolSelect.button_SelectionMode_Click()	Info	RoboSep_ProtocolSelect	Change Protocol selection mode toAll Protocols
20111208_123303.898	clt	ProgressBar.ResetProgress()	Debug	ProgressBar	Reset Progress on ProgressBar
20111208_123303.954	clt	RoboSep_UserDB.XML_SaveUserConfig()	Info	RoboSep_UserDB	set user.db file to : User1.udb
20111208_123303.966	clt	RoboSep_UserDB.XML_SaveUserProfile()	Debug	RoboSep_UserDB	Saved User Profile Julie with 5protocols
20111208_123304.022	clt	RoboSep_ProtocolSelect.button_Accept_Click()	Info	RoboSep_ProtocolSelect	Protocol Selected from All Protocols list
20111208_123304.067	clt	RoboSep_UserConsole.AtReportInstrumentInformation()	Info	RoboSep_UserConsole	Get system information for About menu
20111208_123304.076	clt	RoboSep_UserConsole.AtBatchDurationUpdate()	Info	RoboSep_UserConsole	Estimated run completion = 01:00
20111208_123304.825	clt	RoboSep_UserDB.loadUserProtocols()	Debug	RoboSep_UserDB	Loaded 4 protocol from User Julie
20111208_123317.029	clt	RoboSep_ProtocolSelect.button_Cancel1_Click()	Info	RoboSep_ProtocolSelect	Protocol Selection cancel clicked
20111208_123319.243	clt	RoboSep_ProtocolSelect.RoboSep_ProtocolSelect()	Info	RoboSep_ProtocolSelect	New Protocol Select user control generated
20111208_123319.321	clt	RoboSep_RunSamples.Protocol_Selection()	Info	RoboSep_RunSamples	Opening protocol selection for quadrant 2
20111208_123319.357	clt	RoboSep_ProtocolSelect.RoboSep_ProtocolSelect()	Info	RoboSep_ProtocolSelect	New Protocol Select user control generated
20111208_123319.400	clt	RoboSep_RunSamples.Protocol_Selection()	Info	RoboSep_RunSamples	Opening protocol selection for quadrant 2
20111208_123320.703	clt	RoboSep_ProtocolSelect.button_SelectionMode_Click()	Info	RoboSep_ProtocolSelect	Change Protocol selection mode toAll Protocols
20111208_123324.625	clt	ProgressBar.ResetProgress()	Debug	ProgressBar	Reset Progress on ProgressBar
20111208_123324.683	clt	RoboSep_UserDB.XML_SaveUserConfig()	Info	RoboSep_UserDB	set user.db file to : User1.udb
20111208_123324.695	clt	RoboSep_UserDB.XML_SaveUserProfile()	Debug	RoboSep_UserDB	Saved User Profile Julie with 5protocols
20111208_123324.751	clt	RoboSep_ProtocolSelect.button_Accept_Click()	Info	RoboSep_ProtocolSelect	Protocol Selected from All Protocols list
20111208_123324.796	clt	RoboSep_UserConsole.AtReportInstrumentInformation()	Info	RoboSep_UserConsole	Get system information for About menu
20111208_123324.805	clt	RoboSep_UserConsole.AtBatchDurationUpdate()	Info	RoboSep_UserConsole	Estimated run completion = 01:00
20111208_123325.680	clt	RoboSep_UserDB.loadUserProtocols()	Debug	RoboSep_UserDB	Loaded 4 protocol from User Julie
20111208_123325.789	clt	RoboSep_UserDB.loadUserProtocols()	Debug	RoboSep_UserDB	Loaded 4 protocol from User Julie
20111208_123325.822	clt	RoboSep_UserConsole.AtReportInstrumentInformation()	Info	RoboSep_UserConsole	Get system information for About menu
20111208_123325.831	clt	RoboSep_UserConsole.AtBatchDurationUpdate()	Info	RoboSep_UserConsole	Estimated run completion = 01:00
20111208_123325.898	clt	RoboSep_UserDB.loadUserProtocols()	Debug	RoboSep_UserDB	Loaded 4 protocol from User Julie
20111208_123325.932	clt	RoboSep_UserConsole.AtReportInstrumentInformation()	Info	RoboSep_UserConsole	Get system information for About menu
20111208_123325.940	clt	RoboSep_UserConsole.AtBatchDurationUpdate()	Info	RoboSep_UserConsole	Estimated run completion = 01:00
20111208_123326.113	clt	RoboSep_RunSamples.addToRun()	Debug	RoboSep_RunSamples	Adding protocol 'Human CD15 WB Positive Selection 18681-high purity' to run at quadrant1
20111208_123326.182	clt	NumberPad.NumberPad()	Debug	NumberPad	Opening New Number Pad window
20111208_123327.337	clt	NumberPad.button_cancel_Click()	Info	NumberPad	Cancel button click
20111208_123327.407	clt	RoboSep_ProtocolSelect.SelectProtocol()	Info	RoboSep_ProtocolSelect	Adding protocol to current run
20111208_123328.654	clt	RoboSep_RunSamples.btn_home_Click()	Info	RoboSep_RunSamples	Home button clicked
20111208_123334.733	clt	Form_Home.hex_protocols_Click()	Info	Form_Home	Protocols button clicked
20111208_123335.800	clt	RoboSep_ProtocolList.resetForm()	Info	RoboSep_ProtocolList	
20111208_123335.807	clt	RoboSep_UserProtocolList.resetForm()	Info	RoboSep_UserProtocolList	Reset user protocol list
20111208_123335.815	clt	RoboSep_UserDB.loadUserProtocols()	Debug	RoboSep_UserDB	Loaded 4 protocol from User Julie
20111208_123335.820	clt	RoboSep_UserProtocolList.addProtocols()	Info	RoboSep_UserProtocolList	Adding protocol Any Species APC Positive Selection 18453-high purity to user list
20111208_123335.826	clt	RoboSep_UserProtocolList.addProtocols()	Info	RoboSep_UserProtocolList	Adding protocol Human B Cell Negative Selection 19054HLA to user list
20111208_123335.832	clt	RoboSep_UserProtocolList.addProtocols()	Info	RoboSep_UserProtocolList	Adding protocol SPE Human CD8 Pos Sel 18053 w/o incubation to user list
20111208_123335.838	clt	RoboSep_UserProtocolList.addProtocols()	Info	RoboSep_UserProtocolList	Adding protocol Any Species Biotin Positive Selection 18559-high purity to user list
20111208_123335.869	clt	RoboSep_Protocols.button_EditList_Click()	Info	RoboSep_Protocols	Edit list button clicked
20111208_123337.102	clt	RoboSep_ProtocolList.button_Cancel_Click()	Info	RoboSep_ProtocolList	Cancel button clicked
20111208_123337.936	clt	RoboSep_Protocols.dropDownMenu_Click()	Info	RoboSep_Protocols	Selecting User from Dropdown
20111208_123337.957	clt	Form_UserSelect.Form_UserSelect()	Info	Form_UserSelect	Creating new User Select window
20111208_123338.904	clt	Form_UserSelect.listView_users_Click()	Info	Form_UserSelect	User Chulwoong Selected
20111208_123339.800	clt	ProgressBar.ResetProgress()	Debug	ProgressBar	Reset Progress on ProgressBar
20111208_123339.839	clt	ProgressBar.ResetProgress()	Debug	ProgressBar	Reset Progress on ProgressBar
20111208_123339.848	clt	ProgressBar.setElements()	Debug	ProgressBar	ProgressBar set 1 steps
20111208_123339.867	clt	RoboSep_Protocols.LoadUserToServer()	Info	RoboSep_Protocols	Saving user profile
20111208_123339.874	clt	RoboSep_UserDB.loadUserProtocols()	Debug	RoboSep_UserDB	Loaded 9 protocol from User Chulwoong
20111208_123339.881	clt	RoboSep_UserDB.XML_SaveUserConfig()	Info	RoboSep_UserDB	set user.db file to : User1.udb
20111208_123339.892	clt	RoboSep_UserDB.XML_SaveUserProfile()	Debug	RoboSep_UserDB	Saved User Profile Chulwoong with 9protocols
20111208_123339.953	clt	RoboSep_UserConsole.AtReportInstrumentInformation()	Info	RoboSep_UserConsole	Get system information for About menu
20111208_123339.964	clt	RoboSep_UserConsole.AtBatchDurationUpdate()	Info	RoboSep_UserConsole	Estimated run completion = 01:00
20111208_123341.280	clt	RoboSep_UserDB.loadUserProtocols()	Debug	RoboSep_UserDB	Loaded 9 protocol from User Chulwoong
20111208_123341.386	clt	RoboSep_Protocols.LoadUserToServer()	Info	RoboSep_Protocols	Saving user profile
20111208_123341.392	clt	RoboSep_UserDB.loadUserProtocols()	Debug	RoboSep_UserDB	Loaded 9 protocol from User Chulwoong
20111208_123341.398	clt	RoboSep_UserDB.XML_SaveUserConfig()	Info	RoboSep_UserDB	set user.db file to : User1.udb
20111208_123341.410	clt	RoboSep_UserDB.XML_SaveUserProfile()	Debug	RoboSep_UserDB	Saved User Profile Chulwoong with 9protocols
20111208_123341.436	clt	RoboSep_UserDB.loadUserProtocols()	Debug	RoboSep_UserDB	Loaded 9 protocol from User Chulwoong
20111208_123341.475	clt	RoboSep_UserConsole.AtReportInstrumentInformation()	Info	RoboSep_UserConsole	Get system information for About menu
20111208_123341.485	clt	RoboSep_UserConsole.AtBatchDurationUpdate()	Info	RoboSep_UserConsole	Estimated run completion = 01:00
20111208_123341.543	clt	RoboSep_Protocols.LoadUserToServer()	Info	RoboSep_Protocols	Saving user profile
20111208_123341.552	clt	RoboSep_UserDB.loadUserProtocols()	Debug	RoboSep_UserDB	Loaded 9 protocol from User Chulwoong
20111208_123341.561	clt	RoboSep_UserDB.XML_SaveUserConfig()	Info	RoboSep_UserDB	set user.db file to : User1.udb
20111208_123341.597	clt	RoboSep_UserDB.XML_SaveUserProfile()	Debug	RoboSep_UserDB	Saved User Profile Chulwoong with 9protocols
20111208_123341.670	clt	RoboSep_UserDB.loadUserProtocols()	Debug	RoboSep_UserDB	Loaded 9 protocol from User Chulwoong
20111208_123341.697	clt	RoboSep_UserConsole.AtReportInstrumentInformation()	Info	RoboSep_UserConsole	Get system information for About menu
20111208_123341.706	clt	RoboSep_UserConsole.AtBatchDurationUpdate()	Info	RoboSep_UserConsole	Estimated run completion = 01:00
20111208_123341.779	clt	RoboSep_Protocols.LoadUserToServer()	Info	RoboSep_Protocols	Saving user profile
20111208_123341.810	clt	RoboSep_UserDB.loadUserProtocols()	Debug	RoboSep_UserDB	Loaded 9 protocol from User Chulwoong
20111208_123341.819	clt	RoboSep_UserDB.XML_SaveUserConfig()	Info	RoboSep_UserDB	set user.db file to : User1.udb
20111208_123341.835	clt	RoboSep_UserDB.XML_SaveUserProfile()	Debug	RoboSep_UserDB	Saved User Profile Chulwoong with 9protocols
20111208_123341.886	clt	RoboSep_UserDB.loadUserProtocols()	Debug	RoboSep_UserDB	Loaded 9 protocol from User Chulwoong
20111208_123341.910	clt	RoboSep_UserConsole.AtReportInstrumentInformation()	Info	RoboSep_UserConsole	Get system information for About menu
20111208_123341.918	clt	RoboSep_UserConsole.AtBatchDurationUpdate()	Info	RoboSep_UserConsole	Estimated run completion = 01:00
20111208_123342.004	clt	RoboSep_Protocols.LoadUserToServer()	Info	RoboSep_Protocols	Saving user profile
20111208_123342.014	clt	RoboSep_UserDB.loadUserProtocols()	Debug	RoboSep_UserDB	Loaded 9 protocol from User Chulwoong
20111208_123342.026	clt	RoboSep_UserDB.XML_SaveUserConfig()	Info	RoboSep_UserDB	set user.db file to : User1.udb
20111208_123342.042	clt	RoboSep_UserDB.XML_SaveUserProfile()	Debug	RoboSep_UserDB	Saved User Profile Chulwoong with 9protocols
20111208_123342.060	clt	RoboSep_UserDB.loadUserProtocols()	Debug	RoboSep_UserDB	Loaded 9 protocol from User Chulwoong
20111208_123342.090	clt	RoboSep_UserConsole.AtReportInstrumentInformation()	Info	RoboSep_UserConsole	Get system information for About menu
20111208_123342.100	clt	RoboSep_UserConsole.AtBatchDurationUpdate()	Info	RoboSep_UserConsole	Estimated run completion = 01:00
20111208_123342.206	clt	RoboSep_Protocols.btn_home_Click()	Info	RoboSep_Protocols	Home button clicked
20111208_123346.900	clt	Form_Home.hex_sampling_Click()	Info	Form_Home	Run Sample button clicked
20111208_123348.201	clt	RoboSep_ProtocolSelect.RoboSep_ProtocolSelect()	Info	RoboSep_ProtocolSelect	New Protocol Select user control generated
20111208_123348.269	clt	RoboSep_RunSamples.Protocol_Selection()	Info	RoboSep_RunSamples	Opening protocol selection for quadrant 1
20111208_123348.303	clt	RoboSep_ProtocolSelect.RoboSep_ProtocolSelect()	Info	RoboSep_ProtocolSelect	New Protocol Select user control generated
20111208_123348.347	clt	RoboSep_RunSamples.Protocol_Selection()	Info	RoboSep_RunSamples	Opening protocol selection for quadrant 1
20111208_123349.347	clt	RoboSep_ProtocolSelect.button_SelectionMode_Click()	Info	RoboSep_ProtocolSelect	Change Protocol selection mode toAll Protocols
20111208_123351.735	clt	ProgressBar.ResetProgress()	Debug	ProgressBar	Reset Progress on ProgressBar
20111208_123351.794	clt	RoboSep_UserDB.XML_SaveUserConfig()	Info	RoboSep_UserDB	set user.db file to : User1.udb
20111208_123351.806	clt	RoboSep_UserDB.XML_SaveUserProfile()	Debug	RoboSep_UserDB	Saved User Profile Chulwoong with 10protocols
20111208_123351.865	clt	RoboSep_ProtocolSelect.button_Accept_Click()	Info	RoboSep_ProtocolSelect	Protocol Selected from All Protocols list
20111208_123351.908	clt	RoboSep_UserConsole.AtReportInstrumentInformation()	Info	RoboSep_UserConsole	Get system information for About menu
20111208_123351.917	clt	RoboSep_UserConsole.AtBatchDurationUpdate()	Info	RoboSep_UserConsole	Estimated run completion = 01:00
20111208_123353.852	clt	RoboSep_UserDB.loadUserProtocols()	Debug	RoboSep_UserDB	Loaded 9 protocol from User Chulwoong
20111208_123353.962	clt	RoboSep_UserDB.loadUserProtocols()	Debug	RoboSep_UserDB	Loaded 9 protocol from User Chulwoong
20111208_123354.019	clt	RoboSep_UserConsole.AtReportInstrumentInformation()	Info	RoboSep_UserConsole	Get system information for About menu
20111208_123354.169	clt	RoboSep_UserConsole.AtBatchDurationUpdate()	Info	RoboSep_UserConsole	Estimated run completion = 01:00
20111208_123354.394	clt	RoboSep_UserConsole.AtReportInstrumentInformation()	Info	RoboSep_UserConsole	Get system information for About menu
20111208_123354.403	clt	RoboSep_UserConsole.AtBatchDurationUpdate()	Info	RoboSep_UserConsole	Estimated run completion = 01:00
20111208_123354.414	clt	RoboSep_UserDB.loadUserProtocols()	Debug	RoboSep_UserDB	Loaded 9 protocol from User Chulwoong
20111208_123354.627	clt	RoboSep_RunSamples.addToRun()	Debug	RoboSep_RunSamples	Adding protocol 'Human Biotin Positive Selection 18553-high purity' to run at quadrant0
20111208_123354.699	clt	NumberPad.NumberPad()	Debug	NumberPad	Opening New Number Pad window
20111208_123355.905	clt	NumberPad.button_cancel_Click()	Info	NumberPad	Cancel button click
20111208_123355.975	clt	RoboSep_ProtocolSelect.SelectProtocol()	Info	RoboSep_ProtocolSelect	Adding protocol to current run
20111208_123357.132	clt	RoboSep_RunSamples.btn_home_Click()	Info	RoboSep_RunSamples	Home button clicked
20111208_123408.885	clt	Form_Home.hex_protocols_Click()	Info	Form_Home	Protocols button clicked
20111208_123409.830	clt	RoboSep_Protocols.dropDownMenu_Click()	Info	RoboSep_Protocols	Selecting User from Dropdown
20111208_123409.854	clt	Form_UserSelect.Form_UserSelect()	Info	Form_UserSelect	Creating new User Select window
20111208_123410.734	clt	Form_UserSelect.listView_users_Click()	Info	Form_UserSelect	User Tony Horton Selected
20111208_123411.502	clt	ProgressBar.ResetProgress()	Debug	ProgressBar	Reset Progress on ProgressBar
20111208_123411.541	clt	ProgressBar.ResetProgress()	Debug	ProgressBar	Reset Progress on ProgressBar
20111208_123411.550	clt	ProgressBar.setElements()	Debug	ProgressBar	ProgressBar set 1 steps
20111208_123411.570	clt	RoboSep_Protocols.LoadUserToServer()	Info	RoboSep_Protocols	Saving user profile
20111208_123411.577	clt	RoboSep_UserDB.loadUserProtocols()	Debug	RoboSep_UserDB	Loaded 7 protocol from User Tony Horton
20111208_123411.586	clt	RoboSep_UserDB.XML_SaveUserConfig()	Info	RoboSep_UserDB	set user.db file to : User1.udb
20111208_123411.598	clt	RoboSep_UserDB.XML_SaveUserProfile()	Debug	RoboSep_UserDB	Saved User Profile Tony Horton with 7protocols
20111208_123411.660	clt	RoboSep_UserConsole.AtReportInstrumentInformation()	Info	RoboSep_UserConsole	Get system information for About menu
20111208_123411.670	clt	RoboSep_UserConsole.AtBatchDurationUpdate()	Info	RoboSep_UserConsole	Estimated run completion = 01:00
20111208_123412.729	clt	RoboSep_UserDB.loadUserProtocols()	Debug	RoboSep_UserDB	Loaded 7 protocol from User Tony Horton
20111208_123412.835	clt	RoboSep_Protocols.LoadUserToServer()	Info	RoboSep_Protocols	Saving user profile
20111208_123412.842	clt	RoboSep_UserDB.loadUserProtocols()	Debug	RoboSep_UserDB	Loaded 7 protocol from User Tony Horton
20111208_123412.848	clt	RoboSep_UserDB.XML_SaveUserConfig()	Info	RoboSep_UserDB	set user.db file to : User1.udb
20111208_123412.860	clt	RoboSep_UserDB.XML_SaveUserProfile()	Debug	RoboSep_UserDB	Saved User Profile Tony Horton with 7protocols
20111208_123412.888	clt	RoboSep_UserDB.loadUserProtocols()	Debug	RoboSep_UserDB	Loaded 7 protocol from User Tony Horton
20111208_123412.909	clt	RoboSep_UserConsole.AtReportInstrumentInformation()	Info	RoboSep_UserConsole	Get system information for About menu
20111208_123412.918	clt	RoboSep_UserConsole.AtBatchDurationUpdate()	Info	RoboSep_UserConsole	Estimated run completion = 01:00
20111208_123412.999	clt	RoboSep_Protocols.LoadUserToServer()	Info	RoboSep_Protocols	Saving user profile
20111208_123413.047	clt	RoboSep_UserDB.loadUserProtocols()	Debug	RoboSep_UserDB	Loaded 7 protocol from User Tony Horton
20111208_123413.057	clt	RoboSep_UserDB.XML_SaveUserConfig()	Info	RoboSep_UserDB	set user.db file to : User1.udb
20111208_123413.070	clt	RoboSep_UserDB.XML_SaveUserProfile()	Debug	RoboSep_UserDB	Saved User Profile Tony Horton with 7protocols
20111208_123413.170	clt	RoboSep_UserDB.loadUserProtocols()	Debug	RoboSep_UserDB	Loaded 7 protocol from User Tony Horton
20111208_123413.206	clt	RoboSep_UserConsole.AtReportInstrumentInformation()	Info	RoboSep_UserConsole	Get system information for About menu
20111208_123413.215	clt	RoboSep_UserConsole.AtBatchDurationUpdate()	Info	RoboSep_UserConsole	Estimated run completion = 01:00
20111208_123413.292	clt	RoboSep_Protocols.LoadUserToServer()	Info	RoboSep_Protocols	Saving user profile
20111208_123413.301	clt	RoboSep_UserDB.loadUserProtocols()	Debug	RoboSep_UserDB	Loaded 7 protocol from User Tony Horton
20111208_123413.310	clt	RoboSep_UserDB.XML_SaveUserConfig()	Info	RoboSep_UserDB	set user.db file to : User1.udb
20111208_123413.425	clt	RoboSep_UserDB.XML_SaveUserProfile()	Debug	RoboSep_UserDB	Saved User Profile Tony Horton with 7protocols
20111208_123413.451	clt	RoboSep_UserDB.loadUserProtocols()	Debug	RoboSep_UserDB	Loaded 7 protocol from User Tony Horton
20111208_123413.471	clt	RoboSep_UserConsole.AtReportInstrumentInformation()	Info	RoboSep_UserConsole	Get system information for About menu
20111208_123413.561	clt	RoboSep_Protocols.LoadUserToServer()	Info	RoboSep_Protocols	Saving user profile
20111208_123413.611	clt	RoboSep_UserConsole.AtBatchDurationUpdate()	Info	RoboSep_UserConsole	Estimated run completion = 01:00
20111208_123413.612	clt	RoboSep_UserDB.loadUserProtocols()	Debug	RoboSep_UserDB	Loaded 7 protocol from User Tony Horton
20111208_123413.627	clt	RoboSep_UserDB.XML_SaveUserConfig()	Info	RoboSep_UserDB	set user.db file to : User1.udb
20111208_123413.641	clt	RoboSep_UserDB.XML_SaveUserProfile()	Debug	RoboSep_UserDB	Saved User Profile Tony Horton with 7protocols
20111208_123413.762	clt	RoboSep_UserDB.loadUserProtocols()	Debug	RoboSep_UserDB	Loaded 7 protocol from User Tony Horton
20111208_123413.790	clt	RoboSep_UserConsole.AtReportInstrumentInformation()	Info	RoboSep_UserConsole	Get system information for About menu
20111208_123413.885	clt	RoboSep_UserConsole.AtBatchDurationUpdate()	Info	RoboSep_UserConsole	Estimated run completion = 01:00
20111208_123414.018	clt	RoboSep_Protocols.btn_home_Click()	Info	RoboSep_Protocols	Home button clicked
20111208_123415.226	clt	Form_Home.hex_sampling_Click()	Info	Form_Home	Run Sample button clicked
20111208_123417.462	clt	RoboSep_ProtocolSelect.RoboSep_ProtocolSelect()	Info	RoboSep_ProtocolSelect	New Protocol Select user control generated
20111208_123417.531	clt	RoboSep_RunSamples.Protocol_Selection()	Info	RoboSep_RunSamples	Opening protocol selection for quadrant 1
20111208_123417.562	clt	RoboSep_ProtocolSelect.RoboSep_ProtocolSelect()	Info	RoboSep_ProtocolSelect	New Protocol Select user control generated
20111208_123417.604	clt	RoboSep_RunSamples.Protocol_Selection()	Info	RoboSep_RunSamples	Opening protocol selection for quadrant 1
20111208_123419.080	clt	RoboSep_ProtocolSelect.button_SelectionMode_Click()	Info	RoboSep_ProtocolSelect	Change Protocol selection mode toAll Protocols
20111208_123422.230	clt	ProgressBar.ResetProgress()	Debug	ProgressBar	Reset Progress on ProgressBar
20111208_123422.286	clt	RoboSep_UserDB.XML_SaveUserConfig()	Info	RoboSep_UserDB	set user.db file to : User1.udb
20111208_123422.298	clt	RoboSep_UserDB.XML_SaveUserProfile()	Debug	RoboSep_UserDB	Saved User Profile Tony Horton with 8protocols
20111208_123422.354	clt	RoboSep_ProtocolSelect.button_Accept_Click()	Info	RoboSep_ProtocolSelect	Protocol Selected from All Protocols list
20111208_123422.398	clt	RoboSep_UserConsole.AtReportInstrumentInformation()	Info	RoboSep_UserConsole	Get system information for About menu
20111208_123422.407	clt	RoboSep_UserConsole.AtBatchDurationUpdate()	Info	RoboSep_UserConsole	Estimated run completion = 01:00
20111208_123423.787	clt	RoboSep_UserDB.loadUserProtocols()	Debug	RoboSep_UserDB	Loaded 7 protocol from User Tony Horton
20111208_123423.896	clt	RoboSep_UserDB.loadUserProtocols()	Debug	RoboSep_UserDB	Loaded 7 protocol from User Tony Horton
20111208_123423.935	clt	RoboSep_UserConsole.AtReportInstrumentInformation()	Info	RoboSep_UserConsole	Get system information for About menu
20111208_123423.944	clt	RoboSep_UserConsole.AtBatchDurationUpdate()	Info	RoboSep_UserConsole	Estimated run completion = 01:00
20111208_123424.006	clt	RoboSep_UserDB.loadUserProtocols()	Debug	RoboSep_UserDB	Loaded 7 protocol from User Tony Horton
20111208_123424.045	clt	RoboSep_UserConsole.AtReportInstrumentInformation()	Info	RoboSep_UserConsole	Get system information for About menu
20111208_123424.055	clt	RoboSep_UserConsole.AtBatchDurationUpdate()	Info	RoboSep_UserConsole	Estimated run completion = 01:00
20111208_123424.220	clt	RoboSep_RunSamples.addToRun()	Debug	RoboSep_RunSamples	Adding protocol 'Human CD14 Positive Selection 18058-high recovery' to run at quadrant0
20111208_123424.300	clt	NumberPad.NumberPad()	Debug	NumberPad	Opening New Number Pad window
20111208_123425.926	clt	NumberPad.button_cancel_Click()	Info	NumberPad	Cancel button click
20111208_123425.995	clt	RoboSep_ProtocolSelect.SelectProtocol()	Info	RoboSep_ProtocolSelect	Adding protocol to current run
20111208_123427.093	clt	RoboSep_RunSamples.btn_home_Click()	Info	RoboSep_RunSamples	Home button clicked
20111208_123427.638	clt	Form_Home.hex_sampling_Click()	Info	Form_Home	Run Sample button clicked
20111208_123429.246	clt	RoboSep_ProtocolSelect.RoboSep_ProtocolSelect()	Info	RoboSep_ProtocolSelect	New Protocol Select user control generated
20111208_123429.318	clt	RoboSep_RunSamples.Protocol_Selection()	Info	RoboSep_RunSamples	Opening protocol selection for quadrant 4
20111208_123430.818	clt	RoboSep_ProtocolSelect.button_SelectionMode_Click()	Info	RoboSep_ProtocolSelect	Change Protocol selection mode toAll Protocols
20111208_123432.404	clt	Keyboard.Keyboard()	Info	Keyboard	New Touch Keyboard generated
20111208_123433.928	clt	Keyboard.textbox_input_KeyDown()	Info	Keyboard	Keboard output: ''
20111208_123435.701	clt	ProgressBar.ResetProgress()	Debug	ProgressBar	Reset Progress on ProgressBar
20111208_123435.757	clt	RoboSep_UserDB.XML_SaveUserConfig()	Info	RoboSep_UserDB	set user.db file to : User1.udb
20111208_123435.769	clt	RoboSep_UserDB.XML_SaveUserProfile()	Debug	RoboSep_UserDB	Saved User Profile Tony Horton with 9protocols
20111208_123435.825	clt	RoboSep_ProtocolSelect.button_Accept_Click()	Info	RoboSep_ProtocolSelect	Protocol Selected from All Protocols list
20111208_123435.870	clt	RoboSep_UserConsole.AtReportInstrumentInformation()	Info	RoboSep_UserConsole	Get system information for About menu
20111208_123435.879	clt	RoboSep_UserConsole.AtBatchDurationUpdate()	Info	RoboSep_UserConsole	Estimated run completion = 01:00
20111208_123437.373	clt	RoboSep_UserDB.loadUserProtocols()	Debug	RoboSep_UserDB	Loaded 7 protocol from User Tony Horton
20111208_123437.485	clt	RoboSep_UserDB.loadUserProtocols()	Debug	RoboSep_UserDB	Loaded 7 protocol from User Tony Horton
20111208_123437.520	clt	RoboSep_UserConsole.AtReportInstrumentInformation()	Info	RoboSep_UserConsole	Get system information for About menu
20111208_123437.529	clt	RoboSep_UserConsole.AtBatchDurationUpdate()	Info	RoboSep_UserConsole	Estimated run completion = 01:00
20111208_123437.597	clt	RoboSep_UserDB.loadUserProtocols()	Debug	RoboSep_UserDB	Loaded 7 protocol from User Tony Horton
20111208_123437.636	clt	RoboSep_UserConsole.AtReportInstrumentInformation()	Info	RoboSep_UserConsole	Get system information for About menu
20111208_123437.645	clt	RoboSep_UserConsole.AtBatchDurationUpdate()	Info	RoboSep_UserConsole	Estimated run completion = 01:00
20111208_123437.810	clt	RoboSep_RunSamples.addToRun()	Debug	RoboSep_RunSamples	Adding protocol 'Jasons Super Out Of This World Protocol' to run at quadrant3
20111208_123437.887	clt	NumberPad.NumberPad()	Debug	NumberPad	Opening New Number Pad window
20111208_123439.261	clt	NumberPad.button_cancel_Click()	Info	NumberPad	Cancel button click
20111208_123439.330	clt	RoboSep_ProtocolSelect.SelectProtocol()	Info	RoboSep_ProtocolSelect	Adding protocol to current run
20111208_123441.838	clt	RoboSep_RunSamples.btn_home_Click()	Info	RoboSep_RunSamples	Home button clicked
20111208_123442.450	clt	Form_Home.hex_protocols_Click()	Info	Form_Home	Protocols button clicked
20111208_123443.300	clt	RoboSep_Protocols.dropDownMenu_Click()	Info	RoboSep_Protocols	Selecting User from Dropdown
20111208_123443.325	clt	Form_UserSelect.Form_UserSelect()	Info	Form_UserSelect	Creating new User Select window
20111208_123444.492	clt	Form_UserSelect.listView_users_Click()	Info	Form_UserSelect	User Brandon Selected
20111208_123445.572	clt	ProgressBar.ResetProgress()	Debug	ProgressBar	Reset Progress on ProgressBar
20111208_123445.611	clt	ProgressBar.ResetProgress()	Debug	ProgressBar	Reset Progress on ProgressBar
20111208_123445.620	clt	ProgressBar.setElements()	Debug	ProgressBar	ProgressBar set 1 steps
20111208_123445.639	clt	RoboSep_Protocols.LoadUserToServer()	Info	RoboSep_Protocols	Saving user profile
20111208_123445.647	clt	RoboSep_UserDB.loadUserProtocols()	Debug	RoboSep_UserDB	Loaded 3 protocol from User Brandon
20111208_123445.653	clt	RoboSep_UserDB.XML_SaveUserConfig()	Info	RoboSep_UserDB	set user.db file to : User1.udb
20111208_123445.665	clt	RoboSep_UserDB.XML_SaveUserProfile()	Debug	RoboSep_UserDB	Saved User Profile Brandon with 3protocols
20111208_123445.730	clt	RoboSep_UserConsole.AtReportInstrumentInformation()	Info	RoboSep_UserConsole	Get system information for About menu
20111208_123445.739	clt	RoboSep_UserConsole.AtBatchDurationUpdate()	Info	RoboSep_UserConsole	Estimated run completion = 01:00
20111208_123446.235	clt	RoboSep_UserDB.loadUserProtocols()	Debug	RoboSep_UserDB	Loaded 3 protocol from User Brandon
20111208_123446.341	clt	RoboSep_Protocols.LoadUserToServer()	Info	RoboSep_Protocols	Saving user profile
20111208_123446.348	clt	RoboSep_UserDB.loadUserProtocols()	Debug	RoboSep_UserDB	Loaded 3 protocol from User Brandon
20111208_123446.354	clt	RoboSep_UserDB.XML_SaveUserConfig()	Info	RoboSep_UserDB	set user.db file to : User1.udb
20111208_123446.365	clt	RoboSep_UserDB.XML_SaveUserProfile()	Debug	RoboSep_UserDB	Saved User Profile Brandon with 3protocols
20111208_123446.393	clt	RoboSep_UserDB.loadUserProtocols()	Debug	RoboSep_UserDB	Loaded 3 protocol from User Brandon
20111208_123446.409	clt	RoboSep_UserConsole.AtReportInstrumentInformation()	Info	RoboSep_UserConsole	Get system information for About menu
20111208_123446.419	clt	RoboSep_UserConsole.AtBatchDurationUpdate()	Info	RoboSep_UserConsole	Estimated run completion = 01:00
20111208_123446.537	clt	RoboSep_Protocols.btn_home_Click()	Info	RoboSep_Protocols	Home button clicked
20111208_123447.521	clt	Form_Home.hex_sampling_Click()	Info	Form_Home	Run Sample button clicked
20111208_123448.085	clt	RoboSep_ProtocolSelect.RoboSep_ProtocolSelect()	Info	RoboSep_ProtocolSelect	New Protocol Select user control generated
20111208_123448.152	clt	RoboSep_RunSamples.Protocol_Selection()	Info	RoboSep_RunSamples	Opening protocol selection for quadrant 2
20111208_123448.197	clt	RoboSep_ProtocolSelect.RoboSep_ProtocolSelect()	Info	RoboSep_ProtocolSelect	New Protocol Select user control generated
20111208_123448.241	clt	RoboSep_RunSamples.Protocol_Selection()	Info	RoboSep_RunSamples	Opening protocol selection for quadrant 2
20111208_123449.707	clt	RoboSep_ProtocolSelect.button_SelectionMode_Click()	Info	RoboSep_ProtocolSelect	Change Protocol selection mode toAll Protocols
20111208_123452.564	clt	ProgressBar.ResetProgress()	Debug	ProgressBar	Reset Progress on ProgressBar
20111208_123452.621	clt	RoboSep_UserDB.XML_SaveUserConfig()	Info	RoboSep_UserDB	set user.db file to : User1.udb
20111208_123452.634	clt	RoboSep_UserDB.XML_SaveUserProfile()	Debug	RoboSep_UserDB	Saved User Profile Brandon with 4protocols
20111208_123452.690	clt	RoboSep_ProtocolSelect.button_Accept_Click()	Info	RoboSep_ProtocolSelect	Protocol Selected from All Protocols list
20111208_123452.730	clt	RoboSep_UserConsole.AtReportInstrumentInformation()	Info	RoboSep_UserConsole	Get system information for About menu
20111208_123452.740	clt	RoboSep_UserConsole.AtBatchDurationUpdate()	Info	RoboSep_UserConsole	Estimated run completion = 01:00
20111208_123453.612	clt	RoboSep_UserDB.loadUserProtocols()	Debug	RoboSep_UserDB	Loaded 3 protocol from User Brandon
20111208_123507.563	clt	ProgressBar.ResetProgress()	Debug	ProgressBar	Reset Progress on ProgressBar
20111208_123507.620	clt	RoboSep_UserDB.XML_SaveUserConfig()	Info	RoboSep_UserDB	set user.db file to : User1.udb
20111208_123507.631	clt	RoboSep_UserDB.XML_SaveUserProfile()	Debug	RoboSep_UserDB	Saved User Profile Brandon with 4protocols
20111208_123507.690	clt	RoboSep_ProtocolSelect.button_Accept_Click()	Info	RoboSep_ProtocolSelect	Protocol Selected from All Protocols list
20111208_123507.734	clt	RoboSep_UserConsole.AtReportInstrumentInformation()	Info	RoboSep_UserConsole	Get system information for About menu
20111208_123507.745	clt	RoboSep_UserConsole.AtBatchDurationUpdate()	Info	RoboSep_UserConsole	Estimated run completion = 01:00
20111208_123508.058	clt	RoboSep_UserDB.loadUserProtocols()	Debug	RoboSep_UserDB	Loaded 3 protocol from User Brandon
20111208_123508.166	clt	RoboSep_UserDB.loadUserProtocols()	Debug	RoboSep_UserDB	Loaded 3 protocol from User Brandon
20111208_123508.251	clt	RoboSep_UserConsole.AtReportInstrumentInformation()	Info	RoboSep_UserConsole	Get system information for About menu
20111208_123508.260	clt	RoboSep_UserConsole.AtBatchDurationUpdate()	Info	RoboSep_UserConsole	Estimated run completion = 01:00
20111208_123508.276	clt	RoboSep_UserDB.loadUserProtocols()	Debug	RoboSep_UserDB	Loaded 3 protocol from User Brandon
20111208_123508.309	clt	RoboSep_UserConsole.AtReportInstrumentInformation()	Info	RoboSep_UserConsole	Get system information for About menu
20111208_123508.318	clt	RoboSep_UserConsole.AtBatchDurationUpdate()	Info	RoboSep_UserConsole	Estimated run completion = 01:00
20111208_123508.490	clt	RoboSep_RunSamples.addToRun()	Debug	RoboSep_RunSamples	Adding protocol 'Human B Cell Negative Selection 19054HLA' to run at quadrant1
20111208_123508.562	clt	NumberPad.NumberPad()	Debug	NumberPad	Opening New Number Pad window
20111208_123510.148	clt	NumberPad.button_cancel_Click()	Info	NumberPad	Cancel button click
20111208_123510.223	clt	RoboSep_ProtocolSelect.SelectProtocol()	Info	RoboSep_ProtocolSelect	Adding protocol to current run
20111208_123552.041	clt	RoboSep_ProtocolSelect.RoboSep_ProtocolSelect()	Info	RoboSep_ProtocolSelect	New Protocol Select user control generated
20111208_123552.124	clt	RoboSep_RunSamples.Protocol_Selection()	Info	RoboSep_RunSamples	Opening protocol selection for quadrant 4
20111208_123553.420	clt	RoboSep_ProtocolSelect.button_SelectionMode_Click()	Info	RoboSep_ProtocolSelect	Change Protocol selection mode toAll Protocols
20111208_123556.216	clt	ProgressBar.ResetProgress()	Debug	ProgressBar	Reset Progress on ProgressBar
20111208_123556.272	clt	RoboSep_UserDB.XML_SaveUserConfig()	Info	RoboSep_UserDB	set user.db file to : User1.udb
20111208_123556.285	clt	RoboSep_UserDB.XML_SaveUserProfile()	Debug	RoboSep_UserDB	Saved User Profile Brandon with 5protocols
20111208_123556.341	clt	RoboSep_ProtocolSelect.button_Accept_Click()	Info	RoboSep_ProtocolSelect	Protocol Selected from All Protocols list
20111208_123556.408	clt	RoboSep_UserConsole.AtReportInstrumentInformation()	Info	RoboSep_UserConsole	Get system information for About menu
20111208_123556.417	clt	RoboSep_UserConsole.AtBatchDurationUpdate()	Info	RoboSep_UserConsole	Estimated run completion = 01:00
20111208_123557.399	clt	RoboSep_UserDB.loadUserProtocols()	Debug	RoboSep_UserDB	Loaded 3 protocol from User Brandon
20111208_123557.710	clt	RoboSep_UserDB.loadUserProtocols()	Debug	RoboSep_UserDB	Loaded 3 protocol from User Brandon
20111208_123557.744	clt	RoboSep_UserConsole.AtReportInstrumentInformation()	Info	RoboSep_UserConsole	Get system information for About menu
20111208_123557.752	clt	RoboSep_UserConsole.AtBatchDurationUpdate()	Info	RoboSep_UserConsole	Estimated run completion = 01:00
20111208_123557.820	clt	RoboSep_UserDB.loadUserProtocols()	Debug	RoboSep_UserDB	Loaded 3 protocol from User Brandon
20111208_123557.855	clt	RoboSep_UserConsole.AtReportInstrumentInformation()	Info	RoboSep_UserConsole	Get system information for About menu
20111208_123557.864	clt	RoboSep_UserConsole.AtBatchDurationUpdate()	Info	RoboSep_UserConsole	Estimated run completion = 01:00
20111208_123558.034	clt	RoboSep_RunSamples.addToRun()	Debug	RoboSep_RunSamples	Adding protocol 'Human CD34 Buffy Coat Positive Selection 18086-high purity' to run at quadrant3
20111208_123558.116	clt	NumberPad.NumberPad()	Debug	NumberPad	Opening New Number Pad window
20111208_123600.105	clt	NumberPad.button_cancel_Click()	Info	NumberPad	Cancel button click
20111208_123600.173	clt	RoboSep_ProtocolSelect.SelectProtocol()	Info	RoboSep_ProtocolSelect	Adding protocol to current run
20111208_123601.290	clt	RoboSep_ProtocolSelect.RoboSep_ProtocolSelect()	Info	RoboSep_ProtocolSelect	New Protocol Select user control generated
20111208_123601.358	clt	RoboSep_RunSamples.Protocol_Selection()	Info	RoboSep_RunSamples	Opening protocol selection for quadrant 2
20111208_123601.392	clt	RoboSep_ProtocolSelect.RoboSep_ProtocolSelect()	Info	RoboSep_ProtocolSelect	New Protocol Select user control generated
20111208_123601.435	clt	RoboSep_RunSamples.Protocol_Selection()	Info	RoboSep_RunSamples	Opening protocol selection for quadrant 2
20111208_123603.263	clt	RoboSep_ProtocolSelect.button_Cancel1_Click()	Info	RoboSep_ProtocolSelect	Protocol Selection cancel clicked
20111208_123604.169	clt	RoboSep_RunSamples.btn_home_Click()	Info	RoboSep_RunSamples	Home button clicked
20111208_123604.799	clt	Form_Home.hex_protocols_Click()	Info	Form_Home	Protocols button clicked
20111208_123605.439	clt	RoboSep_Protocols.dropDownMenu_Click()	Info	RoboSep_Protocols	Selecting User from Dropdown
20111208_123605.463	clt	Form_UserSelect.Form_UserSelect()	Info	Form_UserSelect	Creating new User Select window
20111208_123608.647	clt	Form_UserSelect.listView_users_Click()	Info	Form_UserSelect	User Korey Selected
20111208_123612.095	clt	ProgressBar.ResetProgress()	Debug	ProgressBar	Reset Progress on ProgressBar
20111208_123612.135	clt	ProgressBar.ResetProgress()	Debug	ProgressBar	Reset Progress on ProgressBar
20111208_123612.144	clt	ProgressBar.setElements()	Debug	ProgressBar	ProgressBar set 1 steps
20111208_123612.164	clt	RoboSep_Protocols.LoadUserToServer()	Info	RoboSep_Protocols	Saving user profile
20111208_123612.173	clt	RoboSep_UserDB.loadUserProtocols()	Debug	RoboSep_UserDB	Loaded 11 protocol from User Korey
20111208_123612.180	clt	RoboSep_UserDB.XML_SaveUserConfig()	Info	RoboSep_UserDB	set user.db file to : User1.udb
20111208_123612.192	clt	RoboSep_UserDB.XML_SaveUserProfile()	Debug	RoboSep_UserDB	Saved User Profile Korey with 11protocols
20111208_123612.244	clt	RoboSep_UserConsole.AtReportInstrumentInformation()	Info	RoboSep_UserConsole	Get system information for About menu
20111208_123612.256	clt	RoboSep_UserConsole.AtBatchDurationUpdate()	Info	RoboSep_UserConsole	Estimated run completion = 01:00
20111208_123613.684	clt	RoboSep_UserDB.loadUserProtocols()	Debug	RoboSep_UserDB	Loaded 11 protocol from User Korey
20111208_123613.790	clt	RoboSep_Protocols.LoadUserToServer()	Info	RoboSep_Protocols	Saving user profile
20111208_123613.797	clt	RoboSep_UserDB.loadUserProtocols()	Debug	RoboSep_UserDB	Loaded 11 protocol from User Korey
20111208_123613.803	clt	RoboSep_UserDB.XML_SaveUserConfig()	Info	RoboSep_UserDB	set user.db file to : User1.udb
20111208_123613.814	clt	RoboSep_UserDB.XML_SaveUserProfile()	Debug	RoboSep_UserDB	Saved User Profile Korey with 11protocols
20111208_123613.825	clt	RoboSep_UserDB.loadUserProtocols()	Debug	RoboSep_UserDB	Loaded 11 protocol from User Korey
20111208_123613.888	clt	RoboSep_UserConsole.AtReportInstrumentInformation()	Info	RoboSep_UserConsole	Get system information for About menu
20111208_123613.897	clt	RoboSep_UserConsole.AtBatchDurationUpdate()	Info	RoboSep_UserConsole	Estimated run completion = 01:00
20111208_123613.987	clt	RoboSep_Protocols.btn_home_Click()	Info	RoboSep_Protocols	Home button clicked
20111208_123614.873	clt	Form_Home.hex_sampling_Click()	Info	Form_Home	Run Sample button clicked
20111208_123615.753	clt	RoboSep_ProtocolSelect.RoboSep_ProtocolSelect()	Info	RoboSep_ProtocolSelect	New Protocol Select user control generated
20111208_123615.826	clt	RoboSep_RunSamples.Protocol_Selection()	Info	RoboSep_RunSamples	Opening protocol selection for quadrant 3
20111208_123619.995	clt	RoboSep_ProtocolSelect.button_SelectionMode_Click()	Info	RoboSep_ProtocolSelect	Change Protocol selection mode toAll Protocols
20111208_123622.423	clt	ProgressBar.ResetProgress()	Debug	ProgressBar	Reset Progress on ProgressBar
20111208_123622.479	clt	RoboSep_UserDB.XML_SaveUserConfig()	Info	RoboSep_UserDB	set user.db file to : User1.udb
20111208_123622.491	clt	RoboSep_UserDB.XML_SaveUserProfile()	Debug	RoboSep_UserDB	Saved User Profile Korey with 12protocols
20111208_123622.547	clt	RoboSep_ProtocolSelect.button_Accept_Click()	Info	RoboSep_ProtocolSelect	Protocol Selected from All Protocols list
20111208_123622.600	clt	RoboSep_UserConsole.AtReportInstrumentInformation()	Info	RoboSep_UserConsole	Get system information for About menu
20111208_123622.609	clt	RoboSep_UserConsole.AtBatchDurationUpdate()	Info	RoboSep_UserConsole	Estimated run completion = 01:00
20111208_123624.228	clt	RoboSep_UserDB.loadUserProtocols()	Debug	RoboSep_UserDB	Loaded 11 protocol from User Korey
