RoboSep UI Log File
Created: 20111206_134112.507

20111206_134112.533	clt	RoboSep_UserConsole.RoboSep_UserConsole()	General	RoboSep_UserConsole	Initializing User Console
20111206_134112.580	clt	Form_Home.Form_Home()	Info	Form_Home	Creating new Form_Home
20111206_134114.108	clt	RoboSep_UserConsole.grabSystemOptions()	Info	RoboSep_UserConsole	Get Sys Options: Lid Sensor = TrueLiquid Sensor = True
20111206_134114.124	clt	RoboSep_UserConsole.RoboSep_UserConsole_Load()	Info	RoboSep_UserConsole	Loading User Console
20111206_134114.146	clt	RoboSep_Splash.RoboSep_Splash()	Info	RoboSep_Splash	Initializing Splash Page
20111206_134114.206	clt	RoboSep_UserConsole.RoboSep_UserConsole_Load()	General	RoboSep_UserConsole	Starting GUI Thread
20111206_134114.212	clt	RoboSep_UserConsole.AttemptSeparatorConnection()	Info	RoboSep_UserConsole	Connecting...
20111206_134115.120	clt	RoboSep_UserDB.Robosep_UserDB()()	Debug	RoboSep_UserDB	Initializing UserDB
20111206_134115.184	clt	RoboSep_UserDB.GetProtocolsPath()	Debug	RoboSep_UserDB	output: C:\Program Files (x86)\STI\RoboSep\protocols\
20111206_134115.230	clt	RoboSep_UserDB.LoadAllProtocols()	Debug	RoboSep_UserDB	160protocols loaded
20111206_134115.236	clt	RoboSep_UserDB.XML_SaveUserConfig()	Info	RoboSep_UserDB	set user.db file to : User1.udb
20111206_134115.656	clt	RoboSep_UserDB.GetProtocolsPath()	Debug	RoboSep_UserDB	output: C:\Program Files (x86)\STI\RoboSep\protocols\
20111206_134115.680	clt	RoboSep_UserDB.XML_LoadRoboSepUserObject()	Debug	RoboSep_UserDB	Loaded Robosep User
20111206_134116.405	clt	RoboSep_UserConsole.AtReportInstrumentInformation()	Info	RoboSep_UserConsole	Get system information for About menu
20111206_134116.416	clt	RoboSep_UserConsole.AtBatchDurationUpdate()	Info	RoboSep_UserConsole	Estimated run completion = 01:00
20111206_134146.227	clt	RoboSep_UserConsole.ProgressSplash()	Info	RoboSep_UserConsole	Stopping Splash page
20111206_134146.283	clt	RoboSep_About.RoboSep_About()	Info	RoboSep_About	Initializing About user control
20111206_134146.373	clt	RoboSep_RunSamples.RoboSep_RunSamples()	Info	RoboSep_RunSamples	Initializing Run Samples user control
20111206_134146.463	clt	RoboSep_Splash.close()	Info	RoboSep_Splash	Closing Splash Page
20111206_134149.458	clt	RoboSep_RunSamples.btn_home_Click()	Info	RoboSep_RunSamples	Home button clicked
20111206_134150.148	clt	RoboSep_Protocols.LoadUsers()	Info	RoboSep_Protocols	Reloading Auto Complete for User Textbox
20111206_134150.155	clt	RoboSep_Protocols.RoboSep_Protocols()	Info	RoboSep_Protocols	Initializing Protocols user control
20111206_134150.262	clt	Form_Home.hex_protocols_Click()	Info	Form_Home	Protocols button clicked
20111206_134151.247	clt	RoboSep_Protocols.dropDownMenu_Click()	Info	RoboSep_Protocols	Selecting User from Dropdown
20111206_134151.277	clt	Form_UserSelect.Form_UserSelect()	Info	Form_UserSelect	Creating new User Select window
20111206_134152.311	clt	Form_UserSelect.listView_users_Click()	Info	Form_UserSelect	User Korey Selected
20111206_134153.284	clt	ProgressBar.ResetProgress()	Debug	ProgressBar	Reset Progress on ProgressBar
20111206_134153.331	clt	ProgressBar.ResetProgress()	Debug	ProgressBar	Reset Progress on ProgressBar
20111206_134153.339	clt	ProgressBar.setElements()	Debug	ProgressBar	ProgressBar set 1 steps
20111206_134153.368	clt	RoboSep_Protocols.LoadUserToServer()	Info	RoboSep_Protocols	Saving user profile
20111206_134153.375	clt	RoboSep_UserDB.loadUserProtocols()	Debug	RoboSep_UserDB	Loaded 11 protocol from User Korey
20111206_134153.380	clt	RoboSep_UserDB.XML_SaveUserConfig()	Info	RoboSep_UserDB	set user.db file to : User1.udb
20111206_134153.393	clt	RoboSep_UserDB.XML_SaveUserProfile()	Debug	RoboSep_UserDB	Saved User Profile Korey with 11protocols
20111206_134153.494	clt	RoboSep_UserConsole.AtReportInstrumentInformation()	Info	RoboSep_UserConsole	Get system information for About menu
20111206_134153.502	clt	RoboSep_UserConsole.AtBatchDurationUpdate()	Info	RoboSep_UserConsole	Estimated run completion = 01:00
20111206_134154.959	clt	RoboSep_UserDB.loadUserProtocols()	Debug	RoboSep_UserDB	Loaded 11 protocol from User Korey
20111206_134155.064	clt	RoboSep_Protocols.LoadUserToServer()	Info	RoboSep_Protocols	Saving user profile
20111206_134155.069	clt	RoboSep_UserDB.loadUserProtocols()	Debug	RoboSep_UserDB	Loaded 11 protocol from User Korey
20111206_134155.074	clt	RoboSep_UserDB.XML_SaveUserConfig()	Info	RoboSep_UserDB	set user.db file to : User1.udb
20111206_134155.085	clt	RoboSep_UserDB.XML_SaveUserProfile()	Debug	RoboSep_UserDB	Saved User Profile Korey with 11protocols
20111206_134155.114	clt	RoboSep_UserDB.loadUserProtocols()	Debug	RoboSep_UserDB	Loaded 11 protocol from User Korey
20111206_134155.148	clt	RoboSep_UserConsole.AtReportInstrumentInformation()	Info	RoboSep_UserConsole	Get system information for About menu
20111206_134155.155	clt	RoboSep_UserConsole.AtBatchDurationUpdate()	Info	RoboSep_UserConsole	Estimated run completion = 01:00
20111206_134155.256	clt	RoboSep_Protocols.btn_home_Click()	Info	RoboSep_Protocols	Home button clicked
20111206_134210.499	clt	Form_Home.btn_close_Click()	Info	Form_Home	Close Window button clicked
