RoboSep UI Log File
Created: 20111205_121233.940

20111205_121233.942	clt	RoboSep_UserConsole.RoboSep_UserConsole()	General	RoboSep_UserConsole	Initializing User Console
20111205_121233.987	clt	Form_Home.Form_Home()	Info	Form_Home	Creating new Form_Home
20111205_121235.609	clt	RoboSep_UserConsole.grabSystemOptions()	Info	RoboSep_UserConsole	Get Sys Options: Lid Sensor = FalseLiquid Sensor = False
20111205_121235.624	clt	RoboSep_UserConsole.RoboSep_UserConsole_Load()	Info	RoboSep_UserConsole	Loading User Console
20111205_121235.644	clt	RoboSep_Splash.RoboSep_Splash()	Info	RoboSep_Splash	Initializing Splash Page
20111205_121235.699	clt	RoboSep_UserConsole.RoboSep_UserConsole_Load()	General	RoboSep_UserConsole	Starting GUI Thread
20111205_121235.705	clt	RoboSep_UserConsole.AttemptSeparatorConnection()	Info	RoboSep_UserConsole	Connecting...
20111205_121236.365	clt	RoboSep_UserDB.Robosep_UserDB()()	Debug	RoboSep_UserDB	Initializing UserDB
20111205_121236.412	clt	RoboSep_UserDB.GetProtocolsPath()	Debug	RoboSep_UserDB	output: C:\Program Files (x86)\STI\RoboSep\protocols\
20111205_121236.449	clt	RoboSep_UserDB.LoadAllProtocols()	Debug	RoboSep_UserDB	160protocols loaded
20111205_121236.453	clt	RoboSep_UserDB.XML_SaveUserConfig()	Info	RoboSep_UserDB	set user.db file to : User1.udb
20111205_121236.744	clt	RoboSep_UserDB.GetProtocolsPath()	Debug	RoboSep_UserDB	output: C:\Program Files (x86)\STI\RoboSep\protocols\
20111205_121236.755	clt	RoboSep_UserDB.XML_LoadRoboSepUserObject()	Debug	RoboSep_UserDB	Loaded Robosep User
20111205_121236.920	clt	RoboSep_UserConsole.AtReportInstrumentInformation()	Info	RoboSep_UserConsole	Get system information for About menu
20111205_121236.934	clt	RoboSep_UserConsole.AtBatchDurationUpdate()	Info	RoboSep_UserConsole	Estimated run completion = 01:00
20111205_121306.647	clt	RoboSep_UserConsole.ProgressSplash()	Info	RoboSep_UserConsole	Stopping Splash page
20111205_121306.705	clt	RoboSep_About.RoboSep_About()	Info	RoboSep_About	Initializing About user control
20111205_121306.799	clt	RoboSep_RunSamples.RoboSep_RunSamples()	Info	RoboSep_RunSamples	Initializing Run Samples user control
20111205_121306.880	clt	RoboSep_Splash.close()	Info	RoboSep_Splash	Closing Splash Page
20111205_121339.387	clt	RoboSep_RunSamples.btn_home_Click()	Info	RoboSep_RunSamples	Home button clicked
20111205_121340.560	clt	Form_Home.btn_close_Click()	Info	Form_Home	Close Window button clicked
20111205_121341.290	clt	RoboSep_ProtocolSelect.RoboSep_ProtocolSelect()	Info	RoboSep_ProtocolSelect	New Protocol Select user control generated
20111205_121341.377	clt	RoboSep_RunSamples.Protocol_Selection()	Info	RoboSep_RunSamples	Opening protocol selection for quadrant 1
20111205_121341.405	clt	RoboSep_ProtocolSelect.RoboSep_ProtocolSelect()	Info	RoboSep_ProtocolSelect	New Protocol Select user control generated
20111205_121341.443	clt	RoboSep_RunSamples.Protocol_Selection()	Info	RoboSep_RunSamples	Opening protocol selection for quadrant 1
20111205_121342.651	clt	RoboSep_RunSamples.addToRun()	Debug	RoboSep_RunSamples	Adding protocol 'Jasons Super Out Of This World Protocol' to run at quadrant0
20111205_121342.726	clt	NumberPad.NumberPad()	Debug	NumberPad	Opening New Number Pad window
20111205_121344.081	clt	NumberPad.validateEntry()	Debug	NumberPad	Volume: 3.000
20111205_121344.099	clt	RoboSep_UserConsole.AtBatchDurationUpdate()	Info	RoboSep_UserConsole	Estimated run completion = 01:00
20111205_121344.102	clt	RoboSep_UserConsole.SetSampleVolume()	Info	RoboSep_UserConsole	Quad: 1 Sample Vol 0.003
20111205_121344.166	clt	RoboSep_ProtocolSelect.SelectProtocol()	Info	RoboSep_ProtocolSelect	Adding protocol to current run
20111205_121344.171	clt	RoboSep_ProtocolSelect.button_Accept_Click()	Info	RoboSep_ProtocolSelect	Protocol Selected from User list
20111205_121344.204	clt	RoboSep_UserConsole.AtBatchDurationUpdate()	Info	RoboSep_UserConsole	Estimated run completion = 14:00
20111205_121344.793	clt	RoboSep_ProtocolSelect.RoboSep_ProtocolSelect()	Info	RoboSep_ProtocolSelect	New Protocol Select user control generated
20111205_121344.855	clt	RoboSep_RunSamples.Protocol_Selection()	Info	RoboSep_RunSamples	Opening protocol selection for quadrant 4
20111205_121344.885	clt	RoboSep_ProtocolSelect.RoboSep_ProtocolSelect()	Info	RoboSep_ProtocolSelect	New Protocol Select user control generated
20111205_121344.922	clt	RoboSep_RunSamples.Protocol_Selection()	Info	RoboSep_RunSamples	Opening protocol selection for quadrant 4
20111205_121346.328	clt	RoboSep_RunSamples.addToRun()	Debug	RoboSep_RunSamples	Adding protocol 'Jasons Super Out Of This World Protocol' to run at quadrant3
20111205_121346.385	clt	NumberPad.NumberPad()	Debug	NumberPad	Opening New Number Pad window
20111205_121347.264	clt	NumberPad.validateEntry()	Debug	NumberPad	Volume: 1.000
20111205_121347.275	clt	RoboSep_UserConsole.SetSampleVolume()	Info	RoboSep_UserConsole	Quad: 4 Sample Vol 0.001
20111205_121347.276	clt	RoboSep_UserConsole.AtBatchDurationUpdate()	Info	RoboSep_UserConsole	Estimated run completion = 01:00
20111205_121347.372	clt	RoboSep_ProtocolSelect.SelectProtocol()	Info	RoboSep_ProtocolSelect	Adding protocol to current run
20111205_121347.376	clt	RoboSep_ProtocolSelect.button_Accept_Click()	Info	RoboSep_ProtocolSelect	Protocol Selected from User list
20111205_121347.444	clt	RoboSep_UserConsole.AtBatchDurationUpdate()	Info	RoboSep_UserConsole	Estimated run completion = 25:00
20111205_121348.106	clt	RoboSep_RunSamples.button_RunSamples_Click()	Info	RoboSep_RunSamples	Run Samples button clicked
20111205_121348.127	clt	ProgressBar.ResetProgress()	Debug	ProgressBar	Reset Progress on ProgressBar
20111205_121349.937	clt	ProgressBar.ResetProgress()	Debug	ProgressBar	Reset Progress on ProgressBar
20111205_121350.663	clt	RoboSep_RunSamples.button_RunSamples_Click()	Debug	RoboSep_RunSamples	Scheduling run
20111205_121350.670	clt	RoboSep_UserDB.GetProtocolsPath()	Debug	RoboSep_UserDB	output: C:\Program Files (x86)\STI\RoboSep\protocols\
20111205_121350.672	clt	RoboSep_UserDB.getProtocolCommandList()	Debug	RoboSep_UserDB	returned 19commands
20111205_121350.674	clt	RoboSep_RunSamples.button_RunSamples_Click()	Debug	RoboSep_RunSamples	protocol: Jason Super Protocol.xml commands: 19
20111205_121350.698	clt	ProgressBar.ResetProgress()	Debug	ProgressBar	Reset Progress on ProgressBar
20111205_121350.724	clt	ProgressBar.ResetProgress()	Debug	ProgressBar	Reset Progress on ProgressBar
20111205_121350.749	clt	ProgressBar.ResetProgress()	Debug	ProgressBar	Reset Progress on ProgressBar
20111205_121350.774	clt	ProgressBar.ResetProgress()	Debug	ProgressBar	Reset Progress on ProgressBar
20111205_121350.799	clt	ProgressBar.ResetProgress()	Debug	ProgressBar	Reset Progress on ProgressBar
20111205_121350.934	clt	ProgressBar.ResetProgress()	Debug	ProgressBar	Reset Progress on ProgressBar
20111205_121350.940	clt	ProgressBar.setElements()	Debug	ProgressBar	ProgressBar set 1 steps
20111205_121350.944	clt	ProgressBar.ResetProgress()	Debug	ProgressBar	Reset Progress on ProgressBar
20111205_121350.974	clt	ProgressBar.setElements()	Debug	ProgressBar	ProgressBar set 19 steps
20111205_121350.977	clt	RoboSep_UserDB.GetProtocolsPath()	Debug	RoboSep_UserDB	output: C:\Program Files (x86)\STI\RoboSep\protocols\
20111205_121350.979	clt	RoboSep_UserDB.getProtocolCommandList()	Debug	RoboSep_UserDB	returned 19commands
20111205_121350.981	clt	RoboSep_RunSamples.button_RunSamples_Click()	Debug	RoboSep_RunSamples	protocol: Jason Super Protocol.xml commands: 19
20111205_121350.983	clt	ProgressBar.ResetProgress()	Debug	ProgressBar	Reset Progress on ProgressBar
20111205_121351.013	clt	ProgressBar.setElements()	Debug	ProgressBar	ProgressBar set 19 steps
20111205_121351.086	clt	RoboSep_Resources.RoboSep_Resources()	Info	RoboSep_Resources	Generating Robosep Resources user control
20111205_121351.179	clt	RoboSep_Resources.grabQuadrantResources()	Debug	RoboSep_Resources	Displaying quadrant 0 resources
20111205_121351.196	clt	RoboSep_Resources.grabQuadrantResources()	Debug	RoboSep_Resources	Loading resources from sharing protocols
20111205_121351.633	clt	ProgressBar.ResetProgress()	Debug	ProgressBar	Reset Progress on ProgressBar
20111205_121352.187	clt	RoboSep_RunSamples.CheckHydraulicFluid()	General	RoboSep_RunSamples	Start Separation run
20111205_121352.306	clt	RoboSep_Resources.buttonRun_Click()	Debug	RoboSep_Resources	Run Protocols button clicked
20111205_121352.348	clt	RoboSep_RunProgress.Start()	Info	RoboSep_RunProgress	 **INITIALIZING RUN
20111205_121438.843	clt	RoboSep_UserConsole.AtBatchDurationUpdate()	Info	RoboSep_UserConsole	Estimated run completion = 25:00
20111205_121443.089	clt	RoboSep_RunProgress.CheckForStatusUpdate()	Info	RoboSep_RunProgress	Progress Update: Q = 3 Step = 1 ID = 2 CMD = Transport
20111205_121443.098	clt	ProgressBar.MoveToStep()	Debug	ProgressBar	Progress bar ProgressBar to step 1
20111205_121512.502	clt	RoboSep_RunProgress.CheckForStatusUpdate()	Info	RoboSep_RunProgress	Progress Update: Q = 0 Step = 1 ID = 1 CMD = Transport
20111205_121512.509	clt	ProgressBar.MoveToStep()	Debug	ProgressBar	Progress bar ProgressBar to step 1
20111205_121541.895	clt	RoboSep_RunProgress.CheckForStatusUpdate()	Info	RoboSep_RunProgress	Progress Update: Q = 3 Step = 2 ID = 2 CMD = Mix
20111205_121541.900	clt	ProgressBar.MoveToStep()	Debug	ProgressBar	Progress bar ProgressBar to step 2
20111205_121618.928	clt	RoboSep_RunProgress.CheckForStatusUpdate()	Info	RoboSep_RunProgress	Progress Update: Q = 3 Step = 2 ID = 2 CMD = Incubate
20111205_121618.933	clt	ProgressBar.MoveToStep()	Debug	ProgressBar	Progress bar ProgressBar to step 3
20111205_121619.428	clt	RoboSep_RunProgress.CheckForStatusUpdate()	Info	RoboSep_RunProgress	Progress Update: Q = 0 Step = 2 ID = 1 CMD = Mix
20111205_121619.435	clt	ProgressBar.MoveToStep()	Debug	ProgressBar	Progress bar ProgressBar to step 2
20111205_121656.450	clt	RoboSep_RunProgress.CheckForStatusUpdate()	Info	RoboSep_RunProgress	Progress Update: Q = 3 Step = 4 ID = 2 CMD = Transport
20111205_121656.457	clt	ProgressBar.MoveToStep()	Debug	ProgressBar	Progress bar ProgressBar to step 4
20111205_121724.342	clt	RoboSep_RunProgress.CheckForStatusUpdate()	Info	RoboSep_RunProgress	Progress Update: Q = 3 Step = 4 ID = 2 CMD = Incubate
20111205_121724.347	clt	ProgressBar.MoveToStep()	Debug	ProgressBar	Progress bar ProgressBar to step 5
20111205_121724.858	clt	RoboSep_RunProgress.CheckForStatusUpdate()	Info	RoboSep_RunProgress	Progress Update: Q = 3 Step = 5 ID = 2 CMD = Mix
20111205_121724.863	clt	ProgressBar.MoveToStep()	Debug	ProgressBar	Progress bar ProgressBar to step 5
20111205_121801.872	clt	RoboSep_RunProgress.CheckForStatusUpdate()	Info	RoboSep_RunProgress	Progress Update: Q = 3 Step = 5 ID = 2 CMD = Incubate
20111205_121801.878	clt	ProgressBar.MoveToStep()	Debug	ProgressBar	Progress bar ProgressBar to step 6
20111205_121802.377	clt	RoboSep_RunProgress.CheckForStatusUpdate()	Info	RoboSep_RunProgress	Progress Update: Q = 0 Step = 4 ID = 1 CMD = Transport
20111205_121802.380	clt	ProgressBar.MoveToStep()	Debug	ProgressBar	Progress bar ProgressBar to step 4
20111205_121829.770	clt	RoboSep_RunProgress.CheckForStatusUpdate()	Info	RoboSep_RunProgress	Progress Update: Q = 3 Step = 7 ID = 2 CMD = TopUp Vial
20111205_121829.776	clt	ProgressBar.MoveToStep()	Debug	ProgressBar	Progress bar ProgressBar to step 7
20111205_121939.769	clt	RoboSep_RunProgress.CheckForStatusUpdate()	Info	RoboSep_RunProgress	Progress Update: Q = 0 Step = 5 ID = 1 CMD = Mix
20111205_121939.774	clt	ProgressBar.MoveToStep()	Debug	ProgressBar	Progress bar ProgressBar to step 5
20111205_122017.319	clt	RoboSep_RunProgress.CheckForStatusUpdate()	Info	RoboSep_RunProgress	Progress Update: Q = 0 Step = 5 ID = 1 CMD = Incubate
20111205_122017.325	clt	ProgressBar.MoveToStep()	Debug	ProgressBar	Progress bar ProgressBar to step 6
20111205_122017.823	clt	RoboSep_RunProgress.CheckForStatusUpdate()	Info	RoboSep_RunProgress	Progress Update: Q = 3 Step = 8 ID = 2 CMD = Mix
20111205_122017.826	clt	ProgressBar.MoveToStep()	Debug	ProgressBar	Progress bar ProgressBar to step 8
20111205_122054.845	clt	RoboSep_RunProgress.CheckForStatusUpdate()	Info	RoboSep_RunProgress	Progress Update: Q = 0 Step = 7 ID = 1 CMD = TopUp Vial
20111205_122054.852	clt	ProgressBar.MoveToStep()	Debug	ProgressBar	Progress bar ProgressBar to step 7
20111205_122204.841	clt	RoboSep_RunProgress.CheckForStatusUpdate()	Info	RoboSep_RunProgress	Progress Update: Q = 3 Step = 9 ID = 2 CMD = Transport
20111205_122204.847	clt	ProgressBar.MoveToStep()	Debug	ProgressBar	Progress bar ProgressBar to step 9
20111205_122314.829	clt	RoboSep_RunProgress.CheckForStatusUpdate()	Info	RoboSep_RunProgress	Progress Update: Q = 0 Step = 8 ID = 1 CMD = Mix
20111205_122314.835	clt	ProgressBar.MoveToStep()	Debug	ProgressBar	Progress bar ProgressBar to step 8
20111205_122351.861	clt	RoboSep_RunProgress.CheckForStatusUpdate()	Info	RoboSep_RunProgress	Progress Update: Q = 0 Step = 8 ID = 1 CMD = Separate
20111205_122351.869	clt	ProgressBar.MoveToStep()	Debug	ProgressBar	Progress bar ProgressBar to step 9
20111205_122352.355	clt	RoboSep_RunProgress.CheckForStatusUpdate()	Info	RoboSep_RunProgress	Progress Update: Q = 0 Step = 9 ID = 1 CMD = Transport
20111205_122352.359	clt	ProgressBar.MoveToStep()	Debug	ProgressBar	Progress bar ProgressBar to step 9
20111205_122502.384	clt	RoboSep_RunProgress.CheckForStatusUpdate()	Info	RoboSep_RunProgress	Progress Update: Q = 3 Step = 11 ID = 2 CMD = Transport
20111205_122502.390	clt	ProgressBar.MoveToStep()	Debug	ProgressBar	Progress bar ProgressBar to step 11
20111205_122612.909	clt	RoboSep_RunProgress.CheckForStatusUpdate()	Info	RoboSep_RunProgress	Progress Update: Q = 3 Step = 12 ID = 2 CMD = Resuspend
20111205_122612.914	clt	ProgressBar.MoveToStep()	Debug	ProgressBar	Progress bar ProgressBar to step 12
20111205_122639.789	clt	RoboSep_RunProgress.CheckForStatusUpdate()	Info	RoboSep_RunProgress	Progress Update: Q = 3 Step = 12 ID = 2 CMD = Separate
20111205_122639.794	clt	ProgressBar.MoveToStep()	Debug	ProgressBar	Progress bar ProgressBar to step 13
20111205_122722.894	clt	RoboSep_RunProgress.CheckForStatusUpdate()	Info	RoboSep_RunProgress	Progress Update: Q = 0 Step = 11 ID = 1 CMD = Transport
20111205_122722.899	clt	ProgressBar.MoveToStep()	Debug	ProgressBar	Progress bar ProgressBar to step 11
20111205_122832.881	clt	RoboSep_RunProgress.CheckForStatusUpdate()	Info	RoboSep_RunProgress	Progress Update: Q = 3 Step = 13 ID = 2 CMD = Mix
20111205_122832.889	clt	ProgressBar.MoveToStep()	Debug	ProgressBar	Progress bar ProgressBar to step 13
20111205_122910.450	clt	RoboSep_RunProgress.CheckForStatusUpdate()	Info	RoboSep_RunProgress	Progress Update: Q = 0 Step = 12 ID = 1 CMD = Resuspend
20111205_122910.456	clt	ProgressBar.MoveToStep()	Debug	ProgressBar	Progress bar ProgressBar to step 12
20111205_123020.465	clt	RoboSep_RunProgress.CheckForStatusUpdate()	Info	RoboSep_RunProgress	Progress Update: Q = 0 Step = 13 ID = 1 CMD = Mix
20111205_123020.470	clt	ProgressBar.MoveToStep()	Debug	ProgressBar	Progress bar ProgressBar to step 13
20111205_123045.313	clt	RoboSep_RunProgress.CheckForStatusUpdate()	Info	RoboSep_RunProgress	Progress Update: Q = 0 Step = 13 ID = 1 CMD = Separate
20111205_123045.324	clt	ProgressBar.MoveToStep()	Debug	ProgressBar	Progress bar ProgressBar to step 14
20111205_123057.504	clt	RoboSep_RunProgress.CheckForStatusUpdate()	Info	RoboSep_RunProgress	Progress Update: Q = 3 Step = 15 ID = 2 CMD = Transport
20111205_123057.507	clt	ProgressBar.MoveToStep()	Debug	ProgressBar	Progress bar ProgressBar to step 15
20111205_123207.975	clt	RoboSep_RunProgress.CheckForStatusUpdate()	Info	RoboSep_RunProgress	Progress Update: Q = 3 Step = 16 ID = 2 CMD = Resuspend
20111205_123207.980	clt	ProgressBar.MoveToStep()	Debug	ProgressBar	Progress bar ProgressBar to step 16
20111205_123234.852	clt	RoboSep_RunProgress.CheckForStatusUpdate()	Info	RoboSep_RunProgress	Progress Update: Q = 3 Step = 16 ID = 2 CMD = Separate
20111205_123234.857	clt	ProgressBar.MoveToStep()	Debug	ProgressBar	Progress bar ProgressBar to step 17
20111205_123317.993	clt	RoboSep_RunProgress.CheckForStatusUpdate()	Info	RoboSep_RunProgress	Progress Update: Q = 0 Step = 15 ID = 1 CMD = Transport
20111205_123317.999	clt	ProgressBar.MoveToStep()	Debug	ProgressBar	Progress bar ProgressBar to step 15
20111205_123427.991	clt	RoboSep_RunProgress.CheckForStatusUpdate()	Info	RoboSep_RunProgress	Progress Update: Q = 3 Step = 17 ID = 2 CMD = Mix
20111205_123427.997	clt	ProgressBar.MoveToStep()	Debug	ProgressBar	Progress bar ProgressBar to step 17
20111205_123505.498	clt	RoboSep_RunProgress.CheckForStatusUpdate()	Info	RoboSep_RunProgress	Progress Update: Q = 0 Step = 16 ID = 1 CMD = Resuspend
20111205_123505.504	clt	ProgressBar.MoveToStep()	Debug	ProgressBar	Progress bar ProgressBar to step 16
20111205_123615.474	clt	RoboSep_RunProgress.CheckForStatusUpdate()	Info	RoboSep_RunProgress	Progress Update: Q = 0 Step = 17 ID = 1 CMD = Mix
20111205_123615.480	clt	ProgressBar.MoveToStep()	Debug	ProgressBar	Progress bar ProgressBar to step 17
20111205_123641.337	clt	RoboSep_RunProgress.CheckForStatusUpdate()	Info	RoboSep_RunProgress	Progress Update: Q = 0 Step = 17 ID = 1 CMD = Separate
20111205_123641.342	clt	ProgressBar.MoveToStep()	Debug	ProgressBar	Progress bar ProgressBar to step 18
20111205_123653.013	clt	RoboSep_RunProgress.CheckForStatusUpdate()	Info	RoboSep_RunProgress	Progress Update: Q = 0 Step = 18 ID = 1 CMD = Separate
20111205_123653.017	clt	ProgressBar.MoveToStep()	Debug	ProgressBar	Progress bar ProgressBar to step 19
20111205_123653.524	clt	RoboSep_RunProgress.CheckForStatusUpdate()	Info	RoboSep_RunProgress	Progress Update: Q = 3 Step = 19 ID = 2 CMD = Transport
20111205_123653.528	clt	ProgressBar.MoveToStep()	Debug	ProgressBar	Progress bar ProgressBar to step 19
20111205_123759.479	clt	ProgressBar.AllCompleted()	Debug	ProgressBar	ProgressBar COMPLETED! 
20111205_123800.487	clt	ProgressBar.AllCompleted()	Debug	ProgressBar	ProgressBar COMPLETED! 
20111205_123803.047	clt	RoboSep_RunProgress.CheckForStatusUpdate()	Info	RoboSep_RunProgress	Progress Update: Q = 0 Step = 19 ID = 1 CMD = Transport
20111205_123803.051	clt	ProgressBar.MoveToStep()	Debug	ProgressBar	Progress bar ProgressBar to step 19
20111205_123826.499	clt	ProgressBar.ResetProgress()	Debug	ProgressBar	Reset Progress on ProgressBar
20111205_123827.538	clt	ProgressBar.ResetProgress()	Debug	ProgressBar	Reset Progress on ProgressBar
20111205_123827.605	clt	ProgressBar.ResetProgress()	Debug	ProgressBar	Reset Progress on ProgressBar
20111205_123827.610	clt	ProgressBar.setElements()	Debug	ProgressBar	ProgressBar set 1 steps
20111205_123827.616	clt	QuadrantInfo.Clear()	Info	QuadrantInfo	Quadrant info Cleared
20111205_123827.618	clt	QuadrantInfo.Clear()	Info	QuadrantInfo	Quadrant info Cleared
20111205_123827.620	clt	QuadrantInfo.Clear()	Info	QuadrantInfo	Quadrant info Cleared
20111205_123827.622	clt	QuadrantInfo.Clear()	Info	QuadrantInfo	Quadrant info Cleared
20111205_123827.624	clt	RoboSep_RunSamples.Unload()	Info	RoboSep_RunSamples	Clearing all selected protocols
20111205_123827.629	clt	ProgressBar.ResetProgress()	Debug	ProgressBar	Reset Progress on ProgressBar
