RoboSep UI Log File
Created: 20111213_094214.013

20111213_094214.020	clt	RoboSep_UserConsole.RoboSep_UserConsole()	General	RoboSep_UserConsole	Initializing User Console
20111213_094214.085	clt	Form_Home.Form_Home()	Info	Form_Home	Creating new Form_Home
20111213_094215.927	clt	RoboSep_UserConsole.grabSystemOptions()	Info	RoboSep_UserConsole	Get Sys Options: Lid Sensor = TrueLiquid Sensor = True
20111213_094215.948	clt	RoboSep_UserConsole.RoboSep_UserConsole_Load()	Info	RoboSep_UserConsole	Loading User Console
20111213_094215.978	clt	RoboSep_Splash.RoboSep_Splash()	Info	RoboSep_Splash	Initializing Splash Page
20111213_094216.063	clt	RoboSep_UserConsole.RoboSep_UserConsole_Load()	General	RoboSep_UserConsole	Starting GUI Thread
20111213_094217.169	clt	RoboSep_UserDB.Robosep_UserDB()()	Debug	RoboSep_UserDB	Initializing UserDB
20111213_094217.214	clt	RoboSep_UserDB.GetProtocolsPath()	Debug	RoboSep_UserDB	output: C:\Program Files (x86)\STI\RoboSep\protocols\
20111213_094217.260	clt	RoboSep_UserDB.LoadAllProtocols()	Debug	RoboSep_UserDB	160protocols loaded
20111213_094217.388	clt	RoboSep_UserDB.XML_SaveUserConfig()	Info	RoboSep_UserDB	set user.db file to : User1.udb
20111213_094217.747	clt	RoboSep_UserDB.GetProtocolsPath()	Debug	RoboSep_UserDB	output: C:\Program Files (x86)\STI\RoboSep\protocols\
20111213_094217.918	clt	RoboSep_UserDB.XML_LoadRoboSepUserObject()	Debug	RoboSep_UserDB	Loaded Robosep User
20111213_094217.945	clt	RoboSep_UserConsole.AtReportInstrumentInformation()	Info	RoboSep_UserConsole	Get system information for About menu
20111213_094217.955	clt	RoboSep_UserConsole.AtBatchDurationUpdate()	Info	RoboSep_UserConsole	Estimated run completion = 01:00
20111213_094247.527	clt	RoboSep_UserConsole.ProgressSplash()	Info	RoboSep_UserConsole	Stopping Splash page
20111213_094247.584	clt	RoboSep_About.RoboSep_About()	Info	RoboSep_About	Initializing About user control
20111213_094247.674	clt	RoboSep_RunSamples.RoboSep_RunSamples()	Info	RoboSep_RunSamples	Initializing Run Samples user control
20111213_094247.758	clt	RoboSep_Splash.close()	Info	RoboSep_Splash	Closing Splash Page
20111213_094551.532	clt	RoboSep_ProtocolSelect.RoboSep_ProtocolSelect()	Info	RoboSep_ProtocolSelect	New Protocol Select user control generated
20111213_094551.621	clt	RoboSep_RunSamples.Protocol_Selection()	Info	RoboSep_RunSamples	Opening protocol selection for quadrant 1
20111213_094553.507	clt	RoboSep_RunSamples.addToRun()	Debug	RoboSep_RunSamples	Adding protocol 'Human T Cell Negative Selection 19051' to run at quadrant0
20111213_094553.586	clt	NumberPad.NumberPad()	Debug	NumberPad	Opening New Number Pad window
20111213_094554.283	clt	NumberPad.validateEntry()	Debug	NumberPad	Volume: 1.000
20111213_094554.308	clt	RoboSep_UserConsole.AtBatchDurationUpdate()	Info	RoboSep_UserConsole	Estimated run completion = 01:00
20111213_094554.437	clt	RoboSep_ProtocolSelect.SelectProtocol()	Info	RoboSep_ProtocolSelect	Adding protocol to current run
20111213_094554.444	clt	RoboSep_ProtocolSelect.button_Accept_Click()	Info	RoboSep_ProtocolSelect	Protocol Selected from User list
20111213_094554.800	clt	RoboSep_UserConsole.AtBatchDurationUpdate()	Info	RoboSep_UserConsole	Estimated run completion = 27:00
20111213_094555.442	clt	RoboSep_ProtocolSelect.RoboSep_ProtocolSelect()	Info	RoboSep_ProtocolSelect	New Protocol Select user control generated
20111213_094555.505	clt	RoboSep_RunSamples.Protocol_Selection()	Info	RoboSep_RunSamples	Opening protocol selection for quadrant 2
20111213_094555.536	clt	RoboSep_ProtocolSelect.RoboSep_ProtocolSelect()	Info	RoboSep_ProtocolSelect	New Protocol Select user control generated
20111213_094555.578	clt	RoboSep_RunSamples.Protocol_Selection()	Info	RoboSep_RunSamples	Opening protocol selection for quadrant 2
20111213_094558.288	clt	RoboSep_RunSamples.addToRun()	Debug	RoboSep_RunSamples	Adding protocol 'Human CD4+ T Cell Negative Selection 19052' to run at quadrant1
20111213_094558.349	clt	NumberPad.NumberPad()	Debug	NumberPad	Opening New Number Pad window
20111213_094559.002	clt	NumberPad.validateEntry()	Debug	NumberPad	Volume: 2.000
20111213_094559.021	clt	RoboSep_UserConsole.SetSampleVolume()	Info	RoboSep_UserConsole	Quad: 2 Sample Vol 0.002
20111213_094559.024	clt	RoboSep_UserConsole.AtBatchDurationUpdate()	Info	RoboSep_UserConsole	Estimated run completion = 01:00
20111213_094559.086	clt	RoboSep_ProtocolSelect.SelectProtocol()	Info	RoboSep_ProtocolSelect	Adding protocol to current run
20111213_094559.093	clt	RoboSep_ProtocolSelect.button_Accept_Click()	Info	RoboSep_ProtocolSelect	Protocol Selected from User list
20111213_094559.110	clt	RoboSep_UserConsole.AtBatchDurationUpdate()	Info	RoboSep_UserConsole	Estimated run completion = 35:00
20111213_094600.114	clt	RoboSep_RunSamples.button_RunSamples_Click()	Info	RoboSep_RunSamples	Run Samples button clicked
20111213_094600.143	clt	ProgressBar.ResetProgress()	Debug	ProgressBar	Reset Progress on ProgressBar
20111213_094601.048	clt	RoboSep_RunSamples.button_RunSamples_Click()	Debug	RoboSep_RunSamples	Scheduling run
20111213_094601.058	clt	RoboSep_UserDB.GetProtocolsPath()	Debug	RoboSep_UserDB	output: C:\Program Files (x86)\STI\RoboSep\protocols\
20111213_094601.067	clt	RoboSep_UserDB.getProtocolCommandList()	Debug	RoboSep_UserDB	returned 12commands
20111213_094601.071	clt	RoboSep_RunSamples.button_RunSamples_Click()	Debug	RoboSep_RunSamples	protocol: Human T Cell Negative Selection 19051.xml commands: 12
20111213_094601.100	clt	ProgressBar.ResetProgress()	Debug	ProgressBar	Reset Progress on ProgressBar
20111213_094601.129	clt	ProgressBar.ResetProgress()	Debug	ProgressBar	Reset Progress on ProgressBar
20111213_094601.158	clt	ProgressBar.ResetProgress()	Debug	ProgressBar	Reset Progress on ProgressBar
20111213_094601.185	clt	ProgressBar.ResetProgress()	Debug	ProgressBar	Reset Progress on ProgressBar
20111213_094601.212	clt	ProgressBar.ResetProgress()	Debug	ProgressBar	Reset Progress on ProgressBar
20111213_094601.351	clt	ProgressBar.ResetProgress()	Debug	ProgressBar	Reset Progress on ProgressBar
20111213_094601.364	clt	ProgressBar.setElements()	Debug	ProgressBar	ProgressBar set 1 steps
20111213_094601.373	clt	ProgressBar.ResetProgress()	Debug	ProgressBar	Reset Progress on ProgressBar
20111213_094601.396	clt	ProgressBar.setElements()	Debug	ProgressBar	ProgressBar set 12 steps
20111213_094601.403	clt	RoboSep_UserDB.GetProtocolsPath()	Debug	RoboSep_UserDB	output: C:\Program Files (x86)\STI\RoboSep\protocols\
20111213_094601.412	clt	RoboSep_UserDB.getProtocolCommandList()	Debug	RoboSep_UserDB	returned 12commands
20111213_094601.416	clt	RoboSep_RunSamples.button_RunSamples_Click()	Debug	RoboSep_RunSamples	protocol: Human CD4+ T Cell Negative Selection 19052.xml commands: 12
20111213_094601.422	clt	ProgressBar.ResetProgress()	Debug	ProgressBar	Reset Progress on ProgressBar
20111213_094601.445	clt	ProgressBar.setElements()	Debug	ProgressBar	ProgressBar set 12 steps
20111213_094601.518	clt	RoboSep_Resources.RoboSep_Resources()	Info	RoboSep_Resources	Generating Robosep Resources user control
20111213_094601.608	clt	RoboSep_Resources.grabQuadrantResources()	Debug	RoboSep_Resources	Displaying quadrant 0 resources
20111213_094601.631	clt	RoboSep_Resources.grabQuadrantResources()	Debug	RoboSep_Resources	Loading resources from sharing protocols
20111213_094603.098	clt	ProgressBar.ResetProgress()	Debug	ProgressBar	Reset Progress on ProgressBar
20111213_094604.484	clt	RoboSep_RunSamples.CheckHydraulicFluid()	General	RoboSep_RunSamples	Start Separation run
20111213_094604.598	clt	RoboSep_Resources.buttonRun_Click()	Debug	RoboSep_Resources	Run Protocols button clicked
20111213_094604.606	clt	RoboSep_RunProgress.Start()	Info	RoboSep_RunProgress	 **INITIALIZING RUN
20111213_094651.928	clt	RoboSep_UserConsole.AtBatchDurationUpdate()	Info	RoboSep_UserConsole	Estimated run completion = 36:00
20111213_094656.392	clt	ProgressBar.MoveToStep()	Debug	ProgressBar	Progress bar ProgressBar to step 0
20111213_094656.403	clt	RoboSep_RunProgress.pollProgressUpdate()	Info	RoboSep_RunProgress	Progress Update: Q = 1 Step = 0 ID = 1 CMD = Initializing
20111213_094725.831	clt	ProgressBar.MoveToStep()	Debug	ProgressBar	Progress bar ProgressBar to step 1
20111213_094725.851	clt	RoboSep_RunProgress.pollProgressUpdate()	Info	RoboSep_RunProgress	Progress Update: Q = 1 Step = 1 ID = 1 CMD = Transport
20111213_094802.842	clt	ProgressBar.MoveToStep()	Debug	ProgressBar	Progress bar ProgressBar to step 2
20111213_094802.871	clt	RoboSep_RunProgress.pollProgressUpdate()	Info	RoboSep_RunProgress	Progress Update: Q = 1 Step = 2 ID = 1 CMD = Mix
20111213_095036.798	clt	ProgressBar.ResetProgress()	Debug	ProgressBar	Reset Progress on ProgressBar
20111213_095038.047	clt	ProgressBar.ResetProgress()	Debug	ProgressBar	Reset Progress on ProgressBar
20111213_095314.609	clt	ProgressBar.MoveToStep()	Debug	ProgressBar	Progress bar ProgressBar to step 0
20111213_095314.616	clt	RoboSep_RunProgress.pollProgressUpdate()	Info	RoboSep_RunProgress	Progress Update: Q = 0 Step = 0 ID = 0 CMD = Incubate
20111213_095344.022	clt	ProgressBar.MoveToStep()	Debug	ProgressBar	Progress bar ProgressBar to step 1
20111213_095344.040	clt	RoboSep_RunProgress.pollProgressUpdate()	Info	RoboSep_RunProgress	Progress Update: Q = 0 Step = 1 ID = 0 CMD = Transport
20111213_095421.045	clt	ProgressBar.MoveToStep()	Debug	ProgressBar	Progress bar ProgressBar to step 2
20111213_095421.076	clt	RoboSep_RunProgress.pollProgressUpdate()	Info	RoboSep_RunProgress	Progress Update: Q = 0 Step = 2 ID = 0 CMD = Mix
