RoboSep UI Log File
Created: 20111208_182523.757

20111208_182523.760	clt	RoboSep_UserConsole.RoboSep_UserConsole()	General	RoboSep_UserConsole	Initializing User Console
20111208_182523.812	clt	Form_Home.Form_Home()	Info	Form_Home	Creating new Form_Home
20111208_182526.453	clt	RoboSep_UserConsole.grabSystemOptions()	Info	RoboSep_UserConsole	Get Sys Options: Lid Sensor = TrueLiquid Sensor = True
20111208_182526.479	clt	RoboSep_UserConsole.RoboSep_UserConsole_Load()	Info	RoboSep_UserConsole	Loading User Console
20111208_182526.639	clt	RoboSep_Splash.RoboSep_Splash()	Info	RoboSep_Splash	Initializing Splash Page
20111208_182526.713	clt	RoboSep_UserConsole.RoboSep_UserConsole_Load()	General	RoboSep_UserConsole	Starting GUI Thread
20111208_182526.719	clt	RoboSep_UserConsole.AttemptSeparatorConnection()	Info	RoboSep_UserConsole	Connecting...
20111208_182527.771	clt	RoboSep_UserDB.Robosep_UserDB()()	Debug	RoboSep_UserDB	Initializing UserDB
20111208_182527.934	clt	RoboSep_UserDB.GetProtocolsPath()	Debug	RoboSep_UserDB	output: C:\Program Files (x86)\STI\RoboSep\protocols\
20111208_182528.027	clt	RoboSep_UserConsole.AtReportInstrumentInformation()	Info	RoboSep_UserConsole	Get system information for About menu
20111208_182528.040	clt	RoboSep_UserConsole.AtBatchDurationUpdate()	Info	RoboSep_UserConsole	Estimated run completion = 01:00
20111208_182528.597	clt	RoboSep_UserDB.LoadAllProtocols()	Debug	RoboSep_UserDB	160protocols loaded
20111208_182528.602	clt	RoboSep_UserDB.XML_SaveUserConfig()	Info	RoboSep_UserDB	set user.db file to : User1.udb
20111208_182528.912	clt	RoboSep_UserDB.GetProtocolsPath()	Debug	RoboSep_UserDB	output: C:\Program Files (x86)\STI\RoboSep\protocols\
20111208_182528.924	clt	RoboSep_UserDB.XML_LoadRoboSepUserObject()	Debug	RoboSep_UserDB	Loaded Robosep User
20111208_182557.634	clt	RoboSep_UserConsole.ProgressSplash()	Info	RoboSep_UserConsole	Stopping Splash page
20111208_182557.698	clt	RoboSep_About.RoboSep_About()	Info	RoboSep_About	Initializing About user control
20111208_182557.798	clt	RoboSep_RunSamples.RoboSep_RunSamples()	Info	RoboSep_RunSamples	Initializing Run Samples user control
20111208_182557.879	clt	RoboSep_Splash.close()	Info	RoboSep_Splash	Closing Splash Page
20111208_182608.438	clt	RoboSep_RunSamples.btn_home_Click()	Info	RoboSep_RunSamples	Home button clicked
20111208_182608.999	clt	RoboSep_System.RoboSep_System()	Info	RoboSep_System	Initializing System user control
20111208_182609.062	clt	Form_Home.hex_system_Click()	Info	Form_Home	System button clicked
20111208_182621.203	clt	ProgressBar.ResetProgress()	Debug	ProgressBar	Reset Progress on ProgressBar
20111208_182622.199	clt	ProgressBar.ResetProgress()	Debug	ProgressBar	Reset Progress on ProgressBar
20111208_182629.266	clt	FileBrowser.FileBrowser()	Info	FileBrowser	Start Dir: F:\File Location: C:\Program Files (x86)\STI\RoboSep\ZippedFiles\20111208_1826_repLog.zipmode: SelectTargetDir
20111208_182629.287	clt	FileBrowser.LoadDirectory()	Debug	FileBrowser	Loading Directory 'F:\
20111208_182633.354	clt	ProgressBar.ResetProgress()	Debug	ProgressBar	Reset Progress on ProgressBar
