RoboSep UI Log File
Created: 20111208_183201.565

20111208_183201.568	clt	RoboSep_UserConsole.RoboSep_UserConsole()	General	RoboSep_UserConsole	Initializing User Console
20111208_183201.614	clt	Form_Home.Form_Home()	Info	Form_Home	Creating new Form_Home
20111208_183203.521	clt	RoboSep_UserConsole.grabSystemOptions()	Info	RoboSep_UserConsole	Get Sys Options: Lid Sensor = TrueLiquid Sensor = True
20111208_183203.551	clt	RoboSep_UserConsole.RoboSep_UserConsole_Load()	Info	RoboSep_UserConsole	Loading User Console
20111208_183203.573	clt	RoboSep_Splash.RoboSep_Splash()	Info	RoboSep_Splash	Initializing Splash Page
20111208_183203.632	clt	RoboSep_UserConsole.RoboSep_UserConsole_Load()	General	RoboSep_UserConsole	Starting GUI Thread
20111208_183203.635	clt	RoboSep_UserConsole.AttemptSeparatorConnection()	Info	RoboSep_UserConsole	Connecting...
20111208_183204.521	clt	RoboSep_UserDB.Robosep_UserDB()()	Debug	RoboSep_UserDB	Initializing UserDB
20111208_183204.657	clt	RoboSep_UserDB.GetProtocolsPath()	Debug	RoboSep_UserDB	output: C:\Program Files (x86)\STI\RoboSep\protocols\
20111208_183204.704	clt	RoboSep_UserDB.LoadAllProtocols()	Debug	RoboSep_UserDB	160protocols loaded
20111208_183204.750	clt	RoboSep_UserDB.XML_SaveUserConfig()	Info	RoboSep_UserDB	set user.db file to : User1.udb
20111208_183205.122	clt	RoboSep_UserDB.GetProtocolsPath()	Debug	RoboSep_UserDB	output: C:\Program Files (x86)\STI\RoboSep\protocols\
20111208_183205.133	clt	RoboSep_UserDB.XML_LoadRoboSepUserObject()	Debug	RoboSep_UserDB	Loaded Robosep User
20111208_183207.782	clt	RoboSep_UserConsole.AtReportInstrumentInformation()	Info	RoboSep_UserConsole	Get system information for About menu
20111208_183207.896	clt	RoboSep_UserConsole.AtBatchDurationUpdate()	Info	RoboSep_UserConsole	Estimated run completion = 01:00
20111208_183237.098	clt	RoboSep_UserConsole.ProgressSplash()	Info	RoboSep_UserConsole	Stopping Splash page
20111208_183237.167	clt	RoboSep_About.RoboSep_About()	Info	RoboSep_About	Initializing About user control
20111208_183237.275	clt	RoboSep_RunSamples.RoboSep_RunSamples()	Info	RoboSep_RunSamples	Initializing Run Samples user control
20111208_183237.363	clt	RoboSep_Splash.close()	Info	RoboSep_Splash	Closing Splash Page
20111208_183240.494	clt	RoboSep_RunSamples.btn_home_Click()	Info	RoboSep_RunSamples	Home button clicked
20111208_183241.342	clt	RoboSep_System.RoboSep_System()	Info	RoboSep_System	Initializing System user control
20111208_183241.403	clt	Form_Home.hex_system_Click()	Info	Form_Home	System button clicked
20111208_183242.757	clt	ProgressBar.ResetProgress()	Debug	ProgressBar	Reset Progress on ProgressBar
20111208_183243.457	clt	ProgressBar.ResetProgress()	Debug	ProgressBar	Reset Progress on ProgressBar
20111208_183246.456	clt	FileBrowser.FileBrowser()	Info	FileBrowser	Start Dir: F:\File Location: C:\Program Files (x86)\STI\RoboSep\ZippedFiles\20111208_1832_repLog.zipmode: SelectTargetDir
20111208_183246.480	clt	FileBrowser.LoadDirectory()	Debug	FileBrowser	Loading Directory 'F:\
20111208_183247.878	clt	ProgressBar.ResetProgress()	Debug	ProgressBar	Reset Progress on ProgressBar
20111208_183249.552	clt	FileBrowser.button_OK_Click()	Info	FileBrowser	Ok button clicked
20111208_183257.819	clt	RoboSep_System.btn_home_Click()	Info	RoboSep_System	Home button clicked
20111208_183314.997	clt	Form_Home.btn_close_Click()	Info	Form_Home	Close Window button clicked
20111208_183317.769	clt	RoboSep_System.btn_home_Click()	Info	RoboSep_System	Home button clicked
20111208_183319.376	clt	Form_Home.hex_sampling_Click()	Info	Form_Home	Run Sample button clicked
20111208_183323.658	clt	RoboSep_RunSamples.btn_home_Click()	Info	RoboSep_RunSamples	Home button clicked
20111208_183324.659	clt	Form_Home.btn_close_Click()	Info	Form_Home	Close Window button clicked
