RoboSep UI Log File
Created: 20111205_173653.281

20111205_173653.283	clt	RoboSep_UserConsole.RoboSep_UserConsole()	General	RoboSep_UserConsole	Initializing User Console
20111205_173653.329	clt	Form_Home.Form_Home()	Info	Form_Home	Creating new Form_Home
20111205_173654.907	clt	RoboSep_UserConsole.grabSystemOptions()	Info	RoboSep_UserConsole	Get Sys Options: Lid Sensor = FalseLiquid Sensor = False
20111205_173654.922	clt	RoboSep_UserConsole.RoboSep_UserConsole_Load()	Info	RoboSep_UserConsole	Loading User Console
20111205_173654.942	clt	RoboSep_Splash.RoboSep_Splash()	Info	RoboSep_Splash	Initializing Splash Page
20111205_173654.998	clt	RoboSep_UserConsole.RoboSep_UserConsole_Load()	General	RoboSep_UserConsole	Starting GUI Thread
20111205_173655.020	clt	RoboSep_UserConsole.AttemptSeparatorConnection()	Info	RoboSep_UserConsole	Connecting...
20111205_173655.727	clt	RoboSep_UserDB.Robosep_UserDB()()	Debug	RoboSep_UserDB	Initializing UserDB
20111205_173655.775	clt	RoboSep_UserDB.GetProtocolsPath()	Debug	RoboSep_UserDB	output: C:\Program Files (x86)\STI\RoboSep\protocols\
20111205_173655.812	clt	RoboSep_UserDB.LoadAllProtocols()	Debug	RoboSep_UserDB	160protocols loaded
20111205_173655.815	clt	RoboSep_UserDB.XML_SaveUserConfig()	Info	RoboSep_UserDB	set user.db file to : User1.udb
20111205_173656.114	clt	RoboSep_UserDB.GetProtocolsPath()	Debug	RoboSep_UserDB	output: C:\Program Files (x86)\STI\RoboSep\protocols\
20111205_173656.125	clt	RoboSep_UserDB.XML_LoadRoboSepUserObject()	Debug	RoboSep_UserDB	Loaded Robosep User
20111205_173656.304	clt	RoboSep_UserConsole.AtReportInstrumentInformation()	Info	RoboSep_UserConsole	Get system information for About menu
20111205_173656.317	clt	RoboSep_UserConsole.AtBatchDurationUpdate()	Info	RoboSep_UserConsole	Estimated run completion = 01:00
20111205_173725.952	clt	RoboSep_UserConsole.ProgressSplash()	Info	RoboSep_UserConsole	Stopping Splash page
20111205_173726.007	clt	RoboSep_About.RoboSep_About()	Info	RoboSep_About	Initializing About user control
20111205_173726.098	clt	RoboSep_RunSamples.RoboSep_RunSamples()	Info	RoboSep_RunSamples	Initializing Run Samples user control
20111205_173726.188	clt	RoboSep_Splash.close()	Info	RoboSep_Splash	Closing Splash Page
20111205_173731.045	clt	RoboSep_ProtocolSelect.RoboSep_ProtocolSelect()	Info	RoboSep_ProtocolSelect	New Protocol Select user control generated
20111205_173731.134	clt	RoboSep_RunSamples.Protocol_Selection()	Info	RoboSep_RunSamples	Opening protocol selection for quadrant 4
20111205_173731.161	clt	RoboSep_ProtocolSelect.RoboSep_ProtocolSelect()	Info	RoboSep_ProtocolSelect	New Protocol Select user control generated
20111205_173731.205	clt	RoboSep_RunSamples.Protocol_Selection()	Info	RoboSep_RunSamples	Opening protocol selection for quadrant 4
20111205_173738.314	clt	RoboSep_RunSamples.addToRun()	Debug	RoboSep_RunSamples	Adding protocol 'Jasons Super Out Of This World Protocol' to run at quadrant3
20111205_173738.388	clt	NumberPad.NumberPad()	Debug	NumberPad	Opening New Number Pad window
20111205_173739.607	clt	NumberPad.validateEntry()	Debug	NumberPad	Volume: 3.000
20111205_173739.626	clt	RoboSep_UserConsole.AtBatchDurationUpdate()	Info	RoboSep_UserConsole	Estimated run completion = 01:00
20111205_173739.630	clt	RoboSep_UserConsole.SetSampleVolume()	Info	RoboSep_UserConsole	Quad: 4 Sample Vol 0.003
20111205_173739.722	clt	RoboSep_ProtocolSelect.SelectProtocol()	Info	RoboSep_ProtocolSelect	Adding protocol to current run
20111205_173739.727	clt	RoboSep_ProtocolSelect.button_Accept_Click()	Info	RoboSep_ProtocolSelect	Protocol Selected from User list
20111205_173739.752	clt	RoboSep_UserConsole.AtBatchDurationUpdate()	Info	RoboSep_UserConsole	Estimated run completion = 14:00
20111205_173740.351	clt	RoboSep_ProtocolSelect.RoboSep_ProtocolSelect()	Info	RoboSep_ProtocolSelect	New Protocol Select user control generated
20111205_173740.416	clt	RoboSep_RunSamples.Protocol_Selection()	Info	RoboSep_RunSamples	Opening protocol selection for quadrant 1
20111205_173740.444	clt	RoboSep_ProtocolSelect.RoboSep_ProtocolSelect()	Info	RoboSep_ProtocolSelect	New Protocol Select user control generated
20111205_173740.486	clt	RoboSep_RunSamples.Protocol_Selection()	Info	RoboSep_RunSamples	Opening protocol selection for quadrant 1
20111205_173743.549	clt	RoboSep_RunSamples.addToRun()	Debug	RoboSep_RunSamples	Adding protocol 'Human CD4+ T Cell Negative Selection 19052' to run at quadrant0
20111205_173743.608	clt	NumberPad.NumberPad()	Debug	NumberPad	Opening New Number Pad window
20111205_173744.613	clt	NumberPad.validateEntry()	Debug	NumberPad	Volume: 3.000
20111205_173744.626	clt	RoboSep_UserConsole.SetSampleVolume()	Info	RoboSep_UserConsole	Quad: 1 Sample Vol 0.003
20111205_173744.626	clt	RoboSep_UserConsole.AtBatchDurationUpdate()	Info	RoboSep_UserConsole	Estimated run completion = 01:00
20111205_173744.716	clt	RoboSep_ProtocolSelect.SelectProtocol()	Info	RoboSep_ProtocolSelect	Adding protocol to current run
20111205_173744.721	clt	RoboSep_ProtocolSelect.button_Accept_Click()	Info	RoboSep_ProtocolSelect	Protocol Selected from User list
20111205_173744.758	clt	RoboSep_UserConsole.AtBatchDurationUpdate()	Info	RoboSep_UserConsole	Estimated run completion = 34:00
20111205_173745.343	clt	RoboSep_RunSamples.button_RunSamples_Click()	Info	RoboSep_RunSamples	Run Samples button clicked
20111205_173745.367	clt	ProgressBar.ResetProgress()	Debug	ProgressBar	Reset Progress on ProgressBar
20111205_173746.389	clt	RoboSep_RunSamples.button_RunSamples_Click()	Debug	RoboSep_RunSamples	Scheduling run
20111205_173746.395	clt	RoboSep_UserDB.GetProtocolsPath()	Debug	RoboSep_UserDB	output: C:\Program Files (x86)\STI\RoboSep\protocols\
20111205_173746.398	clt	RoboSep_UserDB.getProtocolCommandList()	Debug	RoboSep_UserDB	returned 12commands
20111205_173746.403	clt	RoboSep_RunSamples.button_RunSamples_Click()	Debug	RoboSep_RunSamples	protocol: Human CD4+ T Cell Negative Selection 19052.xml commands: 12
20111205_173746.615	clt	ProgressBar.ResetProgress()	Debug	ProgressBar	Reset Progress on ProgressBar
20111205_173746.642	clt	ProgressBar.ResetProgress()	Debug	ProgressBar	Reset Progress on ProgressBar
20111205_173746.668	clt	ProgressBar.ResetProgress()	Debug	ProgressBar	Reset Progress on ProgressBar
20111205_173746.694	clt	ProgressBar.ResetProgress()	Debug	ProgressBar	Reset Progress on ProgressBar
20111205_173746.720	clt	ProgressBar.ResetProgress()	Debug	ProgressBar	Reset Progress on ProgressBar
20111205_173746.866	clt	ProgressBar.ResetProgress()	Debug	ProgressBar	Reset Progress on ProgressBar
20111205_173746.873	clt	ProgressBar.setElements()	Debug	ProgressBar	ProgressBar set 1 steps
20111205_173746.876	clt	ProgressBar.ResetProgress()	Debug	ProgressBar	Reset Progress on ProgressBar
20111205_173746.898	clt	ProgressBar.setElements()	Debug	ProgressBar	ProgressBar set 12 steps
20111205_173746.901	clt	RoboSep_UserDB.GetProtocolsPath()	Debug	RoboSep_UserDB	output: C:\Program Files (x86)\STI\RoboSep\protocols\
20111205_173746.903	clt	RoboSep_UserDB.getProtocolCommandList()	Debug	RoboSep_UserDB	returned 19commands
20111205_173746.905	clt	RoboSep_RunSamples.button_RunSamples_Click()	Debug	RoboSep_RunSamples	protocol: Jason Super Protocol.xml commands: 19
20111205_173746.908	clt	ProgressBar.ResetProgress()	Debug	ProgressBar	Reset Progress on ProgressBar
20111205_173746.938	clt	ProgressBar.setElements()	Debug	ProgressBar	ProgressBar set 19 steps
20111205_173747.011	clt	RoboSep_Resources.RoboSep_Resources()	Info	RoboSep_Resources	Generating Robosep Resources user control
20111205_173747.105	clt	RoboSep_Resources.grabQuadrantResources()	Debug	RoboSep_Resources	Displaying quadrant 0 resources
20111205_173747.123	clt	RoboSep_Resources.grabQuadrantResources()	Debug	RoboSep_Resources	Loading resources from sharing protocols
20111205_173747.942	clt	ProgressBar.ResetProgress()	Debug	ProgressBar	Reset Progress on ProgressBar
20111205_173748.632	clt	RoboSep_RunSamples.CheckHydraulicFluid()	General	RoboSep_RunSamples	Start Separation run
20111205_173748.771	clt	RoboSep_Resources.buttonRun_Click()	Debug	RoboSep_Resources	Run Protocols button clicked
20111205_173748.776	clt	RoboSep_RunProgress.Start()	Info	RoboSep_RunProgress	 **INITIALIZING RUN
20111205_173835.326	clt	RoboSep_UserConsole.AtBatchDurationUpdate()	Info	RoboSep_UserConsole	Estimated run completion = 34:00
20111205_173839.979	clt	RoboSep_RunProgress.pollProgressUpdate()	Info	RoboSep_RunProgress	Progress Update: Q = 0 Step = 0 ID = 0 CMD = Transport
20111205_173839.987	clt	ProgressBar.MoveToStep()	Debug	ProgressBar	Progress bar ProgressBar to step 1
20111205_173908.560	clt	ProgressBar.ResetProgress()	Debug	ProgressBar	Reset Progress on ProgressBar
20111205_173909.454	clt	ProgressBar.ResetProgress()	Debug	ProgressBar	Reset Progress on ProgressBar
20111205_173909.507	clt	RoboSep_UserConsole.AtBatchDurationUpdate()	Info	RoboSep_UserConsole	Estimated run completion = 01:00
20111205_173909.534	clt	ProgressBar.ResetProgress()	Debug	ProgressBar	Reset Progress on ProgressBar
20111205_173909.547	clt	ProgressBar.setElements()	Debug	ProgressBar	ProgressBar set 1 steps
20111205_173909.557	clt	QuadrantInfo.Clear()	Info	QuadrantInfo	Quadrant info Cleared
20111205_173909.559	clt	QuadrantInfo.Clear()	Info	QuadrantInfo	Quadrant info Cleared
20111205_173909.562	clt	QuadrantInfo.Clear()	Info	QuadrantInfo	Quadrant info Cleared
20111205_173909.564	clt	QuadrantInfo.Clear()	Info	QuadrantInfo	Quadrant info Cleared
20111205_173909.566	clt	RoboSep_RunSamples.Unload()	Info	RoboSep_RunSamples	Clearing all selected protocols
20111205_173909.574	clt	ProgressBar.ResetProgress()	Debug	ProgressBar	Reset Progress on ProgressBar
20111205_173914.625	clt	QuadrantInfo.Clear()	Info	QuadrantInfo	Quadrant info Cleared
20111205_173914.628	clt	QuadrantInfo.Clear()	Info	QuadrantInfo	Quadrant info Cleared
20111205_173914.630	clt	QuadrantInfo.Clear()	Info	QuadrantInfo	Quadrant info Cleared
20111205_173914.632	clt	QuadrantInfo.Clear()	Info	QuadrantInfo	Quadrant info Cleared
20111205_173914.634	clt	RoboSep_RunSamples.Unload()	Info	RoboSep_RunSamples	Clearing all selected protocols
20111205_173918.217	clt	RoboSep_RunSamples.btn_home_Click()	Info	RoboSep_RunSamples	Home button clicked
20111205_173918.510	clt	RoboSep_UserConsole.AtBatchDurationUpdate()	Info	RoboSep_UserConsole	Estimated run completion = 01:00
20111205_173918.512	clt	RoboSep_UserConsole.AtBatchDurationUpdate()	Info	RoboSep_UserConsole	Estimated run completion = 01:00
20111205_173918.514	clt	RoboSep_UserConsole.AtBatchDurationUpdate()	Info	RoboSep_UserConsole	Estimated run completion = 01:00
20111205_173919.236	clt	RoboSep_System.RoboSep_System()	Info	RoboSep_System	Initializing System user control
20111205_173919.292	clt	Form_Home.hex_system_Click()	Info	Form_Home	System button clicked
20111205_173922.885	clt	RoboSep_RunSamples.addMaintenance()	Info	RoboSep_RunSamples	Adding Maintenance Protocol
20111205_173922.888	clt	QuadrantInfo.Clear()	Info	QuadrantInfo	Quadrant info Cleared
20111205_173922.890	clt	QuadrantInfo.Clear()	Info	QuadrantInfo	Quadrant info Cleared
20111205_173922.891	clt	QuadrantInfo.Clear()	Info	QuadrantInfo	Quadrant info Cleared
20111205_173922.893	clt	QuadrantInfo.Clear()	Info	QuadrantInfo	Quadrant info Cleared
20111205_173922.897	clt	RoboSep_UserConsole.InvokeMaintenanceAction()	Info	RoboSep_UserConsole	Invoking maintenance action Prime
20111205_173922.942	clt	RoboSep_UserConsole.AtBatchDurationUpdate()	Info	RoboSep_UserConsole	Estimated run completion = 02:00
20111205_173922.949	clt	RoboSep_System.Button_BasicPrime_Click()	Info	RoboSep_System	Basic Prime Maintenance button clicked
20111205_173924.043	clt	RoboSep_RunSamples.button_RunSamples_Click()	Info	RoboSep_RunSamples	Run Samples button clicked
20111205_173924.049	clt	ProgressBar.ResetProgress()	Debug	ProgressBar	Reset Progress on ProgressBar
20111205_173924.889	clt	RoboSep_RunSamples.button_RunSamples_Click()	Debug	RoboSep_RunSamples	Scheduling run
20111205_173924.892	clt	RoboSep_UserDB.GetProtocolsPath()	Debug	RoboSep_UserDB	output: C:\Program Files (x86)\STI\RoboSep\protocols\
20111205_173924.894	clt	RoboSep_UserDB.getProtocolCommandList()	Debug	RoboSep_UserDB	returned 3commands
20111205_173924.895	clt	RoboSep_RunSamples.button_RunSamples_Click()	Debug	RoboSep_RunSamples	protocol: prime.xml commands: 3
20111205_173924.898	clt	ProgressBar.ResetProgress()	Debug	ProgressBar	Reset Progress on ProgressBar
20111205_173924.906	clt	ProgressBar.setElements()	Debug	ProgressBar	ProgressBar set 3 steps
20111205_173924.955	clt	RoboSep_Resources.RoboSep_Resources()	Info	RoboSep_Resources	Generating Robosep Resources user control
20111205_173925.022	clt	RoboSep_Resources.grabQuadrantResources()	Debug	RoboSep_Resources	Displaying quadrant 0 resources
20111205_173925.029	clt	RoboSep_Resources.grabQuadrantResources()	Debug	RoboSep_Resources	Loading resources from sharing protocols
20111205_173926.004	clt	ProgressBar.ResetProgress()	Debug	ProgressBar	Reset Progress on ProgressBar
20111205_173926.935	clt	RoboSep_RunSamples.CheckHydraulicFluid()	General	RoboSep_RunSamples	Start Separation run
20111205_173926.987	clt	RoboSep_Resources.buttonRun_Click()	Debug	RoboSep_Resources	Run Protocols button clicked
20111205_173926.992	clt	RoboSep_RunProgress.Start()	Info	RoboSep_RunProgress	 **INITIALIZING RUN
20111205_173928.510	clt	RoboSep_UserConsole.AtBatchDurationUpdate()	Info	RoboSep_UserConsole	Estimated run completion = 02:00
20111205_173933.109	clt	ProgressBar.MoveToStep()	Debug	ProgressBar	Progress bar ProgressBar to step 1
20111205_174003.020	clt	ProgressBar.MoveToStep()	Debug	ProgressBar	Progress bar ProgressBar to step 2
20111205_174028.364	clt	ProgressBar.MoveToStep()	Debug	ProgressBar	Progress bar ProgressBar to step 3
20111205_174038.005	clt	ProgressBar.AllCompleted()	Debug	ProgressBar	ProgressBar COMPLETED! 
20111205_174038.742	clt	RoboSep_UserConsole.AtBatchDurationUpdate()	Info	RoboSep_UserConsole	Estimated run completion = 01:00
20111205_174039.014	clt	ProgressBar.AllCompleted()	Debug	ProgressBar	ProgressBar COMPLETED! 
20111205_174039.026	clt	ProgressBar.AllCompleted()	Debug	ProgressBar	ProgressBar COMPLETED! 
20111205_174039.042	clt	ProgressBar.ResetProgress()	Debug	ProgressBar	Reset Progress on ProgressBar
20111205_174043.649	clt	ProgressBar.ResetProgress()	Debug	ProgressBar	Reset Progress on ProgressBar
20111205_174043.653	clt	ProgressBar.setElements()	Debug	ProgressBar	ProgressBar set 1 steps
20111205_174043.661	clt	ProgressBar.ResetProgress()	Debug	ProgressBar	Reset Progress on ProgressBar
20111205_174045.274	clt	RoboSep_UserConsole.AtBatchDurationUpdate()	Info	RoboSep_UserConsole	Estimated run completion = 01:00
20111205_174045.276	clt	RoboSep_UserConsole.AtBatchDurationUpdate()	Info	RoboSep_UserConsole	Estimated run completion = 01:00
20111205_174048.828	clt	QuadrantInfo.Clear()	Info	QuadrantInfo	Quadrant info Cleared
20111205_174048.830	clt	QuadrantInfo.Clear()	Info	QuadrantInfo	Quadrant info Cleared
20111205_174048.832	clt	QuadrantInfo.Clear()	Info	QuadrantInfo	Quadrant info Cleared
20111205_174048.834	clt	QuadrantInfo.Clear()	Info	QuadrantInfo	Quadrant info Cleared
20111205_174048.835	clt	RoboSep_RunSamples.Unload()	Info	RoboSep_RunSamples	Clearing all selected protocols
20111205_174051.260	clt	RoboSep_RunSamples.btn_home_Click()	Info	RoboSep_RunSamples	Home button clicked
20111205_174051.807	clt	Form_Home.hex_system_Click()	Info	Form_Home	System button clicked
20111205_174052.926	clt	RoboSep_RunSamples.addMaintenance()	Info	RoboSep_RunSamples	Adding Maintenance Protocol
20111205_174052.928	clt	QuadrantInfo.Clear()	Info	QuadrantInfo	Quadrant info Cleared
20111205_174052.930	clt	QuadrantInfo.Clear()	Info	QuadrantInfo	Quadrant info Cleared
20111205_174052.931	clt	QuadrantInfo.Clear()	Info	QuadrantInfo	Quadrant info Cleared
20111205_174052.933	clt	QuadrantInfo.Clear()	Info	QuadrantInfo	Quadrant info Cleared
20111205_174052.936	clt	RoboSep_UserConsole.AtBatchDurationUpdate()	Info	RoboSep_UserConsole	Estimated run completion = 01:00
20111205_174052.937	clt	RoboSep_UserConsole.InvokeMaintenanceAction()	Info	RoboSep_UserConsole	Invoking maintenance action Prime
20111205_174052.972	clt	RoboSep_UserConsole.AtBatchDurationUpdate()	Info	RoboSep_UserConsole	Estimated run completion = 02:00
20111205_174052.985	clt	RoboSep_System.Button_BasicPrime_Click()	Info	RoboSep_System	Basic Prime Maintenance button clicked
20111205_174053.494	clt	RoboSep_RunSamples.button_RunSamples_Click()	Info	RoboSep_RunSamples	Run Samples button clicked
20111205_174053.499	clt	ProgressBar.ResetProgress()	Debug	ProgressBar	Reset Progress on ProgressBar
20111205_174054.268	clt	RoboSep_RunSamples.button_RunSamples_Click()	Debug	RoboSep_RunSamples	Scheduling run
20111205_174054.272	clt	RoboSep_UserDB.GetProtocolsPath()	Debug	RoboSep_UserDB	output: C:\Program Files (x86)\STI\RoboSep\protocols\
20111205_174054.275	clt	RoboSep_UserDB.getProtocolCommandList()	Debug	RoboSep_UserDB	returned 3commands
20111205_174054.277	clt	RoboSep_RunSamples.button_RunSamples_Click()	Debug	RoboSep_RunSamples	protocol: prime.xml commands: 3
20111205_174054.281	clt	ProgressBar.ResetProgress()	Debug	ProgressBar	Reset Progress on ProgressBar
20111205_174054.291	clt	ProgressBar.setElements()	Debug	ProgressBar	ProgressBar set 3 steps
20111205_174054.343	clt	RoboSep_Resources.RoboSep_Resources()	Info	RoboSep_Resources	Generating Robosep Resources user control
20111205_174054.409	clt	RoboSep_Resources.grabQuadrantResources()	Debug	RoboSep_Resources	Displaying quadrant 0 resources
20111205_174054.416	clt	RoboSep_Resources.grabQuadrantResources()	Debug	RoboSep_Resources	Loading resources from sharing protocols
20111205_174055.918	clt	ProgressBar.ResetProgress()	Debug	ProgressBar	Reset Progress on ProgressBar
20111205_174056.504	clt	RoboSep_RunSamples.CheckHydraulicFluid()	General	RoboSep_RunSamples	Start Separation run
20111205_174056.563	clt	RoboSep_Resources.buttonRun_Click()	Debug	RoboSep_Resources	Run Protocols button clicked
20111205_174056.567	clt	RoboSep_RunProgress.Start()	Info	RoboSep_RunProgress	 **INITIALIZING RUN
20111205_174058.127	clt	RoboSep_UserConsole.AtBatchDurationUpdate()	Info	RoboSep_UserConsole	Estimated run completion = 02:00
20111205_174102.690	clt	ProgressBar.MoveToStep()	Debug	ProgressBar	Progress bar ProgressBar to step 1
20111205_174132.607	clt	ProgressBar.MoveToStep()	Debug	ProgressBar	Progress bar ProgressBar to step 2
20111205_174157.954	clt	ProgressBar.MoveToStep()	Debug	ProgressBar	Progress bar ProgressBar to step 3
20111205_174207.595	clt	ProgressBar.AllCompleted()	Debug	ProgressBar	ProgressBar COMPLETED! 
20111205_174208.372	clt	RoboSep_UserConsole.AtBatchDurationUpdate()	Info	RoboSep_UserConsole	Estimated run completion = 01:00
20111205_174208.620	clt	ProgressBar.AllCompleted()	Debug	ProgressBar	ProgressBar COMPLETED! 
20111205_174208.628	clt	ProgressBar.AllCompleted()	Debug	ProgressBar	ProgressBar COMPLETED! 
20111205_174208.646	clt	ProgressBar.ResetProgress()	Debug	ProgressBar	Reset Progress on ProgressBar
20111205_174214.482	clt	ProgressBar.ResetProgress()	Debug	ProgressBar	Reset Progress on ProgressBar
20111205_174214.486	clt	ProgressBar.setElements()	Debug	ProgressBar	ProgressBar set 1 steps
20111205_174214.492	clt	ProgressBar.ResetProgress()	Debug	ProgressBar	Reset Progress on ProgressBar
20111205_174216.125	clt	RoboSep_UserConsole.AtBatchDurationUpdate()	Info	RoboSep_UserConsole	Estimated run completion = 01:00
20111205_174216.127	clt	RoboSep_UserConsole.AtBatchDurationUpdate()	Info	RoboSep_UserConsole	Estimated run completion = 01:00
20111205_174219.669	clt	QuadrantInfo.Clear()	Info	QuadrantInfo	Quadrant info Cleared
20111205_174219.671	clt	QuadrantInfo.Clear()	Info	QuadrantInfo	Quadrant info Cleared
20111205_174219.673	clt	QuadrantInfo.Clear()	Info	QuadrantInfo	Quadrant info Cleared
20111205_174219.675	clt	QuadrantInfo.Clear()	Info	QuadrantInfo	Quadrant info Cleared
20111205_174219.676	clt	RoboSep_RunSamples.Unload()	Info	RoboSep_RunSamples	Clearing all selected protocols
