RoboSep UI Log File
Created: 20111208_170128.291

20111208_170128.294	clt	RoboSep_UserConsole.RoboSep_UserConsole()	General	RoboSep_UserConsole	Initializing User Console
20111208_170128.341	clt	Form_Home.Form_Home()	Info	Form_Home	Creating new Form_Home
20111208_170130.369	clt	RoboSep_UserConsole.grabSystemOptions()	Info	RoboSep_UserConsole	Get Sys Options: Lid Sensor = TrueLiquid Sensor = True
20111208_170130.400	clt	RoboSep_UserConsole.RoboSep_UserConsole_Load()	Info	RoboSep_UserConsole	Loading User Console
20111208_170130.423	clt	RoboSep_Splash.RoboSep_Splash()	Info	RoboSep_Splash	Initializing Splash Page
20111208_170130.482	clt	RoboSep_UserConsole.RoboSep_UserConsole_Load()	General	RoboSep_UserConsole	Starting GUI Thread
20111208_170130.485	clt	RoboSep_UserConsole.AttemptSeparatorConnection()	Info	RoboSep_UserConsole	Connecting...
20111208_170131.459	clt	RoboSep_UserDB.Robosep_UserDB()()	Debug	RoboSep_UserDB	Initializing UserDB
20111208_170131.675	clt	RoboSep_UserConsole.AtReportInstrumentInformation()	Info	RoboSep_UserConsole	Get system information for About menu
20111208_170131.732	clt	RoboSep_UserConsole.AtBatchDurationUpdate()	Info	RoboSep_UserConsole	Estimated run completion = 01:00
20111208_170131.888	clt	RoboSep_UserDB.GetProtocolsPath()	Debug	RoboSep_UserDB	output: C:\Program Files (x86)\STI\RoboSep\protocols\
20111208_170132.754	clt	RoboSep_UserDB.LoadAllProtocols()	Debug	RoboSep_UserDB	160protocols loaded
20111208_170132.760	clt	RoboSep_UserDB.XML_SaveUserConfig()	Info	RoboSep_UserDB	set user.db file to : User1.udb
20111208_170133.156	clt	RoboSep_UserDB.GetProtocolsPath()	Debug	RoboSep_UserDB	output: C:\Program Files (x86)\STI\RoboSep\protocols\
20111208_170133.178	clt	RoboSep_UserDB.XML_LoadRoboSepUserObject()	Debug	RoboSep_UserDB	Loaded Robosep User
20111208_170201.434	clt	RoboSep_UserConsole.ProgressSplash()	Info	RoboSep_UserConsole	Stopping Splash page
20111208_170201.494	clt	RoboSep_About.RoboSep_About()	Info	RoboSep_About	Initializing About user control
20111208_170201.590	clt	RoboSep_RunSamples.RoboSep_RunSamples()	Info	RoboSep_RunSamples	Initializing Run Samples user control
20111208_170201.673	clt	RoboSep_Splash.close()	Info	RoboSep_Splash	Closing Splash Page
20111208_170341.735	clt	RoboSep_RunSamples.btn_home_Click()	Info	RoboSep_RunSamples	Home button clicked
20111208_170343.743	clt	RoboSep_System.RoboSep_System()	Info	RoboSep_System	Initializing System user control
20111208_170343.806	clt	Form_Home.hex_system_Click()	Info	Form_Home	System button clicked
20111208_170345.349	clt	ProgressBar.ResetProgress()	Debug	ProgressBar	Reset Progress on ProgressBar
20111208_170348.666	clt	ProgressBar.ResetProgress()	Debug	ProgressBar	Reset Progress on ProgressBar
20111208_170419.824	clt	FileBrowser.FileBrowser()	Info	FileBrowser	Start Dir: F:\File Location: C:\Program Files (x86)\STI\RoboSep\ZippedFiles\20111208_1703_repLog.zipmode: SelectTargetDir
20111208_170419.845	clt	FileBrowser.LoadDirectory()	Debug	FileBrowser	Loading Directory 'F:\
20111208_170433.164	clt	FileBrowser.LoadDirectory()	Debug	FileBrowser	Loading Directory 'F:\GUI_Backup\
20111208_170433.188	clt	FileBrowser.listView_Browser_MouseDoubleClick()	Info	FileBrowser	Item double clicked
20111208_170447.052	clt	ProgressBar.ResetProgress()	Debug	ProgressBar	Reset Progress on ProgressBar
20111208_170504.388	clt	FileBrowser.button_OK_Click()	Info	FileBrowser	Ok button clicked
20111208_170518.545	clt	FileBrowser.button_Cancel_Click()	Info	FileBrowser	Cancel button clicked
