RoboSep UI Log File
Created: 20111208_173249.903

20111208_173249.906	clt	RoboSep_UserConsole.RoboSep_UserConsole()	General	RoboSep_UserConsole	Initializing User Console
20111208_173249.953	clt	Form_Home.Form_Home()	Info	Form_Home	Creating new Form_Home
20111208_173252.017	clt	RoboSep_UserConsole.grabSystemOptions()	Info	RoboSep_UserConsole	Get Sys Options: Lid Sensor = TrueLiquid Sensor = True
20111208_173252.036	clt	RoboSep_UserConsole.RoboSep_UserConsole_Load()	Info	RoboSep_UserConsole	Loading User Console
20111208_173252.058	clt	RoboSep_Splash.RoboSep_Splash()	Info	RoboSep_Splash	Initializing Splash Page
20111208_173252.109	clt	RoboSep_UserConsole.AttemptSeparatorConnection()	Info	RoboSep_UserConsole	Connecting...
20111208_173252.113	clt	RoboSep_UserConsole.RoboSep_UserConsole_Load()	General	RoboSep_UserConsole	Starting GUI Thread
20111208_173253.011	clt	RoboSep_UserDB.Robosep_UserDB()()	Debug	RoboSep_UserDB	Initializing UserDB
20111208_173253.217	clt	RoboSep_UserConsole.AtReportInstrumentInformation()	Info	RoboSep_UserConsole	Get system information for About menu
20111208_173253.293	clt	RoboSep_UserConsole.AtBatchDurationUpdate()	Info	RoboSep_UserConsole	Estimated run completion = 01:00
20111208_173253.405	clt	RoboSep_UserDB.GetProtocolsPath()	Debug	RoboSep_UserDB	output: C:\Program Files (x86)\STI\RoboSep\protocols\
20111208_173254.018	clt	RoboSep_UserDB.LoadAllProtocols()	Debug	RoboSep_UserDB	160protocols loaded
20111208_173254.025	clt	RoboSep_UserDB.XML_SaveUserConfig()	Info	RoboSep_UserDB	set user.db file to : User1.udb
20111208_173254.336	clt	RoboSep_UserDB.GetProtocolsPath()	Debug	RoboSep_UserDB	output: C:\Program Files (x86)\STI\RoboSep\protocols\
20111208_173254.348	clt	RoboSep_UserDB.XML_LoadRoboSepUserObject()	Debug	RoboSep_UserDB	Loaded Robosep User
20111208_173322.563	clt	RoboSep_UserConsole.ProgressSplash()	Info	RoboSep_UserConsole	Stopping Splash page
20111208_173322.619	clt	RoboSep_About.RoboSep_About()	Info	RoboSep_About	Initializing About user control
20111208_173322.703	clt	RoboSep_RunSamples.RoboSep_RunSamples()	Info	RoboSep_RunSamples	Initializing Run Samples user control
20111208_173322.783	clt	RoboSep_Splash.close()	Info	RoboSep_Splash	Closing Splash Page
20111208_173452.014	clt	RoboSep_RunSamples.button_RunSamples_Click()	Info	RoboSep_RunSamples	Run Samples button clicked
20111208_173454.819	clt	RoboSep_RunSamples.btn_home_Click()	Info	RoboSep_RunSamples	Home button clicked
20111208_173455.818	clt	RoboSep_System.RoboSep_System()	Info	RoboSep_System	Initializing System user control
20111208_173455.880	clt	Form_Home.hex_system_Click()	Info	Form_Home	System button clicked
20111208_173458.268	clt	ProgressBar.ResetProgress()	Debug	ProgressBar	Reset Progress on ProgressBar
20111208_173502.423	clt	ProgressBar.ResetProgress()	Debug	ProgressBar	Reset Progress on ProgressBar
20111208_173527.453	clt	FileBrowser.FileBrowser()	Info	FileBrowser	Start Dir: F:\File Location: C:\Program Files (x86)\STI\RoboSep\ZippedFiles\20111208_1735_repLog.zipmode: SelectTargetDir
20111208_173527.474	clt	FileBrowser.LoadDirectory()	Debug	FileBrowser	Loading Directory 'F:\
20111208_173600.408	clt	ProgressBar.ResetProgress()	Debug	ProgressBar	Reset Progress on ProgressBar
20111208_173617.329	clt	FileBrowser.button_OK_Click()	Info	FileBrowser	Ok button clicked
