RoboSep UI Log File
Created: 20111209_114026.306

20111209_114026.309	clt	RoboSep_UserConsole.RoboSep_UserConsole()	General	RoboSep_UserConsole	Initializing User Console
20111209_114026.374	clt	Form_Home.Form_Home()	Info	Form_Home	Creating new Form_Home
20111209_114033.537	clt	RoboSep_UserConsole.grabSystemOptions()	Info	RoboSep_UserConsole	Get Sys Options: Lid Sensor = TrueLiquid Sensor = True
20111209_114033.620	clt	RoboSep_UserConsole.RoboSep_UserConsole_Load()	Info	RoboSep_UserConsole	Loading User Console
20111209_114033.659	clt	RoboSep_Splash.RoboSep_Splash()	Info	RoboSep_Splash	Initializing Splash Page
20111209_114033.788	clt	RoboSep_UserConsole.RoboSep_UserConsole_Load()	General	RoboSep_UserConsole	Starting GUI Thread
20111209_114033.789	clt	RoboSep_UserConsole.AttemptSeparatorConnection()	Info	RoboSep_UserConsole	Connecting...
20111209_114036.630	clt	RoboSep_UserDB.Robosep_UserDB()()	Debug	RoboSep_UserDB	Initializing UserDB
20111209_114037.870	clt	RoboSep_UserDB.GetProtocolsPath()	Debug	RoboSep_UserDB	output: C:\Program Files (x86)\STI\RoboSep\protocols\
20111209_114038.796	clt	RoboSep_UserDB.LoadAllProtocols()	Debug	RoboSep_UserDB	160protocols loaded
20111209_114038.842	clt	RoboSep_UserDB.XML_SaveUserConfig()	Info	RoboSep_UserDB	set user.db file to : User1.udb
20111209_114040.666	clt	RoboSep_UserDB.GetProtocolsPath()	Debug	RoboSep_UserDB	output: C:\Program Files (x86)\STI\RoboSep\protocols\
20111209_114040.706	clt	RoboSep_UserDB.XML_LoadRoboSepUserObject()	Debug	RoboSep_UserDB	Loaded Robosep User
20111209_114057.276	clt	RoboSep_UserConsole.AtReportInstrumentInformation()	Info	RoboSep_UserConsole	Get system information for About menu
20111209_114057.287	clt	RoboSep_UserConsole.AtBatchDurationUpdate()	Info	RoboSep_UserConsole	Estimated run completion = 01:00
20111209_114127.057	clt	RoboSep_UserConsole.ProgressSplash()	Info	RoboSep_UserConsole	Stopping Splash page
20111209_114127.131	clt	RoboSep_About.RoboSep_About()	Info	RoboSep_About	Initializing About user control
20111209_114127.232	clt	RoboSep_RunSamples.RoboSep_RunSamples()	Info	RoboSep_RunSamples	Initializing Run Samples user control
20111209_114127.329	clt	RoboSep_Splash.close()	Info	RoboSep_Splash	Closing Splash Page
20111209_114140.520	clt	RoboSep_RunSamples.btn_home_Click()	Info	RoboSep_RunSamples	Home button clicked
20111209_114142.048	clt	Form_Home.btn_close_Click()	Info	Form_Home	Close Window button clicked
20111209_114142.451	clt	RoboSep_ProtocolSelect.RoboSep_ProtocolSelect()	Info	RoboSep_ProtocolSelect	New Protocol Select user control generated
20111209_114142.542	clt	RoboSep_RunSamples.Protocol_Selection()	Info	RoboSep_RunSamples	Opening protocol selection for quadrant 1
20111209_114142.574	clt	RoboSep_ProtocolSelect.RoboSep_ProtocolSelect()	Info	RoboSep_ProtocolSelect	New Protocol Select user control generated
20111209_114142.616	clt	RoboSep_RunSamples.Protocol_Selection()	Info	RoboSep_RunSamples	Opening protocol selection for quadrant 1
20111209_114144.091	clt	RoboSep_ProtocolSelect.button_Cancel1_Click()	Info	RoboSep_ProtocolSelect	Protocol Selection cancel clicked
20111209_114144.901	clt	RoboSep_RunSamples.btn_home_Click()	Info	RoboSep_RunSamples	Home button clicked
20111209_114145.652	clt	RoboSep_Protocols.LoadUsers()	Info	RoboSep_Protocols	Reloading Auto Complete for User Textbox
20111209_114145.666	clt	RoboSep_Protocols.RoboSep_Protocols()	Info	RoboSep_Protocols	Initializing Protocols user control
20111209_114145.800	clt	Form_Home.hex_protocols_Click()	Info	Form_Home	Protocols button clicked
20111209_114146.703	clt	RoboSep_Protocols.dropDownMenu_Click()	Info	RoboSep_Protocols	Selecting User from Dropdown
20111209_114146.728	clt	Form_UserSelect.Form_UserSelect()	Info	Form_UserSelect	Creating new User Select window
20111209_114147.431	clt	Form_UserSelect.listView_users_Click()	Info	Form_UserSelect	User Jason Selected
20111209_114148.811	clt	ProgressBar.ResetProgress()	Debug	ProgressBar	Reset Progress on ProgressBar
20111209_114148.879	clt	ProgressBar.ResetProgress()	Debug	ProgressBar	Reset Progress on ProgressBar
20111209_114148.887	clt	ProgressBar.setElements()	Debug	ProgressBar	ProgressBar set 1 steps
20111209_114148.920	clt	RoboSep_Protocols.LoadUserToServer()	Info	RoboSep_Protocols	Saving user profile
20111209_114148.929	clt	RoboSep_UserDB.loadUserProtocols()	Debug	RoboSep_UserDB	Loaded 4 protocol from User Jason
20111209_114148.935	clt	RoboSep_UserDB.XML_SaveUserConfig()	Info	RoboSep_UserDB	set user.db file to : User1.udb
20111209_114148.949	clt	RoboSep_UserDB.XML_SaveUserProfile()	Debug	RoboSep_UserDB	Saved User Profile Jason with 4protocols
20111209_114149.015	clt	RoboSep_UserConsole.AtReportInstrumentInformation()	Info	RoboSep_UserConsole	Get system information for About menu
20111209_114149.022	clt	RoboSep_UserConsole.AtBatchDurationUpdate()	Info	RoboSep_UserConsole	Estimated run completion = 01:00
20111209_114149.670	clt	RoboSep_UserDB.loadUserProtocols()	Debug	RoboSep_UserDB	Loaded 4 protocol from User Jason
20111209_114149.775	clt	RoboSep_Protocols.LoadUserToServer()	Info	RoboSep_Protocols	Saving user profile
20111209_114149.783	clt	RoboSep_UserDB.loadUserProtocols()	Debug	RoboSep_UserDB	Loaded 4 protocol from User Jason
20111209_114149.787	clt	RoboSep_UserDB.XML_SaveUserConfig()	Info	RoboSep_UserDB	set user.db file to : User1.udb
20111209_114149.798	clt	RoboSep_UserDB.XML_SaveUserProfile()	Debug	RoboSep_UserDB	Saved User Profile Jason with 4protocols
20111209_114149.839	clt	RoboSep_UserDB.loadUserProtocols()	Debug	RoboSep_UserDB	Loaded 4 protocol from User Jason
20111209_114149.862	clt	RoboSep_UserConsole.AtReportInstrumentInformation()	Info	RoboSep_UserConsole	Get system information for About menu
20111209_114149.869	clt	RoboSep_UserConsole.AtBatchDurationUpdate()	Info	RoboSep_UserConsole	Estimated run completion = 01:00
20111209_114149.983	clt	RoboSep_Protocols.btn_home_Click()	Info	RoboSep_Protocols	Home button clicked
20111209_114151.003	clt	Form_Home.hex_sampling_Click()	Info	Form_Home	Run Sample button clicked
20111209_114151.560	clt	RoboSep_ProtocolSelect.RoboSep_ProtocolSelect()	Info	RoboSep_ProtocolSelect	New Protocol Select user control generated
20111209_114151.627	clt	RoboSep_RunSamples.Protocol_Selection()	Info	RoboSep_RunSamples	Opening protocol selection for quadrant 1
20111209_114151.660	clt	RoboSep_ProtocolSelect.RoboSep_ProtocolSelect()	Info	RoboSep_ProtocolSelect	New Protocol Select user control generated
20111209_114151.701	clt	RoboSep_RunSamples.Protocol_Selection()	Info	RoboSep_RunSamples	Opening protocol selection for quadrant 1
20111209_114153.754	clt	RoboSep_ProtocolSelect.button_SelectionMode_Click()	Info	RoboSep_ProtocolSelect	Change Protocol selection mode toAll Protocols
20111209_114154.847	clt	Keyboard.Keyboard()	Info	Keyboard	New Touch Keyboard generated
20111209_114156.176	clt	Keyboard.textbox_input_KeyDown()	Info	Keyboard	Keboard output: ''
20111209_114158.384	clt	ProgressBar.ResetProgress()	Debug	ProgressBar	Reset Progress on ProgressBar
20111209_114158.442	clt	RoboSep_UserDB.XML_SaveUserConfig()	Info	RoboSep_UserDB	set user.db file to : User1.udb
20111209_114158.457	clt	RoboSep_UserDB.XML_SaveUserProfile()	Debug	RoboSep_UserDB	Saved User Profile Jason with 5protocols
20111209_114158.515	clt	RoboSep_ProtocolSelect.button_Accept_Click()	Info	RoboSep_ProtocolSelect	Protocol Selected from All Protocols list
20111209_114158.562	clt	RoboSep_UserConsole.AtReportInstrumentInformation()	Info	RoboSep_UserConsole	Get system information for About menu
20111209_114158.570	clt	RoboSep_UserConsole.AtBatchDurationUpdate()	Info	RoboSep_UserConsole	Estimated run completion = 01:00
20111209_114159.508	clt	RoboSep_UserDB.loadUserProtocols()	Debug	RoboSep_UserDB	Loaded 4 protocol from User Jason
20111209_114203.022	clt	ProgressBar.ResetProgress()	Debug	ProgressBar	Reset Progress on ProgressBar
20111209_114203.081	clt	RoboSep_UserDB.XML_SaveUserConfig()	Info	RoboSep_UserDB	set user.db file to : User1.udb
20111209_114203.093	clt	RoboSep_UserDB.XML_SaveUserProfile()	Debug	RoboSep_UserDB	Saved User Profile Jason with 5protocols
20111209_114203.170	clt	RoboSep_ProtocolSelect.button_Accept_Click()	Info	RoboSep_ProtocolSelect	Protocol Selected from All Protocols list
20111209_114203.238	clt	RoboSep_UserConsole.AtReportInstrumentInformation()	Info	RoboSep_UserConsole	Get system information for About menu
20111209_114203.246	clt	RoboSep_UserConsole.AtBatchDurationUpdate()	Info	RoboSep_UserConsole	Estimated run completion = 01:00
20111209_114203.546	clt	RoboSep_UserDB.loadUserProtocols()	Debug	RoboSep_UserDB	Loaded 4 protocol from User Jason
20111209_114203.658	clt	RoboSep_UserDB.loadUserProtocols()	Debug	RoboSep_UserDB	Loaded 4 protocol from User Jason
20111209_114203.725	clt	RoboSep_UserConsole.AtReportInstrumentInformation()	Info	RoboSep_UserConsole	Get system information for About menu
20111209_114203.733	clt	RoboSep_UserConsole.AtBatchDurationUpdate()	Info	RoboSep_UserConsole	Estimated run completion = 01:00
20111209_114203.813	clt	RoboSep_UserDB.loadUserProtocols()	Debug	RoboSep_UserDB	Loaded 4 protocol from User Jason
20111209_114203.856	clt	RoboSep_UserConsole.AtReportInstrumentInformation()	Info	RoboSep_UserConsole	Get system information for About menu
20111209_114203.864	clt	RoboSep_UserConsole.AtBatchDurationUpdate()	Info	RoboSep_UserConsole	Estimated run completion = 01:00
20111209_114204.037	clt	RoboSep_RunSamples.addToRun()	Debug	RoboSep_RunSamples	Adding protocol 'Jasons Super Out Of This World Protocol' to run at quadrant0
20111209_114204.119	clt	NumberPad.NumberPad()	Debug	NumberPad	Opening New Number Pad window
20111209_114205.470	clt	NumberPad.validateEntry()	Debug	NumberPad	Volume: 3.000
20111209_114205.491	clt	RoboSep_UserConsole.SetSampleVolume()	Info	RoboSep_UserConsole	Quad: 1 Sample Vol 0.003
20111209_114205.493	clt	RoboSep_UserConsole.AtBatchDurationUpdate()	Info	RoboSep_UserConsole	Estimated run completion = 01:00
20111209_114205.564	clt	RoboSep_ProtocolSelect.SelectProtocol()	Info	RoboSep_ProtocolSelect	Adding protocol to current run
20111209_114205.602	clt	RoboSep_UserConsole.AtBatchDurationUpdate()	Info	RoboSep_UserConsole	Estimated run completion = 14:00
20111209_114207.417	clt	RoboSep_ProtocolSelect.RoboSep_ProtocolSelect()	Info	RoboSep_ProtocolSelect	New Protocol Select user control generated
20111209_114207.486	clt	RoboSep_RunSamples.Protocol_Selection()	Info	RoboSep_RunSamples	Opening protocol selection for quadrant 3
20111209_114207.518	clt	RoboSep_ProtocolSelect.RoboSep_ProtocolSelect()	Info	RoboSep_ProtocolSelect	New Protocol Select user control generated
20111209_114207.564	clt	RoboSep_RunSamples.Protocol_Selection()	Info	RoboSep_RunSamples	Opening protocol selection for quadrant 3
20111209_114209.629	clt	RoboSep_RunSamples.addToRun()	Debug	RoboSep_RunSamples	Adding protocol 'Jasons Super Out Of This World Protocol' to run at quadrant2
20111209_114209.695	clt	NumberPad.NumberPad()	Debug	NumberPad	Opening New Number Pad window
20111209_114211.917	clt	NumberPad.validateEntry()	Debug	NumberPad	Volume: 1.000
20111209_114211.936	clt	RoboSep_UserConsole.SetSampleVolume()	Info	RoboSep_UserConsole	Quad: 3 Sample Vol 0.001
20111209_114211.937	clt	RoboSep_UserConsole.AtBatchDurationUpdate()	Info	RoboSep_UserConsole	Estimated run completion = 01:00
20111209_114212.007	clt	RoboSep_ProtocolSelect.SelectProtocol()	Info	RoboSep_ProtocolSelect	Adding protocol to current run
20111209_114212.016	clt	RoboSep_ProtocolSelect.button_Accept_Click()	Info	RoboSep_ProtocolSelect	Protocol Selected from User list
20111209_114212.078	clt	RoboSep_UserConsole.AtBatchDurationUpdate()	Info	RoboSep_UserConsole	Estimated run completion = 25:00
20111209_114212.927	clt	RoboSep_RunSamples.button_RunSamples_Click()	Info	RoboSep_RunSamples	Run Samples button clicked
20111209_114212.940	clt	ProgressBar.ResetProgress()	Debug	ProgressBar	Reset Progress on ProgressBar
20111209_114215.095	clt	ProgressBar.ResetProgress()	Debug	ProgressBar	Reset Progress on ProgressBar
20111209_114216.901	clt	RoboSep_RunSamples.button_RunSamples_Click()	Debug	RoboSep_RunSamples	Scheduling run
20111209_114216.911	clt	RoboSep_UserDB.GetProtocolsPath()	Debug	RoboSep_UserDB	output: C:\Program Files (x86)\STI\RoboSep\protocols\
20111209_114216.921	clt	RoboSep_UserDB.getProtocolCommandList()	Debug	RoboSep_UserDB	returned 19commands
20111209_114216.927	clt	RoboSep_RunSamples.button_RunSamples_Click()	Debug	RoboSep_RunSamples	protocol: Jason Super Protocol.xml commands: 19
20111209_114216.956	clt	ProgressBar.ResetProgress()	Debug	ProgressBar	Reset Progress on ProgressBar
20111209_114216.985	clt	ProgressBar.ResetProgress()	Debug	ProgressBar	Reset Progress on ProgressBar
20111209_114217.018	clt	ProgressBar.ResetProgress()	Debug	ProgressBar	Reset Progress on ProgressBar
20111209_114217.048	clt	ProgressBar.ResetProgress()	Debug	ProgressBar	Reset Progress on ProgressBar
20111209_114217.077	clt	ProgressBar.ResetProgress()	Debug	ProgressBar	Reset Progress on ProgressBar
20111209_114217.220	clt	ProgressBar.ResetProgress()	Debug	ProgressBar	Reset Progress on ProgressBar
20111209_114217.230	clt	ProgressBar.setElements()	Debug	ProgressBar	ProgressBar set 1 steps
20111209_114217.238	clt	ProgressBar.ResetProgress()	Debug	ProgressBar	Reset Progress on ProgressBar
20111209_114217.272	clt	ProgressBar.setElements()	Debug	ProgressBar	ProgressBar set 19 steps
20111209_114217.280	clt	RoboSep_UserDB.GetProtocolsPath()	Debug	RoboSep_UserDB	output: C:\Program Files (x86)\STI\RoboSep\protocols\
20111209_114217.290	clt	RoboSep_UserDB.getProtocolCommandList()	Debug	RoboSep_UserDB	returned 19commands
20111209_114217.295	clt	RoboSep_RunSamples.button_RunSamples_Click()	Debug	RoboSep_RunSamples	protocol: Jason Super Protocol.xml commands: 19
20111209_114217.302	clt	ProgressBar.ResetProgress()	Debug	ProgressBar	Reset Progress on ProgressBar
20111209_114217.337	clt	ProgressBar.setElements()	Debug	ProgressBar	ProgressBar set 19 steps
20111209_114217.409	clt	RoboSep_Resources.RoboSep_Resources()	Info	RoboSep_Resources	Generating Robosep Resources user control
20111209_114217.502	clt	RoboSep_Resources.grabQuadrantResources()	Debug	RoboSep_Resources	Displaying quadrant 0 resources
20111209_114217.523	clt	RoboSep_Resources.grabQuadrantResources()	Debug	RoboSep_Resources	Loading resources from sharing protocols
20111209_114219.043	clt	ProgressBar.ResetProgress()	Debug	ProgressBar	Reset Progress on ProgressBar
20111209_114220.273	clt	RoboSep_RunSamples.CheckHydraulicFluid()	General	RoboSep_RunSamples	Start Separation run
20111209_114220.406	clt	RoboSep_Resources.buttonRun_Click()	Debug	RoboSep_Resources	Run Protocols button clicked
20111209_114232.238	clt	RoboSep_RunProgress.Start()	Info	RoboSep_RunProgress	 **INITIALIZING RUN
20111209_114311.728	clt	RoboSep_UserConsole.AtBatchDurationUpdate()	Info	RoboSep_UserConsole	Estimated run completion = 25:00
