RoboSep UI Log File
Created: 20111202_145520.684

20111202_145520.687	clt	RoboSep_UserConsole.RoboSep_UserConsole()	General	RoboSep_UserConsole	Initializing User Console
20111202_145520.744	clt	Form_Home.Form_Home()	Info	Form_Home	Creating new Form_Home
20111202_145522.451	clt	RoboSep_UserConsole.grabSystemOptions()	Info	RoboSep_UserConsole	Get Sys Options: Lid Sensor = FalseLiquid Sensor = False
20111202_145522.470	clt	RoboSep_UserConsole.RoboSep_UserConsole_Load()	Info	RoboSep_UserConsole	Loading User Console
20111202_145522.493	clt	RoboSep_Splash.RoboSep_Splash()	Info	RoboSep_Splash	Initializing Splash Page
20111202_145522.567	clt	RoboSep_UserConsole.RoboSep_UserConsole_Load()	General	RoboSep_UserConsole	Starting GUI Thread
20111202_145522.572	clt	RoboSep_UserConsole.AttemptSeparatorConnection()	Info	RoboSep_UserConsole	Connecting...
20111202_145523.404	clt	RoboSep_UserDB.Robosep_UserDB()()	Debug	RoboSep_UserDB	Initializing UserDB
20111202_145523.688	clt	RoboSep_UserDB.GetProtocolsPath()	Debug	RoboSep_UserDB	output: C:\Program Files (x86)\STI\RoboSep\protocols\
20111202_145523.741	clt	RoboSep_UserDB.LoadAllProtocols()	Debug	RoboSep_UserDB	160protocols loaded
20111202_145523.749	clt	RoboSep_UserDB.XML_SaveUserConfig()	Info	RoboSep_UserDB	set user.db file to : User1.udb
20111202_145524.200	clt	RoboSep_UserDB.GetProtocolsPath()	Debug	RoboSep_UserDB	output: C:\Program Files (x86)\STI\RoboSep\protocols\
20111202_145524.213	clt	RoboSep_UserDB.XML_LoadRoboSepUserObject()	Debug	RoboSep_UserDB	Loaded Robosep User
20111202_145524.802	clt	RoboSep_UserConsole.AtReportInstrumentInformation()	Info	RoboSep_UserConsole	Get system information for About menu
20111202_145524.815	clt	RoboSep_UserConsole.AtBatchDurationUpdate()	Info	RoboSep_UserConsole	Estimated run completion = 01:00
20111202_145554.540	clt	RoboSep_UserConsole.ProgressSplash()	Info	RoboSep_UserConsole	Stopping Splash page
20111202_145554.597	clt	RoboSep_About.RoboSep_About()	Info	RoboSep_About	Initializing About user control
20111202_145554.693	clt	RoboSep_RunSamples.RoboSep_RunSamples()	Info	RoboSep_RunSamples	Initializing Run Samples user control
20111202_145554.779	clt	RoboSep_Splash.close()	Info	RoboSep_Splash	Closing Splash Page
20111202_145830.473	clt	RoboSep_ProtocolSelect.RoboSep_ProtocolSelect()	Info	RoboSep_ProtocolSelect	New Protocol Select user control generated
20111202_145830.566	clt	RoboSep_RunSamples.Protocol_Selection()	Info	RoboSep_RunSamples	Opening protocol selection for quadrant 1
20111202_145830.595	clt	RoboSep_ProtocolSelect.RoboSep_ProtocolSelect()	Info	RoboSep_ProtocolSelect	New Protocol Select user control generated
20111202_145830.636	clt	RoboSep_RunSamples.Protocol_Selection()	Info	RoboSep_RunSamples	Opening protocol selection for quadrant 1
20111202_145833.337	clt	RoboSep_RunSamples.addToRun()	Debug	RoboSep_RunSamples	Adding protocol 'Jasons Super Out Of This World Protocol' to run at quadrant0
20111202_145833.418	clt	NumberPad.NumberPad()	Debug	NumberPad	Opening New Number Pad window
20111202_145834.830	clt	NumberPad.validateEntry()	Debug	NumberPad	Volume: 3.000
20111202_145834.851	clt	RoboSep_UserConsole.AtBatchDurationUpdate()	Info	RoboSep_UserConsole	Estimated run completion = 01:00
20111202_145834.855	clt	RoboSep_UserConsole.SetSampleVolume()	Info	RoboSep_UserConsole	Quad: 1 Sample Vol 0.003
20111202_145834.921	clt	RoboSep_ProtocolSelect.SelectProtocol()	Info	RoboSep_ProtocolSelect	Adding protocol to current run
20111202_145834.926	clt	RoboSep_ProtocolSelect.button_Accept_Click()	Info	RoboSep_ProtocolSelect	Protocol Selected from User list
20111202_145835.298	clt	RoboSep_UserConsole.AtBatchDurationUpdate()	Info	RoboSep_UserConsole	Estimated run completion = 14:00
20111202_145835.502	clt	RoboSep_ProtocolSelect.RoboSep_ProtocolSelect()	Info	RoboSep_ProtocolSelect	New Protocol Select user control generated
20111202_145835.572	clt	RoboSep_RunSamples.Protocol_Selection()	Info	RoboSep_RunSamples	Opening protocol selection for quadrant 3
20111202_145835.604	clt	RoboSep_ProtocolSelect.RoboSep_ProtocolSelect()	Info	RoboSep_ProtocolSelect	New Protocol Select user control generated
20111202_145835.646	clt	RoboSep_RunSamples.Protocol_Selection()	Info	RoboSep_RunSamples	Opening protocol selection for quadrant 3
20111202_145837.230	clt	RoboSep_RunSamples.addToRun()	Debug	RoboSep_RunSamples	Adding protocol 'Jasons Super Out Of This World Protocol' to run at quadrant2
20111202_145837.300	clt	NumberPad.NumberPad()	Debug	NumberPad	Opening New Number Pad window
20111202_145839.590	clt	NumberPad.validateEntry()	Debug	NumberPad	Volume: 0.800
20111202_145839.605	clt	RoboSep_UserConsole.SetSampleVolume()	Info	RoboSep_UserConsole	Quad: 3 Sample Vol 0.0008
20111202_145839.605	clt	RoboSep_UserConsole.AtBatchDurationUpdate()	Info	RoboSep_UserConsole	Estimated run completion = 01:00
20111202_145839.694	clt	RoboSep_ProtocolSelect.SelectProtocol()	Info	RoboSep_ProtocolSelect	Adding protocol to current run
20111202_145839.702	clt	RoboSep_ProtocolSelect.button_Accept_Click()	Info	RoboSep_ProtocolSelect	Protocol Selected from User list
20111202_145839.755	clt	RoboSep_UserConsole.AtBatchDurationUpdate()	Info	RoboSep_UserConsole	Estimated run completion = 25:00
20111202_145840.264	clt	RoboSep_ProtocolSelect.RoboSep_ProtocolSelect()	Info	RoboSep_ProtocolSelect	New Protocol Select user control generated
20111202_145840.331	clt	RoboSep_RunSamples.Protocol_Selection()	Info	RoboSep_RunSamples	Opening protocol selection for quadrant 4
20111202_145840.365	clt	RoboSep_ProtocolSelect.RoboSep_ProtocolSelect()	Info	RoboSep_ProtocolSelect	New Protocol Select user control generated
20111202_145840.406	clt	RoboSep_RunSamples.Protocol_Selection()	Info	RoboSep_RunSamples	Opening protocol selection for quadrant 4
20111202_145842.830	clt	RoboSep_RunSamples.addToRun()	Debug	RoboSep_RunSamples	Adding protocol 'Jasons Super Out Of This World Protocol' to run at quadrant3
20111202_145842.892	clt	NumberPad.NumberPad()	Debug	NumberPad	Opening New Number Pad window
20111202_145843.968	clt	NumberPad.validateEntry()	Debug	NumberPad	Volume: 0.900
20111202_145843.986	clt	RoboSep_UserConsole.SetSampleVolume()	Info	RoboSep_UserConsole	Quad: 4 Sample Vol 0.0009
20111202_145843.990	clt	RoboSep_UserConsole.AtBatchDurationUpdate()	Info	RoboSep_UserConsole	Estimated run completion = 01:00
20111202_145844.060	clt	RoboSep_ProtocolSelect.SelectProtocol()	Info	RoboSep_ProtocolSelect	Adding protocol to current run
20111202_145844.068	clt	RoboSep_ProtocolSelect.button_Accept_Click()	Info	RoboSep_ProtocolSelect	Protocol Selected from User list
20111202_145844.167	clt	RoboSep_UserConsole.AtBatchDurationUpdate()	Info	RoboSep_UserConsole	Estimated run completion = 37:00
20111202_145845.521	clt	RoboSep_RunSamples.button_RunSamples_Click()	Info	RoboSep_RunSamples	Run Samples button clicked
20111202_145845.545	clt	ProgressBar.ResetProgress()	Debug	ProgressBar	Reset Progress on ProgressBar
20111202_145848.090	clt	ProgressBar.ResetProgress()	Debug	ProgressBar	Reset Progress on ProgressBar
20111202_145848.975	clt	RoboSep_RunSamples.button_RunSamples_Click()	Debug	RoboSep_RunSamples	Scheduling run
20111202_145848.985	clt	RoboSep_UserDB.GetProtocolsPath()	Debug	RoboSep_UserDB	output: C:\Program Files (x86)\STI\RoboSep\protocols\
20111202_145848.991	clt	RoboSep_UserDB.getProtocolCommandList()	Debug	RoboSep_UserDB	returned 19commands
20111202_145848.996	clt	RoboSep_RunSamples.button_RunSamples_Click()	Debug	RoboSep_RunSamples	protocol: Jason Super Protocol.xml commands: 19
20111202_145849.027	clt	ProgressBar.ResetProgress()	Debug	ProgressBar	Reset Progress on ProgressBar
20111202_145849.058	clt	ProgressBar.ResetProgress()	Debug	ProgressBar	Reset Progress on ProgressBar
20111202_145849.088	clt	ProgressBar.ResetProgress()	Debug	ProgressBar	Reset Progress on ProgressBar
20111202_145849.118	clt	ProgressBar.ResetProgress()	Debug	ProgressBar	Reset Progress on ProgressBar
20111202_145849.148	clt	ProgressBar.ResetProgress()	Debug	ProgressBar	Reset Progress on ProgressBar
20111202_145849.298	clt	ProgressBar.ResetProgress()	Debug	ProgressBar	Reset Progress on ProgressBar
20111202_145849.308	clt	ProgressBar.setElements()	Debug	ProgressBar	ProgressBar set 1 steps
20111202_145849.315	clt	ProgressBar.ResetProgress()	Debug	ProgressBar	Reset Progress on ProgressBar
20111202_145849.351	clt	ProgressBar.setElements()	Debug	ProgressBar	ProgressBar set 19 steps
20111202_145849.357	clt	RoboSep_UserDB.GetProtocolsPath()	Debug	RoboSep_UserDB	output: C:\Program Files (x86)\STI\RoboSep\protocols\
20111202_145849.363	clt	RoboSep_UserDB.getProtocolCommandList()	Debug	RoboSep_UserDB	returned 19commands
20111202_145849.368	clt	RoboSep_RunSamples.button_RunSamples_Click()	Debug	RoboSep_RunSamples	protocol: Jason Super Protocol.xml commands: 19
20111202_145849.374	clt	ProgressBar.ResetProgress()	Debug	ProgressBar	Reset Progress on ProgressBar
20111202_145849.459	clt	ProgressBar.setElements()	Debug	ProgressBar	ProgressBar set 19 steps
20111202_145849.466	clt	RoboSep_UserDB.GetProtocolsPath()	Debug	RoboSep_UserDB	output: C:\Program Files (x86)\STI\RoboSep\protocols\
20111202_145849.471	clt	RoboSep_UserDB.getProtocolCommandList()	Debug	RoboSep_UserDB	returned 19commands
20111202_145849.476	clt	RoboSep_RunSamples.button_RunSamples_Click()	Debug	RoboSep_RunSamples	protocol: Jason Super Protocol.xml commands: 19
20111202_145849.483	clt	ProgressBar.ResetProgress()	Debug	ProgressBar	Reset Progress on ProgressBar
20111202_145849.518	clt	ProgressBar.setElements()	Debug	ProgressBar	ProgressBar set 19 steps
20111202_145849.597	clt	RoboSep_Resources.RoboSep_Resources()	Info	RoboSep_Resources	Generating Robosep Resources user control
20111202_145849.689	clt	RoboSep_Resources.grabQuadrantResources()	Debug	RoboSep_Resources	Displaying quadrant 0 resources
20111202_145849.712	clt	RoboSep_Resources.grabQuadrantResources()	Debug	RoboSep_Resources	Loading resources from sharing protocols
20111202_145851.208	clt	ProgressBar.ResetProgress()	Debug	ProgressBar	Reset Progress on ProgressBar
20111202_145851.770	clt	RoboSep_RunSamples.CheckHydraulicFluid()	General	RoboSep_RunSamples	Start Separation run
20111202_145851.906	clt	RoboSep_Resources.buttonRun_Click()	Debug	RoboSep_Resources	Run Protocols button clicked
20111202_145851.917	clt	RoboSep_RunProgress.Start()	Info	RoboSep_RunProgress	 **INITIALIZING RUN
20111202_145940.385	clt	RoboSep_UserConsole.AtBatchDurationUpdate()	Info	RoboSep_UserConsole	Estimated run completion = 37:00
20111202_145946.177	clt	RoboSep_RunProgress.CheckForStatusUpdate()	Info	RoboSep_RunProgress	Progress Update: Q = 3 Step = 1 ID = 3 CMD = Transport
20111202_145946.207	clt	ProgressBar.MoveToStep()	Debug	ProgressBar	Progress bar ProgressBar to step 1
20111202_150015.597	clt	RoboSep_RunProgress.CheckForStatusUpdate()	Info	RoboSep_RunProgress	Progress Update: Q = 3 Step = 2 ID = 3 CMD = Mix
20111202_150015.608	clt	ProgressBar.MoveToStep()	Debug	ProgressBar	Progress bar ProgressBar to step 2
20111202_150053.086	clt	RoboSep_RunProgress.CheckForStatusUpdate()	Info	RoboSep_RunProgress	Progress Update: Q = 2 Step = 1 ID = 2 CMD = Transport
20111202_150053.099	clt	ProgressBar.MoveToStep()	Debug	ProgressBar	Progress bar ProgressBar to step 1
20111202_150122.494	clt	RoboSep_RunProgress.CheckForStatusUpdate()	Info	RoboSep_RunProgress	Progress Update: Q = 2 Step = 1 ID = 2 CMD = Incubate
20111202_150122.504	clt	ProgressBar.MoveToStep()	Debug	ProgressBar	Progress bar ProgressBar to step 3
20111202_150124.001	clt	RoboSep_RunProgress.CheckForStatusUpdate()	Info	RoboSep_RunProgress	Progress Update: Q = 2 Step = 2 ID = 2 CMD = Mix
20111202_150124.008	clt	ProgressBar.MoveToStep()	Debug	ProgressBar	Progress bar ProgressBar to step 2
20111202_150200.026	clt	RoboSep_RunProgress.CheckForStatusUpdate()	Info	RoboSep_RunProgress	Progress Update: Q = 0 Step = 1 ID = 1 CMD = Transport
20111202_150200.037	clt	ProgressBar.MoveToStep()	Debug	ProgressBar	Progress bar ProgressBar to step 1
20111202_150229.417	clt	RoboSep_RunProgress.CheckForStatusUpdate()	Info	RoboSep_RunProgress	Progress Update: Q = 3 Step = 4 ID = 3 CMD = Transport
20111202_150229.432	clt	ProgressBar.MoveToStep()	Debug	ProgressBar	Progress bar ProgressBar to step 4
20111202_150257.810	clt	RoboSep_RunProgress.CheckForStatusUpdate()	Info	RoboSep_RunProgress	Progress Update: Q = 3 Step = 4 ID = 3 CMD = Incubate
20111202_150257.818	clt	ProgressBar.MoveToStep()	Debug	ProgressBar	Progress bar ProgressBar to step 3
20111202_150259.324	clt	RoboSep_RunProgress.CheckForStatusUpdate()	Info	RoboSep_RunProgress	Progress Update: Q = 0 Step = 2 ID = 1 CMD = Mix
20111202_150259.333	clt	ProgressBar.MoveToStep()	Debug	ProgressBar	Progress bar ProgressBar to step 2
20111202_150334.363	clt	RoboSep_RunProgress.CheckForStatusUpdate()	Info	RoboSep_RunProgress	Progress Update: Q = 3 Step = 5 ID = 3 CMD = Mix
20111202_150334.372	clt	ProgressBar.MoveToStep()	Debug	ProgressBar	Progress bar ProgressBar to step 5
20111202_150411.855	clt	RoboSep_RunProgress.CheckForStatusUpdate()	Info	RoboSep_RunProgress	Progress Update: Q = 3 Step = 5 ID = 3 CMD = Incubate
20111202_150411.865	clt	QuadrantProgress.ProgressToNextStep()	Debug	QuadrantProgress	Progress to element:'5' from:'2' cmdGiven: 'Incubate' elementCmdType: 'IncubateCommand'
20111202_150411.871	clt	ProgressBar.MoveToStep()	Debug	ProgressBar	Progress bar ProgressBar to step 6
20111202_150413.367	clt	RoboSep_RunProgress.CheckForStatusUpdate()	Info	RoboSep_RunProgress	Progress Update: Q = 3 Step = 6 ID = 3 CMD = Incubate
20111202_150413.373	clt	QuadrantProgress.ProgressToNextStep()	Debug	QuadrantProgress	Progress to element: '5' cmdGiven: 'Incubate' cmdExecuted: 'NONE'
20111202_150414.877	clt	RoboSep_RunProgress.CheckForStatusUpdate()	Info	RoboSep_RunProgress	Progress Update: Q = 2 Step = 4 ID = 2 CMD = Transport
20111202_150414.884	clt	ProgressBar.MoveToStep()	Debug	ProgressBar	Progress bar ProgressBar to step 4
20111202_150441.258	clt	RoboSep_RunProgress.CheckForStatusUpdate()	Info	RoboSep_RunProgress	Progress Update: Q = 0 Step = 4 ID = 1 CMD = Transport
20111202_150441.267	clt	ProgressBar.MoveToStep()	Debug	ProgressBar	Progress bar ProgressBar to step 4
20111202_150508.622	clt	RoboSep_RunProgress.CheckForStatusUpdate()	Info	RoboSep_RunProgress	Progress Update: Q = 3 Step = 7 ID = 3 CMD = TopUp Vial
20111202_150508.891	clt	QuadrantProgress.ProgressToNextStep()	Debug	QuadrantProgress	Progress to element:'6' from:'5' cmdGiven: 'TopUp Vial' elementCmdType: 'TopUpVialCommand'
20111202_150508.898	clt	ProgressBar.MoveToStep()	Debug	ProgressBar	Progress bar ProgressBar to step 7
20111202_150618.596	clt	RoboSep_RunProgress.CheckForStatusUpdate()	Info	RoboSep_RunProgress	Progress Update: Q = 2 Step = 5 ID = 2 CMD = Mix
20111202_150618.606	clt	ProgressBar.MoveToStep()	Debug	ProgressBar	Progress bar ProgressBar to step 5
20111202_150656.133	clt	RoboSep_RunProgress.CheckForStatusUpdate()	Info	RoboSep_RunProgress	Progress Update: Q = 0 Step = 5 ID = 1 CMD = Mix
20111202_150656.143	clt	ProgressBar.MoveToStep()	Debug	ProgressBar	Progress bar ProgressBar to step 5
20111202_150733.634	clt	RoboSep_RunProgress.CheckForStatusUpdate()	Info	RoboSep_RunProgress	Progress Update: Q = 0 Step = 5 ID = 1 CMD = Incubate
20111202_150733.642	clt	ProgressBar.MoveToStep()	Debug	ProgressBar	Progress bar ProgressBar to step 3
20111202_150735.143	clt	RoboSep_RunProgress.CheckForStatusUpdate()	Info	RoboSep_RunProgress	Progress Update: Q = 0 Step = 6 ID = 1 CMD = Incubate
20111202_150735.273	clt	QuadrantProgress.ProgressToNextStep()	Debug	QuadrantProgress	Progress to element:'5' from:'2' cmdGiven: 'Incubate' elementCmdType: 'IncubateCommand'
20111202_150735.282	clt	ProgressBar.MoveToStep()	Debug	ProgressBar	Progress bar ProgressBar to step 6
20111202_150736.659	clt	RoboSep_RunProgress.CheckForStatusUpdate()	Info	RoboSep_RunProgress	Progress Update: Q = 3 Step = 8 ID = 3 CMD = Mix
20111202_150736.666	clt	ProgressBar.MoveToStep()	Debug	ProgressBar	Progress bar ProgressBar to step 8
20111202_150811.150	clt	RoboSep_RunProgress.CheckForStatusUpdate()	Info	RoboSep_RunProgress	Progress Update: Q = 2 Step = 7 ID = 2 CMD = TopUp Vial
20111202_150811.163	clt	QuadrantProgress.ProgressToNextStep()	Debug	QuadrantProgress	Progress to element: '2' cmdGiven: 'TopUp Vial' cmdExecuted: 'NONE'
20111202_150921.138	clt	RoboSep_RunProgress.CheckForStatusUpdate()	Info	RoboSep_RunProgress	Progress Update: Q = 0 Step = 7 ID = 1 CMD = TopUp Vial
20111202_150921.145	clt	QuadrantProgress.ProgressToNextStep()	Debug	QuadrantProgress	Progress to element:'6' from:'5' cmdGiven: 'TopUp Vial' elementCmdType: 'TopUpVialCommand'
20111202_150921.152	clt	ProgressBar.MoveToStep()	Debug	ProgressBar	Progress bar ProgressBar to step 7
20111202_151031.108	clt	RoboSep_RunProgress.CheckForStatusUpdate()	Info	RoboSep_RunProgress	Progress Update: Q = 3 Step = 9 ID = 3 CMD = Transport
20111202_151031.117	clt	ProgressBar.MoveToStep()	Debug	ProgressBar	Progress bar ProgressBar to step 9
20111202_151141.091	clt	RoboSep_RunProgress.CheckForStatusUpdate()	Info	RoboSep_RunProgress	Progress Update: Q = 2 Step = 8 ID = 2 CMD = Mix
20111202_151141.101	clt	ProgressBar.MoveToStep()	Debug	ProgressBar	Progress bar ProgressBar to step 8
20111202_151158.076	clt	ProgressBar.ResetProgress()	Debug	ProgressBar	Reset Progress on ProgressBar
20111202_151203.536	clt	ProgressBar.ResetProgress()	Debug	ProgressBar	Reset Progress on ProgressBar
20111202_151203.611	clt	ProgressBar.ResetProgress()	Debug	ProgressBar	Reset Progress on ProgressBar
20111202_151203.619	clt	ProgressBar.setElements()	Debug	ProgressBar	ProgressBar set 1 steps
20111202_151203.631	clt	QuadrantInfo.Clear()	Info	QuadrantInfo	Quadrant info Cleared
20111202_151203.643	clt	QuadrantInfo.Clear()	Info	QuadrantInfo	Quadrant info Cleared
20111202_151203.652	clt	QuadrantInfo.Clear()	Info	QuadrantInfo	Quadrant info Cleared
20111202_151203.658	clt	QuadrantInfo.Clear()	Info	QuadrantInfo	Quadrant info Cleared
20111202_151203.664	clt	RoboSep_RunSamples.Unload()	Info	RoboSep_RunSamples	Clearing all selected protocols
20111202_151203.697	clt	ProgressBar.ResetProgress()	Debug	ProgressBar	Reset Progress on ProgressBar
20111202_151204.520	clt	RoboSep_UserConsole.AtBatchDurationUpdate()	Info	RoboSep_UserConsole	Estimated run completion = 01:00
20111202_151207.226	clt	ProgressBar.ResetProgress()	Debug	ProgressBar	Reset Progress on ProgressBar
