RoboSep UI Log File
Created: 20111205_131020.447

20111205_131020.449	clt	RoboSep_UserConsole.RoboSep_UserConsole()	General	RoboSep_UserConsole	Initializing User Console
20111205_131020.497	clt	Form_Home.Form_Home()	Info	Form_Home	Creating new Form_Home
20111205_131022.099	clt	RoboSep_UserConsole.grabSystemOptions()	Info	RoboSep_UserConsole	Get Sys Options: Lid Sensor = FalseLiquid Sensor = False
20111205_131022.113	clt	RoboSep_UserConsole.RoboSep_UserConsole_Load()	Info	RoboSep_UserConsole	Loading User Console
20111205_131022.134	clt	RoboSep_Splash.RoboSep_Splash()	Info	RoboSep_Splash	Initializing Splash Page
20111205_131022.187	clt	RoboSep_UserConsole.RoboSep_UserConsole_Load()	General	RoboSep_UserConsole	Starting GUI Thread
20111205_131022.189	clt	RoboSep_UserConsole.AttemptSeparatorConnection()	Info	RoboSep_UserConsole	Connecting...
20111205_131022.855	clt	RoboSep_UserDB.Robosep_UserDB()()	Debug	RoboSep_UserDB	Initializing UserDB
20111205_131022.899	clt	RoboSep_UserDB.GetProtocolsPath()	Debug	RoboSep_UserDB	output: C:\Program Files (x86)\STI\RoboSep\protocols\
20111205_131022.936	clt	RoboSep_UserDB.LoadAllProtocols()	Debug	RoboSep_UserDB	160protocols loaded
20111205_131022.940	clt	RoboSep_UserDB.XML_SaveUserConfig()	Info	RoboSep_UserDB	set user.db file to : User1.udb
20111205_131023.239	clt	RoboSep_UserDB.GetProtocolsPath()	Debug	RoboSep_UserDB	output: C:\Program Files (x86)\STI\RoboSep\protocols\
20111205_131023.249	clt	RoboSep_UserDB.XML_LoadRoboSepUserObject()	Debug	RoboSep_UserDB	Loaded Robosep User
20111205_131023.428	clt	RoboSep_UserConsole.AtReportInstrumentInformation()	Info	RoboSep_UserConsole	Get system information for About menu
20111205_131023.439	clt	RoboSep_UserConsole.AtBatchDurationUpdate()	Info	RoboSep_UserConsole	Estimated run completion = 01:00
20111205_131053.178	clt	RoboSep_UserConsole.ProgressSplash()	Info	RoboSep_UserConsole	Stopping Splash page
20111205_131053.231	clt	RoboSep_About.RoboSep_About()	Info	RoboSep_About	Initializing About user control
20111205_131053.315	clt	RoboSep_RunSamples.RoboSep_RunSamples()	Info	RoboSep_RunSamples	Initializing Run Samples user control
20111205_131053.394	clt	RoboSep_Splash.close()	Info	RoboSep_Splash	Closing Splash Page
20111205_131108.354	clt	RoboSep_ProtocolSelect.RoboSep_ProtocolSelect()	Info	RoboSep_ProtocolSelect	New Protocol Select user control generated
20111205_131108.443	clt	RoboSep_RunSamples.Protocol_Selection()	Info	RoboSep_RunSamples	Opening protocol selection for quadrant 1
20111205_131108.470	clt	RoboSep_ProtocolSelect.RoboSep_ProtocolSelect()	Info	RoboSep_ProtocolSelect	New Protocol Select user control generated
20111205_131108.507	clt	RoboSep_RunSamples.Protocol_Selection()	Info	RoboSep_RunSamples	Opening protocol selection for quadrant 1
20111205_131109.784	clt	RoboSep_RunSamples.addToRun()	Debug	RoboSep_RunSamples	Adding protocol 'Jasons Super Out Of This World Protocol' to run at quadrant0
20111205_131109.856	clt	NumberPad.NumberPad()	Debug	NumberPad	Opening New Number Pad window
20111205_131110.503	clt	NumberPad.validateEntry()	Debug	NumberPad	Volume: 1.000
20111205_131110.529	clt	RoboSep_UserConsole.SetSampleVolume()	Info	RoboSep_UserConsole	Quad: 1 Sample Vol 0.001
20111205_131110.538	clt	RoboSep_UserConsole.AtBatchDurationUpdate()	Info	RoboSep_UserConsole	Estimated run completion = 01:00
20111205_131110.619	clt	RoboSep_ProtocolSelect.SelectProtocol()	Info	RoboSep_ProtocolSelect	Adding protocol to current run
20111205_131110.624	clt	RoboSep_ProtocolSelect.button_Accept_Click()	Info	RoboSep_ProtocolSelect	Protocol Selected from User list
20111205_131110.660	clt	RoboSep_UserConsole.AtBatchDurationUpdate()	Info	RoboSep_UserConsole	Estimated run completion = 14:00
20111205_131111.468	clt	RoboSep_ProtocolSelect.RoboSep_ProtocolSelect()	Info	RoboSep_ProtocolSelect	New Protocol Select user control generated
20111205_131111.533	clt	RoboSep_RunSamples.Protocol_Selection()	Info	RoboSep_RunSamples	Opening protocol selection for quadrant 3
20111205_131111.565	clt	RoboSep_ProtocolSelect.RoboSep_ProtocolSelect()	Info	RoboSep_ProtocolSelect	New Protocol Select user control generated
20111205_131111.603	clt	RoboSep_RunSamples.Protocol_Selection()	Info	RoboSep_RunSamples	Opening protocol selection for quadrant 3
20111205_131114.724	clt	RoboSep_RunSamples.addToRun()	Debug	RoboSep_RunSamples	Adding protocol 'Jasons Super Out Of This World Protocol' to run at quadrant2
20111205_131114.783	clt	NumberPad.NumberPad()	Debug	NumberPad	Opening New Number Pad window
20111205_131115.622	clt	NumberPad.validateEntry()	Debug	NumberPad	Volume: 3.000
20111205_131115.636	clt	RoboSep_UserConsole.SetSampleVolume()	Info	RoboSep_UserConsole	Quad: 3 Sample Vol 0.003
20111205_131115.637	clt	RoboSep_UserConsole.AtBatchDurationUpdate()	Info	RoboSep_UserConsole	Estimated run completion = 01:00
20111205_131115.709	clt	RoboSep_ProtocolSelect.SelectProtocol()	Info	RoboSep_ProtocolSelect	Adding protocol to current run
20111205_131115.714	clt	RoboSep_ProtocolSelect.button_Accept_Click()	Info	RoboSep_ProtocolSelect	Protocol Selected from User list
20111205_131115.773	clt	RoboSep_UserConsole.AtBatchDurationUpdate()	Info	RoboSep_UserConsole	Estimated run completion = 25:00
20111205_131116.454	clt	RoboSep_RunSamples.button_RunSamples_Click()	Info	RoboSep_RunSamples	Run Samples button clicked
20111205_131116.476	clt	ProgressBar.ResetProgress()	Debug	ProgressBar	Reset Progress on ProgressBar
20111205_131119.223	clt	ProgressBar.ResetProgress()	Debug	ProgressBar	Reset Progress on ProgressBar
20111205_131121.499	clt	RoboSep_RunSamples.button_RunSamples_Click()	Debug	RoboSep_RunSamples	Scheduling run
20111205_131121.505	clt	RoboSep_UserDB.GetProtocolsPath()	Debug	RoboSep_UserDB	output: C:\Program Files (x86)\STI\RoboSep\protocols\
20111205_131121.508	clt	RoboSep_UserDB.getProtocolCommandList()	Debug	RoboSep_UserDB	returned 19commands
20111205_131121.510	clt	RoboSep_RunSamples.button_RunSamples_Click()	Debug	RoboSep_RunSamples	protocol: Jason Super Protocol.xml commands: 19
20111205_131121.536	clt	ProgressBar.ResetProgress()	Debug	ProgressBar	Reset Progress on ProgressBar
20111205_131121.561	clt	ProgressBar.ResetProgress()	Debug	ProgressBar	Reset Progress on ProgressBar
20111205_131121.585	clt	ProgressBar.ResetProgress()	Debug	ProgressBar	Reset Progress on ProgressBar
20111205_131121.609	clt	ProgressBar.ResetProgress()	Debug	ProgressBar	Reset Progress on ProgressBar
20111205_131121.635	clt	ProgressBar.ResetProgress()	Debug	ProgressBar	Reset Progress on ProgressBar
20111205_131121.772	clt	ProgressBar.ResetProgress()	Debug	ProgressBar	Reset Progress on ProgressBar
20111205_131121.778	clt	ProgressBar.setElements()	Debug	ProgressBar	ProgressBar set 1 steps
20111205_131121.782	clt	ProgressBar.ResetProgress()	Debug	ProgressBar	Reset Progress on ProgressBar
20111205_131121.811	clt	ProgressBar.setElements()	Debug	ProgressBar	ProgressBar set 19 steps
20111205_131121.815	clt	RoboSep_UserDB.GetProtocolsPath()	Debug	RoboSep_UserDB	output: C:\Program Files (x86)\STI\RoboSep\protocols\
20111205_131121.823	clt	RoboSep_UserDB.getProtocolCommandList()	Debug	RoboSep_UserDB	returned 19commands
20111205_131121.825	clt	RoboSep_RunSamples.button_RunSamples_Click()	Debug	RoboSep_RunSamples	protocol: Jason Super Protocol.xml commands: 19
20111205_131121.828	clt	ProgressBar.ResetProgress()	Debug	ProgressBar	Reset Progress on ProgressBar
20111205_131121.857	clt	ProgressBar.setElements()	Debug	ProgressBar	ProgressBar set 19 steps
20111205_131121.921	clt	RoboSep_Resources.RoboSep_Resources()	Info	RoboSep_Resources	Generating Robosep Resources user control
20111205_131122.011	clt	RoboSep_Resources.grabQuadrantResources()	Debug	RoboSep_Resources	Displaying quadrant 0 resources
20111205_131122.032	clt	RoboSep_Resources.grabQuadrantResources()	Debug	RoboSep_Resources	Loading resources from sharing protocols
20111205_131128.908	clt	ProgressBar.ResetProgress()	Debug	ProgressBar	Reset Progress on ProgressBar
20111205_131129.823	clt	RoboSep_RunSamples.CheckHydraulicFluid()	General	RoboSep_RunSamples	Start Separation run
20111205_131129.962	clt	RoboSep_Resources.buttonRun_Click()	Debug	RoboSep_Resources	Run Protocols button clicked
20111205_131129.968	clt	RoboSep_RunProgress.Start()	Info	RoboSep_RunProgress	 **INITIALIZING RUN
20111205_131216.719	clt	RoboSep_UserConsole.AtBatchDurationUpdate()	Info	RoboSep_UserConsole	Estimated run completion = 26:00
20111205_131221.200	clt	RoboSep_RunProgress.CheckForStatusUpdate()	Info	RoboSep_RunProgress	Progress Update: Q = 2 Step = 1 ID = 2 CMD = Transport
20111205_131221.209	clt	ProgressBar.MoveToStep()	Debug	ProgressBar	Progress bar ProgressBar to step 1
