RoboSep UI Log File
Created: 20111207_102303.757

20111207_102303.765	clt	RoboSep_UserConsole.RoboSep_UserConsole()	General	RoboSep_UserConsole	Initializing User Console
20111207_102303.814	clt	Form_Home.Form_Home()	Info	Form_Home	Creating new Form_Home
20111207_102305.850	clt	RoboSep_UserConsole.grabSystemOptions()	Info	RoboSep_UserConsole	Get Sys Options: Lid Sensor = TrueLiquid Sensor = True
20111207_102305.873	clt	RoboSep_UserConsole.RoboSep_UserConsole_Load()	Info	RoboSep_UserConsole	Loading User Console
20111207_102305.900	clt	RoboSep_Splash.RoboSep_Splash()	Info	RoboSep_Splash	Initializing Splash Page
20111207_102305.977	clt	RoboSep_UserConsole.RoboSep_UserConsole_Load()	General	RoboSep_UserConsole	Starting GUI Thread
20111207_102306.002	clt	RoboSep_UserConsole.AttemptSeparatorConnection()	Info	RoboSep_UserConsole	Connecting...
20111207_102307.102	clt	RoboSep_UserDB.Robosep_UserDB()()	Debug	RoboSep_UserDB	Initializing UserDB
20111207_102307.252	clt	RoboSep_UserDB.GetProtocolsPath()	Debug	RoboSep_UserDB	output: C:\Program Files (x86)\STI\RoboSep\protocols\
20111207_102307.289	clt	RoboSep_UserConsole.AtReportInstrumentInformation()	Info	RoboSep_UserConsole	Get system information for About menu
20111207_102307.305	clt	RoboSep_UserConsole.AtBatchDurationUpdate()	Info	RoboSep_UserConsole	Estimated run completion = 01:00
20111207_102307.926	clt	RoboSep_UserDB.LoadAllProtocols()	Debug	RoboSep_UserDB	160protocols loaded
20111207_102307.931	clt	RoboSep_UserDB.XML_SaveUserConfig()	Info	RoboSep_UserDB	set user.db file to : User1.udb
20111207_102308.266	clt	RoboSep_UserDB.GetProtocolsPath()	Debug	RoboSep_UserDB	output: C:\Program Files (x86)\STI\RoboSep\protocols\
20111207_102308.278	clt	RoboSep_UserDB.XML_LoadRoboSepUserObject()	Debug	RoboSep_UserDB	Loaded Robosep User
20111207_102336.901	clt	RoboSep_UserConsole.ProgressSplash()	Info	RoboSep_UserConsole	Stopping Splash page
20111207_102336.962	clt	RoboSep_About.RoboSep_About()	Info	RoboSep_About	Initializing About user control
20111207_102337.059	clt	RoboSep_RunSamples.RoboSep_RunSamples()	Info	RoboSep_RunSamples	Initializing Run Samples user control
20111207_102337.142	clt	RoboSep_Splash.close()	Info	RoboSep_Splash	Closing Splash Page
20111207_102354.815	clt	RoboSep_RunSamples.btn_home_Click()	Info	RoboSep_RunSamples	Home button clicked
20111207_102355.700	clt	RoboSep_Logs.RoboSep_Logs()	Info	RoboSep_Logs	Initializing Logs Tab Page 
20111207_102355.741	clt	RoboSep_RunStatsLog.RoboSep_RunStatsLog()	Info	RoboSep_RunStatsLog	Initializing Log Tab Run Statistics
20111207_102356.029	clt	RoboSep_Logs.RoboSep_Logs()	Info	RoboSep_Logs	Loading Log Tab 0
20111207_102356.072	clt	Form_Home.hex_logs_Click()	Info	Form_Home	Logs button clicked
