RoboSep UI Log File
Created: 20111208_172449.989

20111208_172449.991	clt	RoboSep_UserConsole.RoboSep_UserConsole()	General	RoboSep_UserConsole	Initializing User Console
20111208_172450.043	clt	Form_Home.Form_Home()	Info	Form_Home	Creating new Form_Home
20111208_172451.875	clt	RoboSep_UserConsole.grabSystemOptions()	Info	RoboSep_UserConsole	Get Sys Options: Lid Sensor = TrueLiquid Sensor = True
20111208_172451.897	clt	RoboSep_UserConsole.RoboSep_UserConsole_Load()	Info	RoboSep_UserConsole	Loading User Console
20111208_172451.926	clt	RoboSep_Splash.RoboSep_Splash()	Info	RoboSep_Splash	Initializing Splash Page
20111208_172452.021	clt	RoboSep_UserConsole.RoboSep_UserConsole_Load()	General	RoboSep_UserConsole	Starting GUI Thread
20111208_172452.024	clt	RoboSep_UserConsole.AttemptSeparatorConnection()	Info	RoboSep_UserConsole	Connecting...
20111208_172452.789	clt	RoboSep_UserDB.Robosep_UserDB()()	Debug	RoboSep_UserDB	Initializing UserDB
20111208_172452.836	clt	RoboSep_UserDB.GetProtocolsPath()	Debug	RoboSep_UserDB	output: C:\Program Files (x86)\STI\RoboSep\protocols\
20111208_172452.885	clt	RoboSep_UserDB.LoadAllProtocols()	Debug	RoboSep_UserDB	160protocols loaded
20111208_172452.890	clt	RoboSep_UserDB.XML_SaveUserConfig()	Info	RoboSep_UserDB	set user.db file to : User1.udb
20111208_172453.336	clt	RoboSep_UserDB.GetProtocolsPath()	Debug	RoboSep_UserDB	output: C:\Program Files (x86)\STI\RoboSep\protocols\
20111208_172453.353	clt	RoboSep_UserDB.XML_LoadRoboSepUserObject()	Debug	RoboSep_UserDB	Loaded Robosep User
20111208_172453.432	clt	RoboSep_UserConsole.AtReportInstrumentInformation()	Info	RoboSep_UserConsole	Get system information for About menu
20111208_172453.448	clt	RoboSep_UserConsole.AtBatchDurationUpdate()	Info	RoboSep_UserConsole	Estimated run completion = 01:00
20111208_172522.963	clt	RoboSep_UserConsole.ProgressSplash()	Info	RoboSep_UserConsole	Stopping Splash page
20111208_172523.025	clt	RoboSep_About.RoboSep_About()	Info	RoboSep_About	Initializing About user control
20111208_172523.121	clt	RoboSep_RunSamples.RoboSep_RunSamples()	Info	RoboSep_RunSamples	Initializing Run Samples user control
20111208_172523.206	clt	RoboSep_Splash.close()	Info	RoboSep_Splash	Closing Splash Page
20111208_172618.644	clt	RoboSep_RunSamples.btn_home_Click()	Info	RoboSep_RunSamples	Home button clicked
20111208_172619.892	clt	RoboSep_System.RoboSep_System()	Info	RoboSep_System	Initializing System user control
20111208_172619.955	clt	Form_Home.hex_system_Click()	Info	Form_Home	System button clicked
20111208_172625.165	clt	ProgressBar.ResetProgress()	Debug	ProgressBar	Reset Progress on ProgressBar
20111208_172626.793	clt	ProgressBar.ResetProgress()	Debug	ProgressBar	Reset Progress on ProgressBar
20111208_172647.809	clt	FileBrowser.FileBrowser()	Info	FileBrowser	Start Dir: F:\File Location: C:\Program Files (x86)\STI\RoboSep\ZippedFiles\20111208_1726_repLog.zipmode: SelectTargetDir
20111208_172647.831	clt	FileBrowser.LoadDirectory()	Debug	FileBrowser	Loading Directory 'F:\
20111208_172704.305	clt	ProgressBar.ResetProgress()	Debug	ProgressBar	Reset Progress on ProgressBar
20111208_172722.656	clt	FileBrowser.button_OK_Click()	Info	FileBrowser	Ok button clicked
20111208_172728.536	clt	RoboSep_UserConsole.GUIShutdown()	General	RoboSep_UserConsole	System Shutdown
20111208_172728.670	clt	RoboSep_UserConsole.GUIShutdown()	General	RoboSep_UserConsole	System Shutdown
20111208_172728.724	clt	RoboSep_System.button_Shutdown_Click()	General	RoboSep_System	Shutdown Software clicked
