RoboSep UI Log File
Created: 20111202_143403.274

20111202_143403.278	clt	RoboSep_UserConsole.RoboSep_UserConsole()	General	RoboSep_UserConsole	Initializing User Console
20111202_143403.327	clt	Form_Home.Form_Home()	Info	Form_Home	Creating new Form_Home
20111202_143405.085	clt	RoboSep_UserConsole.grabSystemOptions()	Info	RoboSep_UserConsole	Get Sys Options: Lid Sensor = FalseLiquid Sensor = False
20111202_143405.102	clt	RoboSep_UserConsole.RoboSep_UserConsole_Load()	Info	RoboSep_UserConsole	Loading User Console
20111202_143405.125	clt	RoboSep_Splash.RoboSep_Splash()	Info	RoboSep_Splash	Initializing Splash Page
20111202_143405.191	clt	RoboSep_UserConsole.RoboSep_UserConsole_Load()	General	RoboSep_UserConsole	Starting GUI Thread
20111202_143405.194	clt	RoboSep_UserConsole.AttemptSeparatorConnection()	Info	RoboSep_UserConsole	Connecting...
20111202_143406.053	clt	RoboSep_UserDB.Robosep_UserDB()()	Debug	RoboSep_UserDB	Initializing UserDB
20111202_143406.109	clt	RoboSep_UserDB.GetProtocolsPath()	Debug	RoboSep_UserDB	output: C:\Program Files (x86)\STI\RoboSep\protocols\
20111202_143406.162	clt	RoboSep_UserDB.LoadAllProtocols()	Debug	RoboSep_UserDB	160protocols loaded
20111202_143406.168	clt	RoboSep_UserDB.XML_SaveUserConfig()	Info	RoboSep_UserDB	set user.db file to : User1.udb
20111202_143406.283	clt	RoboSep_UserConsole.AtReportInstrumentInformation()	Info	RoboSep_UserConsole	Get system information for About menu
20111202_143406.457	clt	RoboSep_UserConsole.AtBatchDurationUpdate()	Info	RoboSep_UserConsole	Estimated run completion = 01:00
20111202_143406.728	clt	RoboSep_UserDB.GetProtocolsPath()	Debug	RoboSep_UserDB	output: C:\Program Files (x86)\STI\RoboSep\protocols\
20111202_143406.745	clt	RoboSep_UserDB.XML_LoadRoboSepUserObject()	Debug	RoboSep_UserDB	Loaded Robosep User
20111202_143436.127	clt	RoboSep_UserConsole.ProgressSplash()	Info	RoboSep_UserConsole	Stopping Splash page
20111202_143436.206	clt	RoboSep_About.RoboSep_About()	Info	RoboSep_About	Initializing About user control
20111202_143436.483	clt	RoboSep_RunSamples.RoboSep_RunSamples()	Info	RoboSep_RunSamples	Initializing Run Samples user control
20111202_143436.570	clt	RoboSep_Splash.close()	Info	RoboSep_Splash	Closing Splash Page
20111202_143439.903	clt	RoboSep_RunSamples.btn_home_Click()	Info	RoboSep_RunSamples	Home button clicked
20111202_143441.019	clt	Form_Home.hex_sampling_Click()	Info	Form_Home	Run Sample button clicked
20111202_143441.779	clt	RoboSep_ProtocolSelect.RoboSep_ProtocolSelect()	Info	RoboSep_ProtocolSelect	New Protocol Select user control generated
20111202_143441.876	clt	RoboSep_RunSamples.Protocol_Selection()	Info	RoboSep_RunSamples	Opening protocol selection for quadrant 1
20111202_143441.909	clt	RoboSep_ProtocolSelect.RoboSep_ProtocolSelect()	Info	RoboSep_ProtocolSelect	New Protocol Select user control generated
20111202_143441.950	clt	RoboSep_RunSamples.Protocol_Selection()	Info	RoboSep_RunSamples	Opening protocol selection for quadrant 1
20111202_143443.993	clt	RoboSep_ProtocolSelect.button_SelectionMode_Click()	Info	RoboSep_ProtocolSelect	Change Protocol selection mode toAll Protocols
20111202_143444.682	clt	Keyboard.Keyboard()	Info	Keyboard	New Touch Keyboard generated
20111202_143445.963	clt	Keyboard.textbox_input_KeyDown()	Info	Keyboard	Keboard output: ''
20111202_143448.003	clt	RoboSep_UserDB.XML_SaveUserConfig()	Info	RoboSep_UserDB	set user.db file to : User1.udb
20111202_143448.015	clt	RoboSep_UserDB.XML_SaveUserProfile()	Debug	RoboSep_UserDB	Saved User Profile Jason with 3protocols
20111202_143448.075	clt	RoboSep_ProtocolSelect.button_Accept_Click()	Info	RoboSep_ProtocolSelect	Protocol Selected from All Protocols list
20111202_143448.107	clt	RoboSep_UserConsole.AtReportInstrumentInformation()	Info	RoboSep_UserConsole	Get system information for About menu
20111202_143448.117	clt	RoboSep_UserConsole.AtBatchDurationUpdate()	Info	RoboSep_UserConsole	Estimated run completion = 01:00
20111202_143448.819	clt	RoboSep_UserDB.loadUserProtocols()	Debug	RoboSep_UserDB	Loaded 2 protocol from User Jason
20111202_143455.465	clt	RoboSep_UserDB.XML_SaveUserConfig()	Info	RoboSep_UserDB	set user.db file to : User1.udb
20111202_143455.478	clt	RoboSep_UserDB.XML_SaveUserProfile()	Debug	RoboSep_UserDB	Saved User Profile Jason with 3protocols
20111202_143455.532	clt	RoboSep_ProtocolSelect.button_Accept_Click()	Info	RoboSep_ProtocolSelect	Protocol Selected from All Protocols list
20111202_143455.567	clt	RoboSep_UserConsole.AtReportInstrumentInformation()	Info	RoboSep_UserConsole	Get system information for About menu
20111202_143455.574	clt	RoboSep_UserConsole.AtBatchDurationUpdate()	Info	RoboSep_UserConsole	Estimated run completion = 01:00
20111202_143455.901	clt	RoboSep_UserDB.loadUserProtocols()	Debug	RoboSep_UserDB	Loaded 2 protocol from User Jason
20111202_143456.029	clt	RoboSep_UserDB.loadUserProtocols()	Debug	RoboSep_UserDB	Loaded 2 protocol from User Jason
20111202_143456.060	clt	RoboSep_UserConsole.AtReportInstrumentInformation()	Info	RoboSep_UserConsole	Get system information for About menu
20111202_143456.067	clt	RoboSep_UserConsole.AtBatchDurationUpdate()	Info	RoboSep_UserConsole	Estimated run completion = 01:00
20111202_143456.141	clt	RoboSep_UserDB.loadUserProtocols()	Debug	RoboSep_UserDB	Loaded 2 protocol from User Jason
20111202_143456.172	clt	RoboSep_UserConsole.AtReportInstrumentInformation()	Info	RoboSep_UserConsole	Get system information for About menu
20111202_143456.180	clt	RoboSep_UserConsole.AtBatchDurationUpdate()	Info	RoboSep_UserConsole	Estimated run completion = 01:00
20111202_143456.353	clt	RoboSep_RunSamples.addToRun()	Debug	RoboSep_RunSamples	Adding protocol 'Jasons Super Out Of This World Protocol' to run at quadrant0
20111202_143456.439	clt	NumberPad.NumberPad()	Debug	NumberPad	Opening New Number Pad window
20111202_143458.642	clt	NumberPad.validateEntry()	Debug	NumberPad	Volume: 3.000
20111202_143458.665	clt	RoboSep_UserConsole.SetSampleVolume()	Info	RoboSep_UserConsole	Quad: 1 Sample Vol 0.003
20111202_143458.667	clt	RoboSep_UserConsole.AtBatchDurationUpdate()	Info	RoboSep_UserConsole	Estimated run completion = 01:00
20111202_143458.736	clt	RoboSep_ProtocolSelect.SelectProtocol()	Info	RoboSep_ProtocolSelect	Adding protocol to current run
20111202_143458.772	clt	RoboSep_UserConsole.AtBatchDurationUpdate()	Info	RoboSep_UserConsole	Estimated run completion = 14:00
20111202_143459.820	clt	RoboSep_ProtocolSelect.RoboSep_ProtocolSelect()	Info	RoboSep_ProtocolSelect	New Protocol Select user control generated
20111202_143459.890	clt	RoboSep_RunSamples.Protocol_Selection()	Info	RoboSep_RunSamples	Opening protocol selection for quadrant 3
20111202_143500.021	clt	RoboSep_ProtocolSelect.RoboSep_ProtocolSelect()	Info	RoboSep_ProtocolSelect	New Protocol Select user control generated
20111202_143500.063	clt	RoboSep_RunSamples.Protocol_Selection()	Info	RoboSep_RunSamples	Opening protocol selection for quadrant 3
20111202_143501.457	clt	RoboSep_RunSamples.addToRun()	Debug	RoboSep_RunSamples	Adding protocol 'Jasons Super Out Of This World Protocol' to run at quadrant2
20111202_143501.522	clt	NumberPad.NumberPad()	Debug	NumberPad	Opening New Number Pad window
20111202_143502.785	clt	NumberPad.validateEntry()	Debug	NumberPad	Volume: 1.000
20111202_143502.803	clt	RoboSep_UserConsole.SetSampleVolume()	Info	RoboSep_UserConsole	Quad: 3 Sample Vol 0.001
20111202_143502.807	clt	RoboSep_UserConsole.AtBatchDurationUpdate()	Info	RoboSep_UserConsole	Estimated run completion = 01:00
20111202_143502.895	clt	RoboSep_ProtocolSelect.SelectProtocol()	Info	RoboSep_ProtocolSelect	Adding protocol to current run
20111202_143502.971	clt	RoboSep_ProtocolSelect.button_Accept_Click()	Info	RoboSep_ProtocolSelect	Protocol Selected from User list
20111202_143502.981	clt	RoboSep_UserConsole.AtBatchDurationUpdate()	Info	RoboSep_UserConsole	Estimated run completion = 25:00
20111202_143504.203	clt	RoboSep_ProtocolSelect.RoboSep_ProtocolSelect()	Info	RoboSep_ProtocolSelect	New Protocol Select user control generated
20111202_143504.272	clt	RoboSep_RunSamples.Protocol_Selection()	Info	RoboSep_RunSamples	Opening protocol selection for quadrant 2
20111202_143504.303	clt	RoboSep_ProtocolSelect.RoboSep_ProtocolSelect()	Info	RoboSep_ProtocolSelect	New Protocol Select user control generated
20111202_143504.345	clt	RoboSep_RunSamples.Protocol_Selection()	Info	RoboSep_RunSamples	Opening protocol selection for quadrant 2
20111202_143505.834	clt	RoboSep_RunSamples.addToRun()	Debug	RoboSep_RunSamples	Adding protocol 'Jasons Super Out Of This World Protocol' to run at quadrant1
20111202_143505.897	clt	NumberPad.NumberPad()	Debug	NumberPad	Opening New Number Pad window
20111202_143507.266	clt	NumberPad.validateEntry()	Debug	NumberPad	Volume: 1.000
20111202_143507.285	clt	RoboSep_UserConsole.SetSampleVolume()	Info	RoboSep_UserConsole	Quad: 2 Sample Vol 0.001
20111202_143507.299	clt	RoboSep_UserConsole.AtBatchDurationUpdate()	Info	RoboSep_UserConsole	Estimated run completion = 01:00
20111202_143507.378	clt	RoboSep_ProtocolSelect.SelectProtocol()	Info	RoboSep_ProtocolSelect	Adding protocol to current run
20111202_143507.388	clt	RoboSep_ProtocolSelect.button_Accept_Click()	Info	RoboSep_ProtocolSelect	Protocol Selected from User list
20111202_143507.526	clt	RoboSep_UserConsole.AtBatchDurationUpdate()	Info	RoboSep_UserConsole	Estimated run completion = 37:00
20111202_143507.875	clt	RoboSep_RunSamples.button_RunSamples_Click()	Info	RoboSep_RunSamples	Run Samples button clicked
20111202_143507.899	clt	ProgressBar.ResetProgress()	Debug	ProgressBar	Reset Progress on ProgressBar
20111202_143510.948	clt	ProgressBar.ResetProgress()	Debug	ProgressBar	Reset Progress on ProgressBar
20111202_143512.065	clt	RoboSep_RunSamples.button_RunSamples_Click()	Debug	RoboSep_RunSamples	Scheduling run
20111202_143512.076	clt	RoboSep_UserDB.GetProtocolsPath()	Debug	RoboSep_UserDB	output: C:\Program Files (x86)\STI\RoboSep\protocols\
20111202_143512.082	clt	RoboSep_UserDB.getProtocolCommandList()	Debug	RoboSep_UserDB	returned 19commands
20111202_143512.087	clt	RoboSep_RunSamples.button_RunSamples_Click()	Debug	RoboSep_RunSamples	protocol: Jason Super Protocol.xml commands: 19
20111202_143512.117	clt	ProgressBar.ResetProgress()	Debug	ProgressBar	Reset Progress on ProgressBar
20111202_143512.148	clt	ProgressBar.ResetProgress()	Debug	ProgressBar	Reset Progress on ProgressBar
20111202_143512.178	clt	ProgressBar.ResetProgress()	Debug	ProgressBar	Reset Progress on ProgressBar
20111202_143512.208	clt	ProgressBar.ResetProgress()	Debug	ProgressBar	Reset Progress on ProgressBar
20111202_143512.238	clt	ProgressBar.ResetProgress()	Debug	ProgressBar	Reset Progress on ProgressBar
20111202_143512.386	clt	ProgressBar.ResetProgress()	Debug	ProgressBar	Reset Progress on ProgressBar
20111202_143512.400	clt	ProgressBar.setElements()	Debug	ProgressBar	ProgressBar set 1 steps
20111202_143512.408	clt	ProgressBar.ResetProgress()	Debug	ProgressBar	Reset Progress on ProgressBar
20111202_143512.447	clt	ProgressBar.setElements()	Debug	ProgressBar	ProgressBar set 19 steps
20111202_143512.455	clt	RoboSep_UserDB.GetProtocolsPath()	Debug	RoboSep_UserDB	output: C:\Program Files (x86)\STI\RoboSep\protocols\
20111202_143512.461	clt	RoboSep_UserDB.getProtocolCommandList()	Debug	RoboSep_UserDB	returned 19commands
20111202_143512.467	clt	RoboSep_RunSamples.button_RunSamples_Click()	Debug	RoboSep_RunSamples	protocol: Jason Super Protocol.xml commands: 19
20111202_143512.474	clt	ProgressBar.ResetProgress()	Debug	ProgressBar	Reset Progress on ProgressBar
20111202_143512.535	clt	ProgressBar.setElements()	Debug	ProgressBar	ProgressBar set 19 steps
20111202_143512.542	clt	RoboSep_UserDB.GetProtocolsPath()	Debug	RoboSep_UserDB	output: C:\Program Files (x86)\STI\RoboSep\protocols\
20111202_143512.557	clt	RoboSep_UserDB.getProtocolCommandList()	Debug	RoboSep_UserDB	returned 19commands
20111202_143512.563	clt	RoboSep_RunSamples.button_RunSamples_Click()	Debug	RoboSep_RunSamples	protocol: Jason Super Protocol.xml commands: 19
20111202_143512.570	clt	ProgressBar.ResetProgress()	Debug	ProgressBar	Reset Progress on ProgressBar
20111202_143512.611	clt	ProgressBar.setElements()	Debug	ProgressBar	ProgressBar set 19 steps
20111202_143512.687	clt	RoboSep_Resources.RoboSep_Resources()	Info	RoboSep_Resources	Generating Robosep Resources user control
20111202_143512.784	clt	RoboSep_Resources.grabQuadrantResources()	Debug	RoboSep_Resources	Displaying quadrant 0 resources
20111202_143512.807	clt	RoboSep_Resources.grabQuadrantResources()	Debug	RoboSep_Resources	Loading resources from sharing protocols
20111202_143513.827	clt	ProgressBar.ResetProgress()	Debug	ProgressBar	Reset Progress on ProgressBar
20111202_143514.933	clt	RoboSep_RunSamples.CheckHydraulicFluid()	General	RoboSep_RunSamples	Start Separation run
20111202_143515.078	clt	RoboSep_Resources.buttonRun_Click()	Debug	RoboSep_Resources	Run Protocols button clicked
20111202_143515.086	clt	RoboSep_RunProgress.Start()	Info	RoboSep_RunProgress	 **INITIALIZING RUN
20111202_143601.759	clt	RoboSep_UserConsole.AtBatchDurationUpdate()	Info	RoboSep_UserConsole	Estimated run completion = 37:00
20111202_143608.312	clt	RoboSep_RunProgress.CheckForStatusUpdate()	Info	RoboSep_RunProgress	Progress Update: Q = 2 Step = 1 ID = 2 CMD = Transport
20111202_143608.326	clt	ProgressBar.MoveToStep()	Debug	ProgressBar	Progress bar ProgressBar to step 2
