RoboSep UI Log File
Created: 20111207_151617.615

20111207_151617.618	clt	RoboSep_UserConsole.RoboSep_UserConsole()	General	RoboSep_UserConsole	Initializing User Console
20111207_151617.668	clt	Form_Home.Form_Home()	Info	Form_Home	Creating new Form_Home
20111207_151619.574	clt	RoboSep_UserConsole.grabSystemOptions()	Info	RoboSep_UserConsole	Get Sys Options: Lid Sensor = TrueLiquid Sensor = True
20111207_151619.593	clt	RoboSep_UserConsole.RoboSep_UserConsole_Load()	Info	RoboSep_UserConsole	Loading User Console
20111207_151619.616	clt	RoboSep_Splash.RoboSep_Splash()	Info	RoboSep_Splash	Initializing Splash Page
20111207_151619.680	clt	RoboSep_UserConsole.RoboSep_UserConsole_Load()	General	RoboSep_UserConsole	Starting GUI Thread
20111207_151619.684	clt	RoboSep_UserConsole.AttemptSeparatorConnection()	Info	RoboSep_UserConsole	Connecting...
20111207_151620.752	clt	RoboSep_UserDB.Robosep_UserDB()()	Debug	RoboSep_UserDB	Initializing UserDB
20111207_151620.878	clt	RoboSep_UserDB.GetProtocolsPath()	Debug	RoboSep_UserDB	output: C:\Program Files (x86)\STI\RoboSep\protocols\
20111207_151621.347	clt	RoboSep_UserConsole.AtReportInstrumentInformation()	Info	RoboSep_UserConsole	Get system information for About menu
20111207_151621.361	clt	RoboSep_UserConsole.AtBatchDurationUpdate()	Info	RoboSep_UserConsole	Estimated run completion = 01:00
20111207_151621.641	clt	RoboSep_UserDB.LoadAllProtocols()	Debug	RoboSep_UserDB	160protocols loaded
20111207_151621.646	clt	RoboSep_UserDB.XML_SaveUserConfig()	Info	RoboSep_UserDB	set user.db file to : User1.udb
20111207_151621.976	clt	RoboSep_UserDB.GetProtocolsPath()	Debug	RoboSep_UserDB	output: C:\Program Files (x86)\STI\RoboSep\protocols\
20111207_151621.991	clt	RoboSep_UserDB.XML_LoadRoboSepUserObject()	Debug	RoboSep_UserDB	Loaded Robosep User
20111207_151651.122	clt	RoboSep_UserConsole.ProgressSplash()	Info	RoboSep_UserConsole	Stopping Splash page
20111207_151651.182	clt	RoboSep_About.RoboSep_About()	Info	RoboSep_About	Initializing About user control
20111207_151651.268	clt	RoboSep_RunSamples.RoboSep_RunSamples()	Info	RoboSep_RunSamples	Initializing Run Samples user control
20111207_151651.349	clt	RoboSep_Splash.close()	Info	RoboSep_Splash	Closing Splash Page
20111207_151659.103	clt	RoboSep_ProtocolSelect.RoboSep_ProtocolSelect()	Info	RoboSep_ProtocolSelect	New Protocol Select user control generated
20111207_151659.193	clt	RoboSep_RunSamples.Protocol_Selection()	Info	RoboSep_RunSamples	Opening protocol selection for quadrant 1
20111207_151659.222	clt	RoboSep_ProtocolSelect.RoboSep_ProtocolSelect()	Info	RoboSep_ProtocolSelect	New Protocol Select user control generated
20111207_151659.262	clt	RoboSep_RunSamples.Protocol_Selection()	Info	RoboSep_RunSamples	Opening protocol selection for quadrant 1
20111207_151700.846	clt	RoboSep_RunSamples.addToRun()	Debug	RoboSep_RunSamples	Adding protocol 'Human T Cell Negative Selection 19051' to run at quadrant0
20111207_151700.921	clt	NumberPad.NumberPad()	Debug	NumberPad	Opening New Number Pad window
20111207_151702.283	clt	NumberPad.validateEntry()	Debug	NumberPad	Volume: 3.000
20111207_151702.303	clt	RoboSep_UserConsole.SetSampleVolume()	Info	RoboSep_UserConsole	Quad: 1 Sample Vol 0.003
20111207_151702.304	clt	RoboSep_UserConsole.AtBatchDurationUpdate()	Info	RoboSep_UserConsole	Estimated run completion = 01:00
20111207_151702.373	clt	RoboSep_ProtocolSelect.SelectProtocol()	Info	RoboSep_ProtocolSelect	Adding protocol to current run
20111207_151702.378	clt	RoboSep_ProtocolSelect.button_Accept_Click()	Info	RoboSep_ProtocolSelect	Protocol Selected from User list
20111207_151702.381	clt	RoboSep_UserConsole.AtBatchDurationUpdate()	Info	RoboSep_UserConsole	Estimated run completion = 27:00
20111207_151703.195	clt	RoboSep_ProtocolSelect.RoboSep_ProtocolSelect()	Info	RoboSep_ProtocolSelect	New Protocol Select user control generated
20111207_151703.260	clt	RoboSep_RunSamples.Protocol_Selection()	Info	RoboSep_RunSamples	Opening protocol selection for quadrant 3
20111207_151703.291	clt	RoboSep_ProtocolSelect.RoboSep_ProtocolSelect()	Info	RoboSep_ProtocolSelect	New Protocol Select user control generated
20111207_151703.333	clt	RoboSep_RunSamples.Protocol_Selection()	Info	RoboSep_RunSamples	Opening protocol selection for quadrant 3
20111207_151704.791	clt	RoboSep_RunSamples.addToRun()	Debug	RoboSep_RunSamples	Adding protocol 'Jasons Super Out Of This World Protocol' to run at quadrant2
20111207_151704.858	clt	NumberPad.NumberPad()	Debug	NumberPad	Opening New Number Pad window
20111207_151706.151	clt	NumberPad.validateEntry()	Debug	NumberPad	Volume: 1.000
20111207_151706.166	clt	RoboSep_UserConsole.SetSampleVolume()	Info	RoboSep_UserConsole	Quad: 3 Sample Vol 0.001
20111207_151706.244	clt	RoboSep_ProtocolSelect.SelectProtocol()	Info	RoboSep_ProtocolSelect	Adding protocol to current run
20111207_151706.253	clt	RoboSep_ProtocolSelect.button_Accept_Click()	Info	RoboSep_ProtocolSelect	Protocol Selected from User list
20111207_151706.285	clt	RoboSep_UserConsole.AtBatchDurationUpdate()	Info	RoboSep_UserConsole	Estimated run completion = 29:00
20111207_151707.201	clt	RoboSep_RunSamples.button_RunSamples_Click()	Info	RoboSep_RunSamples	Run Samples button clicked
20111207_151707.228	clt	ProgressBar.ResetProgress()	Debug	ProgressBar	Reset Progress on ProgressBar
20111207_151708.070	clt	RoboSep_RunSamples.button_RunSamples_Click()	Debug	RoboSep_RunSamples	Scheduling run
20111207_151708.079	clt	RoboSep_UserDB.GetProtocolsPath()	Debug	RoboSep_UserDB	output: C:\Program Files (x86)\STI\RoboSep\protocols\
20111207_151708.085	clt	RoboSep_UserDB.getProtocolCommandList()	Debug	RoboSep_UserDB	returned 12commands
20111207_151708.089	clt	RoboSep_RunSamples.button_RunSamples_Click()	Debug	RoboSep_RunSamples	protocol: Human T Cell Negative Selection 19051.xml commands: 12
20111207_151708.120	clt	ProgressBar.ResetProgress()	Debug	ProgressBar	Reset Progress on ProgressBar
20111207_151708.150	clt	ProgressBar.ResetProgress()	Debug	ProgressBar	Reset Progress on ProgressBar
20111207_151708.280	clt	ProgressBar.ResetProgress()	Debug	ProgressBar	Reset Progress on ProgressBar
20111207_151708.308	clt	ProgressBar.ResetProgress()	Debug	ProgressBar	Reset Progress on ProgressBar
20111207_151708.486	clt	ProgressBar.ResetProgress()	Debug	ProgressBar	Reset Progress on ProgressBar
20111207_151708.625	clt	ProgressBar.ResetProgress()	Debug	ProgressBar	Reset Progress on ProgressBar
20111207_151708.637	clt	ProgressBar.setElements()	Debug	ProgressBar	ProgressBar set 1 steps
20111207_151708.644	clt	ProgressBar.ResetProgress()	Debug	ProgressBar	Reset Progress on ProgressBar
20111207_151708.669	clt	ProgressBar.setElements()	Debug	ProgressBar	ProgressBar set 12 steps
20111207_151708.675	clt	RoboSep_UserDB.GetProtocolsPath()	Debug	RoboSep_UserDB	output: C:\Program Files (x86)\STI\RoboSep\protocols\
20111207_151708.680	clt	RoboSep_UserDB.getProtocolCommandList()	Debug	RoboSep_UserDB	returned 19commands
20111207_151708.686	clt	RoboSep_RunSamples.button_RunSamples_Click()	Debug	RoboSep_RunSamples	protocol: Jason Super Protocol.xml commands: 19
20111207_151708.692	clt	ProgressBar.ResetProgress()	Debug	ProgressBar	Reset Progress on ProgressBar
20111207_151708.732	clt	ProgressBar.setElements()	Debug	ProgressBar	ProgressBar set 19 steps
20111207_151708.806	clt	RoboSep_Resources.RoboSep_Resources()	Info	RoboSep_Resources	Generating Robosep Resources user control
20111207_151708.892	clt	RoboSep_Resources.grabQuadrantResources()	Debug	RoboSep_Resources	Displaying quadrant 0 resources
20111207_151708.912	clt	RoboSep_Resources.grabQuadrantResources()	Debug	RoboSep_Resources	Loading resources from sharing protocols
20111207_151709.551	clt	ProgressBar.ResetProgress()	Debug	ProgressBar	Reset Progress on ProgressBar
20111207_151710.427	clt	RoboSep_RunSamples.CheckHydraulicFluid()	General	RoboSep_RunSamples	Start Separation run
20111207_151710.545	clt	RoboSep_Resources.buttonRun_Click()	Debug	RoboSep_Resources	Run Protocols button clicked
