RoboSep UI Log File
Created: 20111206_094341.754

20111206_094341.757	clt	RoboSep_UserConsole.RoboSep_UserConsole()	General	RoboSep_UserConsole	Initializing User Console
20111206_094341.817	clt	Form_Home.Form_Home()	Info	Form_Home	Creating new Form_Home
20111206_094344.042	clt	RoboSep_UserConsole.grabSystemOptions()	Info	RoboSep_UserConsole	Get Sys Options: Lid Sensor = FalseLiquid Sensor = False
20111206_094344.059	clt	RoboSep_UserConsole.RoboSep_UserConsole_Load()	Info	RoboSep_UserConsole	Loading User Console
20111206_094344.081	clt	RoboSep_Splash.RoboSep_Splash()	Info	RoboSep_Splash	Initializing Splash Page
20111206_094344.140	clt	RoboSep_UserConsole.RoboSep_UserConsole_Load()	General	RoboSep_UserConsole	Starting GUI Thread
20111206_094344.143	clt	RoboSep_UserConsole.AttemptSeparatorConnection()	Info	RoboSep_UserConsole	Connecting...
20111206_094345.189	clt	RoboSep_UserDB.Robosep_UserDB()()	Debug	RoboSep_UserDB	Initializing UserDB
20111206_094345.346	clt	RoboSep_UserDB.GetProtocolsPath()	Debug	RoboSep_UserDB	output: C:\Program Files (x86)\STI\RoboSep\protocols\
20111206_094345.436	clt	RoboSep_UserConsole.AtReportInstrumentInformation()	Info	RoboSep_UserConsole	Get system information for About menu
20111206_094345.448	clt	RoboSep_UserConsole.AtBatchDurationUpdate()	Info	RoboSep_UserConsole	Estimated run completion = 01:00
20111206_094346.046	clt	RoboSep_UserDB.LoadAllProtocols()	Debug	RoboSep_UserDB	160protocols loaded
20111206_094346.051	clt	RoboSep_UserDB.XML_SaveUserConfig()	Info	RoboSep_UserDB	set user.db file to : User1.udb
20111206_094346.401	clt	RoboSep_UserDB.GetProtocolsPath()	Debug	RoboSep_UserDB	output: C:\Program Files (x86)\STI\RoboSep\protocols\
20111206_094346.414	clt	RoboSep_UserDB.XML_LoadRoboSepUserObject()	Debug	RoboSep_UserDB	Loaded Robosep User
20111206_094415.067	clt	RoboSep_UserConsole.ProgressSplash()	Info	RoboSep_UserConsole	Stopping Splash page
20111206_094415.124	clt	RoboSep_About.RoboSep_About()	Info	RoboSep_About	Initializing About user control
20111206_094415.213	clt	RoboSep_RunSamples.RoboSep_RunSamples()	Info	RoboSep_RunSamples	Initializing Run Samples user control
20111206_094415.303	clt	RoboSep_Splash.close()	Info	RoboSep_Splash	Closing Splash Page
20111206_094416.972	clt	RoboSep_RunSamples.btn_home_Click()	Info	RoboSep_RunSamples	Home button clicked
20111206_094417.624	clt	RoboSep_System.RoboSep_System()	Info	RoboSep_System	Initializing System user control
20111206_094417.687	clt	Form_Home.hex_system_Click()	Info	Form_Home	System button clicked
20111206_094422.657	clt	RoboSep_UserConsole.GUIShutdown()	General	RoboSep_UserConsole	System Shutdown
20111206_094422.757	clt	RoboSep_UserConsole.GUIShutdown()	General	RoboSep_UserConsole	System Shutdown
20111206_094423.153	clt	RoboSep_System.button_Shutdown_Click()	General	RoboSep_System	Shutdown Software clicked
