RoboSep UI Log File
Created: 20111212_093126.836

20111212_093126.838	clt	RoboSep_UserConsole.RoboSep_UserConsole()	General	RoboSep_UserConsole	Initializing User Console
20111212_093126.884	clt	Form_Home.Form_Home()	Info	Form_Home	Creating new Form_Home
20111212_093128.815	clt	RoboSep_UserConsole.grabSystemOptions()	Info	RoboSep_UserConsole	Get Sys Options: Lid Sensor = TrueLiquid Sensor = True
20111212_093128.835	clt	RoboSep_UserConsole.RoboSep_UserConsole_Load()	Info	RoboSep_UserConsole	Loading User Console
20111212_093128.999	clt	RoboSep_Splash.RoboSep_Splash()	Info	RoboSep_Splash	Initializing Splash Page
20111212_093129.075	clt	RoboSep_UserConsole.RoboSep_UserConsole_Load()	General	RoboSep_UserConsole	Starting GUI Thread
20111212_093129.076	clt	RoboSep_UserConsole.AttemptSeparatorConnection()	Info	RoboSep_UserConsole	Connecting...
20111212_093130.198	clt	RoboSep_UserDB.Robosep_UserDB()()	Debug	RoboSep_UserDB	Initializing UserDB
20111212_093130.296	clt	RoboSep_UserDB.GetProtocolsPath()	Debug	RoboSep_UserDB	output: C:\Program Files (x86)\STI\RoboSep\protocols\
20111212_093130.438	clt	RoboSep_UserConsole.AtReportInstrumentInformation()	Info	RoboSep_UserConsole	Get system information for About menu
20111212_093130.450	clt	RoboSep_UserConsole.AtBatchDurationUpdate()	Info	RoboSep_UserConsole	Estimated run completion = 01:00
20111212_093130.986	clt	RoboSep_UserDB.LoadAllProtocols()	Debug	RoboSep_UserDB	160protocols loaded
20111212_093130.991	clt	RoboSep_UserDB.XML_SaveUserConfig()	Info	RoboSep_UserDB	set user.db file to : User1.udb
20111212_093131.301	clt	RoboSep_UserDB.GetProtocolsPath()	Debug	RoboSep_UserDB	output: C:\Program Files (x86)\STI\RoboSep\protocols\
20111212_093131.313	clt	RoboSep_UserDB.XML_LoadRoboSepUserObject()	Debug	RoboSep_UserDB	Loaded Robosep User
20111212_093200.030	clt	RoboSep_UserConsole.ProgressSplash()	Info	RoboSep_UserConsole	Stopping Splash page
20111212_093200.100	clt	RoboSep_About.RoboSep_About()	Info	RoboSep_About	Initializing About user control
20111212_093200.231	clt	RoboSep_RunSamples.RoboSep_RunSamples()	Info	RoboSep_RunSamples	Initializing Run Samples user control
20111212_093200.341	clt	RoboSep_Splash.close()	Info	RoboSep_Splash	Closing Splash Page
20111212_093207.860	clt	RoboSep_RunSamples.btn_home_Click()	Info	RoboSep_RunSamples	Home button clicked
20111212_093208.651	clt	RoboSep_System.RoboSep_System()	Info	RoboSep_System	Initializing System user control
20111212_093208.717	clt	Form_Home.hex_system_Click()	Info	Form_Home	System button clicked
20111212_093209.687	clt	RoboSep_RunSamples.addMaintenance()	Info	RoboSep_RunSamples	Adding Maintenance Protocol
20111212_093209.693	clt	QuadrantInfo.Clear()	Info	QuadrantInfo	Quadrant info Cleared
20111212_093209.697	clt	QuadrantInfo.Clear()	Info	QuadrantInfo	Quadrant info Cleared
20111212_093209.701	clt	QuadrantInfo.Clear()	Info	QuadrantInfo	Quadrant info Cleared
20111212_093209.704	clt	QuadrantInfo.Clear()	Info	QuadrantInfo	Quadrant info Cleared
20111212_093209.716	clt	RoboSep_UserConsole.AtBatchDurationUpdate()	Info	RoboSep_UserConsole	Estimated run completion = 01:00
20111212_093209.724	clt	RoboSep_UserConsole.InvokeMaintenanceAction()	Info	RoboSep_UserConsole	Invoking maintenance action Home
20111212_093209.756	clt	RoboSep_System.button_Home_Click()	Info	RoboSep_System	Home All Maintenance button clicked
20111212_093209.773	clt	RoboSep_UserConsole.AtBatchDurationUpdate()	Info	RoboSep_UserConsole	Estimated run completion = 02:00
20111212_093210.578	clt	RoboSep_RunSamples.button_RunSamples_Click()	Info	RoboSep_RunSamples	Run Samples button clicked
20111212_093210.604	clt	ProgressBar.ResetProgress()	Debug	ProgressBar	Reset Progress on ProgressBar
20111212_093211.768	clt	RoboSep_RunSamples.button_RunSamples_Click()	Debug	RoboSep_RunSamples	Scheduling run
20111212_093211.776	clt	RoboSep_UserDB.GetProtocolsPath()	Debug	RoboSep_UserDB	output: C:\Program Files (x86)\STI\RoboSep\protocols\
20111212_093211.781	clt	RoboSep_UserDB.getProtocolCommandList()	Debug	RoboSep_UserDB	returned 1commands
20111212_093211.785	clt	RoboSep_RunSamples.button_RunSamples_Click()	Debug	RoboSep_RunSamples	protocol: home_axes.xml commands: 1
20111212_093211.815	clt	ProgressBar.ResetProgress()	Debug	ProgressBar	Reset Progress on ProgressBar
20111212_093212.034	clt	ProgressBar.ResetProgress()	Debug	ProgressBar	Reset Progress on ProgressBar
20111212_093212.062	clt	ProgressBar.ResetProgress()	Debug	ProgressBar	Reset Progress on ProgressBar
20111212_093212.090	clt	ProgressBar.ResetProgress()	Debug	ProgressBar	Reset Progress on ProgressBar
20111212_093212.117	clt	ProgressBar.ResetProgress()	Debug	ProgressBar	Reset Progress on ProgressBar
20111212_093212.259	clt	ProgressBar.ResetProgress()	Debug	ProgressBar	Reset Progress on ProgressBar
20111212_093212.269	clt	ProgressBar.setElements()	Debug	ProgressBar	ProgressBar set 1 steps
20111212_093212.275	clt	ProgressBar.ResetProgress()	Debug	ProgressBar	Reset Progress on ProgressBar
20111212_093212.284	clt	ProgressBar.setElements()	Debug	ProgressBar	ProgressBar set 1 steps
20111212_093212.290	clt	RoboSep_RunSamples.button_RunSamples_Click()	Debug	RoboSep_RunSamples	Home Axex protocol, skip resources
20111212_093212.295	clt	RoboSep_RunSamples.CheckHydraulicFluid()	General	RoboSep_RunSamples	Start Separation run
20111212_093212.403	clt	RoboSep_RunProgress.Start()	Info	RoboSep_RunProgress	 **INITIALIZING RUN
20111212_093214.166	clt	RoboSep_UserConsole.AtBatchDurationUpdate()	Info	RoboSep_UserConsole	Estimated run completion = 02:00
20111212_093218.528	clt	ProgressBar.MoveToStep()	Debug	ProgressBar	Progress bar ProgressBar to step 0
20111212_093241.704	clt	RoboSep_UserConsole.AtBatchDurationUpdate()	Info	RoboSep_UserConsole	Estimated run completion = 01:00
20111212_093241.856	clt	ProgressBar.AllCompleted()	Debug	ProgressBar	ProgressBar COMPLETED! 
20111212_093241.866	clt	ProgressBar.AllCompleted()	Debug	ProgressBar	ProgressBar COMPLETED! 
20111212_093241.886	clt	ProgressBar.ResetProgress()	Debug	ProgressBar	Reset Progress on ProgressBar
20111212_093245.120	clt	ProgressBar.ResetProgress()	Debug	ProgressBar	Reset Progress on ProgressBar
20111212_093245.127	clt	ProgressBar.setElements()	Debug	ProgressBar	ProgressBar set 1 steps
20111212_093245.139	clt	ProgressBar.ResetProgress()	Debug	ProgressBar	Reset Progress on ProgressBar
20111212_093246.762	clt	RoboSep_UserConsole.AtBatchDurationUpdate()	Info	RoboSep_UserConsole	Estimated run completion = 01:00
20111212_093246.769	clt	RoboSep_UserConsole.AtBatchDurationUpdate()	Info	RoboSep_UserConsole	Estimated run completion = 01:00
20111212_093250.316	clt	QuadrantInfo.Clear()	Info	QuadrantInfo	Quadrant info Cleared
20111212_093250.321	clt	QuadrantInfo.Clear()	Info	QuadrantInfo	Quadrant info Cleared
20111212_093250.327	clt	QuadrantInfo.Clear()	Info	QuadrantInfo	Quadrant info Cleared
20111212_093250.332	clt	QuadrantInfo.Clear()	Info	QuadrantInfo	Quadrant info Cleared
20111212_093250.337	clt	RoboSep_RunSamples.Unload()	Info	RoboSep_RunSamples	Clearing all selected protocols
20111212_093259.788	clt	RoboSep_RunSamples.btn_home_Click()	Info	RoboSep_RunSamples	Home button clicked
20111212_093310.791	clt	Form_Home.hex_sampling_Click()	Info	Form_Home	Run Sample button clicked
20111212_093356.641	clt	RoboSep_ProtocolSelect.RoboSep_ProtocolSelect()	Info	RoboSep_ProtocolSelect	New Protocol Select user control generated
20111212_093356.722	clt	RoboSep_RunSamples.Protocol_Selection()	Info	RoboSep_RunSamples	Opening protocol selection for quadrant 1
20111212_093356.755	clt	RoboSep_ProtocolSelect.RoboSep_ProtocolSelect()	Info	RoboSep_ProtocolSelect	New Protocol Select user control generated
20111212_093356.798	clt	RoboSep_RunSamples.Protocol_Selection()	Info	RoboSep_RunSamples	Opening protocol selection for quadrant 1
20111212_093407.502	clt	RoboSep_ProtocolSelect.button_SelectionMode_Click()	Info	RoboSep_ProtocolSelect	Change Protocol selection mode toAll Protocols
20111212_093408.457	clt	Keyboard.Keyboard()	Info	Keyboard	New Touch Keyboard generated
20111212_093410.416	clt	Keyboard.textbox_input_KeyDown()	Info	Keyboard	Keboard output: ''
20111212_093412.351	clt	ProgressBar.ResetProgress()	Debug	ProgressBar	Reset Progress on ProgressBar
20111212_093412.419	clt	RoboSep_UserDB.XML_SaveUserConfig()	Info	RoboSep_UserDB	set user.db file to : User1.udb
20111212_093412.568	clt	RoboSep_UserDB.XML_SaveUserProfile()	Debug	RoboSep_UserDB	Saved User Profile Chulwoong with 10protocols
20111212_093412.624	clt	RoboSep_ProtocolSelect.button_Accept_Click()	Info	RoboSep_ProtocolSelect	Protocol Selected from All Protocols list
20111212_093412.671	clt	RoboSep_UserConsole.AtReportInstrumentInformation()	Info	RoboSep_UserConsole	Get system information for About menu
20111212_093412.679	clt	RoboSep_UserConsole.AtBatchDurationUpdate()	Info	RoboSep_UserConsole	Estimated run completion = 01:00
20111212_093414.374	clt	RoboSep_UserDB.loadUserProtocols()	Debug	RoboSep_UserDB	Loaded 9 protocol from User Chulwoong
20111212_093414.483	clt	RoboSep_UserDB.loadUserProtocols()	Debug	RoboSep_UserDB	Loaded 9 protocol from User Chulwoong
20111212_093414.526	clt	RoboSep_UserConsole.AtReportInstrumentInformation()	Info	RoboSep_UserConsole	Get system information for About menu
20111212_093414.534	clt	RoboSep_UserConsole.AtBatchDurationUpdate()	Info	RoboSep_UserConsole	Estimated run completion = 01:00
20111212_093414.598	clt	RoboSep_UserDB.loadUserProtocols()	Debug	RoboSep_UserDB	Loaded 9 protocol from User Chulwoong
20111212_093414.636	clt	RoboSep_UserConsole.AtReportInstrumentInformation()	Info	RoboSep_UserConsole	Get system information for About menu
20111212_093414.644	clt	RoboSep_UserConsole.AtBatchDurationUpdate()	Info	RoboSep_UserConsole	Estimated run completion = 01:00
20111212_093414.817	clt	RoboSep_RunSamples.addToRun()	Debug	RoboSep_RunSamples	Adding protocol 'Human CD4+ T Cell Negative Selection 19052' to run at quadrant0
20111212_093414.907	clt	NumberPad.NumberPad()	Debug	NumberPad	Opening New Number Pad window
20111212_093415.672	clt	NumberPad.validateEntry()	Debug	NumberPad	Volume: 1.000
20111212_093415.691	clt	RoboSep_UserConsole.AtBatchDurationUpdate()	Info	RoboSep_UserConsole	Estimated run completion = 01:00
20111212_093415.692	clt	RoboSep_UserConsole.SetSampleVolume()	Info	RoboSep_UserConsole	Quad: 1 Sample Vol 0.001
20111212_093415.785	clt	RoboSep_UserConsole.AtBatchDurationUpdate()	Info	RoboSep_UserConsole	Estimated run completion = 32:00
20111212_093415.795	clt	RoboSep_ProtocolSelect.SelectProtocol()	Info	RoboSep_ProtocolSelect	Adding protocol to current run
20111212_093418.374	clt	RoboSep_RunSamples.button_RunSamples_Click()	Info	RoboSep_RunSamples	Run Samples button clicked
20111212_093418.382	clt	ProgressBar.ResetProgress()	Debug	ProgressBar	Reset Progress on ProgressBar
20111212_093419.734	clt	RoboSep_RunSamples.button_RunSamples_Click()	Debug	RoboSep_RunSamples	Scheduling run
20111212_093419.741	clt	RoboSep_UserDB.GetProtocolsPath()	Debug	RoboSep_UserDB	output: C:\Program Files (x86)\STI\RoboSep\protocols\
20111212_093419.747	clt	RoboSep_UserDB.getProtocolCommandList()	Debug	RoboSep_UserDB	returned 12commands
20111212_093419.752	clt	RoboSep_RunSamples.button_RunSamples_Click()	Debug	RoboSep_RunSamples	protocol: Human CD4+ T Cell Negative Selection 19052.xml commands: 12
20111212_093419.758	clt	ProgressBar.ResetProgress()	Debug	ProgressBar	Reset Progress on ProgressBar
20111212_093419.781	clt	ProgressBar.setElements()	Debug	ProgressBar	ProgressBar set 12 steps
20111212_093419.851	clt	RoboSep_Resources.RoboSep_Resources()	Info	RoboSep_Resources	Generating Robosep Resources user control
20111212_093419.938	clt	RoboSep_Resources.grabQuadrantResources()	Debug	RoboSep_Resources	Displaying quadrant 0 resources
20111212_093419.959	clt	RoboSep_Resources.grabQuadrantResources()	Debug	RoboSep_Resources	Loading resources from sharing protocols
20111212_093420.993	clt	ProgressBar.ResetProgress()	Debug	ProgressBar	Reset Progress on ProgressBar
20111212_093422.803	clt	RoboSep_RunSamples.CheckHydraulicFluid()	General	RoboSep_RunSamples	Start Separation run
20111212_093422.859	clt	RoboSep_Resources.buttonRun_Click()	Debug	RoboSep_Resources	Run Protocols button clicked
20111212_093422.871	clt	RoboSep_RunProgress.Start()	Info	RoboSep_RunProgress	 **INITIALIZING RUN
20111212_093509.323	clt	RoboSep_UserConsole.AtBatchDurationUpdate()	Info	RoboSep_UserConsole	Estimated run completion = 33:00
20111212_093513.612	clt	ProgressBar.MoveToStep()	Debug	ProgressBar	Progress bar ProgressBar to step 0
20111212_093513.621	clt	RoboSep_RunProgress.pollProgressUpdate()	Info	RoboSep_RunProgress	Progress Update: Q = 0 Step = 0 ID = 0 CMD = Initializing
20111212_093543.052	clt	ProgressBar.MoveToStep()	Debug	ProgressBar	Progress bar ProgressBar to step 1
20111212_093543.076	clt	RoboSep_RunProgress.pollProgressUpdate()	Info	RoboSep_RunProgress	Progress Update: Q = 0 Step = 1 ID = 0 CMD = Transport
20111212_093620.065	clt	ProgressBar.MoveToStep()	Debug	ProgressBar	Progress bar ProgressBar to step 2
20111212_093620.095	clt	RoboSep_RunProgress.pollProgressUpdate()	Info	RoboSep_RunProgress	Progress Update: Q = 0 Step = 2 ID = 0 CMD = Mix
20111212_094620.069	clt	ProgressBar.MoveToStep()	Debug	ProgressBar	Progress bar ProgressBar to step 3
20111212_094620.115	clt	RoboSep_RunProgress.pollProgressUpdate()	Info	RoboSep_RunProgress	Progress Update: Q = 0 Step = 3 ID = 0 CMD = Incubate
20111212_094657.610	clt	ProgressBar.MoveToStep()	Debug	ProgressBar	Progress bar ProgressBar to step 4
20111212_094657.672	clt	RoboSep_RunProgress.pollProgressUpdate()	Info	RoboSep_RunProgress	Progress Update: Q = 0 Step = 4 ID = 0 CMD = Mix
20111212_094726.521	clt	ProgressBar.MoveToStep()	Debug	ProgressBar	Progress bar ProgressBar to step 5
20111212_094726.598	clt	RoboSep_RunProgress.pollProgressUpdate()	Info	RoboSep_RunProgress	Progress Update: Q = 0 Step = 5 ID = 0 CMD = Transport
20111212_094804.047	clt	ProgressBar.MoveToStep()	Debug	ProgressBar	Progress bar ProgressBar to step 6
20111212_094804.140	clt	RoboSep_RunProgress.pollProgressUpdate()	Info	RoboSep_RunProgress	Progress Update: Q = 0 Step = 6 ID = 0 CMD = Mix
20111212_095803.990	clt	ProgressBar.MoveToStep()	Debug	ProgressBar	Progress bar ProgressBar to step 7
20111212_095804.102	clt	RoboSep_RunProgress.pollProgressUpdate()	Info	RoboSep_RunProgress	Progress Update: Q = 0 Step = 7 ID = 0 CMD = Incubate
20111212_095913.983	clt	ProgressBar.MoveToStep()	Debug	ProgressBar	Progress bar ProgressBar to step 8
20111212_095914.120	clt	RoboSep_RunProgress.pollProgressUpdate()	Info	RoboSep_RunProgress	Progress Update: Q = 0 Step = 8 ID = 0 CMD = TopUp Vial
20111212_095951.506	clt	ProgressBar.MoveToStep()	Debug	ProgressBar	Progress bar ProgressBar to step 9
20111212_095951.937	clt	RoboSep_RunProgress.pollProgressUpdate()	Info	RoboSep_RunProgress	Progress Update: Q = 0 Step = 9 ID = 0 CMD = Mix
20111212_100101.482	clt	ProgressBar.MoveToStep()	Debug	ProgressBar	Progress bar ProgressBar to step 10
20111212_100101.668	clt	RoboSep_RunProgress.pollProgressUpdate()	Info	RoboSep_RunProgress	Progress Update: Q = 0 Step = 10 ID = 0 CMD = Transport
20111212_100601.674	clt	ProgressBar.MoveToStep()	Debug	ProgressBar	Progress bar ProgressBar to step 11
20111212_100601.881	clt	RoboSep_RunProgress.pollProgressUpdate()	Info	RoboSep_RunProgress	Progress Update: Q = 0 Step = 11 ID = 0 CMD = Separate
20111212_100631.873	clt	RoboSep_UserConsole.AtBatchDurationUpdate()	Info	RoboSep_UserConsole	Estimated run completion = 01:00
20111212_100632.314	clt	ProgressBar.AllCompleted()	Debug	ProgressBar	ProgressBar COMPLETED! 
20111212_100632.326	clt	ProgressBar.AllCompleted()	Debug	ProgressBar	ProgressBar COMPLETED! 
20111212_100632.352	clt	ProgressBar.ResetProgress()	Debug	ProgressBar	Reset Progress on ProgressBar
20111212_100648.772	clt	RoboSep_RunProgress.btn_home_Click()	Info	RoboSep_RunProgress	Home button clicked
20111212_100650.326	clt	Form_Home.hex_sampling_Click()	Info	Form_Home	Run Sample button clicked
20111212_100651.099	clt	ProgressBar.ResetProgress()	Debug	ProgressBar	Reset Progress on ProgressBar
20111212_100651.107	clt	ProgressBar.setElements()	Debug	ProgressBar	ProgressBar set 1 steps
20111212_100651.122	clt	ProgressBar.ResetProgress()	Debug	ProgressBar	Reset Progress on ProgressBar
20111212_100652.765	clt	RoboSep_UserConsole.AtBatchDurationUpdate()	Info	RoboSep_UserConsole	Estimated run completion = 01:00
20111212_100653.047	clt	RoboSep_UserConsole.AtBatchDurationUpdate()	Info	RoboSep_UserConsole	Estimated run completion = 01:00
20111212_100656.299	clt	QuadrantInfo.Clear()	Info	QuadrantInfo	Quadrant info Cleared
20111212_100656.306	clt	QuadrantInfo.Clear()	Info	QuadrantInfo	Quadrant info Cleared
20111212_100656.312	clt	QuadrantInfo.Clear()	Info	QuadrantInfo	Quadrant info Cleared
20111212_100656.318	clt	QuadrantInfo.Clear()	Info	QuadrantInfo	Quadrant info Cleared
20111212_100656.324	clt	RoboSep_RunSamples.Unload()	Info	RoboSep_RunSamples	Clearing all selected protocols
20111212_101030.406	clt	RoboSep_ProtocolSelect.RoboSep_ProtocolSelect()	Info	RoboSep_ProtocolSelect	New Protocol Select user control generated
20111212_101030.495	clt	RoboSep_RunSamples.Protocol_Selection()	Info	RoboSep_RunSamples	Opening protocol selection for quadrant 1
20111212_101030.527	clt	RoboSep_ProtocolSelect.RoboSep_ProtocolSelect()	Info	RoboSep_ProtocolSelect	New Protocol Select user control generated
20111212_101030.571	clt	RoboSep_RunSamples.Protocol_Selection()	Info	RoboSep_RunSamples	Opening protocol selection for quadrant 1
20111212_101036.286	clt	RoboSep_ProtocolSelect.button_SelectionMode_Click()	Info	RoboSep_ProtocolSelect	Change Protocol selection mode toAll Protocols
20111212_101037.246	clt	Keyboard.Keyboard()	Info	Keyboard	New Touch Keyboard generated
20111212_101040.395	clt	Keyboard.textbox_input_KeyDown()	Info	Keyboard	Keboard output: ''
20111212_101043.559	clt	ProgressBar.ResetProgress()	Debug	ProgressBar	Reset Progress on ProgressBar
20111212_101043.620	clt	RoboSep_UserDB.XML_SaveUserConfig()	Info	RoboSep_UserDB	set user.db file to : User1.udb
20111212_101043.632	clt	RoboSep_UserDB.XML_SaveUserProfile()	Debug	RoboSep_UserDB	Saved User Profile Chulwoong with 11protocols
20111212_101043.689	clt	RoboSep_ProtocolSelect.button_Accept_Click()	Info	RoboSep_ProtocolSelect	Protocol Selected from All Protocols list
20111212_101043.742	clt	RoboSep_UserConsole.AtReportInstrumentInformation()	Info	RoboSep_UserConsole	Get system information for About menu
20111212_101043.750	clt	RoboSep_UserConsole.AtBatchDurationUpdate()	Info	RoboSep_UserConsole	Estimated run completion = 01:00
20111212_101045.499	clt	RoboSep_UserDB.loadUserProtocols()	Debug	RoboSep_UserDB	Loaded 9 protocol from User Chulwoong
20111212_101045.608	clt	RoboSep_UserDB.loadUserProtocols()	Debug	RoboSep_UserDB	Loaded 9 protocol from User Chulwoong
20111212_101045.677	clt	RoboSep_UserConsole.AtReportInstrumentInformation()	Info	RoboSep_UserConsole	Get system information for About menu
20111212_101045.691	clt	RoboSep_UserConsole.AtBatchDurationUpdate()	Info	RoboSep_UserConsole	Estimated run completion = 01:00
20111212_101045.719	clt	RoboSep_UserDB.loadUserProtocols()	Debug	RoboSep_UserDB	Loaded 9 protocol from User Chulwoong
20111212_101045.760	clt	RoboSep_UserConsole.AtReportInstrumentInformation()	Info	RoboSep_UserConsole	Get system information for About menu
20111212_101045.769	clt	RoboSep_UserConsole.AtBatchDurationUpdate()	Info	RoboSep_UserConsole	Estimated run completion = 01:00
20111212_101045.935	clt	RoboSep_RunSamples.addToRun()	Debug	RoboSep_RunSamples	Adding protocol 'Human B Cell Negative Selection 19054HLA' to run at quadrant0
20111212_101046.021	clt	NumberPad.NumberPad()	Debug	NumberPad	Opening New Number Pad window
20111212_101046.498	clt	NumberPad.validateEntry()	Debug	NumberPad	Volume: 2.000
20111212_101046.517	clt	RoboSep_UserConsole.SetSampleVolume()	Info	RoboSep_UserConsole	Quad: 1 Sample Vol 0.002
20111212_101046.519	clt	RoboSep_UserConsole.AtBatchDurationUpdate()	Info	RoboSep_UserConsole	Estimated run completion = 01:00
20111212_101046.582	clt	RoboSep_UserConsole.AtBatchDurationUpdate()	Info	RoboSep_UserConsole	Estimated run completion = 32:00
20111212_101046.601	clt	RoboSep_ProtocolSelect.SelectProtocol()	Info	RoboSep_ProtocolSelect	Adding protocol to current run
20111212_101048.576	clt	RoboSep_ProtocolSelect.RoboSep_ProtocolSelect()	Info	RoboSep_ProtocolSelect	New Protocol Select user control generated
20111212_101048.646	clt	RoboSep_RunSamples.Protocol_Selection()	Info	RoboSep_RunSamples	Opening protocol selection for quadrant 2
20111212_101048.682	clt	RoboSep_ProtocolSelect.RoboSep_ProtocolSelect()	Info	RoboSep_ProtocolSelect	New Protocol Select user control generated
20111212_101048.727	clt	RoboSep_RunSamples.Protocol_Selection()	Info	RoboSep_RunSamples	Opening protocol selection for quadrant 2
20111212_101050.527	clt	RoboSep_RunSamples.addToRun()	Debug	RoboSep_RunSamples	Adding protocol 'Human CD4+ T Cell Negative Selection 19052' to run at quadrant1
20111212_101050.591	clt	NumberPad.NumberPad()	Debug	NumberPad	Opening New Number Pad window
20111212_101051.953	clt	NumberPad.validateEntry()	Debug	NumberPad	Volume: 3.000
20111212_101051.975	clt	RoboSep_UserConsole.SetSampleVolume()	Info	RoboSep_UserConsole	Quad: 2 Sample Vol 0.003
20111212_101052.092	clt	RoboSep_ProtocolSelect.SelectProtocol()	Info	RoboSep_ProtocolSelect	Adding protocol to current run
20111212_101052.102	clt	RoboSep_ProtocolSelect.button_Accept_Click()	Info	RoboSep_ProtocolSelect	Protocol Selected from User list
20111212_101052.112	clt	RoboSep_UserConsole.AtBatchDurationUpdate()	Info	RoboSep_UserConsole	Estimated run completion = 34:00
20111212_101053.184	clt	RoboSep_ProtocolSelect.RoboSep_ProtocolSelect()	Info	RoboSep_ProtocolSelect	New Protocol Select user control generated
20111212_101053.256	clt	RoboSep_RunSamples.Protocol_Selection()	Info	RoboSep_RunSamples	Opening protocol selection for quadrant 3
20111212_101053.288	clt	RoboSep_ProtocolSelect.RoboSep_ProtocolSelect()	Info	RoboSep_ProtocolSelect	New Protocol Select user control generated
20111212_101053.336	clt	RoboSep_RunSamples.Protocol_Selection()	Info	RoboSep_RunSamples	Opening protocol selection for quadrant 3
20111212_101057.422	clt	RoboSep_ProtocolSelect.button_SelectionMode_Click()	Info	RoboSep_ProtocolSelect	Change Protocol selection mode toAll Protocols
20111212_101058.391	clt	Keyboard.Keyboard()	Info	Keyboard	New Touch Keyboard generated
20111212_101059.960	clt	Keyboard.textbox_input_KeyDown()	Info	Keyboard	Keboard output: ''
20111212_101104.278	clt	ProgressBar.ResetProgress()	Debug	ProgressBar	Reset Progress on ProgressBar
20111212_101104.343	clt	RoboSep_UserDB.XML_SaveUserConfig()	Info	RoboSep_UserDB	set user.db file to : User1.udb
20111212_101104.356	clt	RoboSep_UserDB.XML_SaveUserProfile()	Debug	RoboSep_UserDB	Saved User Profile Chulwoong with 12protocols
20111212_101104.413	clt	RoboSep_ProtocolSelect.button_Accept_Click()	Info	RoboSep_ProtocolSelect	Protocol Selected from All Protocols list
20111212_101104.459	clt	RoboSep_UserConsole.AtReportInstrumentInformation()	Info	RoboSep_UserConsole	Get system information for About menu
20111212_101104.468	clt	RoboSep_UserConsole.AtBatchDurationUpdate()	Info	RoboSep_UserConsole	Estimated run completion = 34:00
20111212_101106.274	clt	RoboSep_UserDB.loadUserProtocols()	Debug	RoboSep_UserDB	Loaded 9 protocol from User Chulwoong
20111212_101106.400	clt	RoboSep_UserDB.loadUserProtocols()	Debug	RoboSep_UserDB	Loaded 9 protocol from User Chulwoong
20111212_101106.448	clt	RoboSep_UserConsole.AtReportInstrumentInformation()	Info	RoboSep_UserConsole	Get system information for About menu
20111212_101106.457	clt	RoboSep_UserConsole.AtBatchDurationUpdate()	Info	RoboSep_UserConsole	Estimated run completion = 34:00
20111212_101106.512	clt	RoboSep_UserDB.loadUserProtocols()	Debug	RoboSep_UserDB	Loaded 9 protocol from User Chulwoong
20111212_101106.597	clt	RoboSep_UserConsole.AtReportInstrumentInformation()	Info	RoboSep_UserConsole	Get system information for About menu
20111212_101106.606	clt	RoboSep_UserConsole.AtBatchDurationUpdate()	Info	RoboSep_UserConsole	Estimated run completion = 34:00
20111212_101106.726	clt	RoboSep_RunSamples.addToRun()	Debug	RoboSep_RunSamples	Adding protocol 'Human CD8+ T Cell Negative Selection 19053-high purity' to run at quadrant2
20111212_101106.860	clt	NumberPad.NumberPad()	Debug	NumberPad	Opening New Number Pad window
20111212_101107.424	clt	ProgressBar.ResetProgress()	Debug	ProgressBar	Reset Progress on ProgressBar
20111212_101109.024	clt	NumberPad.validateEntry()	Debug	NumberPad	Validating volume failed, not within range
20111212_101109.856	clt	NumberPad.validateEntry()	Debug	NumberPad	Volume: 1.000
20111212_101109.877	clt	RoboSep_UserConsole.SetSampleVolume()	Info	RoboSep_UserConsole	Quad: 3 Sample Vol 0.001
20111212_101109.882	clt	RoboSep_UserConsole.AtBatchDurationUpdate()	Info	RoboSep_UserConsole	Estimated run completion = 01:00
20111212_101109.898	clt	RoboSep_UserConsole.AtBatchDurationUpdate()	Info	RoboSep_UserConsole	Estimated run completion = 01:00
20111212_101109.908	clt	RoboSep_UserConsole.AtBatchDurationUpdate()	Info	RoboSep_UserConsole	Estimated run completion = 01:00
20111212_101109.960	clt	RoboSep_ProtocolSelect.SelectProtocol()	Info	RoboSep_ProtocolSelect	Adding protocol to current run
20111212_101111.205	clt	RoboSep_RunSamples.button_RunSamples_Click()	Info	RoboSep_RunSamples	Run Samples button clicked
20111212_101111.219	clt	ProgressBar.ResetProgress()	Debug	ProgressBar	Reset Progress on ProgressBar
20111212_101112.597	clt	RoboSep_RunSamples.button_RunSamples_Click()	Debug	RoboSep_RunSamples	Scheduling run
20111212_101112.606	clt	RoboSep_UserDB.GetProtocolsPath()	Debug	RoboSep_UserDB	output: C:\Program Files (x86)\STI\RoboSep\protocols\
20111212_101112.613	clt	RoboSep_UserDB.getProtocolCommandList()	Debug	RoboSep_UserDB	returned 12commands
20111212_101112.619	clt	RoboSep_RunSamples.button_RunSamples_Click()	Debug	RoboSep_RunSamples	protocol: Human B Cell Negative Selection 19054HLA.xml commands: 12
20111212_101112.626	clt	ProgressBar.ResetProgress()	Debug	ProgressBar	Reset Progress on ProgressBar
20111212_101112.652	clt	ProgressBar.setElements()	Debug	ProgressBar	ProgressBar set 12 steps
20111212_101112.660	clt	RoboSep_UserDB.GetProtocolsPath()	Debug	RoboSep_UserDB	output: C:\Program Files (x86)\STI\RoboSep\protocols\
20111212_101112.666	clt	RoboSep_UserDB.getProtocolCommandList()	Debug	RoboSep_UserDB	returned 12commands
20111212_101112.672	clt	RoboSep_RunSamples.button_RunSamples_Click()	Debug	RoboSep_RunSamples	protocol: Human CD4+ T Cell Negative Selection 19052.xml commands: 12
20111212_101112.680	clt	ProgressBar.ResetProgress()	Debug	ProgressBar	Reset Progress on ProgressBar
20111212_101112.706	clt	ProgressBar.setElements()	Debug	ProgressBar	ProgressBar set 12 steps
20111212_101112.714	clt	RoboSep_UserDB.GetProtocolsPath()	Debug	RoboSep_UserDB	output: C:\Program Files (x86)\STI\RoboSep\protocols\
20111212_101112.720	clt	RoboSep_UserDB.getProtocolCommandList()	Debug	RoboSep_UserDB	returned 14commands
20111212_101112.726	clt	RoboSep_RunSamples.button_RunSamples_Click()	Debug	RoboSep_RunSamples	protocol: Human CD8+ T Cell Negative Selection 19053-high purity.xml commands: 14
20111212_101112.734	clt	ProgressBar.ResetProgress()	Debug	ProgressBar	Reset Progress on ProgressBar
20111212_101112.763	clt	ProgressBar.setElements()	Debug	ProgressBar	ProgressBar set 14 steps
20111212_101112.818	clt	RoboSep_Resources.RoboSep_Resources()	Info	RoboSep_Resources	Generating Robosep Resources user control
20111212_101112.888	clt	RoboSep_Resources.grabQuadrantResources()	Debug	RoboSep_Resources	Displaying quadrant 0 resources
20111212_101112.907	clt	RoboSep_Resources.grabQuadrantResources()	Debug	RoboSep_Resources	Loading resources from sharing protocols
20111212_101116.143	clt	ProgressBar.ResetProgress()	Debug	ProgressBar	Reset Progress on ProgressBar
20111212_101118.121	clt	RoboSep_RunSamples.CheckHydraulicFluid()	General	RoboSep_RunSamples	Start Separation run
20111212_101118.194	clt	RoboSep_Resources.buttonRun_Click()	Debug	RoboSep_Resources	Run Protocols button clicked
20111212_101118.203	clt	RoboSep_RunProgress.Start()	Info	RoboSep_RunProgress	 **INITIALIZING RUN
