RoboSep UI Log File
Created: 20111207_100939.317

20111207_100939.320	clt	RoboSep_UserConsole.RoboSep_UserConsole()	General	RoboSep_UserConsole	Initializing User Console
20111207_100939.367	clt	Form_Home.Form_Home()	Info	Form_Home	Creating new Form_Home
20111207_100940.961	clt	RoboSep_UserConsole.grabSystemOptions()	Info	RoboSep_UserConsole	Get Sys Options: Lid Sensor = TrueLiquid Sensor = True
20111207_100940.977	clt	RoboSep_UserConsole.RoboSep_UserConsole_Load()	Info	RoboSep_UserConsole	Loading User Console
20111207_100940.999	clt	RoboSep_Splash.RoboSep_Splash()	Info	RoboSep_Splash	Initializing Splash Page
20111207_100941.046	clt	RoboSep_UserConsole.RoboSep_UserConsole_Load()	General	RoboSep_UserConsole	Starting GUI Thread
20111207_100941.052	clt	RoboSep_UserConsole.AttemptSeparatorConnection()	Info	RoboSep_UserConsole	Connecting...
20111207_100941.846	clt	RoboSep_UserDB.Robosep_UserDB()()	Debug	RoboSep_UserDB	Initializing UserDB
20111207_100941.893	clt	RoboSep_UserDB.GetProtocolsPath()	Debug	RoboSep_UserDB	output: C:\Program Files (x86)\STI\RoboSep\protocols\
20111207_100941.938	clt	RoboSep_UserDB.LoadAllProtocols()	Debug	RoboSep_UserDB	160protocols loaded
20111207_100941.943	clt	RoboSep_UserDB.XML_SaveUserConfig()	Info	RoboSep_UserDB	set user.db file to : User1.udb
20111207_100942.264	clt	RoboSep_UserDB.GetProtocolsPath()	Debug	RoboSep_UserDB	output: C:\Program Files (x86)\STI\RoboSep\protocols\
20111207_100942.276	clt	RoboSep_UserDB.XML_LoadRoboSepUserObject()	Debug	RoboSep_UserDB	Loaded Robosep User
20111207_100945.152	clt	RoboSep_UserConsole.AtReportInstrumentInformation()	Info	RoboSep_UserConsole	Get system information for About menu
20111207_100945.162	clt	RoboSep_UserConsole.AtBatchDurationUpdate()	Info	RoboSep_UserConsole	Estimated run completion = 01:00
20111207_101014.518	clt	RoboSep_UserConsole.ProgressSplash()	Info	RoboSep_UserConsole	Stopping Splash page
20111207_101014.581	clt	RoboSep_About.RoboSep_About()	Info	RoboSep_About	Initializing About user control
20111207_101014.680	clt	RoboSep_RunSamples.RoboSep_RunSamples()	Info	RoboSep_RunSamples	Initializing Run Samples user control
20111207_101014.761	clt	RoboSep_Splash.close()	Info	RoboSep_Splash	Closing Splash Page
20111207_101029.772	clt	RoboSep_RunSamples.btn_home_Click()	Info	RoboSep_RunSamples	Home button clicked
20111207_101030.902	clt	RoboSep_Logs.RoboSep_Logs()	Info	RoboSep_Logs	Initializing Logs Tab Page 
20111207_101114.504	clt	RoboSep_RunStatsLog.RoboSep_RunStatsLog()	Info	RoboSep_RunStatsLog	Initializing Log Tab Run Statistics
20111207_101120.214	clt	RoboSep_Logs.RoboSep_Logs()	Info	RoboSep_Logs	Loading Log Tab 0
20111207_101120.279	clt	Form_Home.hex_logs_Click()	Info	Form_Home	Logs button clicked
20111207_101131.545	clt	Form_Home.btn_close_Click()	Info	Form_Home	Close Window button clicked
20111207_101151.161	clt	RoboSep_RunStatsLog.btn_home_Click()	Info	RoboSep_RunStatsLog	Home button clicked
20111207_101152.826	clt	Form_Home.btn_close_Click()	Info	Form_Home	Close Window button clicked
20111207_101153.609	clt	RoboSep_Logs.RoboSep_Logs()	Info	RoboSep_Logs	Loading Log Tab 1
20111207_101154.265	clt	RoboSep_Logs.RoboSep_Logs()	Info	RoboSep_Logs	Loading Log Tab 2
20111207_101154.905	clt	RoboSep_Logs.RoboSep_Logs()	Info	RoboSep_Logs	Loading Log Tab 0
20111207_101157.545	clt	RoboSep_Logs.RoboSep_Logs()	Info	RoboSep_Logs	Loading Log Tab 1
20111207_101158.041	clt	RoboSep_Logs.RoboSep_Logs()	Info	RoboSep_Logs	Loading Log Tab 0
20111207_101200.017	clt	RoboSep_Logs.RoboSep_Logs()	Info	RoboSep_Logs	Loading Log Tab 1
20111207_101200.585	clt	RoboSep_Logs.RoboSep_Logs()	Info	RoboSep_Logs	Loading Log Tab 0
