RoboSep UI Log File
Created: 20111212_165914.331

20111212_165914.335	clt	RoboSep_UserConsole.RoboSep_UserConsole()	General	RoboSep_UserConsole	Initializing User Console
20111212_165914.406	clt	Form_Home.Form_Home()	Info	Form_Home	Creating new Form_Home
20111212_165916.440	clt	RoboSep_UserConsole.grabSystemOptions()	Info	RoboSep_UserConsole	Get Sys Options: Lid Sensor = TrueLiquid Sensor = True
20111212_165916.460	clt	RoboSep_UserConsole.RoboSep_UserConsole_Load()	Info	RoboSep_UserConsole	Loading User Console
20111212_165916.484	clt	RoboSep_Splash.RoboSep_Splash()	Info	RoboSep_Splash	Initializing Splash Page
20111212_165916.546	clt	RoboSep_UserConsole.RoboSep_UserConsole_Load()	General	RoboSep_UserConsole	Starting GUI Thread
20111212_165916.547	clt	RoboSep_UserConsole.AttemptSeparatorConnection()	Info	RoboSep_UserConsole	Connecting...
20111212_165917.385	clt	RoboSep_UserDB.Robosep_UserDB()()	Debug	RoboSep_UserDB	Initializing UserDB
20111212_165917.469	clt	RoboSep_UserDB.GetProtocolsPath()	Debug	RoboSep_UserDB	output: C:\Program Files (x86)\STI\RoboSep\protocols\
20111212_165917.626	clt	RoboSep_UserDB.LoadAllProtocols()	Debug	RoboSep_UserDB	160protocols loaded
20111212_165917.642	clt	RoboSep_UserDB.XML_SaveUserConfig()	Info	RoboSep_UserDB	set user.db file to : User1.udb
20111212_165917.716	clt	RoboSep_UserConsole.AtReportInstrumentInformation()	Info	RoboSep_UserConsole	Get system information for About menu
20111212_165917.729	clt	RoboSep_UserConsole.AtBatchDurationUpdate()	Info	RoboSep_UserConsole	Estimated run completion = 01:00
20111212_165918.077	clt	RoboSep_UserDB.GetProtocolsPath()	Debug	RoboSep_UserDB	output: C:\Program Files (x86)\STI\RoboSep\protocols\
20111212_165918.091	clt	RoboSep_UserDB.XML_LoadRoboSepUserObject()	Debug	RoboSep_UserDB	Loaded Robosep User
20111212_165946.975	clt	RoboSep_UserConsole.ProgressSplash()	Info	RoboSep_UserConsole	Stopping Splash page
20111212_165947.033	clt	RoboSep_About.RoboSep_About()	Info	RoboSep_About	Initializing About user control
20111212_165947.118	clt	RoboSep_RunSamples.RoboSep_RunSamples()	Info	RoboSep_RunSamples	Initializing Run Samples user control
20111212_165947.205	clt	RoboSep_Splash.close()	Info	RoboSep_Splash	Closing Splash Page
20111212_170016.587	clt	RoboSep_ProtocolSelect.RoboSep_ProtocolSelect()	Info	RoboSep_ProtocolSelect	New Protocol Select user control generated
20111212_170016.682	clt	RoboSep_RunSamples.Protocol_Selection()	Info	RoboSep_RunSamples	Opening protocol selection for quadrant 1
20111212_170016.715	clt	RoboSep_ProtocolSelect.RoboSep_ProtocolSelect()	Info	RoboSep_ProtocolSelect	New Protocol Select user control generated
20111212_170016.760	clt	RoboSep_RunSamples.Protocol_Selection()	Info	RoboSep_RunSamples	Opening protocol selection for quadrant 1
20111212_170020.027	clt	RoboSep_RunSamples.addToRun()	Debug	RoboSep_RunSamples	Adding protocol 'Any Species PE Positive Selection 18557-high purity' to run at quadrant0
20111212_170020.107	clt	NumberPad.NumberPad()	Debug	NumberPad	Opening New Number Pad window
20111212_170020.762	clt	NumberPad.validateEntry()	Debug	NumberPad	Volume: 1.000
20111212_170020.791	clt	RoboSep_UserConsole.AtBatchDurationUpdate()	Info	RoboSep_UserConsole	Estimated run completion = 01:00
20111212_170020.794	clt	RoboSep_UserConsole.SetSampleVolume()	Info	RoboSep_UserConsole	Quad: 1 Sample Vol 0.001
20111212_170020.884	clt	RoboSep_ProtocolSelect.SelectProtocol()	Info	RoboSep_ProtocolSelect	Adding protocol to current run
20111212_170020.898	clt	RoboSep_ProtocolSelect.button_Accept_Click()	Info	RoboSep_ProtocolSelect	Protocol Selected from User list
20111212_170020.945	clt	RoboSep_UserConsole.AtBatchDurationUpdate()	Info	RoboSep_UserConsole	Estimated run completion = 1:09:00
20111212_170021.953	clt	RoboSep_ProtocolSelect.RoboSep_ProtocolSelect()	Info	RoboSep_ProtocolSelect	New Protocol Select user control generated
20111212_170022.026	clt	RoboSep_RunSamples.Protocol_Selection()	Info	RoboSep_RunSamples	Opening protocol selection for quadrant 3
20111212_170023.439	clt	RoboSep_RunSamples.addToRun()	Debug	RoboSep_RunSamples	Adding protocol 'Mouse Biotin Positive Selection 18556-high purity' to run at quadrant2
20111212_170023.504	clt	NumberPad.NumberPad()	Debug	NumberPad	Opening New Number Pad window
20111212_170024.121	clt	NumberPad.validateEntry()	Debug	NumberPad	Volume: 2.000
20111212_170024.141	clt	RoboSep_UserConsole.SetSampleVolume()	Info	RoboSep_UserConsole	Quad: 3 Sample Vol 0.002
20111212_170024.143	clt	RoboSep_UserConsole.AtBatchDurationUpdate()	Info	RoboSep_UserConsole	Estimated run completion = 01:00
20111212_170024.229	clt	RoboSep_ProtocolSelect.SelectProtocol()	Info	RoboSep_ProtocolSelect	Adding protocol to current run
20111212_170024.242	clt	RoboSep_ProtocolSelect.button_Accept_Click()	Info	RoboSep_ProtocolSelect	Protocol Selected from User list
20111212_170024.348	clt	RoboSep_UserConsole.AtBatchDurationUpdate()	Info	RoboSep_UserConsole	Estimated run completion = 1:17:00
20111212_170025.465	clt	RoboSep_RunSamples.button_RunSamples_Click()	Info	RoboSep_RunSamples	Run Samples button clicked
20111212_170025.495	clt	ProgressBar.ResetProgress()	Debug	ProgressBar	Reset Progress on ProgressBar
20111212_170026.479	clt	RoboSep_RunSamples.button_RunSamples_Click()	Debug	RoboSep_RunSamples	Scheduling run
20111212_170026.490	clt	RoboSep_UserDB.GetProtocolsPath()	Debug	RoboSep_UserDB	output: C:\Program Files (x86)\STI\RoboSep\protocols\
20111212_170026.497	clt	RoboSep_UserDB.getProtocolCommandList()	Debug	RoboSep_UserDB	returned 23commands
20111212_170026.502	clt	RoboSep_RunSamples.button_RunSamples_Click()	Debug	RoboSep_RunSamples	protocol: Any Species PE Positive Selection 18557-high purity.xml commands: 23
20111212_170026.543	clt	ProgressBar.ResetProgress()	Debug	ProgressBar	Reset Progress on ProgressBar
20111212_170026.574	clt	ProgressBar.ResetProgress()	Debug	ProgressBar	Reset Progress on ProgressBar
20111212_170026.606	clt	ProgressBar.ResetProgress()	Debug	ProgressBar	Reset Progress on ProgressBar
20111212_170026.637	clt	ProgressBar.ResetProgress()	Debug	ProgressBar	Reset Progress on ProgressBar
20111212_170026.668	clt	ProgressBar.ResetProgress()	Debug	ProgressBar	Reset Progress on ProgressBar
20111212_170026.820	clt	ProgressBar.ResetProgress()	Debug	ProgressBar	Reset Progress on ProgressBar
20111212_170026.833	clt	ProgressBar.setElements()	Debug	ProgressBar	ProgressBar set 1 steps
20111212_170026.842	clt	ProgressBar.ResetProgress()	Debug	ProgressBar	Reset Progress on ProgressBar
20111212_170026.884	clt	ProgressBar.setElements()	Debug	ProgressBar	ProgressBar set 23 steps
20111212_170026.893	clt	RoboSep_UserDB.GetProtocolsPath()	Debug	RoboSep_UserDB	output: C:\Program Files (x86)\STI\RoboSep\protocols\
20111212_170026.901	clt	RoboSep_UserDB.getProtocolCommandList()	Debug	RoboSep_UserDB	returned 23commands
20111212_170026.906	clt	RoboSep_RunSamples.button_RunSamples_Click()	Debug	RoboSep_RunSamples	protocol: Mouse Biotin Positive Selection 18556-high purity.xml commands: 23
20111212_170026.913	clt	ProgressBar.ResetProgress()	Debug	ProgressBar	Reset Progress on ProgressBar
20111212_170026.956	clt	ProgressBar.setElements()	Debug	ProgressBar	ProgressBar set 23 steps
20111212_170027.038	clt	RoboSep_Resources.RoboSep_Resources()	Info	RoboSep_Resources	Generating Robosep Resources user control
20111212_170027.127	clt	RoboSep_Resources.grabQuadrantResources()	Debug	RoboSep_Resources	Displaying quadrant 0 resources
20111212_170027.150	clt	RoboSep_Resources.grabQuadrantResources()	Debug	RoboSep_Resources	Loading resources from sharing protocols
20111212_170029.121	clt	ProgressBar.ResetProgress()	Debug	ProgressBar	Reset Progress on ProgressBar
20111212_170030.059	clt	RoboSep_RunSamples.CheckHydraulicFluid()	General	RoboSep_RunSamples	Start Separation run
20111212_170030.208	clt	RoboSep_Resources.buttonRun_Click()	Debug	RoboSep_Resources	Run Protocols button clicked
20111212_170030.218	clt	RoboSep_RunProgress.Start()	Info	RoboSep_RunProgress	 **INITIALIZING RUN
20111212_170116.974	clt	RoboSep_UserConsole.AtBatchDurationUpdate()	Info	RoboSep_UserConsole	Estimated run completion = 1:17:00
20111212_170121.478	clt	ProgressBar.MoveToStep()	Debug	ProgressBar	Progress bar ProgressBar to step 0
20111212_170121.488	clt	RoboSep_RunProgress.pollProgressUpdate()	Info	RoboSep_RunProgress	Progress Update: Q = 2 Step = 0 ID = 1 CMD = Initializing
20111212_170150.909	clt	ProgressBar.MoveToStep()	Debug	ProgressBar	Progress bar ProgressBar to step 1
20111212_170150.946	clt	RoboSep_RunProgress.pollProgressUpdate()	Info	RoboSep_RunProgress	Progress Update: Q = 2 Step = 1 ID = 1 CMD = Transport
20111212_170227.933	clt	ProgressBar.MoveToStep()	Debug	ProgressBar	Progress bar ProgressBar to step 2
20111212_170227.984	clt	RoboSep_RunProgress.pollProgressUpdate()	Info	RoboSep_RunProgress	Progress Update: Q = 2 Step = 2 ID = 1 CMD = Mix
20111212_170310.507	clt	ProgressBar.MoveToStep()	Debug	ProgressBar	Progress bar ProgressBar to step 0
20111212_170310.518	clt	RoboSep_RunProgress.pollProgressUpdate()	Info	RoboSep_RunProgress	Progress Update: Q = 0 Step = 0 ID = 0 CMD = Incubate
20111212_170340.469	clt	ProgressBar.MoveToStep()	Debug	ProgressBar	Progress bar ProgressBar to step 1
20111212_170340.505	clt	RoboSep_RunProgress.pollProgressUpdate()	Info	RoboSep_RunProgress	Progress Update: Q = 0 Step = 1 ID = 0 CMD = Transport
20111212_170417.457	clt	ProgressBar.MoveToStep()	Debug	ProgressBar	Progress bar ProgressBar to step 2
20111212_170417.510	clt	RoboSep_RunProgress.pollProgressUpdate()	Info	RoboSep_RunProgress	Progress Update: Q = 0 Step = 2 ID = 0 CMD = Mix
20111212_171252.728	clt	ProgressBar.ResetProgress()	Debug	ProgressBar	Reset Progress on ProgressBar
20111212_171253.731	clt	ProgressBar.ResetProgress()	Debug	ProgressBar	Reset Progress on ProgressBar
20111212_171253.805	clt	ProgressBar.ResetProgress()	Debug	ProgressBar	Reset Progress on ProgressBar
20111212_171253.814	clt	ProgressBar.setElements()	Debug	ProgressBar	ProgressBar set 1 steps
20111212_171253.826	clt	QuadrantInfo.Clear()	Info	QuadrantInfo	Quadrant info Cleared
20111212_171253.831	clt	RoboSep_UserConsole.AtBatchDurationUpdate()	Info	RoboSep_UserConsole	Estimated run completion = 01:00
20111212_171253.853	clt	QuadrantInfo.Clear()	Info	QuadrantInfo	Quadrant info Cleared
20111212_171253.858	clt	QuadrantInfo.Clear()	Info	QuadrantInfo	Quadrant info Cleared
20111212_171253.887	clt	QuadrantInfo.Clear()	Info	QuadrantInfo	Quadrant info Cleared
20111212_171253.892	clt	RoboSep_RunSamples.Unload()	Info	RoboSep_RunSamples	Clearing all selected protocols
20111212_171253.905	clt	ProgressBar.ResetProgress()	Debug	ProgressBar	Reset Progress on ProgressBar
