RoboSep UI Log File
Created: 20111207_112608.113

20111207_112608.115	clt	RoboSep_UserConsole.RoboSep_UserConsole()	General	RoboSep_UserConsole	Initializing User Console
20111207_112608.170	clt	Form_Home.Form_Home()	Info	Form_Home	Creating new Form_Home
20111207_112610.111	clt	RoboSep_UserConsole.grabSystemOptions()	Info	RoboSep_UserConsole	Get Sys Options: Lid Sensor = TrueLiquid Sensor = True
20111207_112610.130	clt	RoboSep_UserConsole.RoboSep_UserConsole_Load()	Info	RoboSep_UserConsole	Loading User Console
20111207_112610.153	clt	RoboSep_Splash.RoboSep_Splash()	Info	RoboSep_Splash	Initializing Splash Page
20111207_112610.217	clt	RoboSep_UserConsole.RoboSep_UserConsole_Load()	General	RoboSep_UserConsole	Starting GUI Thread
20111207_112610.223	clt	RoboSep_UserConsole.AttemptSeparatorConnection()	Info	RoboSep_UserConsole	Connecting...
20111207_112611.150	clt	RoboSep_UserDB.Robosep_UserDB()()	Debug	RoboSep_UserDB	Initializing UserDB
20111207_112611.301	clt	RoboSep_UserDB.GetProtocolsPath()	Debug	RoboSep_UserDB	output: C:\Program Files (x86)\STI\RoboSep\protocols\
20111207_112611.396	clt	RoboSep_UserConsole.AtReportInstrumentInformation()	Info	RoboSep_UserConsole	Get system information for About menu
20111207_112611.407	clt	RoboSep_UserConsole.AtBatchDurationUpdate()	Info	RoboSep_UserConsole	Estimated run completion = 01:00
20111207_112612.003	clt	RoboSep_UserDB.LoadAllProtocols()	Debug	RoboSep_UserDB	160protocols loaded
20111207_112612.008	clt	RoboSep_UserDB.XML_SaveUserConfig()	Info	RoboSep_UserDB	set user.db file to : User1.udb
20111207_112612.331	clt	RoboSep_UserDB.GetProtocolsPath()	Debug	RoboSep_UserDB	output: C:\Program Files (x86)\STI\RoboSep\protocols\
20111207_112612.346	clt	RoboSep_UserDB.XML_LoadRoboSepUserObject()	Debug	RoboSep_UserDB	Loaded Robosep User
20111207_112641.158	clt	RoboSep_UserConsole.ProgressSplash()	Info	RoboSep_UserConsole	Stopping Splash page
20111207_112641.216	clt	RoboSep_About.RoboSep_About()	Info	RoboSep_About	Initializing About user control
20111207_112641.304	clt	RoboSep_RunSamples.RoboSep_RunSamples()	Info	RoboSep_RunSamples	Initializing Run Samples user control
20111207_112641.386	clt	RoboSep_Splash.close()	Info	RoboSep_Splash	Closing Splash Page
20111207_112647.370	clt	RoboSep_RunSamples.btn_home_Click()	Info	RoboSep_RunSamples	Home button clicked
20111207_112648.776	clt	RoboSep_Logs.RoboSep_Logs()	Info	RoboSep_Logs	Initializing Logs Tab Page 
20111207_112648.817	clt	RoboSep_RunStatsLog.RoboSep_RunStatsLog()	Info	RoboSep_RunStatsLog	Initializing Log Tab Run Statistics
20111207_112649.093	clt	RoboSep_Logs.RoboSep_Logs()	Info	RoboSep_Logs	Loading Log Tab 0
20111207_112649.139	clt	Form_Home.hex_logs_Click()	Info	Form_Home	Logs button clicked
20111207_112702.118	clt	RoboSep_RunStatsLog.btn_home_Click()	Info	RoboSep_RunStatsLog	Home button clicked
20111207_112702.741	clt	Form_Home.hex_sampling_Click()	Info	Form_Home	Run Sample button clicked
20111207_112723.694	clt	RoboSep_RunSamples.btn_home_Click()	Info	RoboSep_RunSamples	Home button clicked
20111207_113141.528	clt	Form_Home.hex_logs_Click()	Info	Form_Home	Logs button clicked
20111207_113225.483	clt	RoboSep_RunStatsLog.btn_home_Click()	Info	RoboSep_RunStatsLog	Home button clicked
20111207_113226.199	clt	Form_Home.hex_sampling_Click()	Info	Form_Home	Run Sample button clicked
20111207_113226.774	clt	RoboSep_RunSamples.btn_home_Click()	Info	RoboSep_RunSamples	Home button clicked
20111207_113400.814	clt	Form_Home.hex_logs_Click()	Info	Form_Home	Logs button clicked
20111207_113404.439	clt	RoboSep_RunStatsLog.btn_home_Click()	Info	RoboSep_RunStatsLog	Home button clicked
20111207_113405.051	clt	RoboSep_System.RoboSep_System()	Info	RoboSep_System	Initializing System user control
20111207_113405.117	clt	Form_Home.hex_system_Click()	Info	Form_Home	System button clicked
20111207_113405.747	clt	RoboSep_System.btn_home_Click()	Info	RoboSep_System	Home button clicked
