RoboSep UI Log File
Created: 20111214_165951.571

20111214_165951.574	clt	RoboSep_UserConsole.RoboSep_UserConsole()	General	RoboSep_UserConsole	Initializing User Console
20111214_165951.620	clt	Form_Home.Form_Home()	Info	Form_Home	Creating new Form_Home
20111214_165953.210	clt	RoboSep_UserConsole.grabSystemOptions()	Info	RoboSep_UserConsole	Get Sys Options: Lid Sensor = TrueLiquid Sensor = True
20111214_165953.227	clt	RoboSep_UserConsole.RoboSep_UserConsole_Load()	Info	RoboSep_UserConsole	Loading User Console
20111214_165953.248	clt	RoboSep_Splash.RoboSep_Splash()	Info	RoboSep_Splash	Initializing Splash Page
20111214_165953.305	clt	RoboSep_UserConsole.RoboSep_UserConsole_Load()	General	RoboSep_UserConsole	Starting GUI Thread
20111214_165953.307	clt	RoboSep_UserConsole.AttemptSeparatorConnection()	Info	RoboSep_UserConsole	Connecting...
20111214_165953.924	clt	RoboSep_UserDB.Robosep_UserDB()()	Debug	RoboSep_UserDB	Initializing UserDB
20111214_165953.974	clt	RoboSep_UserDB.GetProtocolsPath()	Debug	RoboSep_UserDB	output: C:\Program Files (x86)\STI\RoboSep\protocols\
20111214_165954.019	clt	RoboSep_UserDB.LoadAllProtocols()	Debug	RoboSep_UserDB	161protocols loaded
20111214_165954.025	clt	RoboSep_UserDB.XML_SaveUserConfig()	Info	RoboSep_UserDB	set user.db file to : User1.udb
20111214_165954.344	clt	RoboSep_UserDB.GetProtocolsPath()	Debug	RoboSep_UserDB	output: C:\Program Files (x86)\STI\RoboSep\protocols\
20111214_165954.357	clt	RoboSep_UserDB.XML_LoadRoboSepUserObject()	Debug	RoboSep_UserDB	Loaded Robosep User
20111214_165957.491	clt	RoboSep_UserConsole.AtReportInstrumentInformation()	Info	RoboSep_UserConsole	Get system information for About menu
20111214_165957.500	clt	RoboSep_UserConsole.AtBatchDurationUpdate()	Info	RoboSep_UserConsole	Estimated run completion = 01:00
20111214_170027.299	clt	RoboSep_UserConsole.ProgressSplash()	Info	RoboSep_UserConsole	Stopping Splash page
20111214_170027.356	clt	RoboSep_About.RoboSep_About()	Info	RoboSep_About	Initializing About user control
20111214_170027.441	clt	RoboSep_RunSamples.RoboSep_RunSamples()	Info	RoboSep_RunSamples	Initializing Run Samples user control
20111214_170027.525	clt	RoboSep_Splash.close()	Info	RoboSep_Splash	Closing Splash Page
20111214_170030.176	clt	RoboSep_RunSamples.btn_home_Click()	Info	RoboSep_RunSamples	Home button clicked
20111214_170032.368	clt	RoboSep_Protocols.LoadUsers()	Info	RoboSep_Protocols	Reloading Auto Complete for User Textbox
20111214_170032.375	clt	RoboSep_Protocols.RoboSep_Protocols()	Info	RoboSep_Protocols	Initializing Protocols user control
20111214_170032.480	clt	Form_Home.hex_protocols_Click()	Info	Form_Home	Protocols button clicked
20111214_170034.241	clt	RoboSep_Protocols.btn_home_Click()	Info	RoboSep_Protocols	Home button clicked
20111214_170035.413	clt	Form_Home.hex_service_Click()	Info	Form_Home	Service button clicked
20111214_170036.104	clt	Keyboard.Keyboard()	Info	Keyboard	New Touch Keyboard generated
20111214_170651.428	clt	Keyboard.button_Cancel1_Click()	Info	Keyboard	Cancel button clicked
20111214_170712.122	clt	Keyboard.Keyboard()	Info	Keyboard	New Touch Keyboard generated
20111214_170726.418	clt	Keyboard.button_Cancel1_Click()	Info	Keyboard	Cancel button clicked
20111214_170731.716	clt	RoboSep_ServiceLogin.btn_home_Click()	Info	RoboSep_ServiceLogin	Home button clicked
20111214_170733.008	clt	Form_Home.btn_close_Click()	Info	Form_Home	Close Window button clicked
