RoboSep UI Log File
Created: 20111205_131437.535

20111205_131437.536	clt	RoboSep_UserConsole.RoboSep_UserConsole()	General	RoboSep_UserConsole	Initializing User Console
20111205_131437.581	clt	Form_Home.Form_Home()	Info	Form_Home	Creating new Form_Home
20111205_131439.331	clt	RoboSep_UserConsole.grabSystemOptions()	Info	RoboSep_UserConsole	Get Sys Options: Lid Sensor = FalseLiquid Sensor = False
20111205_131439.345	clt	RoboSep_UserConsole.RoboSep_UserConsole_Load()	Info	RoboSep_UserConsole	Loading User Console
20111205_131439.365	clt	RoboSep_Splash.RoboSep_Splash()	Info	RoboSep_Splash	Initializing Splash Page
20111205_131439.409	clt	RoboSep_UserConsole.RoboSep_UserConsole_Load()	General	RoboSep_UserConsole	Starting GUI Thread
20111205_131439.414	clt	RoboSep_UserConsole.AttemptSeparatorConnection()	Info	RoboSep_UserConsole	Connecting...
20111205_131440.142	clt	RoboSep_UserDB.Robosep_UserDB()()	Debug	RoboSep_UserDB	Initializing UserDB
20111205_131440.190	clt	RoboSep_UserDB.GetProtocolsPath()	Debug	RoboSep_UserDB	output: C:\Program Files (x86)\STI\RoboSep\protocols\
20111205_131440.227	clt	RoboSep_UserDB.LoadAllProtocols()	Debug	RoboSep_UserDB	160protocols loaded
20111205_131440.230	clt	RoboSep_UserDB.XML_SaveUserConfig()	Info	RoboSep_UserDB	set user.db file to : User1.udb
20111205_131440.525	clt	RoboSep_UserDB.GetProtocolsPath()	Debug	RoboSep_UserDB	output: C:\Program Files (x86)\STI\RoboSep\protocols\
20111205_131440.535	clt	RoboSep_UserDB.XML_LoadRoboSepUserObject()	Debug	RoboSep_UserDB	Loaded Robosep User
20111205_131440.701	clt	RoboSep_UserConsole.AtReportInstrumentInformation()	Info	RoboSep_UserConsole	Get system information for About menu
20111205_131440.711	clt	RoboSep_UserConsole.AtBatchDurationUpdate()	Info	RoboSep_UserConsole	Estimated run completion = 01:00
20111205_131510.362	clt	RoboSep_UserConsole.ProgressSplash()	Info	RoboSep_UserConsole	Stopping Splash page
20111205_131510.411	clt	RoboSep_About.RoboSep_About()	Info	RoboSep_About	Initializing About user control
20111205_131510.490	clt	RoboSep_RunSamples.RoboSep_RunSamples()	Info	RoboSep_RunSamples	Initializing Run Samples user control
20111205_131510.568	clt	RoboSep_Splash.close()	Info	RoboSep_Splash	Closing Splash Page
20111205_132716.857	clt	RoboSep_RunSamples.btn_home_Click()	Info	RoboSep_RunSamples	Home button clicked
20111205_132718.118	clt	Form_Home.btn_close_Click()	Info	Form_Home	Close Window button clicked
20111205_132718.567	clt	RoboSep_ProtocolSelect.RoboSep_ProtocolSelect()	Info	RoboSep_ProtocolSelect	New Protocol Select user control generated
20111205_132718.654	clt	RoboSep_RunSamples.Protocol_Selection()	Info	RoboSep_RunSamples	Opening protocol selection for quadrant 1
20111205_132718.681	clt	RoboSep_ProtocolSelect.RoboSep_ProtocolSelect()	Info	RoboSep_ProtocolSelect	New Protocol Select user control generated
20111205_132718.717	clt	RoboSep_RunSamples.Protocol_Selection()	Info	RoboSep_RunSamples	Opening protocol selection for quadrant 1
20111205_132721.976	clt	RoboSep_RunSamples.addToRun()	Debug	RoboSep_RunSamples	Adding protocol 'Jasons Super Out Of This World Protocol' to run at quadrant0
20111205_132722.048	clt	NumberPad.NumberPad()	Debug	NumberPad	Opening New Number Pad window
20111205_132722.655	clt	NumberPad.validateEntry()	Debug	NumberPad	Volume: 1.000
20111205_132722.673	clt	RoboSep_UserConsole.SetSampleVolume()	Info	RoboSep_UserConsole	Quad: 1 Sample Vol 0.001
20111205_132722.688	clt	RoboSep_UserConsole.AtBatchDurationUpdate()	Info	RoboSep_UserConsole	Estimated run completion = 01:00
20111205_132722.764	clt	RoboSep_ProtocolSelect.SelectProtocol()	Info	RoboSep_ProtocolSelect	Adding protocol to current run
20111205_132722.766	clt	RoboSep_ProtocolSelect.button_Accept_Click()	Info	RoboSep_ProtocolSelect	Protocol Selected from User list
20111205_132723.159	clt	RoboSep_UserConsole.AtBatchDurationUpdate()	Info	RoboSep_UserConsole	Estimated run completion = 14:00
20111205_132723.999	clt	RoboSep_ProtocolSelect.RoboSep_ProtocolSelect()	Info	RoboSep_ProtocolSelect	New Protocol Select user control generated
20111205_132724.080	clt	RoboSep_RunSamples.Protocol_Selection()	Info	RoboSep_RunSamples	Opening protocol selection for quadrant 2
20111205_132724.107	clt	RoboSep_ProtocolSelect.RoboSep_ProtocolSelect()	Info	RoboSep_ProtocolSelect	New Protocol Select user control generated
20111205_132724.146	clt	RoboSep_RunSamples.Protocol_Selection()	Info	RoboSep_RunSamples	Opening protocol selection for quadrant 2
20111205_132725.388	clt	RoboSep_RunSamples.addToRun()	Debug	RoboSep_RunSamples	Adding protocol 'Jasons Super Out Of This World Protocol' to run at quadrant1
20111205_132725.446	clt	NumberPad.NumberPad()	Debug	NumberPad	Opening New Number Pad window
20111205_132726.138	clt	ProgressBar.ResetProgress()	Debug	ProgressBar	Reset Progress on ProgressBar
20111205_132727.072	clt	NumberPad.validateEntry()	Debug	NumberPad	Validating volume failed, not within range
20111205_132728.622	clt	NumberPad.validateEntry()	Debug	NumberPad	Volume: 4.000
20111205_132728.635	clt	RoboSep_UserConsole.SetSampleVolume()	Info	RoboSep_UserConsole	Quad: 2 Sample Vol 0.004
20111205_132728.639	clt	RoboSep_UserConsole.AtBatchDurationUpdate()	Info	RoboSep_UserConsole	Estimated run completion = 01:00
20111205_132728.706	clt	RoboSep_ProtocolSelect.SelectProtocol()	Info	RoboSep_ProtocolSelect	Adding protocol to current run
20111205_132728.710	clt	RoboSep_ProtocolSelect.button_Accept_Click()	Info	RoboSep_ProtocolSelect	Protocol Selected from User list
20111205_132728.781	clt	RoboSep_UserConsole.AtBatchDurationUpdate()	Info	RoboSep_UserConsole	Estimated run completion = 25:00
20111205_132730.062	clt	RoboSep_ProtocolSelect.RoboSep_ProtocolSelect()	Info	RoboSep_ProtocolSelect	New Protocol Select user control generated
20111205_132730.124	clt	RoboSep_RunSamples.Protocol_Selection()	Info	RoboSep_RunSamples	Opening protocol selection for quadrant 4
20111205_132730.153	clt	RoboSep_ProtocolSelect.RoboSep_ProtocolSelect()	Info	RoboSep_ProtocolSelect	New Protocol Select user control generated
20111205_132730.190	clt	RoboSep_RunSamples.Protocol_Selection()	Info	RoboSep_RunSamples	Opening protocol selection for quadrant 4
20111205_132731.900	clt	RoboSep_RunSamples.addToRun()	Debug	RoboSep_RunSamples	Adding protocol 'Jasons Super Out Of This World Protocol' to run at quadrant3
20111205_132731.958	clt	NumberPad.NumberPad()	Debug	NumberPad	Opening New Number Pad window
20111205_132734.414	clt	NumberPad.validateEntry()	Debug	NumberPad	Volume: 0.500
20111205_132734.428	clt	RoboSep_UserConsole.SetSampleVolume()	Info	RoboSep_UserConsole	Quad: 4 Sample Vol 0.0005
20111205_132734.432	clt	RoboSep_UserConsole.AtBatchDurationUpdate()	Info	RoboSep_UserConsole	Estimated run completion = 01:00
20111205_132734.504	clt	RoboSep_ProtocolSelect.SelectProtocol()	Info	RoboSep_ProtocolSelect	Adding protocol to current run
20111205_132734.508	clt	RoboSep_ProtocolSelect.button_Accept_Click()	Info	RoboSep_ProtocolSelect	Protocol Selected from User list
20111205_132734.616	clt	RoboSep_UserConsole.AtBatchDurationUpdate()	Info	RoboSep_UserConsole	Estimated run completion = 37:00
20111205_132736.534	clt	RoboSep_RunSamples.button_RunSamples_Click()	Info	RoboSep_RunSamples	Run Samples button clicked
20111205_132736.551	clt	ProgressBar.ResetProgress()	Debug	ProgressBar	Reset Progress on ProgressBar
20111205_132737.355	clt	ProgressBar.ResetProgress()	Debug	ProgressBar	Reset Progress on ProgressBar
20111205_132738.171	clt	RoboSep_RunSamples.button_RunSamples_Click()	Debug	RoboSep_RunSamples	Scheduling run
20111205_132738.179	clt	RoboSep_UserDB.GetProtocolsPath()	Debug	RoboSep_UserDB	output: C:\Program Files (x86)\STI\RoboSep\protocols\
20111205_132738.181	clt	RoboSep_UserDB.getProtocolCommandList()	Debug	RoboSep_UserDB	returned 19commands
20111205_132738.183	clt	RoboSep_RunSamples.button_RunSamples_Click()	Debug	RoboSep_RunSamples	protocol: Jason Super Protocol.xml commands: 19
20111205_132738.209	clt	ProgressBar.ResetProgress()	Debug	ProgressBar	Reset Progress on ProgressBar
20111205_132738.235	clt	ProgressBar.ResetProgress()	Debug	ProgressBar	Reset Progress on ProgressBar
20111205_132738.260	clt	ProgressBar.ResetProgress()	Debug	ProgressBar	Reset Progress on ProgressBar
20111205_132738.286	clt	ProgressBar.ResetProgress()	Debug	ProgressBar	Reset Progress on ProgressBar
20111205_132738.310	clt	ProgressBar.ResetProgress()	Debug	ProgressBar	Reset Progress on ProgressBar
20111205_132738.444	clt	ProgressBar.ResetProgress()	Debug	ProgressBar	Reset Progress on ProgressBar
20111205_132738.450	clt	ProgressBar.setElements()	Debug	ProgressBar	ProgressBar set 1 steps
20111205_132738.454	clt	ProgressBar.ResetProgress()	Debug	ProgressBar	Reset Progress on ProgressBar
20111205_132738.489	clt	ProgressBar.setElements()	Debug	ProgressBar	ProgressBar set 19 steps
20111205_132738.492	clt	RoboSep_UserDB.GetProtocolsPath()	Debug	RoboSep_UserDB	output: C:\Program Files (x86)\STI\RoboSep\protocols\
20111205_132738.494	clt	RoboSep_UserDB.getProtocolCommandList()	Debug	RoboSep_UserDB	returned 19commands
20111205_132738.496	clt	RoboSep_RunSamples.button_RunSamples_Click()	Debug	RoboSep_RunSamples	protocol: Jason Super Protocol.xml commands: 19
20111205_132738.498	clt	ProgressBar.ResetProgress()	Debug	ProgressBar	Reset Progress on ProgressBar
20111205_132738.527	clt	ProgressBar.setElements()	Debug	ProgressBar	ProgressBar set 19 steps
20111205_132738.530	clt	RoboSep_UserDB.GetProtocolsPath()	Debug	RoboSep_UserDB	output: C:\Program Files (x86)\STI\RoboSep\protocols\
20111205_132738.532	clt	RoboSep_UserDB.getProtocolCommandList()	Debug	RoboSep_UserDB	returned 19commands
20111205_132738.534	clt	RoboSep_RunSamples.button_RunSamples_Click()	Debug	RoboSep_RunSamples	protocol: Jason Super Protocol.xml commands: 19
20111205_132738.536	clt	ProgressBar.ResetProgress()	Debug	ProgressBar	Reset Progress on ProgressBar
20111205_132738.565	clt	ProgressBar.setElements()	Debug	ProgressBar	ProgressBar set 19 steps
20111205_132738.637	clt	RoboSep_Resources.RoboSep_Resources()	Info	RoboSep_Resources	Generating Robosep Resources user control
20111205_132738.718	clt	RoboSep_Resources.grabQuadrantResources()	Debug	RoboSep_Resources	Displaying quadrant 0 resources
20111205_132738.734	clt	RoboSep_Resources.grabQuadrantResources()	Debug	RoboSep_Resources	Loading resources from sharing protocols
20111205_132739.205	clt	ProgressBar.ResetProgress()	Debug	ProgressBar	Reset Progress on ProgressBar
20111205_132739.872	clt	RoboSep_RunSamples.CheckHydraulicFluid()	General	RoboSep_RunSamples	Start Separation run
20111205_132740.035	clt	RoboSep_Resources.buttonRun_Click()	Debug	RoboSep_Resources	Run Protocols button clicked
20111205_132740.039	clt	RoboSep_RunProgress.Start()	Info	RoboSep_RunProgress	 **INITIALIZING RUN
20111205_132826.973	clt	RoboSep_UserConsole.AtBatchDurationUpdate()	Info	RoboSep_UserConsole	Estimated run completion = 37:00
20111205_132831.284	clt	RoboSep_RunProgress.CheckForStatusUpdate()	Info	RoboSep_RunProgress	Progress Update: Q = 3 Step = 1 ID = 2 CMD = Transport
20111205_132831.295	clt	ProgressBar.MoveToStep()	Debug	ProgressBar	Progress bar ProgressBar to step 1
