RoboSep UI Log File
Created: 20111208_152845.547

20111208_152845.549	clt	RoboSep_UserConsole.RoboSep_UserConsole()	General	RoboSep_UserConsole	Initializing User Console
20111208_152845.599	clt	Form_Home.Form_Home()	Info	Form_Home	Creating new Form_Home
20111208_152847.627	clt	RoboSep_UserConsole.grabSystemOptions()	Info	RoboSep_UserConsole	Get Sys Options: Lid Sensor = TrueLiquid Sensor = True
20111208_152847.646	clt	RoboSep_UserConsole.RoboSep_UserConsole_Load()	Info	RoboSep_UserConsole	Loading User Console
20111208_152847.669	clt	RoboSep_Splash.RoboSep_Splash()	Info	RoboSep_Splash	Initializing Splash Page
20111208_152847.728	clt	RoboSep_UserConsole.RoboSep_UserConsole_Load()	General	RoboSep_UserConsole	Starting GUI Thread
20111208_152847.729	clt	RoboSep_UserConsole.AttemptSeparatorConnection()	Info	RoboSep_UserConsole	Connecting...
20111208_152848.643	clt	RoboSep_UserDB.Robosep_UserDB()()	Debug	RoboSep_UserDB	Initializing UserDB
20111208_152848.837	clt	RoboSep_UserDB.GetProtocolsPath()	Debug	RoboSep_UserDB	output: C:\Program Files (x86)\STI\RoboSep\protocols\
20111208_152848.868	clt	RoboSep_UserConsole.AtReportInstrumentInformation()	Info	RoboSep_UserConsole	Get system information for About menu
20111208_152848.879	clt	RoboSep_UserConsole.AtBatchDurationUpdate()	Info	RoboSep_UserConsole	Estimated run completion = 01:00
20111208_152849.279	clt	RoboSep_UserDB.LoadAllProtocols()	Debug	RoboSep_UserDB	160protocols loaded
20111208_152849.283	clt	RoboSep_UserDB.XML_SaveUserConfig()	Info	RoboSep_UserDB	set user.db file to : User1.udb
20111208_152849.617	clt	RoboSep_UserDB.GetProtocolsPath()	Debug	RoboSep_UserDB	output: C:\Program Files (x86)\STI\RoboSep\protocols\
20111208_152849.627	clt	RoboSep_UserDB.XML_LoadRoboSepUserObject()	Debug	RoboSep_UserDB	Loaded Robosep User
20111208_152918.662	clt	RoboSep_UserConsole.ProgressSplash()	Info	RoboSep_UserConsole	Stopping Splash page
20111208_152918.729	clt	RoboSep_About.RoboSep_About()	Info	RoboSep_About	Initializing About user control
20111208_152918.827	clt	RoboSep_RunSamples.RoboSep_RunSamples()	Info	RoboSep_RunSamples	Initializing Run Samples user control
20111208_152918.909	clt	RoboSep_Splash.close()	Info	RoboSep_Splash	Closing Splash Page
20111208_153015.366	clt	RoboSep_RunSamples.btn_home_Click()	Info	RoboSep_RunSamples	Home button clicked
20111208_153018.815	clt	RoboSep_System.RoboSep_System()	Info	RoboSep_System	Initializing System user control
20111208_153018.876	clt	Form_Home.hex_system_Click()	Info	Form_Home	System button clicked
20111208_153021.103	clt	ProgressBar.ResetProgress()	Debug	ProgressBar	Reset Progress on ProgressBar
20111208_153037.028	clt	FileBrowser.FileBrowser()	Info	FileBrowser	Start Dir: F:\File Location: C:\Program Files (x86)\STI\RoboSep\ZippedFiles\20111208_1530_repLog.zipmode: SelectTargetDir
20111208_153038.746	clt	FileBrowser.LoadDirectory()	Debug	FileBrowser	Loading Directory 'F:\
