RoboSep UI Log File
Created: 20111205_161035.158

20111205_161035.160	clt	RoboSep_UserConsole.RoboSep_UserConsole()	General	RoboSep_UserConsole	Initializing User Console
20111205_161035.209	clt	Form_Home.Form_Home()	Info	Form_Home	Creating new Form_Home
20111205_161036.814	clt	RoboSep_UserConsole.grabSystemOptions()	Info	RoboSep_UserConsole	Get Sys Options: Lid Sensor = FalseLiquid Sensor = False
20111205_161036.832	clt	RoboSep_UserConsole.RoboSep_UserConsole_Load()	Info	RoboSep_UserConsole	Loading User Console
20111205_161036.855	clt	RoboSep_Splash.RoboSep_Splash()	Info	RoboSep_Splash	Initializing Splash Page
20111205_161036.944	clt	RoboSep_UserConsole.RoboSep_UserConsole_Load()	General	RoboSep_UserConsole	Starting GUI Thread
20111205_161036.949	clt	RoboSep_UserConsole.AttemptSeparatorConnection()	Info	RoboSep_UserConsole	Connecting...
20111205_161037.613	clt	RoboSep_UserDB.Robosep_UserDB()()	Debug	RoboSep_UserDB	Initializing UserDB
20111205_161037.684	clt	RoboSep_UserDB.GetProtocolsPath()	Debug	RoboSep_UserDB	output: C:\Program Files (x86)\STI\RoboSep\protocols\
20111205_161037.724	clt	RoboSep_UserDB.LoadAllProtocols()	Debug	RoboSep_UserDB	160protocols loaded
20111205_161037.728	clt	RoboSep_UserDB.XML_SaveUserConfig()	Info	RoboSep_UserDB	set user.db file to : User1.udb
20111205_161038.151	clt	RoboSep_UserDB.GetProtocolsPath()	Debug	RoboSep_UserDB	output: C:\Program Files (x86)\STI\RoboSep\protocols\
20111205_161038.160	clt	RoboSep_UserDB.XML_LoadRoboSepUserObject()	Debug	RoboSep_UserDB	Loaded Robosep User
20111205_161038.979	clt	RoboSep_UserConsole.AtReportInstrumentInformation()	Info	RoboSep_UserConsole	Get system information for About menu
20111205_161038.988	clt	RoboSep_UserConsole.AtBatchDurationUpdate()	Info	RoboSep_UserConsole	Estimated run completion = 01:00
20111205_161108.409	clt	RoboSep_UserConsole.ProgressSplash()	Info	RoboSep_UserConsole	Stopping Splash page
20111205_161108.463	clt	RoboSep_About.RoboSep_About()	Info	RoboSep_About	Initializing About user control
20111205_161108.543	clt	RoboSep_RunSamples.RoboSep_RunSamples()	Info	RoboSep_RunSamples	Initializing Run Samples user control
20111205_161108.629	clt	RoboSep_Splash.close()	Info	RoboSep_Splash	Closing Splash Page
20111205_161108.688	clt	RoboSep_ProtocolSelect.RoboSep_ProtocolSelect()	Info	RoboSep_ProtocolSelect	New Protocol Select user control generated
20111205_161108.779	clt	RoboSep_RunSamples.Protocol_Selection()	Info	RoboSep_RunSamples	Opening protocol selection for quadrant 2
20111205_161110.634	clt	RoboSep_ProtocolSelect.button_Cancel1_Click()	Info	RoboSep_ProtocolSelect	Protocol Selection cancel clicked
20111205_161112.377	clt	RoboSep_RunSamples.btn_home_Click()	Info	RoboSep_RunSamples	Home button clicked
20111205_161117.070	clt	Form_Home.btn_close_Click()	Info	Form_Home	Close Window button clicked
20111205_161118.525	clt	RoboSep_RunSamples.btn_home_Click()	Info	RoboSep_RunSamples	Home button clicked
20111205_161136.454	clt	Form_Home.hex_sampling_Click()	Info	Form_Home	Run Sample button clicked
20111205_161137.738	clt	RoboSep_RunSamples.btn_home_Click()	Info	RoboSep_RunSamples	Home button clicked
20111205_161138.238	clt	RoboSep_System.RoboSep_System()	Info	RoboSep_System	Initializing System user control
20111205_161138.295	clt	Form_Home.hex_system_Click()	Info	Form_Home	System button clicked
20111205_161140.021	clt	RoboSep_RunSamples.addMaintenance()	Info	RoboSep_RunSamples	Adding Maintenance Protocol
20111205_161140.024	clt	QuadrantInfo.Clear()	Info	QuadrantInfo	Quadrant info Cleared
20111205_161140.026	clt	QuadrantInfo.Clear()	Info	QuadrantInfo	Quadrant info Cleared
20111205_161140.028	clt	QuadrantInfo.Clear()	Info	QuadrantInfo	Quadrant info Cleared
20111205_161140.029	clt	QuadrantInfo.Clear()	Info	QuadrantInfo	Quadrant info Cleared
20111205_161140.039	clt	RoboSep_UserConsole.AtBatchDurationUpdate()	Info	RoboSep_UserConsole	Estimated run completion = 01:00
20111205_161140.043	clt	RoboSep_UserConsole.InvokeMaintenanceAction()	Info	RoboSep_UserConsole	Invoking maintenance action Prime
20111205_161140.074	clt	RoboSep_System.Button_BasicPrime_Click()	Info	RoboSep_System	Basic Prime Maintenance button clicked
20111205_161140.117	clt	RoboSep_UserConsole.AtBatchDurationUpdate()	Info	RoboSep_UserConsole	Estimated run completion = 02:00
20111205_161140.742	clt	RoboSep_RunSamples.button_RunSamples_Click()	Info	RoboSep_RunSamples	Run Samples button clicked
20111205_161140.765	clt	ProgressBar.ResetProgress()	Debug	ProgressBar	Reset Progress on ProgressBar
20111205_161141.853	clt	RoboSep_RunSamples.button_RunSamples_Click()	Debug	RoboSep_RunSamples	Scheduling run
20111205_161141.858	clt	RoboSep_UserDB.GetProtocolsPath()	Debug	RoboSep_UserDB	output: C:\Program Files (x86)\STI\RoboSep\protocols\
20111205_161141.860	clt	RoboSep_UserDB.getProtocolCommandList()	Debug	RoboSep_UserDB	returned 3commands
20111205_161141.864	clt	RoboSep_RunSamples.button_RunSamples_Click()	Debug	RoboSep_RunSamples	protocol: prime.xml commands: 3
20111205_161142.077	clt	ProgressBar.ResetProgress()	Debug	ProgressBar	Reset Progress on ProgressBar
20111205_161142.101	clt	ProgressBar.ResetProgress()	Debug	ProgressBar	Reset Progress on ProgressBar
20111205_161142.126	clt	ProgressBar.ResetProgress()	Debug	ProgressBar	Reset Progress on ProgressBar
20111205_161142.151	clt	ProgressBar.ResetProgress()	Debug	ProgressBar	Reset Progress on ProgressBar
20111205_161142.178	clt	ProgressBar.ResetProgress()	Debug	ProgressBar	Reset Progress on ProgressBar
20111205_161142.313	clt	ProgressBar.ResetProgress()	Debug	ProgressBar	Reset Progress on ProgressBar
20111205_161142.320	clt	ProgressBar.setElements()	Debug	ProgressBar	ProgressBar set 1 steps
20111205_161142.324	clt	ProgressBar.ResetProgress()	Debug	ProgressBar	Reset Progress on ProgressBar
20111205_161142.332	clt	ProgressBar.setElements()	Debug	ProgressBar	ProgressBar set 3 steps
20111205_161142.401	clt	RoboSep_Resources.RoboSep_Resources()	Info	RoboSep_Resources	Generating Robosep Resources user control
20111205_161142.485	clt	RoboSep_Resources.grabQuadrantResources()	Debug	RoboSep_Resources	Displaying quadrant 0 resources
20111205_161142.495	clt	RoboSep_Resources.grabQuadrantResources()	Debug	RoboSep_Resources	Loading resources from sharing protocols
20111205_161143.437	clt	ProgressBar.ResetProgress()	Debug	ProgressBar	Reset Progress on ProgressBar
20111205_161144.111	clt	RoboSep_RunSamples.CheckHydraulicFluid()	General	RoboSep_RunSamples	Start Separation run
20111205_161144.232	clt	RoboSep_Resources.buttonRun_Click()	Debug	RoboSep_Resources	Run Protocols button clicked
20111205_161144.236	clt	RoboSep_RunProgress.Start()	Info	RoboSep_RunProgress	 **INITIALIZING RUN
20111205_161145.905	clt	RoboSep_UserConsole.AtBatchDurationUpdate()	Info	RoboSep_UserConsole	Estimated run completion = 02:00
20111205_161150.327	clt	ProgressBar.MoveToStep()	Debug	ProgressBar	Progress bar ProgressBar to step 1
20111205_161220.237	clt	ProgressBar.MoveToStep()	Debug	ProgressBar	Progress bar ProgressBar to step 2
20111205_161245.595	clt	ProgressBar.MoveToStep()	Debug	ProgressBar	Progress bar ProgressBar to step 3
20111205_161255.240	clt	ProgressBar.AllCompleted()	Debug	ProgressBar	ProgressBar COMPLETED! 
20111205_161256.014	clt	RoboSep_UserConsole.AtBatchDurationUpdate()	Info	RoboSep_UserConsole	Estimated run completion = 01:00
20111205_161256.268	clt	ProgressBar.AllCompleted()	Debug	ProgressBar	ProgressBar COMPLETED! 
20111205_161256.279	clt	ProgressBar.AllCompleted()	Debug	ProgressBar	ProgressBar COMPLETED! 
20111205_161256.297	clt	ProgressBar.ResetProgress()	Debug	ProgressBar	Reset Progress on ProgressBar
20111205_161302.064	clt	ProgressBar.ResetProgress()	Debug	ProgressBar	Reset Progress on ProgressBar
20111205_161302.069	clt	ProgressBar.setElements()	Debug	ProgressBar	ProgressBar set 1 steps
20111205_161302.080	clt	ProgressBar.ResetProgress()	Debug	ProgressBar	Reset Progress on ProgressBar
20111205_161303.715	clt	RoboSep_UserConsole.AtBatchDurationUpdate()	Info	RoboSep_UserConsole	Estimated run completion = 01:00
20111205_161303.718	clt	RoboSep_UserConsole.AtBatchDurationUpdate()	Info	RoboSep_UserConsole	Estimated run completion = 01:00
20111205_161307.246	clt	QuadrantInfo.Clear()	Info	QuadrantInfo	Quadrant info Cleared
20111205_161307.247	clt	QuadrantInfo.Clear()	Info	QuadrantInfo	Quadrant info Cleared
20111205_161307.249	clt	QuadrantInfo.Clear()	Info	QuadrantInfo	Quadrant info Cleared
20111205_161307.251	clt	QuadrantInfo.Clear()	Info	QuadrantInfo	Quadrant info Cleared
20111205_161307.253	clt	RoboSep_RunSamples.Unload()	Info	RoboSep_RunSamples	Clearing all selected protocols
20111205_161308.725	clt	RoboSep_RunSamples.btn_home_Click()	Info	RoboSep_RunSamples	Home button clicked
20111205_161309.874	clt	Form_Home.hex_system_Click()	Info	Form_Home	System button clicked
20111205_161310.783	clt	RoboSep_RunSamples.addMaintenance()	Info	RoboSep_RunSamples	Adding Maintenance Protocol
20111205_161310.785	clt	QuadrantInfo.Clear()	Info	QuadrantInfo	Quadrant info Cleared
20111205_161310.787	clt	QuadrantInfo.Clear()	Info	QuadrantInfo	Quadrant info Cleared
20111205_161310.789	clt	QuadrantInfo.Clear()	Info	QuadrantInfo	Quadrant info Cleared
20111205_161310.792	clt	QuadrantInfo.Clear()	Info	QuadrantInfo	Quadrant info Cleared
20111205_161310.795	clt	RoboSep_UserConsole.AtBatchDurationUpdate()	Info	RoboSep_UserConsole	Estimated run completion = 01:00
20111205_161310.798	clt	RoboSep_UserConsole.InvokeMaintenanceAction()	Info	RoboSep_UserConsole	Invoking maintenance action Home
20111205_161310.828	clt	RoboSep_UserConsole.AtBatchDurationUpdate()	Info	RoboSep_UserConsole	Estimated run completion = 02:00
20111205_161310.834	clt	RoboSep_System.button_Home_Click()	Info	RoboSep_System	Home All Maintenance button clicked
20111205_161311.454	clt	RoboSep_RunSamples.button_RunSamples_Click()	Info	RoboSep_RunSamples	Run Samples button clicked
20111205_161311.460	clt	ProgressBar.ResetProgress()	Debug	ProgressBar	Reset Progress on ProgressBar
20111205_161312.748	clt	RoboSep_RunSamples.button_RunSamples_Click()	Debug	RoboSep_RunSamples	Scheduling run
20111205_161312.752	clt	RoboSep_UserDB.GetProtocolsPath()	Debug	RoboSep_UserDB	output: C:\Program Files (x86)\STI\RoboSep\protocols\
20111205_161312.754	clt	RoboSep_UserDB.getProtocolCommandList()	Debug	RoboSep_UserDB	returned 1commands
20111205_161312.755	clt	RoboSep_RunSamples.button_RunSamples_Click()	Debug	RoboSep_RunSamples	protocol: home_axes.xml commands: 1
20111205_161312.758	clt	ProgressBar.ResetProgress()	Debug	ProgressBar	Reset Progress on ProgressBar
20111205_161312.762	clt	ProgressBar.setElements()	Debug	ProgressBar	ProgressBar set 1 steps
20111205_161312.764	clt	RoboSep_RunSamples.button_RunSamples_Click()	Debug	RoboSep_RunSamples	Home Axex protocol, skip resources
20111205_161312.767	clt	RoboSep_RunSamples.CheckHydraulicFluid()	General	RoboSep_RunSamples	Start Separation run
20111205_161312.798	clt	RoboSep_RunProgress.Start()	Info	RoboSep_RunProgress	 **INITIALIZING RUN
20111205_161314.373	clt	RoboSep_UserConsole.AtBatchDurationUpdate()	Info	RoboSep_UserConsole	Estimated run completion = 02:00
20111205_161319.132	clt	ProgressBar.MoveToStep()	Debug	ProgressBar	Progress bar ProgressBar to step 1
20111205_161341.964	clt	RoboSep_UserConsole.AtBatchDurationUpdate()	Info	RoboSep_UserConsole	Estimated run completion = 01:00
20111205_161342.223	clt	ProgressBar.AllCompleted()	Debug	ProgressBar	ProgressBar COMPLETED! 
20111205_161342.230	clt	ProgressBar.AllCompleted()	Debug	ProgressBar	ProgressBar COMPLETED! 
20111205_161342.245	clt	ProgressBar.ResetProgress()	Debug	ProgressBar	Reset Progress on ProgressBar
20111205_161345.250	clt	ProgressBar.ResetProgress()	Debug	ProgressBar	Reset Progress on ProgressBar
20111205_161345.255	clt	ProgressBar.setElements()	Debug	ProgressBar	ProgressBar set 1 steps
20111205_161345.262	clt	ProgressBar.ResetProgress()	Debug	ProgressBar	Reset Progress on ProgressBar
20111205_161346.876	clt	RoboSep_UserConsole.AtBatchDurationUpdate()	Info	RoboSep_UserConsole	Estimated run completion = 01:00
20111205_161346.878	clt	RoboSep_UserConsole.AtBatchDurationUpdate()	Info	RoboSep_UserConsole	Estimated run completion = 01:00
20111205_161350.442	clt	QuadrantInfo.Clear()	Info	QuadrantInfo	Quadrant info Cleared
20111205_161350.445	clt	QuadrantInfo.Clear()	Info	QuadrantInfo	Quadrant info Cleared
20111205_161350.446	clt	QuadrantInfo.Clear()	Info	QuadrantInfo	Quadrant info Cleared
20111205_161350.448	clt	QuadrantInfo.Clear()	Info	QuadrantInfo	Quadrant info Cleared
20111205_161350.449	clt	RoboSep_RunSamples.Unload()	Info	RoboSep_RunSamples	Clearing all selected protocols
20111205_161354.800	clt	RoboSep_RunSamples.btn_home_Click()	Info	RoboSep_RunSamples	Home button clicked
20111205_161416.542	clt	RoboSep_Help.RoboSep_Help()	Info	RoboSep_Help	Initializing Help user control
20111205_161416.568	clt	RoboSep_Help.HelpTabs_BackgroundImageChanged()	Info	RoboSep_Help	Load Tab Page 0
20111205_161416.664	clt	Form_Home.hex_help_Click()	Info	Form_Home	Help button clicked
20111205_161417.875	clt	RoboSep_Help.HelpTabs_BackgroundImageChanged()	Info	RoboSep_Help	Load Tab Page 0
20111205_161418.336	clt	RoboSep_Help.HelpTabs_BackgroundImageChanged()	Info	RoboSep_Help	Load Tab Page 1
20111205_161418.659	clt	RoboSep_Help.HelpTabs_BackgroundImageChanged()	Info	RoboSep_Help	Load Tab Page 1
20111205_161418.973	clt	RoboSep_Help.HelpTabs_BackgroundImageChanged()	Info	RoboSep_Help	Load Tab Page 0
20111205_161420.297	clt	RoboSep_About.btn_home_Click()	Info	RoboSep_About	Home button clicked
20111205_161423.280	clt	RoboSep_Logs.RoboSep_Logs()	Info	RoboSep_Logs	Initializing Logs Tab Page 
20111205_161423.318	clt	RoboSep_RunStatsLog.RoboSep_RunStatsLog()	Info	RoboSep_RunStatsLog	Initializing Log Tab Run Statistics
20111205_161423.372	clt	RoboSep_Logs.RoboSep_Logs()	Info	RoboSep_Logs	Loading Log Tab 0
20111205_161423.411	clt	Form_Home.hex_logs_Click()	Info	Form_Home	Logs button clicked
20111205_161425.426	clt	RoboSep_Logs.RoboSep_Logs()	Info	RoboSep_Logs	Loading Log Tab 1
20111205_161426.042	clt	RoboSep_Logs.RoboSep_Logs()	Info	RoboSep_Logs	Loading Log Tab 2
20111205_161426.746	clt	RoboSep_Logs.RoboSep_Logs()	Info	RoboSep_Logs	Loading Log Tab 0
20111205_161428.360	clt	RoboSep_RunStatsLog.btn_home_Click()	Info	RoboSep_RunStatsLog	Home button clicked
20111205_161443.506	clt	Form_Home.hex_system_Click()	Info	Form_Home	System button clicked
20111205_161445.689	clt	RoboSep_RunSamples.addMaintenance()	Info	RoboSep_RunSamples	Adding Maintenance Protocol
20111205_161445.692	clt	QuadrantInfo.Clear()	Info	QuadrantInfo	Quadrant info Cleared
20111205_161445.693	clt	QuadrantInfo.Clear()	Info	QuadrantInfo	Quadrant info Cleared
20111205_161445.694	clt	QuadrantInfo.Clear()	Info	QuadrantInfo	Quadrant info Cleared
20111205_161445.695	clt	QuadrantInfo.Clear()	Info	QuadrantInfo	Quadrant info Cleared
20111205_161445.698	clt	RoboSep_UserConsole.InvokeMaintenanceAction()	Info	RoboSep_UserConsole	Invoking maintenance action Prime
20111205_161445.699	clt	RoboSep_UserConsole.AtBatchDurationUpdate()	Info	RoboSep_UserConsole	Estimated run completion = 01:00
20111205_161445.732	clt	RoboSep_System.Button_BasicPrime_Click()	Info	RoboSep_System	Basic Prime Maintenance button clicked
20111205_161445.734	clt	RoboSep_UserConsole.AtBatchDurationUpdate()	Info	RoboSep_UserConsole	Estimated run completion = 02:00
20111205_161446.257	clt	RoboSep_RunSamples.button_RunSamples_Click()	Info	RoboSep_RunSamples	Run Samples button clicked
20111205_161446.262	clt	ProgressBar.ResetProgress()	Debug	ProgressBar	Reset Progress on ProgressBar
20111205_161447.175	clt	RoboSep_RunSamples.button_RunSamples_Click()	Debug	RoboSep_RunSamples	Scheduling run
20111205_161447.179	clt	RoboSep_UserDB.GetProtocolsPath()	Debug	RoboSep_UserDB	output: C:\Program Files (x86)\STI\RoboSep\protocols\
20111205_161447.181	clt	RoboSep_UserDB.getProtocolCommandList()	Debug	RoboSep_UserDB	returned 3commands
20111205_161447.186	clt	RoboSep_RunSamples.button_RunSamples_Click()	Debug	RoboSep_RunSamples	protocol: prime.xml commands: 3
20111205_161447.189	clt	ProgressBar.ResetProgress()	Debug	ProgressBar	Reset Progress on ProgressBar
20111205_161447.196	clt	ProgressBar.setElements()	Debug	ProgressBar	ProgressBar set 3 steps
20111205_161447.250	clt	RoboSep_Resources.RoboSep_Resources()	Info	RoboSep_Resources	Generating Robosep Resources user control
20111205_161447.324	clt	RoboSep_Resources.grabQuadrantResources()	Debug	RoboSep_Resources	Displaying quadrant 0 resources
20111205_161447.331	clt	RoboSep_Resources.grabQuadrantResources()	Debug	RoboSep_Resources	Loading resources from sharing protocols
20111205_161448.786	clt	ProgressBar.ResetProgress()	Debug	ProgressBar	Reset Progress on ProgressBar
20111205_161449.468	clt	RoboSep_RunSamples.CheckHydraulicFluid()	General	RoboSep_RunSamples	Start Separation run
20111205_161449.497	clt	RoboSep_Resources.buttonRun_Click()	Debug	RoboSep_Resources	Run Protocols button clicked
20111205_161449.502	clt	RoboSep_RunProgress.Start()	Info	RoboSep_RunProgress	 **INITIALIZING RUN
20111205_161451.048	clt	RoboSep_UserConsole.AtBatchDurationUpdate()	Info	RoboSep_UserConsole	Estimated run completion = 02:00
20111205_161455.610	clt	ProgressBar.MoveToStep()	Debug	ProgressBar	Progress bar ProgressBar to step 1
20111205_161525.528	clt	ProgressBar.MoveToStep()	Debug	ProgressBar	Progress bar ProgressBar to step 2
20111205_161550.878	clt	ProgressBar.MoveToStep()	Debug	ProgressBar	Progress bar ProgressBar to step 3
20111205_161600.522	clt	ProgressBar.AllCompleted()	Debug	ProgressBar	ProgressBar COMPLETED! 
20111205_161601.120	clt	RoboSep_UserConsole.AtBatchDurationUpdate()	Info	RoboSep_UserConsole	Estimated run completion = 01:00
20111205_161601.535	clt	ProgressBar.AllCompleted()	Debug	ProgressBar	ProgressBar COMPLETED! 
20111205_161601.542	clt	ProgressBar.AllCompleted()	Debug	ProgressBar	ProgressBar COMPLETED! 
20111205_161601.561	clt	ProgressBar.ResetProgress()	Debug	ProgressBar	Reset Progress on ProgressBar
20111205_161613.293	clt	ProgressBar.ResetProgress()	Debug	ProgressBar	Reset Progress on ProgressBar
20111205_161613.297	clt	ProgressBar.setElements()	Debug	ProgressBar	ProgressBar set 1 steps
20111205_161613.307	clt	ProgressBar.ResetProgress()	Debug	ProgressBar	Reset Progress on ProgressBar
20111205_161614.957	clt	RoboSep_UserConsole.AtBatchDurationUpdate()	Info	RoboSep_UserConsole	Estimated run completion = 01:00
20111205_161614.958	clt	RoboSep_UserConsole.AtBatchDurationUpdate()	Info	RoboSep_UserConsole	Estimated run completion = 01:00
20111205_161618.480	clt	QuadrantInfo.Clear()	Info	QuadrantInfo	Quadrant info Cleared
20111205_161618.482	clt	QuadrantInfo.Clear()	Info	QuadrantInfo	Quadrant info Cleared
20111205_161618.484	clt	QuadrantInfo.Clear()	Info	QuadrantInfo	Quadrant info Cleared
20111205_161618.485	clt	QuadrantInfo.Clear()	Info	QuadrantInfo	Quadrant info Cleared
20111205_161618.487	clt	RoboSep_RunSamples.Unload()	Info	RoboSep_RunSamples	Clearing all selected protocols
20111205_162113.805	clt	RoboSep_ProtocolSelect.RoboSep_ProtocolSelect()	Info	RoboSep_ProtocolSelect	New Protocol Select user control generated
20111205_162113.870	clt	RoboSep_RunSamples.Protocol_Selection()	Info	RoboSep_RunSamples	Opening protocol selection for quadrant 1
20111205_162113.899	clt	RoboSep_ProtocolSelect.RoboSep_ProtocolSelect()	Info	RoboSep_ProtocolSelect	New Protocol Select user control generated
20111205_162113.935	clt	RoboSep_RunSamples.Protocol_Selection()	Info	RoboSep_RunSamples	Opening protocol selection for quadrant 1
20111205_162117.523	clt	RoboSep_ProtocolSelect.button_Cancel1_Click()	Info	RoboSep_ProtocolSelect	Protocol Selection cancel clicked
20111205_162249.059	clt	RoboSep_ProtocolSelect.RoboSep_ProtocolSelect()	Info	RoboSep_ProtocolSelect	New Protocol Select user control generated
20111205_162249.123	clt	RoboSep_RunSamples.Protocol_Selection()	Info	RoboSep_RunSamples	Opening protocol selection for quadrant 2
20111205_162249.151	clt	RoboSep_ProtocolSelect.RoboSep_ProtocolSelect()	Info	RoboSep_ProtocolSelect	New Protocol Select user control generated
20111205_162249.189	clt	RoboSep_RunSamples.Protocol_Selection()	Info	RoboSep_RunSamples	Opening protocol selection for quadrant 2
20111205_162250.993	clt	RoboSep_RunSamples.addToRun()	Debug	RoboSep_RunSamples	Adding protocol 'Jasons Super Out Of This World Protocol' to run at quadrant1
20111205_162251.067	clt	NumberPad.NumberPad()	Debug	NumberPad	Opening New Number Pad window
20111205_162252.655	clt	NumberPad.validateEntry()	Debug	NumberPad	Volume: 3.000
20111205_162252.669	clt	RoboSep_UserConsole.SetSampleVolume()	Info	RoboSep_UserConsole	Quad: 2 Sample Vol 0.003
20111205_162252.671	clt	RoboSep_UserConsole.AtBatchDurationUpdate()	Info	RoboSep_UserConsole	Estimated run completion = 01:00
20111205_162252.749	clt	RoboSep_ProtocolSelect.SelectProtocol()	Info	RoboSep_ProtocolSelect	Adding protocol to current run
20111205_162252.752	clt	RoboSep_ProtocolSelect.button_Accept_Click()	Info	RoboSep_ProtocolSelect	Protocol Selected from User list
20111205_162253.129	clt	RoboSep_UserConsole.AtBatchDurationUpdate()	Info	RoboSep_UserConsole	Estimated run completion = 14:00
20111205_162253.367	clt	RoboSep_ProtocolSelect.RoboSep_ProtocolSelect()	Info	RoboSep_ProtocolSelect	New Protocol Select user control generated
20111205_162253.428	clt	RoboSep_RunSamples.Protocol_Selection()	Info	RoboSep_RunSamples	Opening protocol selection for quadrant 3
20111205_162253.457	clt	RoboSep_ProtocolSelect.RoboSep_ProtocolSelect()	Info	RoboSep_ProtocolSelect	New Protocol Select user control generated
20111205_162253.493	clt	RoboSep_RunSamples.Protocol_Selection()	Info	RoboSep_RunSamples	Opening protocol selection for quadrant 3
20111205_162254.629	clt	RoboSep_RunSamples.addToRun()	Debug	RoboSep_RunSamples	Adding protocol 'Jasons Super Out Of This World Protocol' to run at quadrant2
20111205_162254.689	clt	NumberPad.NumberPad()	Debug	NumberPad	Opening New Number Pad window
20111205_162255.862	clt	NumberPad.validateEntry()	Debug	NumberPad	Volume: 3.000
20111205_162255.872	clt	RoboSep_UserConsole.SetSampleVolume()	Info	RoboSep_UserConsole	Quad: 3 Sample Vol 0.003
20111205_162255.876	clt	RoboSep_UserConsole.AtBatchDurationUpdate()	Info	RoboSep_UserConsole	Estimated run completion = 01:00
20111205_162255.935	clt	RoboSep_ProtocolSelect.SelectProtocol()	Info	RoboSep_ProtocolSelect	Adding protocol to current run
20111205_162255.939	clt	RoboSep_ProtocolSelect.button_Accept_Click()	Info	RoboSep_ProtocolSelect	Protocol Selected from User list
20111205_162256.001	clt	RoboSep_UserConsole.AtBatchDurationUpdate()	Info	RoboSep_UserConsole	Estimated run completion = 25:00
20111205_162256.405	clt	RoboSep_RunSamples.button_RunSamples_Click()	Info	RoboSep_RunSamples	Run Samples button clicked
20111205_162256.410	clt	ProgressBar.ResetProgress()	Debug	ProgressBar	Reset Progress on ProgressBar
20111205_162257.958	clt	ProgressBar.ResetProgress()	Debug	ProgressBar	Reset Progress on ProgressBar
20111205_162300.294	clt	RoboSep_RunSamples.button_RunSamples_Click()	Debug	RoboSep_RunSamples	Scheduling run
20111205_162300.299	clt	RoboSep_UserDB.GetProtocolsPath()	Debug	RoboSep_UserDB	output: C:\Program Files (x86)\STI\RoboSep\protocols\
20111205_162300.301	clt	RoboSep_UserDB.getProtocolCommandList()	Debug	RoboSep_UserDB	returned 19commands
20111205_162300.302	clt	RoboSep_RunSamples.button_RunSamples_Click()	Debug	RoboSep_RunSamples	protocol: Jason Super Protocol.xml commands: 19
20111205_162300.305	clt	ProgressBar.ResetProgress()	Debug	ProgressBar	Reset Progress on ProgressBar
20111205_162300.334	clt	ProgressBar.setElements()	Debug	ProgressBar	ProgressBar set 19 steps
20111205_162300.338	clt	RoboSep_UserDB.GetProtocolsPath()	Debug	RoboSep_UserDB	output: C:\Program Files (x86)\STI\RoboSep\protocols\
20111205_162300.340	clt	RoboSep_UserDB.getProtocolCommandList()	Debug	RoboSep_UserDB	returned 19commands
20111205_162300.341	clt	RoboSep_RunSamples.button_RunSamples_Click()	Debug	RoboSep_RunSamples	protocol: Jason Super Protocol.xml commands: 19
20111205_162300.344	clt	ProgressBar.ResetProgress()	Debug	ProgressBar	Reset Progress on ProgressBar
20111205_162300.373	clt	ProgressBar.setElements()	Debug	ProgressBar	ProgressBar set 19 steps
20111205_162300.426	clt	RoboSep_Resources.RoboSep_Resources()	Info	RoboSep_Resources	Generating Robosep Resources user control
20111205_162300.489	clt	RoboSep_Resources.grabQuadrantResources()	Debug	RoboSep_Resources	Displaying quadrant 1 resources
20111205_162300.502	clt	RoboSep_Resources.grabQuadrantResources()	Debug	RoboSep_Resources	Loading resources from sharing protocols
20111205_162302.550	clt	RoboSep_Resources.grabQuadrantResources()	Debug	RoboSep_Resources	Displaying quadrant 2 resources
20111205_162303.750	clt	ProgressBar.ResetProgress()	Debug	ProgressBar	Reset Progress on ProgressBar
20111205_162304.432	clt	RoboSep_RunSamples.CheckHydraulicFluid()	General	RoboSep_RunSamples	Start Separation run
20111205_162304.474	clt	RoboSep_Resources.buttonRun_Click()	Debug	RoboSep_Resources	Run Protocols button clicked
20111205_162304.478	clt	RoboSep_RunProgress.Start()	Info	RoboSep_RunProgress	 **INITIALIZING RUN
20111205_162351.134	clt	RoboSep_UserConsole.AtBatchDurationUpdate()	Info	RoboSep_UserConsole	Estimated run completion = 26:00
20111205_162355.710	clt	RoboSep_RunProgress.pollProgressUpdate()	Info	RoboSep_RunProgress	Progress Update: Q = 2 Step = 0 ID = 1 CMD = Transport
20111205_162355.716	clt	ProgressBar.MoveToStep()	Debug	ProgressBar	Progress bar ProgressBar to step 1
20111205_162433.741	clt	RoboSep_RunProgress.pollProgressUpdate()	Info	RoboSep_RunProgress	Progress Update: Q = 2 Step = 1 ID = 1 CMD = Mix
20111205_162433.745	clt	ProgressBar.MoveToStep()	Debug	ProgressBar	Progress bar ProgressBar to step 2
20111205_162510.764	clt	ProgressBar.MoveToStep()	Debug	ProgressBar	Progress bar ProgressBar to step 3
20111205_162511.258	clt	RoboSep_RunProgress.pollProgressUpdate()	Info	RoboSep_RunProgress	Progress Update: Q = 1 Step = 0 ID = 0 CMD = Transport
20111205_162511.261	clt	ProgressBar.MoveToStep()	Debug	ProgressBar	Progress bar ProgressBar to step 1
20111205_162549.304	clt	RoboSep_RunProgress.pollProgressUpdate()	Info	RoboSep_RunProgress	Progress Update: Q = 2 Step = 3 ID = 1 CMD = Transport
20111205_162549.310	clt	ProgressBar.MoveToStep()	Debug	ProgressBar	Progress bar ProgressBar to step 4
20111205_162620.741	clt	RoboSep_RunProgress.pollProgressUpdate()	Info	RoboSep_RunProgress	Progress Update: Q = 1 Step = 1 ID = 0 CMD = Mix
20111205_162620.747	clt	ProgressBar.MoveToStep()	Debug	ProgressBar	Progress bar ProgressBar to step 2
20111205_162657.796	clt	ProgressBar.MoveToStep()	Debug	ProgressBar	Progress bar ProgressBar to step 3
20111205_162658.298	clt	RoboSep_RunProgress.pollProgressUpdate()	Info	RoboSep_RunProgress	Progress Update: Q = 2 Step = 4 ID = 1 CMD = Mix
20111205_162658.301	clt	ProgressBar.MoveToStep()	Debug	ProgressBar	Progress bar ProgressBar to step 5
20111205_162735.328	clt	RoboSep_RunProgress.pollProgressUpdate()	Info	RoboSep_RunProgress	Progress Update: Q = 2 Step = 4 ID = 1 CMD = Incubate
20111205_162735.335	clt	ProgressBar.MoveToStep()	Debug	ProgressBar	Progress bar ProgressBar to step 6
20111205_162735.843	clt	RoboSep_RunProgress.pollProgressUpdate()	Info	RoboSep_RunProgress	Progress Update: Q = 1 Step = 3 ID = 0 CMD = Transport
20111205_162735.846	clt	ProgressBar.MoveToStep()	Debug	ProgressBar	Progress bar ProgressBar to step 4
20111205_162806.792	clt	RoboSep_RunProgress.pollProgressUpdate()	Info	RoboSep_RunProgress	Progress Update: Q = 2 Step = 6 ID = 1 CMD = TopUp Vial
20111205_162806.798	clt	ProgressBar.MoveToStep()	Debug	ProgressBar	Progress bar ProgressBar to step 7
20111205_162916.811	clt	RoboSep_RunProgress.pollProgressUpdate()	Info	RoboSep_RunProgress	Progress Update: Q = 1 Step = 4 ID = 0 CMD = Mix
20111205_162916.820	clt	ProgressBar.MoveToStep()	Debug	ProgressBar	Progress bar ProgressBar to step 5
20111205_162953.851	clt	ProgressBar.MoveToStep()	Debug	ProgressBar	Progress bar ProgressBar to step 6
20111205_162954.346	clt	RoboSep_RunProgress.pollProgressUpdate()	Info	RoboSep_RunProgress	Progress Update: Q = 2 Step = 7 ID = 1 CMD = Mix
20111205_162954.349	clt	ProgressBar.MoveToStep()	Debug	ProgressBar	Progress bar ProgressBar to step 8
20111205_163031.383	clt	RoboSep_RunProgress.pollProgressUpdate()	Info	RoboSep_RunProgress	Progress Update: Q = 1 Step = 6 ID = 0 CMD = TopUp Vial
20111205_163031.389	clt	ProgressBar.MoveToStep()	Debug	ProgressBar	Progress bar ProgressBar to step 7
20111205_163141.914	clt	RoboSep_RunProgress.pollProgressUpdate()	Info	RoboSep_RunProgress	Progress Update: Q = 2 Step = 8 ID = 1 CMD = Transport
20111205_163141.921	clt	ProgressBar.MoveToStep()	Debug	ProgressBar	Progress bar ProgressBar to step 9
20111205_163224.525	clt	ProgressBar.MoveToStep()	Debug	ProgressBar	Progress bar ProgressBar to step 17
20111205_163251.909	clt	RoboSep_RunProgress.pollProgressUpdate()	Info	RoboSep_RunProgress	Progress Update: Q = 1 Step = 7 ID = 0 CMD = Mix
20111205_163251.913	clt	ProgressBar.MoveToStep()	Debug	ProgressBar	Progress bar ProgressBar to step 8
