2011-12-16T11:02:51 INFO Application log initialised
2011-12-16T11:02:52 DEBUG Remoting Address = 192.168.50.80
2011-12-16T11:02:52 DEBUG ICS Server URL       = http://192.168.50.80:8000
2011-12-16T11:02:52 DEBUG ICS EventSink URL    = http://192.168.50.80:8001/InstrumentControlEventSink
2011-12-16T11:02:52 DEBUG Separator Server URL =  tcp://192.168.50.80:3149/Separator
2011-12-16T11:02:52 DEBUG Configured address = 192.168.50.80
20111216_110256.556	clt	RoboSep_UserConsole.RoboSep_UserConsole()	General	RoboSep_UserConsole	Initializing User Console
20111216_110256.603	clt	Form_Home.Form_Home()	Info	Form_Home	Creating new Form_Home
20111216_110302.174	clt	RoboSep_UserConsole.grabSystemOptions()	Info	RoboSep_UserConsole	Get Sys Options: Lid Sensor = TrueLiquid Sensor = True
20111216_110302.244	clt	RoboSep_UserConsole.RoboSep_UserConsole_Load()	Info	RoboSep_UserConsole	Loading User Console
20111216_110302.275	clt	RoboSep_Splash.RoboSep_Splash()	Info	RoboSep_Splash	Initializing Splash Page
20111216_110302.361	clt	RoboSep_UserConsole.RoboSep_UserConsole_Load()	General	RoboSep_UserConsole	Starting GUI Thread
20111216_110302.378	clt	RoboSep_UserConsole.AttemptSeparatorConnection()	Info	RoboSep_UserConsole	Connecting...
------------------InitialiseSeparatorConnection 180000 = 30 * 6000
2011-12-16T11:03:02 INFO <<<<<<<<<<<<<<<<<<<<<<<,,, 1 tcp://192.168.50.80:3149/Separator
2011-12-16T11:03:02 INFO <<<<<<<<<<<<<<<<<<<<<<<,,, 2
20111216_110304.115	clt	RoboSep_UserDB.Robosep_UserDB()()	Debug	RoboSep_UserDB	Initializing UserDB
20111216_110304.461	clt	RoboSep_UserDB.GetProtocolsPath()	Debug	RoboSep_UserDB	output: C:\Program Files (x86)\STI\RoboSep\protocols\
2011-12-16T11:03:04 DEBUG Instrument Control API Ping() returned False
2011-12-16T11:03:04 WARNING retryCount = 25 Unable to connect to the remote server
20111216_110305.461	clt	RoboSep_UserDB.LoadAllProtocols()	Debug	RoboSep_UserDB	161protocols loaded
20111216_110305.473	clt	RoboSep_UserDB.XML_SaveUserConfig()	Info	RoboSep_UserDB	set user.db file to : User1.udb
20111216_110306.851	clt	RoboSep_UserDB.GetProtocolsPath()	Debug	RoboSep_UserDB	output: C:\Program Files (x86)\STI\RoboSep\protocols\
20111216_110306.866	clt	RoboSep_UserDB.XML_LoadRoboSepUserObject()	Debug	RoboSep_UserDB	Loaded Robosep User
2011-12-16T11:03:07 DEBUG Instrument Control API Ping() returned False
2011-12-16T11:03:07 WARNING retryCount = 24 Unable to connect to the remote server
2011-12-16T11:03:10 DEBUG Instrument Control API Ping() returned False
2011-12-16T11:03:10 WARNING retryCount = 23 Unable to connect to the remote server
2011-12-16T11:03:13 DEBUG Instrument Control API Ping() returned False
2011-12-16T11:03:13 WARNING retryCount = 22 Unable to connect to the remote server
2011-12-16T11:03:15 DEBUG Instrument Control API Ping() returned True
2011-12-16T11:03:16 INFO <<<<<<<<<<<<<<<<<<<<<<<,,, 3
Changing protocol time = Home allto(1)
Changing protocol time = Any Species APC Positive Selection 18453-high purityto(1)
Changing protocol time = Basic shutdown protocolto(1)
Changing protocol time = Human B Cell Negative Selection 19054HLAto(1)
Changing protocol time = Basic primeto(1)
Changing protocol time = Human CD138 Positive Selection 18357-high recoveryto(1)
Changing protocol time = Any Species Biotin Positive Selection 18559-high purityto(1)
20111216_110316.203	clt	RoboSep_UserConsole.AtReportInstrumentInformation()	Info	RoboSep_UserConsole	Get system information for About menu
20111216_110316.213	clt	RoboSep_UserConsole.AtBatchDurationUpdate()	Info	RoboSep_UserConsole	Estimated run completion = 01:00
2011-12-16T11:03:45 DEBUG Carousel state changed to: SeparatorUnloaded
------------------SeparatorGateway AtSeparatorStateUpdate 1 Initialising SeparatorUnloaded
2011-12-16T11:03:45 INFO Carousel unloaded.
20111216_110346.010	clt	RoboSep_UserConsole.ProgressSplash()	Info	RoboSep_UserConsole	Stopping Splash page
20111216_110346.084	clt	RoboSep_About.RoboSep_About()	Info	RoboSep_About	Initializing About user control
20111216_110346.181	clt	RoboSep_RunSamples.RoboSep_RunSamples()	Info	RoboSep_RunSamples	Initializing Run Samples user control
20111216_110346.267	clt	RoboSep_Splash.close()	Info	RoboSep_Splash	Closing Splash Page
20111216_110355.526	clt	RoboSep_ProtocolSelect.RoboSep_ProtocolSelect()	Info	RoboSep_ProtocolSelect	New Protocol Select user control generated
20111216_110355.579	clt	RoboSep_UserDB.GetProtocolsPath()	Debug	RoboSep_UserDB	output: C:\Program Files (x86)\STI\RoboSep\protocols\
20111216_110355.589	clt	RoboSep_UserDB.XML_LoadRoboSepUserObject()	Debug	RoboSep_UserDB	Loaded Robosep User
20111216_110355.593	clt	RoboSep_UserDB.XML_SaveUserConfig()	Info	RoboSep_UserDB	set user.db file to : User1.udb
20111216_110355.605	clt	RoboSep_UserDB.XML_SaveUserProfile()	Debug	RoboSep_UserDB	Saved User Profile Julie with 5protocols
20111216_110355.615	clt	RoboSep_RunSamples.Protocol_Selection()	Info	RoboSep_RunSamples	Opening protocol selection for quadrant 1
20111216_110357.733	clt	RoboSep_ProtocolSelect.button_SelectionMode_Click()	Info	RoboSep_ProtocolSelect	Change Protocol selection mode toAll Protocols
------------** AtReportStatus in SampleProcessing TSC1002
2011-12-16T11:03:57 INFO ------------** AtReportStatus in SampleProcessing TSC1002
------------** AtReportStatus in SampleProcessing TSC1002
2011-12-16T11:03:57 INFO ------------** AtReportStatus in SampleProcessing TSC1002
------------** AtReportStatus in SampleProcessing TSC1002
2011-12-16T11:03:57 INFO ------------** AtReportStatus in SampleProcessing TSC1002
------------** AtReportStatus in SampleProcessing TSC1002
2011-12-16T11:03:57 INFO ------------** AtReportStatus in SampleProcessing TSC1002
------------** AtReportStatus in SampleProcessing TSC1002
2011-12-16T11:03:57 INFO ------------** AtReportStatus in SampleProcessing TSC1002
------------** AtReportStatus in SampleProcessing TSC1002
2011-12-16T11:03:57 INFO ------------** AtReportStatus in SampleProcessing TSC1002
------------** AtReportStatus in SampleProcessing TSC1002
2011-12-16T11:03:57 INFO ------------** AtReportStatus in SampleProcessing TSC1002
------------** AtReportStatus in SampleProcessing TSC1002
2011-12-16T11:03:57 INFO ------------** AtReportStatus in SampleProcessing TSC1002
20111216_110400.487	clt	ProgressBar.ResetProgress()	Debug	ProgressBar	Reset Progress on ProgressBar
20111216_110400.580	clt	RoboSep_UserDB.XML_SaveUserConfig()	Info	RoboSep_UserDB	set user.db file to : User1.udb
20111216_110400.591	clt	RoboSep_UserDB.XML_SaveUserProfile()	Debug	RoboSep_UserDB	Saved User Profile Julie with 5protocols
20111216_110400.647	clt	RoboSep_ProtocolSelect.button_Accept_Click()	Info	RoboSep_ProtocolSelect	Protocol Selected from All Protocols list
Changing protocol time = Home allto(1)
Changing protocol time = Any Species APC Positive Selection 18453-high purityto(1)
Changing protocol time = Basic shutdown protocolto(1)
Changing protocol time = Human B Cell Negative Selection 19054HLAto(1)
Changing protocol time = Basic primeto(1)
Changing protocol time = Human CD138 Positive Selection 18357-high recoveryto(1)
Changing protocol time = Any Species Biotin Positive Selection 18559-high purityto(1)
20111216_110400.692	clt	RoboSep_UserConsole.AtReportInstrumentInformation()	Info	RoboSep_UserConsole	Get system information for About menu
------------------SeparatorGateway AtSeparatorStateUpdate 2 SeparatorUnloaded SeparatorUnloaded
20111216_110400.699	clt	RoboSep_UserConsole.AtBatchDurationUpdate()	Info	RoboSep_UserConsole	Estimated run completion = 01:00
------------** AtReportStatus in SampleProcessing TSC1002
2011-12-16T11:04:00 INFO ------------** AtReportStatus in SampleProcessing TSC1002
------------** AtReportStatus in SampleProcessing TSC1002
2011-12-16T11:04:01 INFO ------------** AtReportStatus in SampleProcessing TSC1002
------------** AtReportStatus in SampleProcessing TSC1002
2011-12-16T11:04:01 INFO ------------** AtReportStatus in SampleProcessing TSC1002
------------** AtReportStatus in SampleProcessing TSC1002
2011-12-16T11:04:01 INFO ------------** AtReportStatus in SampleProcessing TSC1002
------------** AtReportStatus in SampleProcessing TSC1002
2011-12-16T11:04:01 INFO ------------** AtReportStatus in SampleProcessing TSC1002
------------** AtReportStatus in SampleProcessing TSC1002
2011-12-16T11:04:01 INFO ------------** AtReportStatus in SampleProcessing TSC1002
------------** AtReportStatus in SampleProcessing TSC1002
2011-12-16T11:04:01 INFO ------------** AtReportStatus in SampleProcessing TSC1002
------------** AtReportStatus in SampleProcessing TSC1002
2011-12-16T11:04:01 INFO ------------** AtReportStatus in SampleProcessing TSC1002
------------** AtReportStatus in SampleProcessing TSC1002
2011-12-16T11:04:01 INFO ------------** AtReportStatus in SampleProcessing TSC1002
20111216_110401.522	clt	RoboSep_UserDB.loadUserProtocols()	Debug	RoboSep_UserDB	Loaded 4 protocol from User Julie
20111216_110403.538	clt	RoboSep_UserDB.loadUserProtocols()	Debug	RoboSep_UserDB	Loaded 4 protocol from User Julie
Changing protocol time = Home allto(1)
Changing protocol time = Any Species APC Positive Selection 18453-high purityto(1)
Changing protocol time = Human CD14 Positive Selection 18058-high recoveryto(1)
Changing protocol time = Human B Cell Negative Selection 19054HLAto(1)
Changing protocol time = Basic primeto(1)
Changing protocol time = Any Species Biotin Positive Selection 18559-high purityto(1)
Changing protocol time = Human CD138 Positive Selection 18357-high recoveryto(1)
Changing protocol time = Basic shutdown protocolto(1)
20111216_110403.597	clt	RoboSep_UserConsole.AtReportInstrumentInformation()	Info	RoboSep_UserConsole	Get system information for About menu
------------------SeparatorGateway AtSeparatorStateUpdate 2 SeparatorUnloaded SeparatorUnloaded
20111216_110403.605	clt	RoboSep_UserConsole.AtBatchDurationUpdate()	Info	RoboSep_UserConsole	Estimated run completion = 01:00
------------** AtReportStatus in SampleProcessing TSC1002
2011-12-16T11:04:03 INFO ------------** AtReportStatus in SampleProcessing TSC1002
------------** AtReportStatus in SampleProcessing TSC1002
2011-12-16T11:04:03 INFO ------------** AtReportStatus in SampleProcessing TSC1002
------------** AtReportStatus in SampleProcessing TSC1002
2011-12-16T11:04:03 INFO ------------** AtReportStatus in SampleProcessing TSC1002
------------** AtReportStatus in SampleProcessing TSC1002
2011-12-16T11:04:03 INFO ------------** AtReportStatus in SampleProcessing TSC1002
------------** AtReportStatus in SampleProcessing TSC1002
2011-12-16T11:04:03 INFO ------------** AtReportStatus in SampleProcessing TSC1002
------------** AtReportStatus in SampleProcessing TSC1002
2011-12-16T11:04:03 INFO ------------** AtReportStatus in SampleProcessing TSC1002
------------** AtReportStatus in SampleProcessing TSC1002
2011-12-16T11:04:03 INFO ------------** AtReportStatus in SampleProcessing TSC1002
------------** AtReportStatus in SampleProcessing TSC1002
2011-12-16T11:04:03 INFO ------------** AtReportStatus in SampleProcessing TSC1002
------------** AtReportStatus in SampleProcessing TSC1002
2011-12-16T11:04:03 INFO ------------** AtReportStatus in SampleProcessing TSC1002
20111216_110405.553	clt	RoboSep_UserDB.loadUserProtocols()	Debug	RoboSep_UserDB	Loaded 4 protocol from User Julie
Changing protocol time = Home allto(1)
Changing protocol time = Any Species APC Positive Selection 18453-high purityto(1)
Changing protocol time = Human CD14 Positive Selection 18058-high recoveryto(1)
Changing protocol time = Human B Cell Negative Selection 19054HLAto(1)
Changing protocol time = Basic primeto(1)
Changing protocol time = Any Species Biotin Positive Selection 18559-high purityto(1)
Changing protocol time = Human CD138 Positive Selection 18357-high recoveryto(1)
Changing protocol time = Basic shutdown protocolto(1)
20111216_110405.590	clt	RoboSep_UserConsole.AtReportInstrumentInformation()	Info	RoboSep_UserConsole	Get system information for About menu
------------------SeparatorGateway AtSeparatorStateUpdate 2 SeparatorUnloaded SeparatorUnloaded
20111216_110405.597	clt	RoboSep_UserConsole.AtBatchDurationUpdate()	Info	RoboSep_UserConsole	Estimated run completion = 01:00
------------** AtReportStatus in SampleProcessing TSC1002
2011-12-16T11:04:05 INFO ------------** AtReportStatus in SampleProcessing TSC1002
------------** AtReportStatus in SampleProcessing TSC1002
2011-12-16T11:04:05 INFO ------------** AtReportStatus in SampleProcessing TSC1002
------------** AtReportStatus in SampleProcessing TSC1002
2011-12-16T11:04:05 INFO ------------** AtReportStatus in SampleProcessing TSC1002
------------** AtReportStatus in SampleProcessing TSC1002
2011-12-16T11:04:05 INFO ------------** AtReportStatus in SampleProcessing TSC1002
------------** AtReportStatus in SampleProcessing TSC1002
2011-12-16T11:04:05 INFO ------------** AtReportStatus in SampleProcessing TSC1002
------------** AtReportStatus in SampleProcessing TSC1002
2011-12-16T11:04:05 INFO ------------** AtReportStatus in SampleProcessing TSC1002
------------** AtReportStatus in SampleProcessing TSC1002
2011-12-16T11:04:05 INFO ------------** AtReportStatus in SampleProcessing TSC1002
------------** AtReportStatus in SampleProcessing TSC1002
2011-12-16T11:04:05 INFO ------------** AtReportStatus in SampleProcessing TSC1002
------------** AtReportStatus in SampleProcessing TSC1002
2011-12-16T11:04:05 INFO ------------** AtReportStatus in SampleProcessing TSC1002
20111216_110407.428	clt	RoboSep_RunSamples.addToRun()	Debug	RoboSep_RunSamples	Adding protocol 'Human CD14 Positive Selection 18058-high recovery' to run at quadrant0
20111216_110407.505	clt	NumberPad.NumberPad()	Debug	NumberPad	Opening New Number Pad window
